LOG:  using buffer replacement policy: 2q
LOG:  database system was shut down at 2012-10-24 16:06:35 PDT
LOG:  database system is ready to accept connections
LOG:  POLICY_2Q
LOG:  First IF TAILLLLLLLLLLLLLLLLLLLLLLLL
LOG:  NNOOOOOOT   NULLLLLLLLLLLLLLLLL
LOG:  AM replace
LOG:  GRADING: EVICT 19
LOG:  POLICY_2Q
LOG:  First IF TAILLLLLLLLLLLLLLLLLLLLLLLL
LOG:  NNOOOOOOT   NULLLLLLLLLLLLLLLLL
LOG:  AM replace
LOG:  GRADING: EVICT 20
LOG:  POLICY_2Q
LOG:  First IF TAILLLLLLLLLLLLLLLLLLLLLLLL
LOG:  NNOOOOOOT   NULLLLLLLLLLLLLLLLL
LOG:  AM replace
LOG:  GRADING: EVICT 24
LOG:  POLICY_2Q
LOG:  First IF TAILLLLLLLLLLLLLLLLLLLLLLLL
LOG:  NNOOOOOOT   NULLLLLLLLLLLLLLLLL
LOG:  AM replace
LOG:  GRADING: EVICT 25
LOG:  POLICY_2Q
LOG:  First IF TAILLLLLLLLLLLLLLLLLLLLLLLL
LOG:  NNOOOOOOT   NULLLLLLLLLLLLLLLLL
LOG:  AM replace
LOG:  GRADING: EVICT 26
LOG:  POLICY_2Q
LOG:  First IF TAILLLLLLLLLLLLLLLLLLLLLLLL
LOG:  NNOOOOOOT   NULLLLLLLLLLLLLLLLL
LOG:  AM replace
LOG:  GRADING: EVICT 27
LOG:  POLICY_2Q
LOG:  First IF TAILLLLLLLLLLLLLLLLLLLLLLLL
LOG:  NNOOOOOOT   NULLLLLLLLLLLLLLLLL
LOG:  AM replace
LOG:  GRADING: EVICT 28
LOG:  POLICY_2Q
LOG:  First IF TAILLLLLLLLLLLLLLLLLLLLLLLL
LOG:  NNOOOOOOT   NULLLLLLLLLLLLLLLLL
LOG:  AM replace
LOG:  GRADING: EVICT  2
LOG:  POLICY_2Q
LOG:  First IF TAILLLLLLLLLLLLLLLLLLLLLLLL
LOG:  NNOOOOOOT   NULLLLLLLLLLLLLLLLL
LOG:  AM replace
LOG:  GRADING: EVICT  3
LOG:  POLICY_2Q
LOG:  First IF TAILLLLLLLLLLLLLLLLLLLLLLLL
LOG:  NNOOOOOOT   NULLLLLLLLLLLLLLLLL
LOG:  AM replace
LOG:  GRADING: EVICT 18
LOG:  POLICY_2Q
LOG:  First IF TAILLLLLLLLLLLLLLLLLLLLLLLL
LOG:  NNOOOOOOT   NULLLLLLLLLLLLLLLLL
LOG:  AM replace
LOG:  GRADING: EVICT  4
LOG:  POLICY_2Q
LOG:  First IF TAILLLLLLLLLLLLLLLLLLLLLLLL
LOG:  NNOOOOOOT   NULLLLLLLLLLLLLLLLL
LOG:  AM replace
LOG:  GRADING: EVICT  5
LOG:  POLICY_2Q
LOG:  First IF TAILLLLLLLLLLLLLLLLLLLLLLLL
LOG:  NNOOOOOOT   NULLLLLLLLLLLLLLLLL
LOG:  AM replace
LOG:  GRADING: EVICT  6
LOG:  POLICY_2Q
LOG:  First IF TAILLLLLLLLLLLLLLLLLLLLLLLL
LOG:  NNOOOOOOT   NULLLLLLLLLLLLLLLLL
LOG:  AM replace
LOG:  GRADING: EVICT  7
LOG:  POLICY_2Q
LOG:  First IF TAILLLLLLLLLLLLLLLLLLLLLLLL
LOG:  NNOOOOOOT   NULLLLLLLLLLLLLLLLL
LOG:  AM replace
LOG:  GRADING: EVICT  8
LOG:  POLICY_2Q
LOG:  First IF TAILLLLLLLLLLLLLLLLLLLLLLLL
LOG:  NNOOOOOOT   NULLLLLLLLLLLLLLLLL
LOG:  AM replace
LOG:  GRADING: EVICT  9
LOG:  POLICY_2Q
LOG:  First IF TAILLLLLLLLLLLLLLLLLLLLLLLL
LOG:  NNOOOOOOT   NULLLLLLLLLLLLLLLLL
LOG:  AM replace
LOG:  GRADING: EVICT 10
LOG:  POLICY_2Q
LOG:  First IF TAILLLLLLLLLLLLLLLLLLLLLLLL
LOG:  NNOOOOOOT   NULLLLLLLLLLLLLLLLL
LOG:  AM replace
LOG:  GRADING: EVICT 11
LOG:  POLICY_2Q
LOG:  First IF TAILLLLLLLLLLLLLLLLLLLLLLLL
LOG:  NNOOOOOOT   NULLLLLLLLLLLLLLLLL
LOG:  AM replace
LOG:  GRADING: EVICT 12
LOG:  POLICY_2Q
LOG:  First IF TAILLLLLLLLLLLLLLLLLLLLLLLL
LOG:  NNOOOOOOT   NULLLLLLLLLLLLLLLLL
LOG:  AM replace
LOG:  GRADING: EVICT 13
LOG:  POLICY_2Q
LOG:  First IF TAILLLLLLLLLLLLLLLLLLLLLLLL
LOG:  NNOOOOOOT   NULLLLLLLLLLLLLLLLL
LOG:  AM replace
LOG:  GRADING: EVICT 14
LOG:  POLICY_2Q
LOG:  First IF TAILLLLLLLLLLLLLLLLLLLLLLLL
LOG:  NNOOOOOOT   NULLLLLLLLLLLLLLLLL
LOG:  AM replace
LOG:  GRADING: EVICT 15
LOG:  POLICY_2Q
LOG:  First IF TAILLLLLLLLLLLLLLLLLLLLLLLL
LOG:  NNOOOOOOT   NULLLLLLLLLLLLLLLLL
LOG:  AM replace
LOG:  GRADING: EVICT 16
LOG:  POLICY_2Q
LOG:  First IF TAILLLLLLLLLLLLLLLLLLLLLLLL
LOG:  NNOOOOOOT   NULLLLLLLLLLLLLLLLL
LOG:  AM replace
LOG:  GRADING: EVICT 17
LOG:  POLICY_2Q
LOG:  First IF TAILLLLLLLLLLLLLLLLLLLLLLLL
LOG:  NNOOOOOOT   NULLLLLLLLLLLLLLLLL
LOG:  AM replace
LOG:  GRADING: EVICT 21
LOG:  POLICY_2Q
LOG:  First IF TAILLLLLLLLLLLLLLLLLLLLLLLL
LOG:  NNOOOOOOT   NULLLLLLLLLLLLLLLLL
LOG:  AM replace
LOG:  GRADING: EVICT 23
LOG:  POLICY_2Q
LOG:  First IF TAILLLLLLLLLLLLLLLLLLLLLLLL
LOG:  NNOOOOOOT   NULLLLLLLLLLLLLLLLL
LOG:  AM replace
LOG:  GRADING: EVICT 29
LOG:  POLICY_2Q
LOG:  First IF TAILLLLLLLLLLLLLLLLLLLLLLLL
LOG:  NULLLLLLLLLLLLLLLLL
LOG:  AM replace
LOG:  GRADING: EVICT 30
LOG:  POLICY_2Q
LOG:  First IF TAILLLLLLLLLLLLLLLLLLLLLLLL
LOG:  NULLLLLLLLLLLLLLLLL
LOG:  AM replace
LOG:  GRADING: EVICT  3
LOG:  POLICY_2Q
LOG:  First IF TAILLLLLLLLLLLLLLLLLLLLLLLL
LOG:  NNOOOOOOT   NULLLLLLLLLLLLLLLLL
LOG:  AM replace
LOG:  GRADING: EVICT  3
LOG:  POLICY_2Q
LOG:  Buff exists: true
LOG:  AM replace
FATAL:  no unpinned buffers available
LOG:  received smart shutdown request
LOG:  shutting down
LOG:  database system is shut down
LOG:  using buffer replacement policy: 2q
LOG:  database system was shut down at 2012-10-24 16:08:02 PDT
LOG:  database system is ready to accept connections
LOG:  POLICY_2Q
LOG:  First IF TAILLLLLLLLLLLLLLLLLLLLLLLL
LOG:  NNOOOOOOT   NULLLLLLLLLLLLLLLLL
LOG:  AM replace
LOG:  GRADING: EVICT 19
LOG:  POLICY_2Q
LOG:  First IF TAILLLLLLLLLLLLLLLLLLLLLLLL
LOG:  NNOOOOOOT   NULLLLLLLLLLLLLLLLL
LOG:  AM replace
LOG:  GRADING: EVICT 20
LOG:  POLICY_2Q
LOG:  First IF TAILLLLLLLLLLLLLLLLLLLLLLLL
LOG:  NNOOOOOOT   NULLLLLLLLLLLLLLLLL
LOG:  AM replace
LOG:  GRADING: EVICT 24
LOG:  POLICY_2Q
LOG:  First IF TAILLLLLLLLLLLLLLLLLLLLLLLL
LOG:  NNOOOOOOT   NULLLLLLLLLLLLLLLLL
LOG:  AM replace
LOG:  GRADING: EVICT 25
LOG:  POLICY_2Q
LOG:  First IF TAILLLLLLLLLLLLLLLLLLLLLLLL
LOG:  NNOOOOOOT   NULLLLLLLLLLLLLLLLL
LOG:  AM replace
LOG:  GRADING: EVICT 26
LOG:  POLICY_2Q
LOG:  First IF TAILLLLLLLLLLLLLLLLLLLLLLLL
LOG:  NNOOOOOOT   NULLLLLLLLLLLLLLLLL
LOG:  AM replace
LOG:  GRADING: EVICT 27
LOG:  POLICY_2Q
LOG:  First IF TAILLLLLLLLLLLLLLLLLLLLLLLL
LOG:  NNOOOOOOT   NULLLLLLLLLLLLLLLLL
LOG:  AM replace
LOG:  GRADING: EVICT 28
LOG:  POLICY_2Q
LOG:  First IF TAILLLLLLLLLLLLLLLLLLLLLLLL
LOG:  NNOOOOOOT   NULLLLLLLLLLLLLLLLL
LOG:  AM replace
LOG:  GRADING: EVICT  2
LOG:  POLICY_2Q
LOG:  First IF TAILLLLLLLLLLLLLLLLLLLLLLLL
LOG:  NNOOOOOOT   NULLLLLLLLLLLLLLLLL
LOG:  AM replace
LOG:  GRADING: EVICT  3
LOG:  POLICY_2Q
LOG:  First IF TAILLLLLLLLLLLLLLLLLLLLLLLL
LOG:  NNOOOOOOT   NULLLLLLLLLLLLLLLLL
LOG:  AM replace
LOG:  GRADING: EVICT 18
LOG:  POLICY_2Q
LOG:  First IF TAILLLLLLLLLLLLLLLLLLLLLLLL
LOG:  NNOOOOOOT   NULLLLLLLLLLLLLLLLL
LOG:  AM replace
LOG:  GRADING: EVICT  4
LOG:  POLICY_2Q
LOG:  First IF TAILLLLLLLLLLLLLLLLLLLLLLLL
LOG:  NNOOOOOOT   NULLLLLLLLLLLLLLLLL
LOG:  AM replace
LOG:  GRADING: EVICT  5
LOG:  POLICY_2Q
LOG:  First IF TAILLLLLLLLLLLLLLLLLLLLLLLL
LOG:  NNOOOOOOT   NULLLLLLLLLLLLLLLLL
LOG:  AM replace
LOG:  GRADING: EVICT  6
LOG:  POLICY_2Q
LOG:  First IF TAILLLLLLLLLLLLLLLLLLLLLLLL
LOG:  NNOOOOOOT   NULLLLLLLLLLLLLLLLL
LOG:  AM replace
LOG:  GRADING: EVICT  7
LOG:  POLICY_2Q
LOG:  First IF TAILLLLLLLLLLLLLLLLLLLLLLLL
LOG:  NNOOOOOOT   NULLLLLLLLLLLLLLLLL
LOG:  AM replace
LOG:  GRADING: EVICT  8
LOG:  POLICY_2Q
LOG:  First IF TAILLLLLLLLLLLLLLLLLLLLLLLL
LOG:  NNOOOOOOT   NULLLLLLLLLLLLLLLLL
LOG:  AM replace
LOG:  GRADING: EVICT  9
LOG:  POLICY_2Q
LOG:  First IF TAILLLLLLLLLLLLLLLLLLLLLLLL
LOG:  NNOOOOOOT   NULLLLLLLLLLLLLLLLL
LOG:  AM replace
LOG:  GRADING: EVICT 10
LOG:  POLICY_2Q
LOG:  First IF TAILLLLLLLLLLLLLLLLLLLLLLLL
LOG:  NNOOOOOOT   NULLLLLLLLLLLLLLLLL
LOG:  AM replace
LOG:  GRADING: EVICT 11
LOG:  POLICY_2Q
LOG:  First IF TAILLLLLLLLLLLLLLLLLLLLLLLL
LOG:  NNOOOOOOT   NULLLLLLLLLLLLLLLLL
LOG:  AM replace
LOG:  GRADING: EVICT 12
LOG:  POLICY_2Q
LOG:  First IF TAILLLLLLLLLLLLLLLLLLLLLLLL
LOG:  NNOOOOOOT   NULLLLLLLLLLLLLLLLL
LOG:  AM replace
LOG:  GRADING: EVICT 13
LOG:  POLICY_2Q
LOG:  First IF TAILLLLLLLLLLLLLLLLLLLLLLLL
LOG:  NNOOOOOOT   NULLLLLLLLLLLLLLLLL
LOG:  AM replace
LOG:  GRADING: EVICT 14
LOG:  POLICY_2Q
LOG:  First IF TAILLLLLLLLLLLLLLLLLLLLLLLL
LOG:  NNOOOOOOT   NULLLLLLLLLLLLLLLLL
LOG:  AM replace
LOG:  GRADING: EVICT 15
LOG:  POLICY_2Q
LOG:  First IF TAILLLLLLLLLLLLLLLLLLLLLLLL
LOG:  NNOOOOOOT   NULLLLLLLLLLLLLLLLL
LOG:  AM replace
LOG:  GRADING: EVICT 16
LOG:  POLICY_2Q
LOG:  First IF TAILLLLLLLLLLLLLLLLLLLLLLLL
LOG:  NNOOOOOOT   NULLLLLLLLLLLLLLLLL
LOG:  AM replace
LOG:  GRADING: EVICT 17
LOG:  POLICY_2Q
LOG:  First IF TAILLLLLLLLLLLLLLLLLLLLLLLL
LOG:  NNOOOOOOT   NULLLLLLLLLLLLLLLLL
LOG:  AM replace
LOG:  GRADING: EVICT 21
LOG:  POLICY_2Q
LOG:  First IF TAILLLLLLLLLLLLLLLLLLLLLLLL
LOG:  NNOOOOOOT   NULLLLLLLLLLLLLLLLL
LOG:  AM replace
LOG:  GRADING: EVICT 23
LOG:  POLICY_2Q
LOG:  First IF TAILLLLLLLLLLLLLLLLLLLLLLLL
LOG:  NNOOOOOOT   NULLLLLLLLLLLLLLLLL
LOG:  AM replace
LOG:  GRADING: EVICT 29
LOG:  POLICY_2Q
LOG:  First IF TAILLLLLLLLLLLLLLLLLLLLLLLL
LOG:  NULLLLLLLLLLLLLLLLL
LOG:  AM replace
LOG:  GRADING: EVICT 30
LOG:  POLICY_2Q
LOG:  First IF TAILLLLLLLLLLLLLLLLLLLLLLLL
LOG:  NULLLLLLLLLLLLLLLLL
LOG:  AM replace
LOG:  GRADING: EVICT  3
LOG:  POLICY_2Q
LOG:  First IF TAILLLLLLLLLLLLLLLLLLLLLLLL
LOG:  NNOOOOOOT   NULLLLLLLLLLLLLLLLL
LOG:  AM replace
LOG:  GRADING: EVICT  3
LOG:  POLICY_2Q
LOG:  Buff exists: true
LOG:  AM replace
FATAL:  no unpinned buffers available
LOG:  received smart shutdown request
LOG:  shutting down
LOG:  database system is shut down
LOG:  using buffer replacement policy: 2q
LOG:  database system was shut down at 2012-10-24 16:09:43 PDT
LOG:  database system is ready to accept connections
LOG:  POLICY_2Q
LOG:  First IF TAILLLLLLLLLLLLLLLLLLLLLLLL
LOG:  NNOOOOOOT   NULLLLLLLLLLLLLLLLL
LOG:  AM replace
LOG:  GRADING: EVICT 19
LOG:  POLICY_2Q
LOG:  First IF TAILLLLLLLLLLLLLLLLLLLLLLLL
LOG:  NNOOOOOOT   NULLLLLLLLLLLLLLLLL
LOG:  AM replace
LOG:  GRADING: EVICT 20
LOG:  POLICY_2Q
LOG:  First IF TAILLLLLLLLLLLLLLLLLLLLLLLL
LOG:  NNOOOOOOT   NULLLLLLLLLLLLLLLLL
LOG:  AM replace
LOG:  GRADING: EVICT 24
LOG:  POLICY_2Q
LOG:  First IF TAILLLLLLLLLLLLLLLLLLLLLLLL
LOG:  NNOOOOOOT   NULLLLLLLLLLLLLLLLL
LOG:  AM replace
LOG:  GRADING: EVICT 25
LOG:  POLICY_2Q
LOG:  First IF TAILLLLLLLLLLLLLLLLLLLLLLLL
LOG:  NNOOOOOOT   NULLLLLLLLLLLLLLLLL
LOG:  AM replace
LOG:  GRADING: EVICT 26
LOG:  POLICY_2Q
LOG:  First IF TAILLLLLLLLLLLLLLLLLLLLLLLL
LOG:  NNOOOOOOT   NULLLLLLLLLLLLLLLLL
LOG:  AM replace
LOG:  GRADING: EVICT 27
LOG:  POLICY_2Q
LOG:  First IF TAILLLLLLLLLLLLLLLLLLLLLLLL
LOG:  NNOOOOOOT   NULLLLLLLLLLLLLLLLL
LOG:  AM replace
LOG:  GRADING: EVICT 28
LOG:  POLICY_2Q
LOG:  First IF TAILLLLLLLLLLLLLLLLLLLLLLLL
LOG:  NNOOOOOOT   NULLLLLLLLLLLLLLLLL
LOG:  AM replace
LOG:  GRADING: EVICT  2
LOG:  POLICY_2Q
LOG:  First IF TAILLLLLLLLLLLLLLLLLLLLLLLL
LOG:  NNOOOOOOT   NULLLLLLLLLLLLLLLLL
LOG:  AM replace
LOG:  GRADING: EVICT  3
LOG:  POLICY_2Q
LOG:  First IF TAILLLLLLLLLLLLLLLLLLLLLLLL
LOG:  NNOOOOOOT   NULLLLLLLLLLLLLLLLL
LOG:  AM replace
LOG:  GRADING: EVICT 18
LOG:  POLICY_2Q
LOG:  First IF TAILLLLLLLLLLLLLLLLLLLLLLLL
LOG:  NNOOOOOOT   NULLLLLLLLLLLLLLLLL
LOG:  AM replace
LOG:  GRADING: EVICT  4
LOG:  POLICY_2Q
LOG:  First IF TAILLLLLLLLLLLLLLLLLLLLLLLL
LOG:  NNOOOOOOT   NULLLLLLLLLLLLLLLLL
LOG:  AM replace
LOG:  GRADING: EVICT  5
LOG:  POLICY_2Q
LOG:  First IF TAILLLLLLLLLLLLLLLLLLLLLLLL
LOG:  NNOOOOOOT   NULLLLLLLLLLLLLLLLL
LOG:  AM replace
LOG:  GRADING: EVICT  6
LOG:  POLICY_2Q
LOG:  First IF TAILLLLLLLLLLLLLLLLLLLLLLLL
LOG:  NNOOOOOOT   NULLLLLLLLLLLLLLLLL
LOG:  AM replace
LOG:  GRADING: EVICT  7
LOG:  POLICY_2Q
LOG:  First IF TAILLLLLLLLLLLLLLLLLLLLLLLL
LOG:  NNOOOOOOT   NULLLLLLLLLLLLLLLLL
LOG:  AM replace
LOG:  GRADING: EVICT  8
LOG:  POLICY_2Q
LOG:  First IF TAILLLLLLLLLLLLLLLLLLLLLLLL
LOG:  NNOOOOOOT   NULLLLLLLLLLLLLLLLL
LOG:  AM replace
LOG:  GRADING: EVICT  9
LOG:  POLICY_2Q
LOG:  First IF TAILLLLLLLLLLLLLLLLLLLLLLLL
LOG:  NNOOOOOOT   NULLLLLLLLLLLLLLLLL
LOG:  AM replace
LOG:  GRADING: EVICT 10
LOG:  POLICY_2Q
LOG:  First IF TAILLLLLLLLLLLLLLLLLLLLLLLL
LOG:  NNOOOOOOT   NULLLLLLLLLLLLLLLLL
LOG:  AM replace
LOG:  GRADING: EVICT 11
LOG:  POLICY_2Q
LOG:  First IF TAILLLLLLLLLLLLLLLLLLLLLLLL
LOG:  NNOOOOOOT   NULLLLLLLLLLLLLLLLL
LOG:  AM replace
LOG:  GRADING: EVICT 12
LOG:  POLICY_2Q
LOG:  First IF TAILLLLLLLLLLLLLLLLLLLLLLLL
LOG:  NNOOOOOOT   NULLLLLLLLLLLLLLLLL
LOG:  AM replace
LOG:  GRADING: EVICT 13
LOG:  POLICY_2Q
LOG:  First IF TAILLLLLLLLLLLLLLLLLLLLLLLL
LOG:  NNOOOOOOT   NULLLLLLLLLLLLLLLLL
LOG:  AM replace
LOG:  GRADING: EVICT 14
LOG:  POLICY_2Q
LOG:  First IF TAILLLLLLLLLLLLLLLLLLLLLLLL
LOG:  NNOOOOOOT   NULLLLLLLLLLLLLLLLL
LOG:  AM replace
LOG:  GRADING: EVICT 15
LOG:  POLICY_2Q
LOG:  First IF TAILLLLLLLLLLLLLLLLLLLLLLLL
LOG:  NNOOOOOOT   NULLLLLLLLLLLLLLLLL
LOG:  AM replace
LOG:  GRADING: EVICT 16
LOG:  POLICY_2Q
LOG:  First IF TAILLLLLLLLLLLLLLLLLLLLLLLL
LOG:  NNOOOOOOT   NULLLLLLLLLLLLLLLLL
LOG:  AM replace
LOG:  GRADING: EVICT 17
LOG:  POLICY_2Q
LOG:  First IF TAILLLLLLLLLLLLLLLLLLLLLLLL
LOG:  NNOOOOOOT   NULLLLLLLLLLLLLLLLL
LOG:  AM replace
LOG:  GRADING: EVICT 21
LOG:  POLICY_2Q
LOG:  First IF TAILLLLLLLLLLLLLLLLLLLLLLLL
LOG:  NNOOOOOOT   NULLLLLLLLLLLLLLLLL
LOG:  AM replace
LOG:  GRADING: EVICT 23
LOG:  POLICY_2Q
LOG:  First IF TAILLLLLLLLLLLLLLLLLLLLLLLL
LOG:  NNOOOOOOT   NULLLLLLLLLLLLLLLLL
LOG:  AM replace
LOG:  GRADING: EVICT 29
LOG:  POLICY_2Q
LOG:  First IF TAILLLLLLLLLLLLLLLLLLLLLLLL
LOG:  NULLLLLLLLLLLLLLLLL
LOG:  AM replace
LOG:  GRADING: EVICT 30
LOG:  POLICY_2Q
LOG:  First IF TAILLLLLLLLLLLLLLLLLLLLLLLL
LOG:  NULLLLLLLLLLLLLLLLL
LOG:  AM replace
LOG:  GRADING: EVICT  3
LOG:  POLICY_2Q
LOG:  First IF TAILLLLLLLLLLLLLLLLLLLLLLLL
LOG:  NNOOOOOOT   NULLLLLLLLLLLLLLLLL
LOG:  AM replace
LOG:  GRADING: EVICT  3
LOG:  POLICY_2Q
LOG:  Buff exists: true
LOG:  AM replace
FATAL:  no unpinned buffers available
LOG:  received smart shutdown request
LOG:  shutting down
LOG:  database system is shut down
LOG:  using buffer replacement policy: 2q
LOG:  database system was shut down at 2012-10-24 16:14:06 PDT
LOG:  database system is ready to accept connections
LOG:  POLICY_2Q
LOG:  First IF TAILLLLLLLLLLLLLLLLLLLLLLLL
LOG:  NNOOOOOOT   NULLLLLLLLLLLLLLLLL
LOG:  AM replace
LOG:  GRADING: EVICT 19
LOG:  POLICY_2Q
LOG:  First IF TAILLLLLLLLLLLLLLLLLLLLLLLL
LOG:  NNOOOOOOT   NULLLLLLLLLLLLLLLLL
LOG:  AM replace
LOG:  GRADING: EVICT 20
LOG:  POLICY_2Q
LOG:  First IF TAILLLLLLLLLLLLLLLLLLLLLLLL
LOG:  NNOOOOOOT   NULLLLLLLLLLLLLLLLL
LOG:  AM replace
LOG:  GRADING: EVICT 24
LOG:  POLICY_2Q
LOG:  First IF TAILLLLLLLLLLLLLLLLLLLLLLLL
LOG:  NNOOOOOOT   NULLLLLLLLLLLLLLLLL
LOG:  AM replace
LOG:  GRADING: EVICT 25
LOG:  POLICY_2Q
LOG:  First IF TAILLLLLLLLLLLLLLLLLLLLLLLL
LOG:  NNOOOOOOT   NULLLLLLLLLLLLLLLLL
LOG:  AM replace
LOG:  GRADING: EVICT 26
LOG:  POLICY_2Q
LOG:  First IF TAILLLLLLLLLLLLLLLLLLLLLLLL
LOG:  NNOOOOOOT   NULLLLLLLLLLLLLLLLL
LOG:  AM replace
LOG:  GRADING: EVICT 27
LOG:  POLICY_2Q
LOG:  First IF TAILLLLLLLLLLLLLLLLLLLLLLLL
LOG:  NNOOOOOOT   NULLLLLLLLLLLLLLLLL
LOG:  AM replace
LOG:  GRADING: EVICT 28
LOG:  POLICY_2Q
LOG:  First IF TAILLLLLLLLLLLLLLLLLLLLLLLL
LOG:  NNOOOOOOT   NULLLLLLLLLLLLLLLLL
LOG:  AM replace
LOG:  GRADING: EVICT  2
LOG:  POLICY_2Q
LOG:  First IF TAILLLLLLLLLLLLLLLLLLLLLLLL
LOG:  NNOOOOOOT   NULLLLLLLLLLLLLLLLL
LOG:  AM replace
LOG:  GRADING: EVICT  3
LOG:  POLICY_2Q
LOG:  First IF TAILLLLLLLLLLLLLLLLLLLLLLLL
LOG:  NNOOOOOOT   NULLLLLLLLLLLLLLLLL
LOG:  AM replace
LOG:  GRADING: EVICT 18
LOG:  POLICY_2Q
LOG:  First IF TAILLLLLLLLLLLLLLLLLLLLLLLL
LOG:  NNOOOOOOT   NULLLLLLLLLLLLLLLLL
LOG:  AM replace
LOG:  GRADING: EVICT  4
LOG:  POLICY_2Q
LOG:  First IF TAILLLLLLLLLLLLLLLLLLLLLLLL
LOG:  NNOOOOOOT   NULLLLLLLLLLLLLLLLL
LOG:  AM replace
LOG:  GRADING: EVICT  5
LOG:  POLICY_2Q
LOG:  First IF TAILLLLLLLLLLLLLLLLLLLLLLLL
LOG:  NNOOOOOOT   NULLLLLLLLLLLLLLLLL
LOG:  AM replace
LOG:  GRADING: EVICT  6
LOG:  POLICY_2Q
LOG:  First IF TAILLLLLLLLLLLLLLLLLLLLLLLL
LOG:  NNOOOOOOT   NULLLLLLLLLLLLLLLLL
LOG:  AM replace
LOG:  GRADING: EVICT  7
LOG:  POLICY_2Q
LOG:  First IF TAILLLLLLLLLLLLLLLLLLLLLLLL
LOG:  NNOOOOOOT   NULLLLLLLLLLLLLLLLL
LOG:  AM replace
LOG:  GRADING: EVICT  8
LOG:  POLICY_2Q
LOG:  First IF TAILLLLLLLLLLLLLLLLLLLLLLLL
LOG:  NNOOOOOOT   NULLLLLLLLLLLLLLLLL
LOG:  AM replace
LOG:  GRADING: EVICT  9
LOG:  POLICY_2Q
LOG:  First IF TAILLLLLLLLLLLLLLLLLLLLLLLL
LOG:  NNOOOOOOT   NULLLLLLLLLLLLLLLLL
LOG:  AM replace
LOG:  GRADING: EVICT 10
LOG:  POLICY_2Q
LOG:  First IF TAILLLLLLLLLLLLLLLLLLLLLLLL
LOG:  NNOOOOOOT   NULLLLLLLLLLLLLLLLL
LOG:  AM replace
LOG:  GRADING: EVICT 11
LOG:  POLICY_2Q
LOG:  First IF TAILLLLLLLLLLLLLLLLLLLLLLLL
LOG:  NNOOOOOOT   NULLLLLLLLLLLLLLLLL
LOG:  AM replace
LOG:  GRADING: EVICT 12
LOG:  POLICY_2Q
LOG:  First IF TAILLLLLLLLLLLLLLLLLLLLLLLL
LOG:  NNOOOOOOT   NULLLLLLLLLLLLLLLLL
LOG:  AM replace
LOG:  GRADING: EVICT 13
LOG:  POLICY_2Q
LOG:  First IF TAILLLLLLLLLLLLLLLLLLLLLLLL
LOG:  NNOOOOOOT   NULLLLLLLLLLLLLLLLL
LOG:  AM replace
LOG:  GRADING: EVICT 14
LOG:  POLICY_2Q
LOG:  First IF TAILLLLLLLLLLLLLLLLLLLLLLLL
LOG:  NNOOOOOOT   NULLLLLLLLLLLLLLLLL
LOG:  AM replace
LOG:  GRADING: EVICT 15
LOG:  POLICY_2Q
LOG:  First IF TAILLLLLLLLLLLLLLLLLLLLLLLL
LOG:  NNOOOOOOT   NULLLLLLLLLLLLLLLLL
LOG:  AM replace
LOG:  GRADING: EVICT 16
LOG:  POLICY_2Q
LOG:  First IF TAILLLLLLLLLLLLLLLLLLLLLLLL
LOG:  NNOOOOOOT   NULLLLLLLLLLLLLLLLL
LOG:  AM replace
LOG:  GRADING: EVICT 17
LOG:  POLICY_2Q
LOG:  First IF TAILLLLLLLLLLLLLLLLLLLLLLLL
LOG:  NNOOOOOOT   NULLLLLLLLLLLLLLLLL
LOG:  AM replace
LOG:  GRADING: EVICT 21
LOG:  POLICY_2Q
LOG:  First IF TAILLLLLLLLLLLLLLLLLLLLLLLL
LOG:  NNOOOOOOT   NULLLLLLLLLLLLLLLLL
LOG:  AM replace
LOG:  GRADING: EVICT 23
LOG:  POLICY_2Q
LOG:  First IF TAILLLLLLLLLLLLLLLLLLLLLLLL
LOG:  NNOOOOOOT   NULLLLLLLLLLLLLLLLL
LOG:  AM replace
LOG:  GRADING: EVICT 29
LOG:  POLICY_2Q
LOG:  First IF TAILLLLLLLLLLLLLLLLLLLLLLLL
LOG:  NULLLLLLLLLLLLLLLLL
LOG:  AM replace
LOG:  GRADING: EVICT 30
LOG:  POLICY_2Q
LOG:  First IF TAILLLLLLLLLLLLLLLLLLLLLLLL
LOG:  NULLLLLLLLLLLLLLLLL
LOG:  AM replace
LOG:  GRADING: EVICT  3
LOG:  POLICY_2Q
LOG:  First IF TAILLLLLLLLLLLLLLLLLLLLLLLL
LOG:  NNOOOOOOT   NULLLLLLLLLLLLLLLLL
LOG:  AM replace
LOG:  GRADING: EVICT  3
LOG:  POLICY_2Q
LOG:  Buff exists: true
LOG:  AM replace
FATAL:  no unpinned buffers available
LOG:  received smart shutdown request
LOG:  shutting down
LOG:  database system is shut down
LOG:  using buffer replacement policy: 2q
LOG:  database system was shut down at 2012-10-24 16:15:24 PDT
LOG:  database system is ready to accept connections
LOG:  POLICY_2Q
LOG:  First IF TAILLLLLLLLLLLLLLLLLLLLLLLL
LOG:  NNOOOOOOT   NULLLLLLLLLLLLLLLLL
LOG:  AM replace
LOG:  GRADING: EVICT 19
LOG:  POLICY_2Q
LOG:  First IF TAILLLLLLLLLLLLLLLLLLLLLLLL
LOG:  NNOOOOOOT   NULLLLLLLLLLLLLLLLL
LOG:  AM replace
LOG:  GRADING: EVICT 20
LOG:  POLICY_2Q
LOG:  First IF TAILLLLLLLLLLLLLLLLLLLLLLLL
LOG:  NNOOOOOOT   NULLLLLLLLLLLLLLLLL
LOG:  AM replace
LOG:  GRADING: EVICT 24
LOG:  POLICY_2Q
LOG:  First IF TAILLLLLLLLLLLLLLLLLLLLLLLL
LOG:  NNOOOOOOT   NULLLLLLLLLLLLLLLLL
LOG:  AM replace
LOG:  GRADING: EVICT 25
LOG:  POLICY_2Q
LOG:  First IF TAILLLLLLLLLLLLLLLLLLLLLLLL
LOG:  NNOOOOOOT   NULLLLLLLLLLLLLLLLL
LOG:  AM replace
LOG:  GRADING: EVICT 26
LOG:  POLICY_2Q
LOG:  First IF TAILLLLLLLLLLLLLLLLLLLLLLLL
LOG:  NNOOOOOOT   NULLLLLLLLLLLLLLLLL
LOG:  AM replace
LOG:  GRADING: EVICT 27
LOG:  POLICY_2Q
LOG:  First IF TAILLLLLLLLLLLLLLLLLLLLLLLL
LOG:  NNOOOOOOT   NULLLLLLLLLLLLLLLLL
LOG:  AM replace
LOG:  GRADING: EVICT 28
LOG:  POLICY_2Q
LOG:  First IF TAILLLLLLLLLLLLLLLLLLLLLLLL
LOG:  NNOOOOOOT   NULLLLLLLLLLLLLLLLL
LOG:  AM replace
LOG:  GRADING: EVICT  2
LOG:  POLICY_2Q
LOG:  First IF TAILLLLLLLLLLLLLLLLLLLLLLLL
LOG:  NNOOOOOOT   NULLLLLLLLLLLLLLLLL
LOG:  AM replace
LOG:  GRADING: EVICT  3
LOG:  POLICY_2Q
LOG:  First IF TAILLLLLLLLLLLLLLLLLLLLLLLL
LOG:  NNOOOOOOT   NULLLLLLLLLLLLLLLLL
LOG:  AM replace
LOG:  GRADING: EVICT 18
LOG:  POLICY_2Q
LOG:  First IF TAILLLLLLLLLLLLLLLLLLLLLLLL
LOG:  NNOOOOOOT   NULLLLLLLLLLLLLLLLL
LOG:  AM replace
LOG:  GRADING: EVICT  4
LOG:  POLICY_2Q
LOG:  First IF TAILLLLLLLLLLLLLLLLLLLLLLLL
LOG:  NNOOOOOOT   NULLLLLLLLLLLLLLLLL
LOG:  AM replace
LOG:  GRADING: EVICT  5
LOG:  POLICY_2Q
LOG:  First IF TAILLLLLLLLLLLLLLLLLLLLLLLL
LOG:  NNOOOOOOT   NULLLLLLLLLLLLLLLLL
LOG:  AM replace
LOG:  GRADING: EVICT  6
LOG:  POLICY_2Q
LOG:  First IF TAILLLLLLLLLLLLLLLLLLLLLLLL
LOG:  NNOOOOOOT   NULLLLLLLLLLLLLLLLL
LOG:  AM replace
LOG:  GRADING: EVICT  7
LOG:  POLICY_2Q
LOG:  First IF TAILLLLLLLLLLLLLLLLLLLLLLLL
LOG:  NNOOOOOOT   NULLLLLLLLLLLLLLLLL
LOG:  AM replace
LOG:  GRADING: EVICT  8
LOG:  POLICY_2Q
LOG:  First IF TAILLLLLLLLLLLLLLLLLLLLLLLL
LOG:  NNOOOOOOT   NULLLLLLLLLLLLLLLLL
LOG:  AM replace
LOG:  GRADING: EVICT  9
LOG:  POLICY_2Q
LOG:  First IF TAILLLLLLLLLLLLLLLLLLLLLLLL
LOG:  NNOOOOOOT   NULLLLLLLLLLLLLLLLL
LOG:  AM replace
LOG:  GRADING: EVICT 10
LOG:  POLICY_2Q
LOG:  First IF TAILLLLLLLLLLLLLLLLLLLLLLLL
LOG:  NNOOOOOOT   NULLLLLLLLLLLLLLLLL
LOG:  AM replace
LOG:  GRADING: EVICT 11
LOG:  POLICY_2Q
LOG:  First IF TAILLLLLLLLLLLLLLLLLLLLLLLL
LOG:  NNOOOOOOT   NULLLLLLLLLLLLLLLLL
LOG:  AM replace
LOG:  GRADING: EVICT 12
LOG:  POLICY_2Q
LOG:  First IF TAILLLLLLLLLLLLLLLLLLLLLLLL
LOG:  NNOOOOOOT   NULLLLLLLLLLLLLLLLL
LOG:  AM replace
LOG:  GRADING: EVICT 13
LOG:  POLICY_2Q
LOG:  First IF TAILLLLLLLLLLLLLLLLLLLLLLLL
LOG:  NNOOOOOOT   NULLLLLLLLLLLLLLLLL
LOG:  AM replace
LOG:  GRADING: EVICT 14
LOG:  POLICY_2Q
LOG:  First IF TAILLLLLLLLLLLLLLLLLLLLLLLL
LOG:  NNOOOOOOT   NULLLLLLLLLLLLLLLLL
LOG:  AM replace
LOG:  GRADING: EVICT 15
LOG:  POLICY_2Q
LOG:  First IF TAILLLLLLLLLLLLLLLLLLLLLLLL
LOG:  NNOOOOOOT   NULLLLLLLLLLLLLLLLL
LOG:  AM replace
LOG:  GRADING: EVICT 16
LOG:  POLICY_2Q
LOG:  First IF TAILLLLLLLLLLLLLLLLLLLLLLLL
LOG:  NNOOOOOOT   NULLLLLLLLLLLLLLLLL
LOG:  AM replace
LOG:  GRADING: EVICT 17
LOG:  POLICY_2Q
LOG:  First IF TAILLLLLLLLLLLLLLLLLLLLLLLL
LOG:  NNOOOOOOT   NULLLLLLLLLLLLLLLLL
LOG:  AM replace
LOG:  GRADING: EVICT 21
LOG:  POLICY_2Q
LOG:  First IF TAILLLLLLLLLLLLLLLLLLLLLLLL
LOG:  NNOOOOOOT   NULLLLLLLLLLLLLLLLL
LOG:  AM replace
LOG:  GRADING: EVICT 23
LOG:  POLICY_2Q
LOG:  First IF TAILLLLLLLLLLLLLLLLLLLLLLLL
LOG:  NNOOOOOOT   NULLLLLLLLLLLLLLLLL
LOG:  AM replace
LOG:  GRADING: EVICT 29
LOG:  POLICY_2Q
LOG:  First IF TAILLLLLLLLLLLLLLLLLLLLLLLL
LOG:  NULLLLLLLLLLLLLLLLL
LOG:  AM replace
LOG:  GRADING: EVICT 30
LOG:  POLICY_2Q
LOG:  First IF TAILLLLLLLLLLLLLLLLLLLLLLLL
LOG:  NULLLLLLLLLLLLLLLLL
LOG:  AM replace
LOG:  GRADING: EVICT  3
LOG:  POLICY_2Q
LOG:  First IF TAILLLLLLLLLLLLLLLLLLLLLLLL
LOG:  NNOOOOOOT   NULLLLLLLLLLLLLLLLL
LOG:  AM replace
LOG:  GRADING: EVICT  3
LOG:  POLICY_2Q
LOG:  Buff exists: true
LOG:  AM replace
FATAL:  no unpinned buffers available
LOG:  received smart shutdown request
LOG:  shutting down
LOG:  database system is shut down
LOG:  using buffer replacement policy: 2q
LOG:  database system was shut down at 2012-10-24 16:53:09 PDT
LOG:  database system is ready to accept connections
LOG:  POLICY_2Q
LOG:  First IF TAILLLLLLLLLLLLLLLLLLLLLLLL
LOG:  NNOOOOOOT   NULLLLLLLLLLLLLLLLL
LOG:  AM replace
LOG:  GRADING: EVICT 19
LOG:  POLICY_2Q
LOG:  First IF TAILLLLLLLLLLLLLLLLLLLLLLLL
LOG:  NNOOOOOOT   NULLLLLLLLLLLLLLLLL
LOG:  AM replace
LOG:  GRADING: EVICT 20
LOG:  POLICY_2Q
LOG:  First IF TAILLLLLLLLLLLLLLLLLLLLLLLL
LOG:  NNOOOOOOT   NULLLLLLLLLLLLLLLLL
LOG:  AM replace
LOG:  GRADING: EVICT 24
LOG:  POLICY_2Q
LOG:  First IF TAILLLLLLLLLLLLLLLLLLLLLLLL
LOG:  NNOOOOOOT   NULLLLLLLLLLLLLLLLL
LOG:  AM replace
LOG:  GRADING: EVICT 25
LOG:  POLICY_2Q
LOG:  First IF TAILLLLLLLLLLLLLLLLLLLLLLLL
LOG:  NNOOOOOOT   NULLLLLLLLLLLLLLLLL
LOG:  AM replace
LOG:  GRADING: EVICT 26
LOG:  POLICY_2Q
LOG:  First IF TAILLLLLLLLLLLLLLLLLLLLLLLL
LOG:  NNOOOOOOT   NULLLLLLLLLLLLLLLLL
LOG:  AM replace
LOG:  GRADING: EVICT 27
LOG:  POLICY_2Q
LOG:  First IF TAILLLLLLLLLLLLLLLLLLLLLLLL
LOG:  NNOOOOOOT   NULLLLLLLLLLLLLLLLL
LOG:  AM replace
LOG:  GRADING: EVICT 28
LOG:  POLICY_2Q
LOG:  First IF TAILLLLLLLLLLLLLLLLLLLLLLLL
LOG:  NNOOOOOOT   NULLLLLLLLLLLLLLLLL
LOG:  AM replace
LOG:  GRADING: EVICT  2
LOG:  POLICY_2Q
LOG:  First IF TAILLLLLLLLLLLLLLLLLLLLLLLL
LOG:  NNOOOOOOT   NULLLLLLLLLLLLLLLLL
LOG:  AM replace
LOG:  GRADING: EVICT  3
LOG:  POLICY_2Q
LOG:  First IF TAILLLLLLLLLLLLLLLLLLLLLLLL
LOG:  NNOOOOOOT   NULLLLLLLLLLLLLLLLL
LOG:  AM replace
LOG:  GRADING: EVICT 18
LOG:  POLICY_2Q
LOG:  First IF TAILLLLLLLLLLLLLLLLLLLLLLLL
LOG:  NNOOOOOOT   NULLLLLLLLLLLLLLLLL
LOG:  AM replace
LOG:  GRADING: EVICT  4
LOG:  POLICY_2Q
LOG:  First IF TAILLLLLLLLLLLLLLLLLLLLLLLL
LOG:  NNOOOOOOT   NULLLLLLLLLLLLLLLLL
LOG:  AM replace
LOG:  GRADING: EVICT  5
LOG:  POLICY_2Q
LOG:  First IF TAILLLLLLLLLLLLLLLLLLLLLLLL
LOG:  NNOOOOOOT   NULLLLLLLLLLLLLLLLL
LOG:  AM replace
LOG:  GRADING: EVICT  6
LOG:  POLICY_2Q
LOG:  First IF TAILLLLLLLLLLLLLLLLLLLLLLLL
LOG:  NNOOOOOOT   NULLLLLLLLLLLLLLLLL
LOG:  AM replace
LOG:  GRADING: EVICT  7
LOG:  POLICY_2Q
LOG:  First IF TAILLLLLLLLLLLLLLLLLLLLLLLL
LOG:  NNOOOOOOT   NULLLLLLLLLLLLLLLLL
LOG:  AM replace
LOG:  GRADING: EVICT  8
LOG:  POLICY_2Q
LOG:  First IF TAILLLLLLLLLLLLLLLLLLLLLLLL
LOG:  NNOOOOOOT   NULLLLLLLLLLLLLLLLL
LOG:  AM replace
LOG:  GRADING: EVICT  9
LOG:  POLICY_2Q
LOG:  First IF TAILLLLLLLLLLLLLLLLLLLLLLLL
LOG:  NNOOOOOOT   NULLLLLLLLLLLLLLLLL
LOG:  AM replace
LOG:  GRADING: EVICT 10
LOG:  POLICY_2Q
LOG:  First IF TAILLLLLLLLLLLLLLLLLLLLLLLL
LOG:  NNOOOOOOT   NULLLLLLLLLLLLLLLLL
LOG:  AM replace
LOG:  GRADING: EVICT 11
LOG:  POLICY_2Q
LOG:  First IF TAILLLLLLLLLLLLLLLLLLLLLLLL
LOG:  NNOOOOOOT   NULLLLLLLLLLLLLLLLL
LOG:  AM replace
LOG:  GRADING: EVICT 12
LOG:  POLICY_2Q
LOG:  First IF TAILLLLLLLLLLLLLLLLLLLLLLLL
LOG:  NNOOOOOOT   NULLLLLLLLLLLLLLLLL
LOG:  AM replace
LOG:  GRADING: EVICT 13
LOG:  POLICY_2Q
LOG:  First IF TAILLLLLLLLLLLLLLLLLLLLLLLL
LOG:  NNOOOOOOT   NULLLLLLLLLLLLLLLLL
LOG:  AM replace
LOG:  GRADING: EVICT 14
LOG:  POLICY_2Q
LOG:  First IF TAILLLLLLLLLLLLLLLLLLLLLLLL
LOG:  NNOOOOOOT   NULLLLLLLLLLLLLLLLL
LOG:  AM replace
LOG:  GRADING: EVICT 15
LOG:  POLICY_2Q
LOG:  First IF TAILLLLLLLLLLLLLLLLLLLLLLLL
LOG:  NNOOOOOOT   NULLLLLLLLLLLLLLLLL
LOG:  AM replace
LOG:  GRADING: EVICT 16
LOG:  POLICY_2Q
LOG:  First IF TAILLLLLLLLLLLLLLLLLLLLLLLL
LOG:  NNOOOOOOT   NULLLLLLLLLLLLLLLLL
LOG:  AM replace
LOG:  GRADING: EVICT 17
LOG:  POLICY_2Q
LOG:  First IF TAILLLLLLLLLLLLLLLLLLLLLLLL
LOG:  NNOOOOOOT   NULLLLLLLLLLLLLLLLL
LOG:  AM replace
LOG:  GRADING: EVICT 21
LOG:  POLICY_2Q
LOG:  First IF TAILLLLLLLLLLLLLLLLLLLLLLLL
LOG:  NNOOOOOOT   NULLLLLLLLLLLLLLLLL
LOG:  AM replace
LOG:  GRADING: EVICT 23
LOG:  POLICY_2Q
LOG:  First IF TAILLLLLLLLLLLLLLLLLLLLLLLL
LOG:  NNOOOOOOT   NULLLLLLLLLLLLLLLLL
LOG:  AM replace
LOG:  GRADING: EVICT 29
LOG:  POLICY_2Q
LOG:  First IF TAILLLLLLLLLLLLLLLLLLLLLLLL
LOG:  NULLLLLLLLLLLLLLLLL
LOG:  AM replace
LOG:  GRADING: EVICT 30
LOG:  POLICY_2Q
LOG:  First IF TAILLLLLLLLLLLLLLLLLLLLLLLL
LOG:  NULLLLLLLLLLLLLLLLL
LOG:  AM replace
LOG:  GRADING: EVICT  3
LOG:  POLICY_2Q
LOG:  First IF TAILLLLLLLLLLLLLLLLLLLLLLLL
LOG:  NNOOOOOOT   NULLLLLLLLLLLLLLLLL
LOG:  AM replace
LOG:  GRADING: EVICT  3
LOG:  POLICY_2Q
LOG:  Buff exists: true
LOG:  AM replace
FATAL:  no unpinned buffers available
LOG:  received smart shutdown request
LOG:  shutting down
LOG:  database system is shut down
LOG:  using buffer replacement policy: 2q
LOG:  database system was shut down at 2012-10-24 16:57:20 PDT
LOG:  database system is ready to accept connections
LOG:  POLICY_2Q
LOG:  first, head->next->bufid = 30
LOG:  First IF TAILLLLLLLLLLLLLLLLLLLLLLLL
LOG:  NNOOOOOOT   NULLLLLLLLLLLLLLLLL
LOG:  AM replace
LOG:  GRADING: EVICT 19
LOG:  POLICY_2Q
LOG:  first, head->next->bufid = 31
LOG:  First IF TAILLLLLLLLLLLLLLLLLLLLLLLL
LOG:  NNOOOOOOT   NULLLLLLLLLLLLLLLLL
LOG:  AM replace
LOG:  GRADING: EVICT 20
LOG:  POLICY_2Q
LOG:  first, head->next->bufid = 19
LOG:  First IF TAILLLLLLLLLLLLLLLLLLLLLLLL
LOG:  NNOOOOOOT   NULLLLLLLLLLLLLLLLL
LOG:  AM replace
LOG:  GRADING: EVICT 24
LOG:  POLICY_2Q
LOG:  first, head->next->bufid = 20
LOG:  First IF TAILLLLLLLLLLLLLLLLLLLLLLLL
LOG:  NNOOOOOOT   NULLLLLLLLLLLLLLLLL
LOG:  AM replace
LOG:  GRADING: EVICT 25
LOG:  POLICY_2Q
LOG:  first, head->next->bufid = 20
LOG:  First IF TAILLLLLLLLLLLLLLLLLLLLLLLL
LOG:  NNOOOOOOT   NULLLLLLLLLLLLLLLLL
LOG:  AM replace
LOG:  GRADING: EVICT 26
LOG:  POLICY_2Q
LOG:  first, head->next->bufid = 25
LOG:  First IF TAILLLLLLLLLLLLLLLLLLLLLLLL
LOG:  NNOOOOOOT   NULLLLLLLLLLLLLLLLL
LOG:  AM replace
LOG:  GRADING: EVICT 27
LOG:  POLICY_2Q
LOG:  first, head->next->bufid = 26
LOG:  First IF TAILLLLLLLLLLLLLLLLLLLLLLLL
LOG:  NNOOOOOOT   NULLLLLLLLLLLLLLLLL
LOG:  AM replace
LOG:  GRADING: EVICT 28
LOG:  POLICY_2Q
LOG:  first, head->next->bufid = 26
LOG:  First IF TAILLLLLLLLLLLLLLLLLLLLLLLL
LOG:  NNOOOOOOT   NULLLLLLLLLLLLLLLLL
LOG:  AM replace
LOG:  GRADING: EVICT  2
LOG:  POLICY_2Q
LOG:  first, head->next->bufid = 28
LOG:  First IF TAILLLLLLLLLLLLLLLLLLLLLLLL
LOG:  NNOOOOOOT   NULLLLLLLLLLLLLLLLL
LOG:  AM replace
LOG:  GRADING: EVICT  3
LOG:  POLICY_2Q
LOG:  first, head->next->bufid = 2
LOG:  First IF TAILLLLLLLLLLLLLLLLLLLLLLLL
LOG:  NNOOOOOOT   NULLLLLLLLLLLLLLLLL
LOG:  AM replace
LOG:  GRADING: EVICT 18
LOG:  POLICY_2Q
LOG:  first, head->next->bufid = 3
LOG:  First IF TAILLLLLLLLLLLLLLLLLLLLLLLL
LOG:  NNOOOOOOT   NULLLLLLLLLLLLLLLLL
LOG:  first, head->next->bufid = 3
LOG:  size of list: 15
LOG:  size of A1: 5
LOG:  A1 replace
LOG:  GRADING: EVICT  0
LOG:  POLICY_2Q
LOG:  first, head->next->bufid = 18
LOG:  First IF TAILLLLLLLLLLLLLLLLLLLLLLLL
LOG:  NNOOOOOOT   NULLLLLLLLLLLLLLLLL
LOG:  AM replace
LOG:  GRADING: EVICT 23
LOG:  POLICY_2Q
LOG:  first, head->next->bufid = 0
LOG:  First IF TAILLLLLLLLLLLLLLLLLLLLLLLL
LOG:  NNOOOOOOT   NULLLLLLLLLLLLLLLLL
LOG:  AM replace
LOG:  GRADING: EVICT  4
LOG:  POLICY_2Q
LOG:  first, head->next->bufid = 23
LOG:  First IF TAILLLLLLLLLLLLLLLLLLLLLLLL
LOG:  NNOOOOOOT   NULLLLLLLLLLLLLLLLL
LOG:  AM replace
LOG:  GRADING: EVICT  5
LOG:  POLICY_2Q
LOG:  first, head->next->bufid = 0
LOG:  First IF TAILLLLLLLLLLLLLLLLLLLLLLLL
LOG:  NNOOOOOOT   NULLLLLLLLLLLLLLLLL
LOG:  AM replace
LOG:  GRADING: EVICT  6
LOG:  POLICY_2Q
LOG:  first, head->next->bufid = 23
LOG:  First IF TAILLLLLLLLLLLLLLLLLLLLLLLL
LOG:  NNOOOOOOT   NULLLLLLLLLLLLLLLLL
LOG:  AM replace
LOG:  GRADING: EVICT  7
LOG:  POLICY_2Q
LOG:  first, head->next->bufid = 6
LOG:  First IF TAILLLLLLLLLLLLLLLLLLLLLLLL
LOG:  NNOOOOOOT   NULLLLLLLLLLLLLLLLL
LOG:  first, head->next->bufid = 6
LOG:  size of list: 15
LOG:  size of A1: 0
LOG:  A1 replace
LOG:  GRADING: EVICT  1
LOG:  POLICY_2Q
LOG:  first, head->next->bufid = 6
LOG:  First IF TAILLLLLLLLLLLLLLLLLLLLLLLL
LOG:  NNOOOOOOT   NULLLLLLLLLLLLLLLLL
LOG:  AM replace
LOG:  GRADING: EVICT  8
LOG:  POLICY_2Q
LOG:  first, head->next->bufid = 1
LOG:  First IF TAILLLLLLLLLLLLLLLLLLLLLLLL
LOG:  NNOOOOOOT   NULLLLLLLLLLLLLLLLL
LOG:  AM replace
LOG:  GRADING: EVICT 10
LOG:  POLICY_2Q
LOG:  first, head->next->bufid = 8
LOG:  First IF TAILLLLLLLLLLLLLLLLLLLLLLLL
LOG:  NNOOOOOOT   NULLLLLLLLLLLLLLLLL
LOG:  first, head->next->bufid = 8
LOG:  size of list: 15
LOG:  size of A1: -2
LOG:  A1 replace
LOG:  GRADING: EVICT 22
LOG:  POLICY_2Q
LOG:  first, head->next->bufid = 1
LOG:  First IF TAILLLLLLLLLLLLLLLLLLLLLLLL
LOG:  NNOOOOOOT   NULLLLLLLLLLLLLLLLL
LOG:  AM replace
LOG:  GRADING: EVICT 11
LOG:  POLICY_2Q
LOG:  first, head->next->bufid = 10
LOG:  First IF TAILLLLLLLLLLLLLLLLLLLLLLLL
LOG:  NNOOOOOOT   NULLLLLLLLLLLLLLLLL
LOG:  AM replace
LOG:  GRADING: EVICT 13
LOG:  POLICY_2Q
LOG:  first, head->next->bufid = 11
LOG:  First IF TAILLLLLLLLLLLLLLLLLLLLLLLL
LOG:  NNOOOOOOT   NULLLLLLLLLLLLLLLLL
LOG:  AM replace
LOG:  GRADING: EVICT 14
LOG:  POLICY_2Q
LOG:  first, head->next->bufid = 13
LOG:  First IF TAILLLLLLLLLLLLLLLLLLLLLLLL
LOG:  NNOOOOOOT   NULLLLLLLLLLLLLLLLL
LOG:  first, head->next->bufid = 13
LOG:  size of list: 15
LOG:  size of A1: -5
LOG:  A1 replace
LOG:  GRADING: EVICT 31
LOG:  POLICY_2Q
LOG:  first, head->next->bufid = 13
LOG:  First IF TAILLLLLLLLLLLLLLLLLLLLLLLL
LOG:  NNOOOOOOT   NULLLLLLLLLLLLLLLLL
LOG:  AM replace
LOG:  GRADING: EVICT 15
LOG:  POLICY_2Q
LOG:  first, head->next->bufid = 11
LOG:  First IF TAILLLLLLLLLLLLLLLLLLLLLLLL
LOG:  NNOOOOOOT   NULLLLLLLLLLLLLLLLL
LOG:  AM replace
LOG:  GRADING: EVICT 29
LOG:  POLICY_2Q
LOG:  first, head->next->bufid = 14
LOG:  First IF TAILLLLLLLLLLLLLLLLLLLLLLLL
LOG:  NNOOOOOOT   NULLLLLLLLLLLLLLLLL
LOG:  AM replace
LOG:  GRADING: EVICT 30
LOG:  POLICY_2Q
LOG:  first, head->next->bufid = 29
LOG:  First IF TAILLLLLLLLLLLLLLLLLLLLLLLL
LOG:  NNOOOOOOT   NULLLLLLLLLLLLLLLLL
LOG:  AM replace
LOG:  GRADING: EVICT  3
LOG:  POLICY_2Q
LOG:  first, head->next->bufid = 30
LOG:  First IF TAILLLLLLLLLLLLLLLLLLLLLLLL
LOG:  NNOOOOOOT   NULLLLLLLLLLLLLLLLL
LOG:  AM replace
LOG:  GRADING: EVICT  9
LOG:  POLICY_2Q
LOG:  first, head->next->bufid = 30
LOG:  First IF TAILLLLLLLLLLLLLLLLLLLLLLLL
LOG:  NNOOOOOOT   NULLLLLLLLLLLLLLLLL
LOG:  AM replace
LOG:  GRADING: EVICT 16
LOG:  POLICY_2Q
LOG:  first, head->next->bufid = 3
LOG:  First IF TAILLLLLLLLLLLLLLLLLLLLLLLL
LOG:  NNOOOOOOT   NULLLLLLLLLLLLLLLLL
LOG:  AM replace
LOG:  GRADING: EVICT 13
LOG:  POLICY_2Q
LOG:  first, head->next->bufid = 16
LOG:  First IF TAILLLLLLLLLLLLLLLLLLLLLLLL
LOG:  NNOOOOOOT   NULLLLLLLLLLLLLLLLL
LOG:  AM replace
LOG:  GRADING: EVICT 19
LOG:  POLICY_2Q
LOG:  first, head->next->bufid = 30
LOG:  First IF TAILLLLLLLLLLLLLLLLLLLLLLLL
LOG:  NNOOOOOOT   NULLLLLLLLLLLLLLLLL
LOG:  AM replace
LOG:  GRADING: EVICT 24
LOG:  POLICY_2Q
LOG:  first, head->next->bufid = 3
LOG:  First IF TAILLLLLLLLLLLLLLLLLLLLLLLL
LOG:  NNOOOOOOT   NULLLLLLLLLLLLLLLLL
LOG:  AM replace
LOG:  GRADING: EVICT 25
LOG:  POLICY_2Q
LOG:  first, head->next->bufid = 24
LOG:  First IF TAILLLLLLLLLLLLLLLLLLLLLLLL
LOG:  NNOOOOOOT   NULLLLLLLLLLLLLLLLL
LOG:  AM replace
LOG:  GRADING: EVICT 26
LOG:  POLICY_2Q
LOG:  first, head->next->bufid = 24
LOG:  First IF TAILLLLLLLLLLLLLLLLLLLLLLLL
LOG:  NNOOOOOOT   NULLLLLLLLLLLLLLLLL
LOG:  AM replace
LOG:  GRADING: EVICT 28
LOG:  POLICY_2Q
LOG:  first, head->next->bufid = 25
LOG:  First IF TAILLLLLLLLLLLLLLLLLLLLLLLL
LOG:  NNOOOOOOT   NULLLLLLLLLLLLLLLLL
LOG:  AM replace
LOG:  GRADING: EVICT  2
LOG:  POLICY_2Q
LOG:  first, head->next->bufid = 28
LOG:  First IF TAILLLLLLLLLLLLLLLLLLLLLLLL
LOG:  NNOOOOOOT   NULLLLLLLLLLLLLLLLL
LOG:  AM replace
LOG:  GRADING: EVICT 12
LOG:  POLICY_2Q
LOG:  first, head->next->bufid = 28
LOG:  First IF TAILLLLLLLLLLLLLLLLLLLLLLLL
LOG:  NNOOOOOOT   NULLLLLLLLLLLLLLLLL
LOG:  AM replace
LOG:  GRADING: EVICT 31
LOG:  POLICY_2Q
LOG:  first, head->next->bufid = 12
LOG:  First IF TAILLLLLLLLLLLLLLLLLLLLLLLL
LOG:  NNOOOOOOT   NULLLLLLLLLLLLLLLLL
LOG:  AM replace
LOG:  GRADING: EVICT 15
LOG:  POLICY_2Q
LOG:  first, head->next->bufid = 12
LOG:  First IF TAILLLLLLLLLLLLLLLLLLLLLLLL
LOG:  NNOOOOOOT   NULLLLLLLLLLLLLLLLL
LOG:  AM replace
LOG:  GRADING: EVICT  9
LOG:  POLICY_2Q
LOG:  first, head->next->bufid = 15
LOG:  First IF TAILLLLLLLLLLLLLLLLLLLLLLLL
LOG:  NNOOOOOOT   NULLLLLLLLLLLLLLLLL
LOG:  AM replace
LOG:  GRADING: EVICT 11
LOG:  POLICY_2Q
LOG:  first, head->next->bufid = 9
LOG:  First IF TAILLLLLLLLLLLLLLLLLLLLLLLL
LOG:  NNOOOOOOT   NULLLLLLLLLLLLLLLLL
LOG:  AM replace
LOG:  GRADING: EVICT 16
LOG:  POLICY_2Q
LOG:  first, head->next->bufid = 11
LOG:  First IF TAILLLLLLLLLLLLLLLLLLLLLLLL
LOG:  NNOOOOOOT   NULLLLLLLLLLLLLLLLL
LOG:  first, head->next->bufid = 11
LOG:  size of list: 15
LOG:  size of A1: -24
LOG:  A1 replace
LOG:  GRADING: EVICT 20
LOG:  POLICY_2Q
LOG:  first, head->next->bufid = 16
LOG:  First IF TAILLLLLLLLLLLLLLLLLLLLLLLL
LOG:  NNOOOOOOT   NULLLLLLLLLLLLLLLLL
LOG:  first, head->next->bufid = 16
LOG:  size of list: 15
LOG:  size of A1: -24
LOG:  A1 replace
LOG:  GRADING: EVICT 27
LOG:  POLICY_2Q
LOG:  first, head->next->bufid = 16
LOG:  First IF TAILLLLLLLLLLLLLLLLLLLLLLLL
LOG:  NNOOOOOOT   NULLLLLLLLLLLLLLLLL
LOG:  AM replace
LOG:  GRADING: EVICT  1
LOG:  POLICY_2Q
LOG:  first, head->next->bufid = 11
LOG:  First IF TAILLLLLLLLLLLLLLLLLLLLLLLL
LOG:  NNOOOOOOT   NULLLLLLLLLLLLLLLLL
LOG:  AM replace
LOG:  GRADING: EVICT 29
LOG:  POLICY_2Q
LOG:  first, head->next->bufid = 11
LOG:  First IF TAILLLLLLLLLLLLLLLLLLLLLLLL
LOG:  NNOOOOOOT   NULLLLLLLLLLLLLLLLL
LOG:  AM replace
LOG:  GRADING: EVICT 26
LOG:  POLICY_2Q
LOG:  first, head->next->bufid = 11
LOG:  First IF TAILLLLLLLLLLLLLLLLLLLLLLLL
LOG:  NNOOOOOOT   NULLLLLLLLLLLLLLLLL
LOG:  AM replace
LOG:  GRADING: EVICT 30
LOG:  POLICY_2Q
LOG:  first, head->next->bufid = 16
LOG:  First IF TAILLLLLLLLLLLLLLLLLLLLLLLL
LOG:  NNOOOOOOT   NULLLLLLLLLLLLLLLLL
LOG:  AM replace
LOG:  GRADING: EVICT 18
LOG:  POLICY_2Q
LOG:  first, head->next->bufid = 16
LOG:  First IF TAILLLLLLLLLLLLLLLLLLLLLLLL
LOG:  NNOOOOOOT   NULLLLLLLLLLLLLLLLL
LOG:  AM replace
LOG:  GRADING: EVICT 17
LOG:  POLICY_2Q
LOG:  first, head->next->bufid = 17
LOG:  First IF TAILLLLLLLLLLLLLLLLLLLLLLLL
LOG:  NNOOOOOOT   NULLLLLLLLLLLLLLLLL
LOG:  first, head->next->bufid = 17
LOG:  size of list: 16
LOG:  size of A1: -29
LOG:  A1 replace
LOG:  GRADING: EVICT 23
LOG:  POLICY_2Q
LOG:  first, head->next->bufid = 18
LOG:  First IF TAILLLLLLLLLLLLLLLLLLLLLLLL
LOG:  NNOOOOOOT   NULLLLLLLLLLLLLLLLL
LOG:  first, head->next->bufid = 18
LOG:  size of list: 16
LOG:  size of A1: -29
LOG:  A1 replace
LOG:  GRADING: EVICT  6
LOG:  POLICY_2Q
LOG:  first, head->next->bufid = 23
LOG:  First IF TAILLLLLLLLLLLLLLLLLLLLLLLL
LOG:  NNOOOOOOT   NULLLLLLLLLLLLLLLLL
LOG:  first, head->next->bufid = 23
LOG:  size of list: 15
LOG:  size of A1: -30
LOG:  A1 replace
LOG:  GRADING: EVICT 10
LOG:  POLICY_2Q
LOG:  first, head->next->bufid = 6
LOG:  First IF TAILLLLLLLLLLLLLLLLLLLLLLLL
LOG:  NNOOOOOOT   NULLLLLLLLLLLLLLLLL
LOG:  first, head->next->bufid = 6
LOG:  size of list: 15
LOG:  size of A1: -30
LOG:  A1 replace
LOG:  GRADING: EVICT 14
LOG:  POLICY_2Q
LOG:  first, head->next->bufid = 6
LOG:  First IF TAILLLLLLLLLLLLLLLLLLLLLLLL
LOG:  NNOOOOOOT   NULLLLLLLLLLLLLLLLL
LOG:  AM replace
LOG:  GRADING: EVICT 21
LOG:  POLICY_2Q at character 15
STATEMENT:  SELECT * FROM raw_r_tuples;
LOG:  first, head->next->bufid = 21 at character 15
STATEMENT:  SELECT * FROM raw_r_tuples;
LOG:  First IF TAILLLLLLLLLLLLLLLLLLLLLLLL at character 15
STATEMENT:  SELECT * FROM raw_r_tuples;
LOG:  NNOOOOOOT   NULLLLLLLLLLLLLLLLL at character 15
STATEMENT:  SELECT * FROM raw_r_tuples;
LOG:  first, head->next->bufid = 21 at character 15
STATEMENT:  SELECT * FROM raw_r_tuples;
LOG:  size of list: 16 at character 15
STATEMENT:  SELECT * FROM raw_r_tuples;
LOG:  size of A1: -30 at character 15
STATEMENT:  SELECT * FROM raw_r_tuples;
LOG:  A1 replace at character 15
STATEMENT:  SELECT * FROM raw_r_tuples;
LOG:  GRADING: EVICT  3 at character 15
STATEMENT:  SELECT * FROM raw_r_tuples;
LOG:  POLICY_2Q at character 15
STATEMENT:  SELECT * FROM raw_r_tuples;
LOG:  first, head->next->bufid = 14 at character 15
STATEMENT:  SELECT * FROM raw_r_tuples;
LOG:  First IF TAILLLLLLLLLLLLLLLLLLLLLLLL at character 15
STATEMENT:  SELECT * FROM raw_r_tuples;
LOG:  NNOOOOOOT   NULLLLLLLLLLLLLLLLL at character 15
STATEMENT:  SELECT * FROM raw_r_tuples;
LOG:  first, head->next->bufid = 14 at character 15
STATEMENT:  SELECT * FROM raw_r_tuples;
LOG:  size of list: 16 at character 15
STATEMENT:  SELECT * FROM raw_r_tuples;
LOG:  size of A1: -30 at character 15
STATEMENT:  SELECT * FROM raw_r_tuples;
LOG:  A1 replace at character 15
STATEMENT:  SELECT * FROM raw_r_tuples;
LOG:  GRADING: EVICT 24 at character 15
STATEMENT:  SELECT * FROM raw_r_tuples;
LOG:  POLICY_2Q at character 15
STATEMENT:  SELECT * FROM raw_r_tuples;
LOG:  first, head->next->bufid = 3 at character 15
STATEMENT:  SELECT * FROM raw_r_tuples;
LOG:  First IF TAILLLLLLLLLLLLLLLLLLLLLLLL at character 15
STATEMENT:  SELECT * FROM raw_r_tuples;
LOG:  NNOOOOOOT   NULLLLLLLLLLLLLLLLL at character 15
STATEMENT:  SELECT * FROM raw_r_tuples;
LOG:  first, head->next->bufid = 3 at character 15
STATEMENT:  SELECT * FROM raw_r_tuples;
LOG:  size of list: 16 at character 15
STATEMENT:  SELECT * FROM raw_r_tuples;
LOG:  size of A1: -30 at character 15
STATEMENT:  SELECT * FROM raw_r_tuples;
LOG:  A1 replace at character 15
STATEMENT:  SELECT * FROM raw_r_tuples;
LOG:  GRADING: EVICT 28 at character 15
STATEMENT:  SELECT * FROM raw_r_tuples;
LOG:  POLICY_2Q at character 15
STATEMENT:  SELECT * FROM raw_r_tuples;
LOG:  first, head->next->bufid = 3 at character 15
STATEMENT:  SELECT * FROM raw_r_tuples;
LOG:  First IF TAILLLLLLLLLLLLLLLLLLLLLLLL at character 15
STATEMENT:  SELECT * FROM raw_r_tuples;
LOG:  NNOOOOOOT   NULLLLLLLLLLLLLLLLL at character 15
STATEMENT:  SELECT * FROM raw_r_tuples;
LOG:  first, head->next->bufid = 3 at character 15
STATEMENT:  SELECT * FROM raw_r_tuples;
LOG:  size of list: 15 at character 15
STATEMENT:  SELECT * FROM raw_r_tuples;
LOG:  size of A1: -31 at character 15
STATEMENT:  SELECT * FROM raw_r_tuples;
LOG:  A1 replace at character 15
STATEMENT:  SELECT * FROM raw_r_tuples;
LOG:  GRADING: EVICT  2 at character 15
STATEMENT:  SELECT * FROM raw_r_tuples;
LOG:  POLICY_2Q at character 15
STATEMENT:  SELECT * FROM raw_r_tuples;
LOG:  first, head->next->bufid = 28 at character 15
STATEMENT:  SELECT * FROM raw_r_tuples;
LOG:  First IF TAILLLLLLLLLLLLLLLLLLLLLLLL at character 15
STATEMENT:  SELECT * FROM raw_r_tuples;
LOG:  NNOOOOOOT   NULLLLLLLLLLLLLLLLL at character 15
STATEMENT:  SELECT * FROM raw_r_tuples;
LOG:  first, head->next->bufid = 28 at character 15
STATEMENT:  SELECT * FROM raw_r_tuples;
LOG:  size of list: 15 at character 15
STATEMENT:  SELECT * FROM raw_r_tuples;
LOG:  size of A1: -31 at character 15
STATEMENT:  SELECT * FROM raw_r_tuples;
LOG:  A1 replace at character 15
STATEMENT:  SELECT * FROM raw_r_tuples;
LOG:  GRADING: EVICT 12 at character 15
STATEMENT:  SELECT * FROM raw_r_tuples;
LOG:  POLICY_2Q at character 15
STATEMENT:  SELECT * FROM raw_r_tuples;
LOG:  first, head->next->bufid = 2 at character 15
STATEMENT:  SELECT * FROM raw_r_tuples;
LOG:  First IF TAILLLLLLLLLLLLLLLLLLLLLLLL at character 15
STATEMENT:  SELECT * FROM raw_r_tuples;
LOG:  NNOOOOOOT   NULLLLLLLLLLLLLLLLL at character 15
STATEMENT:  SELECT * FROM raw_r_tuples;
LOG:  first, head->next->bufid = 2 at character 15
STATEMENT:  SELECT * FROM raw_r_tuples;
LOG:  size of list: 15 at character 15
STATEMENT:  SELECT * FROM raw_r_tuples;
LOG:  size of A1: -31 at character 15
STATEMENT:  SELECT * FROM raw_r_tuples;
LOG:  A1 replace at character 15
STATEMENT:  SELECT * FROM raw_r_tuples;
LOG:  GRADING: EVICT 31 at character 15
STATEMENT:  SELECT * FROM raw_r_tuples;
LOG:  POLICY_2Q at character 15
STATEMENT:  SELECT * FROM raw_r_tuples;
LOG:  first, head->next->bufid = 28 at character 15
STATEMENT:  SELECT * FROM raw_r_tuples;
LOG:  First IF TAILLLLLLLLLLLLLLLLLLLLLLLL at character 15
STATEMENT:  SELECT * FROM raw_r_tuples;
LOG:  NNOOOOOOT   NULLLLLLLLLLLLLLLLL at character 15
STATEMENT:  SELECT * FROM raw_r_tuples;
LOG:  AM replace at character 15
STATEMENT:  SELECT * FROM raw_r_tuples;
LOG:  GRADING: EVICT 25 at character 15
STATEMENT:  SELECT * FROM raw_r_tuples;
LOG:  POLICY_2Q at character 15
STATEMENT:  SELECT * FROM raw_r_tuples;
LOG:  first, head->next->bufid = 28 at character 15
STATEMENT:  SELECT * FROM raw_r_tuples;
LOG:  First IF TAILLLLLLLLLLLLLLLLLLLLLLLL at character 15
STATEMENT:  SELECT * FROM raw_r_tuples;
LOG:  NNOOOOOOT   NULLLLLLLLLLLLLLLLL at character 15
STATEMENT:  SELECT * FROM raw_r_tuples;
LOG:  AM replace at character 15
STATEMENT:  SELECT * FROM raw_r_tuples;
LOG:  GRADING: EVICT  1 at character 15
STATEMENT:  SELECT * FROM raw_r_tuples;
LOG:  POLICY_2Q
STATEMENT:  SELECT * FROM raw_r_tuples;
LOG:  first, head->next->bufid = 1
STATEMENT:  SELECT * FROM raw_r_tuples;
LOG:  First IF TAILLLLLLLLLLLLLLLLLLLLLLLL
STATEMENT:  SELECT * FROM raw_r_tuples;
LOG:  NNOOOOOOT   NULLLLLLLLLLLLLLLLL
STATEMENT:  SELECT * FROM raw_r_tuples;
LOG:  first, head->next->bufid = 1
STATEMENT:  SELECT * FROM raw_r_tuples;
LOG:  size of list: 15
STATEMENT:  SELECT * FROM raw_r_tuples;
LOG:  size of A1: -33
STATEMENT:  SELECT * FROM raw_r_tuples;
LOG:  A1 replace
STATEMENT:  SELECT * FROM raw_r_tuples;
LOG:  GRADING: EVICT 15
STATEMENT:  SELECT * FROM raw_r_tuples;
LOG:  POLICY_2Q
STATEMENT:  SELECT * FROM raw_r_tuples;
LOG:  first, head->next->bufid = 25
STATEMENT:  SELECT * FROM raw_r_tuples;
LOG:  First IF TAILLLLLLLLLLLLLLLLLLLLLLLL
STATEMENT:  SELECT * FROM raw_r_tuples;
LOG:  NNOOOOOOT   NULLLLLLLLLLLLLLLLL
STATEMENT:  SELECT * FROM raw_r_tuples;
LOG:  first, head->next->bufid = 25
STATEMENT:  SELECT * FROM raw_r_tuples;
LOG:  size of list: 15
STATEMENT:  SELECT * FROM raw_r_tuples;
LOG:  size of A1: -33
STATEMENT:  SELECT * FROM raw_r_tuples;
LOG:  A1 replace
STATEMENT:  SELECT * FROM raw_r_tuples;
LOG:  GRADING: EVICT  9
STATEMENT:  SELECT * FROM raw_r_tuples;
LOG:  POLICY_2Q
STATEMENT:  SELECT * FROM raw_r_tuples;
LOG:  first, head->next->bufid = 15
STATEMENT:  SELECT * FROM raw_r_tuples;
LOG:  First IF TAILLLLLLLLLLLLLLLLLLLLLLLL
STATEMENT:  SELECT * FROM raw_r_tuples;
LOG:  NNOOOOOOT   NULLLLLLLLLLLLLLLLL
STATEMENT:  SELECT * FROM raw_r_tuples;
LOG:  first, head->next->bufid = 15
STATEMENT:  SELECT * FROM raw_r_tuples;
LOG:  size of list: 15
STATEMENT:  SELECT * FROM raw_r_tuples;
LOG:  size of A1: -33
STATEMENT:  SELECT * FROM raw_r_tuples;
LOG:  A1 replace
STATEMENT:  SELECT * FROM raw_r_tuples;
LOG:  GRADING: EVICT 11
STATEMENT:  SELECT * FROM raw_r_tuples;
LOG:  POLICY_2Q
STATEMENT:  SELECT * FROM raw_r_tuples;
LOG:  first, head->next->bufid = 9
STATEMENT:  SELECT * FROM raw_r_tuples;
LOG:  First IF TAILLLLLLLLLLLLLLLLLLLLLLLL
STATEMENT:  SELECT * FROM raw_r_tuples;
LOG:  NNOOOOOOT   NULLLLLLLLLLLLLLLLL
STATEMENT:  SELECT * FROM raw_r_tuples;
LOG:  first, head->next->bufid = 9
STATEMENT:  SELECT * FROM raw_r_tuples;
LOG:  size of list: 15
STATEMENT:  SELECT * FROM raw_r_tuples;
LOG:  size of A1: -33
STATEMENT:  SELECT * FROM raw_r_tuples;
LOG:  A1 replace
STATEMENT:  SELECT * FROM raw_r_tuples;
LOG:  GRADING: EVICT 16
STATEMENT:  SELECT * FROM raw_r_tuples;
LOG:  POLICY_2Q
STATEMENT:  SELECT * FROM raw_r_tuples;
LOG:  first, head->next->bufid = 9
STATEMENT:  SELECT * FROM raw_r_tuples;
LOG:  First IF TAILLLLLLLLLLLLLLLLLLLLLLLL
STATEMENT:  SELECT * FROM raw_r_tuples;
LOG:  NNOOOOOOT   NULLLLLLLLLLLLLLLLL
STATEMENT:  SELECT * FROM raw_r_tuples;
LOG:  AM replace
STATEMENT:  SELECT * FROM raw_r_tuples;
LOG:  GRADING: EVICT 27
STATEMENT:  SELECT * FROM raw_r_tuples;
LOG:  POLICY_2Q
STATEMENT:  SELECT * FROM raw_r_tuples;
LOG:  first, head->next->bufid = 27
STATEMENT:  SELECT * FROM raw_r_tuples;
LOG:  First IF TAILLLLLLLLLLLLLLLLLLLLLLLL
STATEMENT:  SELECT * FROM raw_r_tuples;
LOG:  NNOOOOOOT   NULLLLLLLLLLLLLLLLL
STATEMENT:  SELECT * FROM raw_r_tuples;
LOG:  first, head->next->bufid = 27
STATEMENT:  SELECT * FROM raw_r_tuples;
LOG:  size of list: 15
STATEMENT:  SELECT * FROM raw_r_tuples;
LOG:  size of A1: -34
STATEMENT:  SELECT * FROM raw_r_tuples;
LOG:  A1 replace
STATEMENT:  SELECT * FROM raw_r_tuples;
LOG:  GRADING: EVICT 30
STATEMENT:  SELECT * FROM raw_r_tuples;
LOG:  POLICY_2Q
STATEMENT:  SELECT * FROM raw_r_tuples;
LOG:  first, head->next->bufid = 11
STATEMENT:  SELECT * FROM raw_r_tuples;
LOG:  First IF TAILLLLLLLLLLLLLLLLLLLLLLLL
STATEMENT:  SELECT * FROM raw_r_tuples;
LOG:  NNOOOOOOT   NULLLLLLLLLLLLLLLLL
STATEMENT:  SELECT * FROM raw_r_tuples;
LOG:  AM replace
STATEMENT:  SELECT * FROM raw_r_tuples;
LOG:  GRADING: EVICT  8
STATEMENT:  SELECT * FROM raw_r_tuples;
LOG:  POLICY_2Q
STATEMENT:  SELECT * FROM raw_r_tuples;
LOG:  first, head->next->bufid = 11
STATEMENT:  SELECT * FROM raw_r_tuples;
LOG:  First IF TAILLLLLLLLLLLLLLLLLLLLLLLL
STATEMENT:  SELECT * FROM raw_r_tuples;
LOG:  NNOOOOOOT   NULLLLLLLLLLLLLLLLL
STATEMENT:  SELECT * FROM raw_r_tuples;
LOG:  AM replace
STATEMENT:  SELECT * FROM raw_r_tuples;
LOG:  GRADING: EVICT  5
STATEMENT:  SELECT * FROM raw_r_tuples;
LOG:  POLICY_2Q
STATEMENT:  SELECT * FROM raw_r_tuples;
LOG:  first, head->next->bufid = 27
STATEMENT:  SELECT * FROM raw_r_tuples;
LOG:  First IF TAILLLLLLLLLLLLLLLLLLLLLLLL
STATEMENT:  SELECT * FROM raw_r_tuples;
LOG:  NNOOOOOOT   NULLLLLLLLLLLLLLLLL
STATEMENT:  SELECT * FROM raw_r_tuples;
LOG:  AM replace
STATEMENT:  SELECT * FROM raw_r_tuples;
LOG:  GRADING: EVICT 29
STATEMENT:  SELECT * FROM raw_r_tuples;
LOG:  POLICY_2Q
STATEMENT:  SELECT * FROM raw_r_tuples;
LOG:  first, head->next->bufid = 8
STATEMENT:  SELECT * FROM raw_r_tuples;
LOG:  First IF TAILLLLLLLLLLLLLLLLLLLLLLLL
STATEMENT:  SELECT * FROM raw_r_tuples;
LOG:  NNOOOOOOT   NULLLLLLLLLLLLLLLLL
STATEMENT:  SELECT * FROM raw_r_tuples;
LOG:  first, head->next->bufid = 8
STATEMENT:  SELECT * FROM raw_r_tuples;
LOG:  size of list: 15
STATEMENT:  SELECT * FROM raw_r_tuples;
LOG:  size of A1: -37
STATEMENT:  SELECT * FROM raw_r_tuples;
LOG:  A1 replace
STATEMENT:  SELECT * FROM raw_r_tuples;
LOG:  GRADING: EVICT 18
STATEMENT:  SELECT * FROM raw_r_tuples;
LOG:  POLICY_2Q
STATEMENT:  SELECT * FROM raw_r_tuples;
LOG:  first, head->next->bufid = 5
STATEMENT:  SELECT * FROM raw_r_tuples;
LOG:  First IF TAILLLLLLLLLLLLLLLLLLLLLLLL
STATEMENT:  SELECT * FROM raw_r_tuples;
LOG:  NNOOOOOOT   NULLLLLLLLLLLLLLLLL
STATEMENT:  SELECT * FROM raw_r_tuples;
LOG:  first, head->next->bufid = 5
STATEMENT:  SELECT * FROM raw_r_tuples;
LOG:  size of list: 15
STATEMENT:  SELECT * FROM raw_r_tuples;
LOG:  size of A1: -37
STATEMENT:  SELECT * FROM raw_r_tuples;
LOG:  A1 replace
STATEMENT:  SELECT * FROM raw_r_tuples;
LOG:  GRADING: EVICT 23
STATEMENT:  SELECT * FROM raw_r_tuples;
LOG:  POLICY_2Q
STATEMENT:  SELECT * FROM raw_r_tuples;
LOG:  first, head->next->bufid = 29
STATEMENT:  SELECT * FROM raw_r_tuples;
LOG:  First IF TAILLLLLLLLLLLLLLLLLLLLLLLL
STATEMENT:  SELECT * FROM raw_r_tuples;
LOG:  NNOOOOOOT   NULLLLLLLLLLLLLLLLL
STATEMENT:  SELECT * FROM raw_r_tuples;
LOG:  first, head->next->bufid = 29
STATEMENT:  SELECT * FROM raw_r_tuples;
LOG:  size of list: 15
STATEMENT:  SELECT * FROM raw_r_tuples;
LOG:  size of A1: -37
STATEMENT:  SELECT * FROM raw_r_tuples;
LOG:  A1 replace
STATEMENT:  SELECT * FROM raw_r_tuples;
LOG:  GRADING: EVICT  6
STATEMENT:  SELECT * FROM raw_r_tuples;
LOG:  POLICY_2Q
STATEMENT:  SELECT * FROM raw_r_tuples;
LOG:  first, head->next->bufid = 18
STATEMENT:  SELECT * FROM raw_r_tuples;
LOG:  First IF TAILLLLLLLLLLLLLLLLLLLLLLLL
STATEMENT:  SELECT * FROM raw_r_tuples;
LOG:  NNOOOOOOT   NULLLLLLLLLLLLLLLLL
STATEMENT:  SELECT * FROM raw_r_tuples;
LOG:  first, head->next->bufid = 18
STATEMENT:  SELECT * FROM raw_r_tuples;
LOG:  size of list: 15
STATEMENT:  SELECT * FROM raw_r_tuples;
LOG:  size of A1: -37
STATEMENT:  SELECT * FROM raw_r_tuples;
LOG:  A1 replace
STATEMENT:  SELECT * FROM raw_r_tuples;
LOG:  GRADING: EVICT 10
STATEMENT:  SELECT * FROM raw_r_tuples;
LOG:  POLICY_2Q
STATEMENT:  SELECT * FROM raw_r_tuples;
LOG:  first, head->next->bufid = 23
STATEMENT:  SELECT * FROM raw_r_tuples;
LOG:  First IF TAILLLLLLLLLLLLLLLLLLLLLLLL
STATEMENT:  SELECT * FROM raw_r_tuples;
LOG:  NNOOOOOOT   NULLLLLLLLLLLLLLLLL
STATEMENT:  SELECT * FROM raw_r_tuples;
LOG:  first, head->next->bufid = 23
STATEMENT:  SELECT * FROM raw_r_tuples;
LOG:  size of list: 15
STATEMENT:  SELECT * FROM raw_r_tuples;
LOG:  size of A1: -37
STATEMENT:  SELECT * FROM raw_r_tuples;
LOG:  A1 replace
STATEMENT:  SELECT * FROM raw_r_tuples;
LOG:  GRADING: EVICT 21
STATEMENT:  SELECT * FROM raw_r_tuples;
LOG:  POLICY_2Q
STATEMENT:  SELECT * FROM raw_r_tuples;
LOG:  first, head->next->bufid = 6
STATEMENT:  SELECT * FROM raw_r_tuples;
LOG:  First IF TAILLLLLLLLLLLLLLLLLLLLLLLL
STATEMENT:  SELECT * FROM raw_r_tuples;
LOG:  NNOOOOOOT   NULLLLLLLLLLLLLLLLL
STATEMENT:  SELECT * FROM raw_r_tuples;
LOG:  first, head->next->bufid = 6
STATEMENT:  SELECT * FROM raw_r_tuples;
LOG:  size of list: 15
STATEMENT:  SELECT * FROM raw_r_tuples;
LOG:  size of A1: -37
STATEMENT:  SELECT * FROM raw_r_tuples;
LOG:  A1 replace
STATEMENT:  SELECT * FROM raw_r_tuples;
LOG:  GRADING: EVICT 14
STATEMENT:  SELECT * FROM raw_r_tuples;
LOG:  POLICY_2Q
STATEMENT:  SELECT * FROM raw_r_tuples;
LOG:  first, head->next->bufid = 10
STATEMENT:  SELECT * FROM raw_r_tuples;
LOG:  First IF TAILLLLLLLLLLLLLLLLLLLLLLLL
STATEMENT:  SELECT * FROM raw_r_tuples;
LOG:  NNOOOOOOT   NULLLLLLLLLLLLLLLLL
STATEMENT:  SELECT * FROM raw_r_tuples;
LOG:  first, head->next->bufid = 10
STATEMENT:  SELECT * FROM raw_r_tuples;
LOG:  size of list: 15
STATEMENT:  SELECT * FROM raw_r_tuples;
LOG:  size of A1: -37
STATEMENT:  SELECT * FROM raw_r_tuples;
LOG:  A1 replace
STATEMENT:  SELECT * FROM raw_r_tuples;
LOG:  GRADING: EVICT  3
STATEMENT:  SELECT * FROM raw_r_tuples;
LOG:  POLICY_2Q
STATEMENT:  SELECT * FROM raw_r_tuples;
LOG:  first, head->next->bufid = 21
STATEMENT:  SELECT * FROM raw_r_tuples;
LOG:  First IF TAILLLLLLLLLLLLLLLLLLLLLLLL
STATEMENT:  SELECT * FROM raw_r_tuples;
LOG:  NNOOOOOOT   NULLLLLLLLLLLLLLLLL
STATEMENT:  SELECT * FROM raw_r_tuples;
LOG:  first, head->next->bufid = 21
STATEMENT:  SELECT * FROM raw_r_tuples;
LOG:  size of list: 15
STATEMENT:  SELECT * FROM raw_r_tuples;
LOG:  size of A1: -37
STATEMENT:  SELECT * FROM raw_r_tuples;
LOG:  A1 replace
STATEMENT:  SELECT * FROM raw_r_tuples;
LOG:  GRADING: EVICT 28
STATEMENT:  SELECT * FROM raw_r_tuples;
LOG:  POLICY_2Q
STATEMENT:  SELECT * FROM raw_r_tuples;
LOG:  first, head->next->bufid = 14
STATEMENT:  SELECT * FROM raw_r_tuples;
LOG:  First IF TAILLLLLLLLLLLLLLLLLLLLLLLL
STATEMENT:  SELECT * FROM raw_r_tuples;
LOG:  NNOOOOOOT   NULLLLLLLLLLLLLLLLL
STATEMENT:  SELECT * FROM raw_r_tuples;
LOG:  first, head->next->bufid = 14
STATEMENT:  SELECT * FROM raw_r_tuples;
LOG:  size of list: 15
STATEMENT:  SELECT * FROM raw_r_tuples;
LOG:  size of A1: -37
STATEMENT:  SELECT * FROM raw_r_tuples;
LOG:  A1 replace
STATEMENT:  SELECT * FROM raw_r_tuples;
LOG:  GRADING: EVICT  2
STATEMENT:  SELECT * FROM raw_r_tuples;
LOG:  POLICY_2Q
STATEMENT:  SELECT * FROM raw_r_tuples;
LOG:  first, head->next->bufid = 3
STATEMENT:  SELECT * FROM raw_r_tuples;
LOG:  First IF TAILLLLLLLLLLLLLLLLLLLLLLLL
STATEMENT:  SELECT * FROM raw_r_tuples;
LOG:  NNOOOOOOT   NULLLLLLLLLLLLLLLLL
STATEMENT:  SELECT * FROM raw_r_tuples;
LOG:  first, head->next->bufid = 3
STATEMENT:  SELECT * FROM raw_r_tuples;
LOG:  size of list: 15
STATEMENT:  SELECT * FROM raw_r_tuples;
LOG:  size of A1: -37
STATEMENT:  SELECT * FROM raw_r_tuples;
LOG:  A1 replace
STATEMENT:  SELECT * FROM raw_r_tuples;
LOG:  GRADING: EVICT  1
STATEMENT:  SELECT * FROM raw_r_tuples;
LOG:  POLICY_2Q
STATEMENT:  SELECT * FROM raw_r_tuples;
LOG:  first, head->next->bufid = 28
STATEMENT:  SELECT * FROM raw_r_tuples;
LOG:  First IF TAILLLLLLLLLLLLLLLLLLLLLLLL
STATEMENT:  SELECT * FROM raw_r_tuples;
LOG:  NNOOOOOOT   NULLLLLLLLLLLLLLLLL
STATEMENT:  SELECT * FROM raw_r_tuples;
LOG:  first, head->next->bufid = 28
STATEMENT:  SELECT * FROM raw_r_tuples;
LOG:  size of list: 15
STATEMENT:  SELECT * FROM raw_r_tuples;
LOG:  size of A1: -37
STATEMENT:  SELECT * FROM raw_r_tuples;
LOG:  A1 replace
STATEMENT:  SELECT * FROM raw_r_tuples;
LOG:  GRADING: EVICT 25
STATEMENT:  SELECT * FROM raw_r_tuples;
LOG:  POLICY_2Q
STATEMENT:  SELECT * FROM raw_r_tuples;
LOG:  first, head->next->bufid = 2
STATEMENT:  SELECT * FROM raw_r_tuples;
LOG:  First IF TAILLLLLLLLLLLLLLLLLLLLLLLL
STATEMENT:  SELECT * FROM raw_r_tuples;
LOG:  NNOOOOOOT   NULLLLLLLLLLLLLLLLL
STATEMENT:  SELECT * FROM raw_r_tuples;
LOG:  first, head->next->bufid = 2
STATEMENT:  SELECT * FROM raw_r_tuples;
LOG:  size of list: 15
STATEMENT:  SELECT * FROM raw_r_tuples;
LOG:  size of A1: -37
STATEMENT:  SELECT * FROM raw_r_tuples;
LOG:  A1 replace
STATEMENT:  SELECT * FROM raw_r_tuples;
LOG:  GRADING: EVICT 15
STATEMENT:  SELECT * FROM raw_r_tuples;
LOG:  POLICY_2Q
STATEMENT:  SELECT * FROM raw_r_tuples;
LOG:  first, head->next->bufid = 1
STATEMENT:  SELECT * FROM raw_r_tuples;
LOG:  First IF TAILLLLLLLLLLLLLLLLLLLLLLLL
STATEMENT:  SELECT * FROM raw_r_tuples;
LOG:  NNOOOOOOT   NULLLLLLLLLLLLLLLLL
STATEMENT:  SELECT * FROM raw_r_tuples;
LOG:  first, head->next->bufid = 1
STATEMENT:  SELECT * FROM raw_r_tuples;
LOG:  size of list: 15
STATEMENT:  SELECT * FROM raw_r_tuples;
LOG:  size of A1: -37
STATEMENT:  SELECT * FROM raw_r_tuples;
LOG:  A1 replace
STATEMENT:  SELECT * FROM raw_r_tuples;
LOG:  GRADING: EVICT 11
STATEMENT:  SELECT * FROM raw_r_tuples;
LOG:  POLICY_2Q
STATEMENT:  SELECT * FROM raw_r_tuples;
LOG:  first, head->next->bufid = 25
STATEMENT:  SELECT * FROM raw_r_tuples;
LOG:  First IF TAILLLLLLLLLLLLLLLLLLLLLLLL
STATEMENT:  SELECT * FROM raw_r_tuples;
LOG:  NNOOOOOOT   NULLLLLLLLLLLLLLLLL
STATEMENT:  SELECT * FROM raw_r_tuples;
LOG:  first, head->next->bufid = 25
STATEMENT:  SELECT * FROM raw_r_tuples;
LOG:  size of list: 15
STATEMENT:  SELECT * FROM raw_r_tuples;
LOG:  size of A1: -37
STATEMENT:  SELECT * FROM raw_r_tuples;
LOG:  A1 replace
STATEMENT:  SELECT * FROM raw_r_tuples;
LOG:  GRADING: EVICT 27
STATEMENT:  SELECT * FROM raw_r_tuples;
LOG:  POLICY_2Q
STATEMENT:  SELECT * FROM raw_r_tuples;
LOG:  first, head->next->bufid = 15
STATEMENT:  SELECT * FROM raw_r_tuples;
LOG:  First IF TAILLLLLLLLLLLLLLLLLLLLLLLL
STATEMENT:  SELECT * FROM raw_r_tuples;
LOG:  NNOOOOOOT   NULLLLLLLLLLLLLLLLL
STATEMENT:  SELECT * FROM raw_r_tuples;
LOG:  first, head->next->bufid = 15
STATEMENT:  SELECT * FROM raw_r_tuples;
LOG:  size of list: 15
STATEMENT:  SELECT * FROM raw_r_tuples;
LOG:  size of A1: -37
STATEMENT:  SELECT * FROM raw_r_tuples;
LOG:  A1 replace
STATEMENT:  SELECT * FROM raw_r_tuples;
LOG:  GRADING: EVICT  8
STATEMENT:  SELECT * FROM raw_r_tuples;
LOG:  POLICY_2Q
STATEMENT:  SELECT * FROM raw_r_tuples;
LOG:  first, head->next->bufid = 11
STATEMENT:  SELECT * FROM raw_r_tuples;
LOG:  First IF TAILLLLLLLLLLLLLLLLLLLLLLLL
STATEMENT:  SELECT * FROM raw_r_tuples;
LOG:  NNOOOOOOT   NULLLLLLLLLLLLLLLLL
STATEMENT:  SELECT * FROM raw_r_tuples;
LOG:  first, head->next->bufid = 11
STATEMENT:  SELECT * FROM raw_r_tuples;
LOG:  size of list: 15
STATEMENT:  SELECT * FROM raw_r_tuples;
LOG:  size of A1: -37
STATEMENT:  SELECT * FROM raw_r_tuples;
LOG:  A1 replace
STATEMENT:  SELECT * FROM raw_r_tuples;
LOG:  GRADING: EVICT  5
STATEMENT:  SELECT * FROM raw_r_tuples;
LOG:  POLICY_2Q
STATEMENT:  SELECT * FROM raw_r_tuples;
LOG:  first, head->next->bufid = 27
STATEMENT:  SELECT * FROM raw_r_tuples;
LOG:  First IF TAILLLLLLLLLLLLLLLLLLLLLLLL
STATEMENT:  SELECT * FROM raw_r_tuples;
LOG:  NNOOOOOOT   NULLLLLLLLLLLLLLLLL
STATEMENT:  SELECT * FROM raw_r_tuples;
LOG:  first, head->next->bufid = 27
STATEMENT:  SELECT * FROM raw_r_tuples;
LOG:  size of list: 15
STATEMENT:  SELECT * FROM raw_r_tuples;
LOG:  size of A1: -37
STATEMENT:  SELECT * FROM raw_r_tuples;
LOG:  A1 replace
STATEMENT:  SELECT * FROM raw_r_tuples;
LOG:  GRADING: EVICT 29
STATEMENT:  SELECT * FROM raw_r_tuples;
LOG:  POLICY_2Q
STATEMENT:  SELECT * FROM raw_r_tuples;
LOG:  first, head->next->bufid = 8
STATEMENT:  SELECT * FROM raw_r_tuples;
LOG:  First IF TAILLLLLLLLLLLLLLLLLLLLLLLL
STATEMENT:  SELECT * FROM raw_r_tuples;
LOG:  NNOOOOOOT   NULLLLLLLLLLLLLLLLL
STATEMENT:  SELECT * FROM raw_r_tuples;
LOG:  first, head->next->bufid = 8
STATEMENT:  SELECT * FROM raw_r_tuples;
LOG:  size of list: 15
STATEMENT:  SELECT * FROM raw_r_tuples;
LOG:  size of A1: -37
STATEMENT:  SELECT * FROM raw_r_tuples;
LOG:  A1 replace
STATEMENT:  SELECT * FROM raw_r_tuples;
LOG:  GRADING: EVICT 18
STATEMENT:  SELECT * FROM raw_r_tuples;
LOG:  POLICY_2Q
STATEMENT:  SELECT * FROM raw_r_tuples;
LOG:  first, head->next->bufid = 5
STATEMENT:  SELECT * FROM raw_r_tuples;
LOG:  First IF TAILLLLLLLLLLLLLLLLLLLLLLLL
STATEMENT:  SELECT * FROM raw_r_tuples;
LOG:  NNOOOOOOT   NULLLLLLLLLLLLLLLLL
STATEMENT:  SELECT * FROM raw_r_tuples;
LOG:  first, head->next->bufid = 5
STATEMENT:  SELECT * FROM raw_r_tuples;
LOG:  size of list: 15
STATEMENT:  SELECT * FROM raw_r_tuples;
LOG:  size of A1: -37
STATEMENT:  SELECT * FROM raw_r_tuples;
LOG:  A1 replace
STATEMENT:  SELECT * FROM raw_r_tuples;
LOG:  GRADING: EVICT 23
STATEMENT:  SELECT * FROM raw_r_tuples;
LOG:  POLICY_2Q
STATEMENT:  SELECT * FROM raw_r_tuples;
LOG:  first, head->next->bufid = 29
STATEMENT:  SELECT * FROM raw_r_tuples;
LOG:  First IF TAILLLLLLLLLLLLLLLLLLLLLLLL
STATEMENT:  SELECT * FROM raw_r_tuples;
LOG:  NNOOOOOOT   NULLLLLLLLLLLLLLLLL
STATEMENT:  SELECT * FROM raw_r_tuples;
LOG:  first, head->next->bufid = 29
STATEMENT:  SELECT * FROM raw_r_tuples;
LOG:  size of list: 15
STATEMENT:  SELECT * FROM raw_r_tuples;
LOG:  size of A1: -37
STATEMENT:  SELECT * FROM raw_r_tuples;
LOG:  A1 replace
STATEMENT:  SELECT * FROM raw_r_tuples;
LOG:  GRADING: EVICT  6
STATEMENT:  SELECT * FROM raw_r_tuples;
LOG:  POLICY_2Q
STATEMENT:  SELECT * FROM raw_r_tuples;
LOG:  first, head->next->bufid = 18
STATEMENT:  SELECT * FROM raw_r_tuples;
LOG:  First IF TAILLLLLLLLLLLLLLLLLLLLLLLL
STATEMENT:  SELECT * FROM raw_r_tuples;
LOG:  NNOOOOOOT   NULLLLLLLLLLLLLLLLL
STATEMENT:  SELECT * FROM raw_r_tuples;
LOG:  first, head->next->bufid = 18
STATEMENT:  SELECT * FROM raw_r_tuples;
LOG:  size of list: 15
STATEMENT:  SELECT * FROM raw_r_tuples;
LOG:  size of A1: -37
STATEMENT:  SELECT * FROM raw_r_tuples;
LOG:  A1 replace
STATEMENT:  SELECT * FROM raw_r_tuples;
LOG:  GRADING: EVICT 10
STATEMENT:  SELECT * FROM raw_r_tuples;
LOG:  POLICY_2Q
STATEMENT:  SELECT * FROM raw_r_tuples;
LOG:  first, head->next->bufid = 23
STATEMENT:  SELECT * FROM raw_r_tuples;
LOG:  First IF TAILLLLLLLLLLLLLLLLLLLLLLLL
STATEMENT:  SELECT * FROM raw_r_tuples;
LOG:  NNOOOOOOT   NULLLLLLLLLLLLLLLLL
STATEMENT:  SELECT * FROM raw_r_tuples;
LOG:  first, head->next->bufid = 23
STATEMENT:  SELECT * FROM raw_r_tuples;
LOG:  size of list: 15
STATEMENT:  SELECT * FROM raw_r_tuples;
LOG:  size of A1: -37
STATEMENT:  SELECT * FROM raw_r_tuples;
LOG:  A1 replace
STATEMENT:  SELECT * FROM raw_r_tuples;
LOG:  GRADING: EVICT 21
STATEMENT:  SELECT * FROM raw_r_tuples;
LOG:  POLICY_2Q
STATEMENT:  SELECT * FROM raw_r_tuples;
LOG:  first, head->next->bufid = 6
STATEMENT:  SELECT * FROM raw_r_tuples;
LOG:  First IF TAILLLLLLLLLLLLLLLLLLLLLLLL
STATEMENT:  SELECT * FROM raw_r_tuples;
LOG:  NNOOOOOOT   NULLLLLLLLLLLLLLLLL
STATEMENT:  SELECT * FROM raw_r_tuples;
LOG:  first, head->next->bufid = 6
STATEMENT:  SELECT * FROM raw_r_tuples;
LOG:  size of list: 15
STATEMENT:  SELECT * FROM raw_r_tuples;
LOG:  size of A1: -37
STATEMENT:  SELECT * FROM raw_r_tuples;
LOG:  A1 replace
STATEMENT:  SELECT * FROM raw_r_tuples;
LOG:  GRADING: EVICT 14
STATEMENT:  SELECT * FROM raw_r_tuples;
LOG:  POLICY_2Q
STATEMENT:  SELECT * FROM raw_r_tuples;
LOG:  first, head->next->bufid = 10
STATEMENT:  SELECT * FROM raw_r_tuples;
LOG:  First IF TAILLLLLLLLLLLLLLLLLLLLLLLL
STATEMENT:  SELECT * FROM raw_r_tuples;
LOG:  NNOOOOOOT   NULLLLLLLLLLLLLLLLL
STATEMENT:  SELECT * FROM raw_r_tuples;
LOG:  first, head->next->bufid = 10
STATEMENT:  SELECT * FROM raw_r_tuples;
LOG:  size of list: 15
STATEMENT:  SELECT * FROM raw_r_tuples;
LOG:  size of A1: -37
STATEMENT:  SELECT * FROM raw_r_tuples;
LOG:  A1 replace
STATEMENT:  SELECT * FROM raw_r_tuples;
LOG:  GRADING: EVICT  3
STATEMENT:  SELECT * FROM raw_r_tuples;
LOG:  EXECUTOR STATISTICS
DETAIL:  ! system usage stats:
	!	0.039193 elapsed 0.004000 user 0.016001 system sec
	!	[0.012000 user 0.052003 sys total]
	!	0/32 [0/256] filesystem blocks in/out
	!	0/18 [0/761] page faults/reclaims, 0 [0] swaps
	!	0 [0] signals rcvd, 0/0 [0/0] messages rcvd/sent
	!	0/26 [1/35] voluntary/involuntary context switches
	! buffer usage stats:
	!	Shared blocks:         27 read,          0 written, buffer hit rate = 0.00%
	!	Local  blocks:          0 read,          0 written, buffer hit rate = 0.00%
	!	Direct blocks:          0 read,          0 written
STATEMENT:  SELECT * FROM raw_r_tuples;
LOG:  POLICY_2Q
STATEMENT:  SELECT * FROM raw_r_tuples;
LOG:  first, head->next->bufid = 14
STATEMENT:  SELECT * FROM raw_r_tuples;
LOG:  First IF TAILLLLLLLLLLLLLLLLLLLLLLLL
STATEMENT:  SELECT * FROM raw_r_tuples;
LOG:  NNOOOOOOT   NULLLLLLLLLLLLLLLLL
STATEMENT:  SELECT * FROM raw_r_tuples;
LOG:  first, head->next->bufid = 14
STATEMENT:  SELECT * FROM raw_r_tuples;
LOG:  size of list: 16
STATEMENT:  SELECT * FROM raw_r_tuples;
LOG:  size of A1: -36
STATEMENT:  SELECT * FROM raw_r_tuples;
LOG:  A1 replace
STATEMENT:  SELECT * FROM raw_r_tuples;
LOG:  GRADING: EVICT 28
STATEMENT:  SELECT * FROM raw_r_tuples;
LOG:  POLICY_2Q
STATEMENT:  SELECT * FROM raw_r_tuples;
LOG:  first, head->next->bufid = 14
STATEMENT:  SELECT * FROM raw_r_tuples;
LOG:  First IF TAILLLLLLLLLLLLLLLLLLLLLLLL
STATEMENT:  SELECT * FROM raw_r_tuples;
LOG:  NNOOOOOOT   NULLLLLLLLLLLLLLLLL
STATEMENT:  SELECT * FROM raw_r_tuples;
LOG:  first, head->next->bufid = 14
STATEMENT:  SELECT * FROM raw_r_tuples;
LOG:  size of list: 15
STATEMENT:  SELECT * FROM raw_r_tuples;
LOG:  size of A1: -37
STATEMENT:  SELECT * FROM raw_r_tuples;
LOG:  A1 replace
STATEMENT:  SELECT * FROM raw_r_tuples;
LOG:  GRADING: EVICT  2
STATEMENT:  SELECT * FROM raw_r_tuples;
LOG:  POLICY_2Q
STATEMENT:  SELECT * FROM raw_r_tuples;
LOG:  first, head->next->bufid = 3
STATEMENT:  SELECT * FROM raw_r_tuples;
LOG:  First IF TAILLLLLLLLLLLLLLLLLLLLLLLL
STATEMENT:  SELECT * FROM raw_r_tuples;
LOG:  NNOOOOOOT   NULLLLLLLLLLLLLLLLL
STATEMENT:  SELECT * FROM raw_r_tuples;
LOG:  first, head->next->bufid = 3
STATEMENT:  SELECT * FROM raw_r_tuples;
LOG:  size of list: 15
STATEMENT:  SELECT * FROM raw_r_tuples;
LOG:  size of A1: -37
STATEMENT:  SELECT * FROM raw_r_tuples;
LOG:  A1 replace
STATEMENT:  SELECT * FROM raw_r_tuples;
LOG:  GRADING: EVICT  1
STATEMENT:  SELECT * FROM raw_r_tuples;
LOG:  POLICY_2Q
STATEMENT:  SELECT * FROM raw_r_tuples;
LOG:  first, head->next->bufid = 28
STATEMENT:  SELECT * FROM raw_r_tuples;
LOG:  First IF TAILLLLLLLLLLLLLLLLLLLLLLLL
STATEMENT:  SELECT * FROM raw_r_tuples;
LOG:  NNOOOOOOT   NULLLLLLLLLLLLLLLLL
STATEMENT:  SELECT * FROM raw_r_tuples;
LOG:  first, head->next->bufid = 28
STATEMENT:  SELECT * FROM raw_r_tuples;
LOG:  size of list: 15
STATEMENT:  SELECT * FROM raw_r_tuples;
LOG:  size of A1: -37
STATEMENT:  SELECT * FROM raw_r_tuples;
LOG:  A1 replace
STATEMENT:  SELECT * FROM raw_r_tuples;
LOG:  GRADING: EVICT 25
STATEMENT:  SELECT * FROM raw_r_tuples;
LOG:  POLICY_2Q
STATEMENT:  SELECT * FROM raw_r_tuples;
LOG:  first, head->next->bufid = 2
STATEMENT:  SELECT * FROM raw_r_tuples;
LOG:  First IF TAILLLLLLLLLLLLLLLLLLLLLLLL
STATEMENT:  SELECT * FROM raw_r_tuples;
LOG:  NNOOOOOOT   NULLLLLLLLLLLLLLLLL
STATEMENT:  SELECT * FROM raw_r_tuples;
LOG:  first, head->next->bufid = 2
STATEMENT:  SELECT * FROM raw_r_tuples;
LOG:  size of list: 15
STATEMENT:  SELECT * FROM raw_r_tuples;
LOG:  size of A1: -37
STATEMENT:  SELECT * FROM raw_r_tuples;
LOG:  A1 replace
STATEMENT:  SELECT * FROM raw_r_tuples;
LOG:  GRADING: EVICT 15
STATEMENT:  SELECT * FROM raw_r_tuples;
LOG:  POLICY_2Q
STATEMENT:  SELECT * FROM raw_r_tuples;
LOG:  first, head->next->bufid = 1
STATEMENT:  SELECT * FROM raw_r_tuples;
LOG:  First IF TAILLLLLLLLLLLLLLLLLLLLLLLL
STATEMENT:  SELECT * FROM raw_r_tuples;
LOG:  NNOOOOOOT   NULLLLLLLLLLLLLLLLL
STATEMENT:  SELECT * FROM raw_r_tuples;
LOG:  first, head->next->bufid = 1
STATEMENT:  SELECT * FROM raw_r_tuples;
LOG:  size of list: 15
STATEMENT:  SELECT * FROM raw_r_tuples;
LOG:  size of A1: -37
STATEMENT:  SELECT * FROM raw_r_tuples;
LOG:  A1 replace
STATEMENT:  SELECT * FROM raw_r_tuples;
LOG:  GRADING: EVICT 11
STATEMENT:  SELECT * FROM raw_r_tuples;
LOG:  POLICY_2Q
STATEMENT:  SELECT * FROM raw_r_tuples;
LOG:  first, head->next->bufid = 25
STATEMENT:  SELECT * FROM raw_r_tuples;
LOG:  First IF TAILLLLLLLLLLLLLLLLLLLLLLLL
STATEMENT:  SELECT * FROM raw_r_tuples;
LOG:  NNOOOOOOT   NULLLLLLLLLLLLLLLLL
STATEMENT:  SELECT * FROM raw_r_tuples;
LOG:  first, head->next->bufid = 25
STATEMENT:  SELECT * FROM raw_r_tuples;
LOG:  size of list: 15
STATEMENT:  SELECT * FROM raw_r_tuples;
LOG:  size of A1: -37
STATEMENT:  SELECT * FROM raw_r_tuples;
LOG:  A1 replace
STATEMENT:  SELECT * FROM raw_r_tuples;
LOG:  GRADING: EVICT 27
STATEMENT:  SELECT * FROM raw_r_tuples;
LOG:  POLICY_2Q
STATEMENT:  SELECT * FROM raw_r_tuples;
LOG:  first, head->next->bufid = 15
STATEMENT:  SELECT * FROM raw_r_tuples;
LOG:  First IF TAILLLLLLLLLLLLLLLLLLLLLLLL
STATEMENT:  SELECT * FROM raw_r_tuples;
LOG:  NNOOOOOOT   NULLLLLLLLLLLLLLLLL
STATEMENT:  SELECT * FROM raw_r_tuples;
LOG:  first, head->next->bufid = 15
STATEMENT:  SELECT * FROM raw_r_tuples;
LOG:  size of list: 15
STATEMENT:  SELECT * FROM raw_r_tuples;
LOG:  size of A1: -37
STATEMENT:  SELECT * FROM raw_r_tuples;
LOG:  A1 replace
STATEMENT:  SELECT * FROM raw_r_tuples;
LOG:  GRADING: EVICT  8
STATEMENT:  SELECT * FROM raw_r_tuples;
LOG:  POLICY_2Q
STATEMENT:  SELECT * FROM raw_r_tuples;
LOG:  first, head->next->bufid = 11
STATEMENT:  SELECT * FROM raw_r_tuples;
LOG:  First IF TAILLLLLLLLLLLLLLLLLLLLLLLL
STATEMENT:  SELECT * FROM raw_r_tuples;
LOG:  NNOOOOOOT   NULLLLLLLLLLLLLLLLL
STATEMENT:  SELECT * FROM raw_r_tuples;
LOG:  first, head->next->bufid = 11
STATEMENT:  SELECT * FROM raw_r_tuples;
LOG:  size of list: 15
STATEMENT:  SELECT * FROM raw_r_tuples;
LOG:  size of A1: -37
STATEMENT:  SELECT * FROM raw_r_tuples;
LOG:  A1 replace
STATEMENT:  SELECT * FROM raw_r_tuples;
LOG:  GRADING: EVICT  5
STATEMENT:  SELECT * FROM raw_r_tuples;
LOG:  POLICY_2Q
STATEMENT:  SELECT * FROM raw_r_tuples;
LOG:  first, head->next->bufid = 27
STATEMENT:  SELECT * FROM raw_r_tuples;
LOG:  First IF TAILLLLLLLLLLLLLLLLLLLLLLLL
STATEMENT:  SELECT * FROM raw_r_tuples;
LOG:  NNOOOOOOT   NULLLLLLLLLLLLLLLLL
STATEMENT:  SELECT * FROM raw_r_tuples;
LOG:  first, head->next->bufid = 27
STATEMENT:  SELECT * FROM raw_r_tuples;
LOG:  size of list: 15
STATEMENT:  SELECT * FROM raw_r_tuples;
LOG:  size of A1: -37
STATEMENT:  SELECT * FROM raw_r_tuples;
LOG:  A1 replace
STATEMENT:  SELECT * FROM raw_r_tuples;
LOG:  GRADING: EVICT 29
STATEMENT:  SELECT * FROM raw_r_tuples;
LOG:  POLICY_2Q
STATEMENT:  SELECT * FROM raw_r_tuples;
LOG:  first, head->next->bufid = 8
STATEMENT:  SELECT * FROM raw_r_tuples;
LOG:  First IF TAILLLLLLLLLLLLLLLLLLLLLLLL
STATEMENT:  SELECT * FROM raw_r_tuples;
LOG:  NNOOOOOOT   NULLLLLLLLLLLLLLLLL
STATEMENT:  SELECT * FROM raw_r_tuples;
LOG:  first, head->next->bufid = 8
STATEMENT:  SELECT * FROM raw_r_tuples;
LOG:  size of list: 15
STATEMENT:  SELECT * FROM raw_r_tuples;
LOG:  size of A1: -37
STATEMENT:  SELECT * FROM raw_r_tuples;
LOG:  A1 replace
STATEMENT:  SELECT * FROM raw_r_tuples;
LOG:  GRADING: EVICT 18
STATEMENT:  SELECT * FROM raw_r_tuples;
LOG:  POLICY_2Q
STATEMENT:  SELECT * FROM raw_r_tuples;
LOG:  first, head->next->bufid = 5
STATEMENT:  SELECT * FROM raw_r_tuples;
LOG:  First IF TAILLLLLLLLLLLLLLLLLLLLLLLL
STATEMENT:  SELECT * FROM raw_r_tuples;
LOG:  NNOOOOOOT   NULLLLLLLLLLLLLLLLL
STATEMENT:  SELECT * FROM raw_r_tuples;
LOG:  first, head->next->bufid = 5
STATEMENT:  SELECT * FROM raw_r_tuples;
LOG:  size of list: 15
STATEMENT:  SELECT * FROM raw_r_tuples;
LOG:  size of A1: -37
STATEMENT:  SELECT * FROM raw_r_tuples;
LOG:  A1 replace
STATEMENT:  SELECT * FROM raw_r_tuples;
LOG:  GRADING: EVICT 23
STATEMENT:  SELECT * FROM raw_r_tuples;
LOG:  POLICY_2Q
STATEMENT:  SELECT * FROM raw_r_tuples;
LOG:  first, head->next->bufid = 29
STATEMENT:  SELECT * FROM raw_r_tuples;
LOG:  First IF TAILLLLLLLLLLLLLLLLLLLLLLLL
STATEMENT:  SELECT * FROM raw_r_tuples;
LOG:  NNOOOOOOT   NULLLLLLLLLLLLLLLLL
STATEMENT:  SELECT * FROM raw_r_tuples;
LOG:  first, head->next->bufid = 29
STATEMENT:  SELECT * FROM raw_r_tuples;
LOG:  size of list: 15
STATEMENT:  SELECT * FROM raw_r_tuples;
LOG:  size of A1: -37
STATEMENT:  SELECT * FROM raw_r_tuples;
LOG:  A1 replace
STATEMENT:  SELECT * FROM raw_r_tuples;
LOG:  GRADING: EVICT  6
STATEMENT:  SELECT * FROM raw_r_tuples;
LOG:  POLICY_2Q
STATEMENT:  SELECT * FROM raw_r_tuples;
LOG:  first, head->next->bufid = 18
STATEMENT:  SELECT * FROM raw_r_tuples;
LOG:  First IF TAILLLLLLLLLLLLLLLLLLLLLLLL
STATEMENT:  SELECT * FROM raw_r_tuples;
LOG:  NNOOOOOOT   NULLLLLLLLLLLLLLLLL
STATEMENT:  SELECT * FROM raw_r_tuples;
LOG:  first, head->next->bufid = 18
STATEMENT:  SELECT * FROM raw_r_tuples;
LOG:  size of list: 15
STATEMENT:  SELECT * FROM raw_r_tuples;
LOG:  size of A1: -37
STATEMENT:  SELECT * FROM raw_r_tuples;
LOG:  A1 replace
STATEMENT:  SELECT * FROM raw_r_tuples;
LOG:  GRADING: EVICT 10
STATEMENT:  SELECT * FROM raw_r_tuples;
LOG:  POLICY_2Q
STATEMENT:  SELECT * FROM raw_r_tuples;
LOG:  first, head->next->bufid = 23
STATEMENT:  SELECT * FROM raw_r_tuples;
LOG:  First IF TAILLLLLLLLLLLLLLLLLLLLLLLL
STATEMENT:  SELECT * FROM raw_r_tuples;
LOG:  NNOOOOOOT   NULLLLLLLLLLLLLLLLL
STATEMENT:  SELECT * FROM raw_r_tuples;
LOG:  first, head->next->bufid = 23
STATEMENT:  SELECT * FROM raw_r_tuples;
LOG:  size of list: 15
STATEMENT:  SELECT * FROM raw_r_tuples;
LOG:  size of A1: -37
STATEMENT:  SELECT * FROM raw_r_tuples;
LOG:  A1 replace
STATEMENT:  SELECT * FROM raw_r_tuples;
LOG:  GRADING: EVICT 21
STATEMENT:  SELECT * FROM raw_r_tuples;
LOG:  POLICY_2Q
STATEMENT:  SELECT * FROM raw_r_tuples;
LOG:  first, head->next->bufid = 6
STATEMENT:  SELECT * FROM raw_r_tuples;
LOG:  First IF TAILLLLLLLLLLLLLLLLLLLLLLLL
STATEMENT:  SELECT * FROM raw_r_tuples;
LOG:  NNOOOOOOT   NULLLLLLLLLLLLLLLLL
STATEMENT:  SELECT * FROM raw_r_tuples;
LOG:  first, head->next->bufid = 6
STATEMENT:  SELECT * FROM raw_r_tuples;
LOG:  size of list: 15
STATEMENT:  SELECT * FROM raw_r_tuples;
LOG:  size of A1: -37
STATEMENT:  SELECT * FROM raw_r_tuples;
LOG:  A1 replace
STATEMENT:  SELECT * FROM raw_r_tuples;
LOG:  GRADING: EVICT 14
STATEMENT:  SELECT * FROM raw_r_tuples;
LOG:  POLICY_2Q
STATEMENT:  SELECT * FROM raw_r_tuples;
LOG:  first, head->next->bufid = 10
STATEMENT:  SELECT * FROM raw_r_tuples;
LOG:  First IF TAILLLLLLLLLLLLLLLLLLLLLLLL
STATEMENT:  SELECT * FROM raw_r_tuples;
LOG:  NNOOOOOOT   NULLLLLLLLLLLLLLLLL
STATEMENT:  SELECT * FROM raw_r_tuples;
LOG:  first, head->next->bufid = 10
STATEMENT:  SELECT * FROM raw_r_tuples;
LOG:  size of list: 15
STATEMENT:  SELECT * FROM raw_r_tuples;
LOG:  size of A1: -37
STATEMENT:  SELECT * FROM raw_r_tuples;
LOG:  A1 replace
STATEMENT:  SELECT * FROM raw_r_tuples;
LOG:  GRADING: EVICT  3
STATEMENT:  SELECT * FROM raw_r_tuples;
LOG:  POLICY_2Q
STATEMENT:  SELECT * FROM raw_r_tuples;
LOG:  first, head->next->bufid = 21
STATEMENT:  SELECT * FROM raw_r_tuples;
LOG:  First IF TAILLLLLLLLLLLLLLLLLLLLLLLL
STATEMENT:  SELECT * FROM raw_r_tuples;
LOG:  NNOOOOOOT   NULLLLLLLLLLLLLLLLL
STATEMENT:  SELECT * FROM raw_r_tuples;
LOG:  first, head->next->bufid = 21
STATEMENT:  SELECT * FROM raw_r_tuples;
LOG:  size of list: 15
STATEMENT:  SELECT * FROM raw_r_tuples;
LOG:  size of A1: -37
STATEMENT:  SELECT * FROM raw_r_tuples;
LOG:  A1 replace
STATEMENT:  SELECT * FROM raw_r_tuples;
LOG:  GRADING: EVICT 28
STATEMENT:  SELECT * FROM raw_r_tuples;
LOG:  POLICY_2Q
STATEMENT:  SELECT * FROM raw_r_tuples;
LOG:  first, head->next->bufid = 14
STATEMENT:  SELECT * FROM raw_r_tuples;
LOG:  First IF TAILLLLLLLLLLLLLLLLLLLLLLLL
STATEMENT:  SELECT * FROM raw_r_tuples;
LOG:  NNOOOOOOT   NULLLLLLLLLLLLLLLLL
STATEMENT:  SELECT * FROM raw_r_tuples;
LOG:  first, head->next->bufid = 14
STATEMENT:  SELECT * FROM raw_r_tuples;
LOG:  size of list: 15
STATEMENT:  SELECT * FROM raw_r_tuples;
LOG:  size of A1: -37
STATEMENT:  SELECT * FROM raw_r_tuples;
LOG:  A1 replace
STATEMENT:  SELECT * FROM raw_r_tuples;
LOG:  GRADING: EVICT  2
STATEMENT:  SELECT * FROM raw_r_tuples;
LOG:  POLICY_2Q
STATEMENT:  SELECT * FROM raw_r_tuples;
LOG:  first, head->next->bufid = 3
STATEMENT:  SELECT * FROM raw_r_tuples;
LOG:  First IF TAILLLLLLLLLLLLLLLLLLLLLLLL
STATEMENT:  SELECT * FROM raw_r_tuples;
LOG:  NNOOOOOOT   NULLLLLLLLLLLLLLLLL
STATEMENT:  SELECT * FROM raw_r_tuples;
LOG:  first, head->next->bufid = 3
STATEMENT:  SELECT * FROM raw_r_tuples;
LOG:  size of list: 15
STATEMENT:  SELECT * FROM raw_r_tuples;
LOG:  size of A1: -37
STATEMENT:  SELECT * FROM raw_r_tuples;
LOG:  A1 replace
STATEMENT:  SELECT * FROM raw_r_tuples;
LOG:  GRADING: EVICT  1
STATEMENT:  SELECT * FROM raw_r_tuples;
LOG:  POLICY_2Q
STATEMENT:  SELECT * FROM raw_r_tuples;
LOG:  first, head->next->bufid = 28
STATEMENT:  SELECT * FROM raw_r_tuples;
LOG:  First IF TAILLLLLLLLLLLLLLLLLLLLLLLL
STATEMENT:  SELECT * FROM raw_r_tuples;
LOG:  NNOOOOOOT   NULLLLLLLLLLLLLLLLL
STATEMENT:  SELECT * FROM raw_r_tuples;
LOG:  first, head->next->bufid = 28
STATEMENT:  SELECT * FROM raw_r_tuples;
LOG:  size of list: 15
STATEMENT:  SELECT * FROM raw_r_tuples;
LOG:  size of A1: -37
STATEMENT:  SELECT * FROM raw_r_tuples;
LOG:  A1 replace
STATEMENT:  SELECT * FROM raw_r_tuples;
LOG:  GRADING: EVICT 25
STATEMENT:  SELECT * FROM raw_r_tuples;
LOG:  POLICY_2Q
STATEMENT:  SELECT * FROM raw_r_tuples;
LOG:  first, head->next->bufid = 2
STATEMENT:  SELECT * FROM raw_r_tuples;
LOG:  First IF TAILLLLLLLLLLLLLLLLLLLLLLLL
STATEMENT:  SELECT * FROM raw_r_tuples;
LOG:  NNOOOOOOT   NULLLLLLLLLLLLLLLLL
STATEMENT:  SELECT * FROM raw_r_tuples;
LOG:  first, head->next->bufid = 2
STATEMENT:  SELECT * FROM raw_r_tuples;
LOG:  size of list: 15
STATEMENT:  SELECT * FROM raw_r_tuples;
LOG:  size of A1: -37
STATEMENT:  SELECT * FROM raw_r_tuples;
LOG:  A1 replace
STATEMENT:  SELECT * FROM raw_r_tuples;
LOG:  GRADING: EVICT 15
STATEMENT:  SELECT * FROM raw_r_tuples;
LOG:  POLICY_2Q
STATEMENT:  SELECT * FROM raw_r_tuples;
LOG:  first, head->next->bufid = 1
STATEMENT:  SELECT * FROM raw_r_tuples;
LOG:  First IF TAILLLLLLLLLLLLLLLLLLLLLLLL
STATEMENT:  SELECT * FROM raw_r_tuples;
LOG:  NNOOOOOOT   NULLLLLLLLLLLLLLLLL
STATEMENT:  SELECT * FROM raw_r_tuples;
LOG:  first, head->next->bufid = 1
STATEMENT:  SELECT * FROM raw_r_tuples;
LOG:  size of list: 15
STATEMENT:  SELECT * FROM raw_r_tuples;
LOG:  size of A1: -37
STATEMENT:  SELECT * FROM raw_r_tuples;
LOG:  A1 replace
STATEMENT:  SELECT * FROM raw_r_tuples;
LOG:  GRADING: EVICT 11
STATEMENT:  SELECT * FROM raw_r_tuples;
LOG:  POLICY_2Q
STATEMENT:  SELECT * FROM raw_r_tuples;
LOG:  first, head->next->bufid = 25
STATEMENT:  SELECT * FROM raw_r_tuples;
LOG:  First IF TAILLLLLLLLLLLLLLLLLLLLLLLL
STATEMENT:  SELECT * FROM raw_r_tuples;
LOG:  NNOOOOOOT   NULLLLLLLLLLLLLLLLL
STATEMENT:  SELECT * FROM raw_r_tuples;
LOG:  first, head->next->bufid = 25
STATEMENT:  SELECT * FROM raw_r_tuples;
LOG:  size of list: 15
STATEMENT:  SELECT * FROM raw_r_tuples;
LOG:  size of A1: -37
STATEMENT:  SELECT * FROM raw_r_tuples;
LOG:  A1 replace
STATEMENT:  SELECT * FROM raw_r_tuples;
LOG:  GRADING: EVICT 27
STATEMENT:  SELECT * FROM raw_r_tuples;
LOG:  POLICY_2Q
STATEMENT:  SELECT * FROM raw_r_tuples;
LOG:  first, head->next->bufid = 15
STATEMENT:  SELECT * FROM raw_r_tuples;
LOG:  First IF TAILLLLLLLLLLLLLLLLLLLLLLLL
STATEMENT:  SELECT * FROM raw_r_tuples;
LOG:  NNOOOOOOT   NULLLLLLLLLLLLLLLLL
STATEMENT:  SELECT * FROM raw_r_tuples;
LOG:  first, head->next->bufid = 15
STATEMENT:  SELECT * FROM raw_r_tuples;
LOG:  size of list: 15
STATEMENT:  SELECT * FROM raw_r_tuples;
LOG:  size of A1: -37
STATEMENT:  SELECT * FROM raw_r_tuples;
LOG:  A1 replace
STATEMENT:  SELECT * FROM raw_r_tuples;
LOG:  GRADING: EVICT  8
STATEMENT:  SELECT * FROM raw_r_tuples;
LOG:  POLICY_2Q
STATEMENT:  SELECT * FROM raw_r_tuples;
LOG:  first, head->next->bufid = 11
STATEMENT:  SELECT * FROM raw_r_tuples;
LOG:  First IF TAILLLLLLLLLLLLLLLLLLLLLLLL
STATEMENT:  SELECT * FROM raw_r_tuples;
LOG:  NNOOOOOOT   NULLLLLLLLLLLLLLLLL
STATEMENT:  SELECT * FROM raw_r_tuples;
LOG:  first, head->next->bufid = 11
STATEMENT:  SELECT * FROM raw_r_tuples;
LOG:  size of list: 15
STATEMENT:  SELECT * FROM raw_r_tuples;
LOG:  size of A1: -37
STATEMENT:  SELECT * FROM raw_r_tuples;
LOG:  A1 replace
STATEMENT:  SELECT * FROM raw_r_tuples;
LOG:  GRADING: EVICT  5
STATEMENT:  SELECT * FROM raw_r_tuples;
LOG:  POLICY_2Q
STATEMENT:  SELECT * FROM raw_r_tuples;
LOG:  first, head->next->bufid = 27
STATEMENT:  SELECT * FROM raw_r_tuples;
LOG:  First IF TAILLLLLLLLLLLLLLLLLLLLLLLL
STATEMENT:  SELECT * FROM raw_r_tuples;
LOG:  NNOOOOOOT   NULLLLLLLLLLLLLLLLL
STATEMENT:  SELECT * FROM raw_r_tuples;
LOG:  first, head->next->bufid = 27
STATEMENT:  SELECT * FROM raw_r_tuples;
LOG:  size of list: 15
STATEMENT:  SELECT * FROM raw_r_tuples;
LOG:  size of A1: -37
STATEMENT:  SELECT * FROM raw_r_tuples;
LOG:  A1 replace
STATEMENT:  SELECT * FROM raw_r_tuples;
LOG:  GRADING: EVICT 29
STATEMENT:  SELECT * FROM raw_r_tuples;
LOG:  EXECUTOR STATISTICS
DETAIL:  ! system usage stats:
	!	0.109009 elapsed 0.004001 user 0.028002 system sec
	!	[0.016001 user 0.080005 sys total]
	!	0/32 [0/288] filesystem blocks in/out
	!	0/0 [0/764] page faults/reclaims, 0 [0] swaps
	!	0 [0] signals rcvd, 0/0 [0/0] messages rcvd/sent
	!	0/269 [2/307] voluntary/involuntary context switches
	! buffer usage stats:
	!	Shared blocks:         27 read,          0 written, buffer hit rate = 0.00%
	!	Local  blocks:          0 read,          0 written, buffer hit rate = 0.00%
	!	Direct blocks:          0 read,          0 written
STATEMENT:  SELECT * FROM raw_r_tuples;
LOG:  POLICY_2Q
STATEMENT:  SELECT * FROM raw_r_tuples;
LOG:  first, head->next->bufid = 5
STATEMENT:  SELECT * FROM raw_r_tuples;
LOG:  First IF TAILLLLLLLLLLLLLLLLLLLLLLLL
STATEMENT:  SELECT * FROM raw_r_tuples;
LOG:  NNOOOOOOT   NULLLLLLLLLLLLLLLLL
STATEMENT:  SELECT * FROM raw_r_tuples;
LOG:  first, head->next->bufid = 5
STATEMENT:  SELECT * FROM raw_r_tuples;
LOG:  size of list: 16
STATEMENT:  SELECT * FROM raw_r_tuples;
LOG:  size of A1: -36
STATEMENT:  SELECT * FROM raw_r_tuples;
LOG:  A1 replace
STATEMENT:  SELECT * FROM raw_r_tuples;
LOG:  GRADING: EVICT 18
STATEMENT:  SELECT * FROM raw_r_tuples;
LOG:  POLICY_2Q
STATEMENT:  SELECT * FROM raw_r_tuples;
LOG:  first, head->next->bufid = 5
STATEMENT:  SELECT * FROM raw_r_tuples;
LOG:  First IF TAILLLLLLLLLLLLLLLLLLLLLLLL
STATEMENT:  SELECT * FROM raw_r_tuples;
LOG:  NNOOOOOOT   NULLLLLLLLLLLLLLLLL
STATEMENT:  SELECT * FROM raw_r_tuples;
LOG:  first, head->next->bufid = 5
STATEMENT:  SELECT * FROM raw_r_tuples;
LOG:  size of list: 15
STATEMENT:  SELECT * FROM raw_r_tuples;
LOG:  size of A1: -37
STATEMENT:  SELECT * FROM raw_r_tuples;
LOG:  A1 replace
STATEMENT:  SELECT * FROM raw_r_tuples;
LOG:  GRADING: EVICT 23
STATEMENT:  SELECT * FROM raw_r_tuples;
LOG:  POLICY_2Q
STATEMENT:  SELECT * FROM raw_r_tuples;
LOG:  first, head->next->bufid = 29
STATEMENT:  SELECT * FROM raw_r_tuples;
LOG:  First IF TAILLLLLLLLLLLLLLLLLLLLLLLL
STATEMENT:  SELECT * FROM raw_r_tuples;
LOG:  NNOOOOOOT   NULLLLLLLLLLLLLLLLL
STATEMENT:  SELECT * FROM raw_r_tuples;
LOG:  first, head->next->bufid = 29
STATEMENT:  SELECT * FROM raw_r_tuples;
LOG:  size of list: 15
STATEMENT:  SELECT * FROM raw_r_tuples;
LOG:  size of A1: -37
STATEMENT:  SELECT * FROM raw_r_tuples;
LOG:  A1 replace
STATEMENT:  SELECT * FROM raw_r_tuples;
LOG:  GRADING: EVICT  6
STATEMENT:  SELECT * FROM raw_r_tuples;
LOG:  POLICY_2Q
STATEMENT:  SELECT * FROM raw_r_tuples;
LOG:  first, head->next->bufid = 18
STATEMENT:  SELECT * FROM raw_r_tuples;
LOG:  First IF TAILLLLLLLLLLLLLLLLLLLLLLLL
STATEMENT:  SELECT * FROM raw_r_tuples;
LOG:  NNOOOOOOT   NULLLLLLLLLLLLLLLLL
STATEMENT:  SELECT * FROM raw_r_tuples;
LOG:  first, head->next->bufid = 18
STATEMENT:  SELECT * FROM raw_r_tuples;
LOG:  size of list: 15
STATEMENT:  SELECT * FROM raw_r_tuples;
LOG:  size of A1: -37
STATEMENT:  SELECT * FROM raw_r_tuples;
LOG:  A1 replace
STATEMENT:  SELECT * FROM raw_r_tuples;
LOG:  GRADING: EVICT 10
STATEMENT:  SELECT * FROM raw_r_tuples;
LOG:  POLICY_2Q
STATEMENT:  SELECT * FROM raw_r_tuples;
LOG:  first, head->next->bufid = 23
STATEMENT:  SELECT * FROM raw_r_tuples;
LOG:  First IF TAILLLLLLLLLLLLLLLLLLLLLLLL
STATEMENT:  SELECT * FROM raw_r_tuples;
LOG:  NNOOOOOOT   NULLLLLLLLLLLLLLLLL
STATEMENT:  SELECT * FROM raw_r_tuples;
LOG:  first, head->next->bufid = 23
STATEMENT:  SELECT * FROM raw_r_tuples;
LOG:  size of list: 15
STATEMENT:  SELECT * FROM raw_r_tuples;
LOG:  size of A1: -37
STATEMENT:  SELECT * FROM raw_r_tuples;
LOG:  A1 replace
STATEMENT:  SELECT * FROM raw_r_tuples;
LOG:  GRADING: EVICT 21
STATEMENT:  SELECT * FROM raw_r_tuples;
LOG:  POLICY_2Q
STATEMENT:  SELECT * FROM raw_r_tuples;
LOG:  first, head->next->bufid = 6
STATEMENT:  SELECT * FROM raw_r_tuples;
LOG:  First IF TAILLLLLLLLLLLLLLLLLLLLLLLL
STATEMENT:  SELECT * FROM raw_r_tuples;
LOG:  NNOOOOOOT   NULLLLLLLLLLLLLLLLL
STATEMENT:  SELECT * FROM raw_r_tuples;
LOG:  first, head->next->bufid = 6
STATEMENT:  SELECT * FROM raw_r_tuples;
LOG:  size of list: 15
STATEMENT:  SELECT * FROM raw_r_tuples;
LOG:  size of A1: -37
STATEMENT:  SELECT * FROM raw_r_tuples;
LOG:  A1 replace
STATEMENT:  SELECT * FROM raw_r_tuples;
LOG:  GRADING: EVICT 14
STATEMENT:  SELECT * FROM raw_r_tuples;
LOG:  POLICY_2Q
STATEMENT:  SELECT * FROM raw_r_tuples;
LOG:  first, head->next->bufid = 10
STATEMENT:  SELECT * FROM raw_r_tuples;
LOG:  First IF TAILLLLLLLLLLLLLLLLLLLLLLLL
STATEMENT:  SELECT * FROM raw_r_tuples;
LOG:  NNOOOOOOT   NULLLLLLLLLLLLLLLLL
STATEMENT:  SELECT * FROM raw_r_tuples;
LOG:  first, head->next->bufid = 10
STATEMENT:  SELECT * FROM raw_r_tuples;
LOG:  size of list: 15
STATEMENT:  SELECT * FROM raw_r_tuples;
LOG:  size of A1: -37
STATEMENT:  SELECT * FROM raw_r_tuples;
LOG:  A1 replace
STATEMENT:  SELECT * FROM raw_r_tuples;
LOG:  GRADING: EVICT  3
STATEMENT:  SELECT * FROM raw_r_tuples;
LOG:  POLICY_2Q
STATEMENT:  SELECT * FROM raw_r_tuples;
LOG:  first, head->next->bufid = 21
STATEMENT:  SELECT * FROM raw_r_tuples;
LOG:  First IF TAILLLLLLLLLLLLLLLLLLLLLLLL
STATEMENT:  SELECT * FROM raw_r_tuples;
LOG:  NNOOOOOOT   NULLLLLLLLLLLLLLLLL
STATEMENT:  SELECT * FROM raw_r_tuples;
LOG:  first, head->next->bufid = 21
STATEMENT:  SELECT * FROM raw_r_tuples;
LOG:  size of list: 15
STATEMENT:  SELECT * FROM raw_r_tuples;
LOG:  size of A1: -37
STATEMENT:  SELECT * FROM raw_r_tuples;
LOG:  A1 replace
STATEMENT:  SELECT * FROM raw_r_tuples;
LOG:  GRADING: EVICT 28
STATEMENT:  SELECT * FROM raw_r_tuples;
LOG:  POLICY_2Q
STATEMENT:  SELECT * FROM raw_r_tuples;
LOG:  first, head->next->bufid = 14
STATEMENT:  SELECT * FROM raw_r_tuples;
LOG:  First IF TAILLLLLLLLLLLLLLLLLLLLLLLL
STATEMENT:  SELECT * FROM raw_r_tuples;
LOG:  NNOOOOOOT   NULLLLLLLLLLLLLLLLL
STATEMENT:  SELECT * FROM raw_r_tuples;
LOG:  first, head->next->bufid = 14
STATEMENT:  SELECT * FROM raw_r_tuples;
LOG:  size of list: 15
STATEMENT:  SELECT * FROM raw_r_tuples;
LOG:  size of A1: -37
STATEMENT:  SELECT * FROM raw_r_tuples;
LOG:  A1 replace
STATEMENT:  SELECT * FROM raw_r_tuples;
LOG:  GRADING: EVICT  2
STATEMENT:  SELECT * FROM raw_r_tuples;
LOG:  POLICY_2Q
STATEMENT:  SELECT * FROM raw_r_tuples;
LOG:  first, head->next->bufid = 3
STATEMENT:  SELECT * FROM raw_r_tuples;
LOG:  First IF TAILLLLLLLLLLLLLLLLLLLLLLLL
STATEMENT:  SELECT * FROM raw_r_tuples;
LOG:  NNOOOOOOT   NULLLLLLLLLLLLLLLLL
STATEMENT:  SELECT * FROM raw_r_tuples;
LOG:  first, head->next->bufid = 3
STATEMENT:  SELECT * FROM raw_r_tuples;
LOG:  size of list: 15
STATEMENT:  SELECT * FROM raw_r_tuples;
LOG:  size of A1: -37
STATEMENT:  SELECT * FROM raw_r_tuples;
LOG:  A1 replace
STATEMENT:  SELECT * FROM raw_r_tuples;
LOG:  GRADING: EVICT  1
STATEMENT:  SELECT * FROM raw_r_tuples;
LOG:  POLICY_2Q
STATEMENT:  SELECT * FROM raw_r_tuples;
LOG:  first, head->next->bufid = 28
STATEMENT:  SELECT * FROM raw_r_tuples;
LOG:  First IF TAILLLLLLLLLLLLLLLLLLLLLLLL
STATEMENT:  SELECT * FROM raw_r_tuples;
LOG:  NNOOOOOOT   NULLLLLLLLLLLLLLLLL
STATEMENT:  SELECT * FROM raw_r_tuples;
LOG:  first, head->next->bufid = 28
STATEMENT:  SELECT * FROM raw_r_tuples;
LOG:  size of list: 15
STATEMENT:  SELECT * FROM raw_r_tuples;
LOG:  size of A1: -37
STATEMENT:  SELECT * FROM raw_r_tuples;
LOG:  A1 replace
STATEMENT:  SELECT * FROM raw_r_tuples;
LOG:  GRADING: EVICT 25
STATEMENT:  SELECT * FROM raw_r_tuples;
LOG:  POLICY_2Q
STATEMENT:  SELECT * FROM raw_r_tuples;
LOG:  first, head->next->bufid = 2
STATEMENT:  SELECT * FROM raw_r_tuples;
LOG:  First IF TAILLLLLLLLLLLLLLLLLLLLLLLL
STATEMENT:  SELECT * FROM raw_r_tuples;
LOG:  NNOOOOOOT   NULLLLLLLLLLLLLLLLL
STATEMENT:  SELECT * FROM raw_r_tuples;
LOG:  first, head->next->bufid = 2
STATEMENT:  SELECT * FROM raw_r_tuples;
LOG:  size of list: 15
STATEMENT:  SELECT * FROM raw_r_tuples;
LOG:  size of A1: -37
STATEMENT:  SELECT * FROM raw_r_tuples;
LOG:  A1 replace
STATEMENT:  SELECT * FROM raw_r_tuples;
LOG:  GRADING: EVICT 15
STATEMENT:  SELECT * FROM raw_r_tuples;
LOG:  POLICY_2Q
STATEMENT:  SELECT * FROM raw_r_tuples;
LOG:  first, head->next->bufid = 1
STATEMENT:  SELECT * FROM raw_r_tuples;
LOG:  First IF TAILLLLLLLLLLLLLLLLLLLLLLLL
STATEMENT:  SELECT * FROM raw_r_tuples;
LOG:  NNOOOOOOT   NULLLLLLLLLLLLLLLLL
STATEMENT:  SELECT * FROM raw_r_tuples;
LOG:  first, head->next->bufid = 1
STATEMENT:  SELECT * FROM raw_r_tuples;
LOG:  size of list: 15
STATEMENT:  SELECT * FROM raw_r_tuples;
LOG:  size of A1: -37
STATEMENT:  SELECT * FROM raw_r_tuples;
LOG:  A1 replace
STATEMENT:  SELECT * FROM raw_r_tuples;
LOG:  GRADING: EVICT 11
STATEMENT:  SELECT * FROM raw_r_tuples;
LOG:  POLICY_2Q
STATEMENT:  SELECT * FROM raw_r_tuples;
LOG:  first, head->next->bufid = 25
STATEMENT:  SELECT * FROM raw_r_tuples;
LOG:  First IF TAILLLLLLLLLLLLLLLLLLLLLLLL
STATEMENT:  SELECT * FROM raw_r_tuples;
LOG:  NNOOOOOOT   NULLLLLLLLLLLLLLLLL
STATEMENT:  SELECT * FROM raw_r_tuples;
LOG:  first, head->next->bufid = 25
STATEMENT:  SELECT * FROM raw_r_tuples;
LOG:  size of list: 15
STATEMENT:  SELECT * FROM raw_r_tuples;
LOG:  size of A1: -37
STATEMENT:  SELECT * FROM raw_r_tuples;
LOG:  A1 replace
STATEMENT:  SELECT * FROM raw_r_tuples;
LOG:  GRADING: EVICT 27
STATEMENT:  SELECT * FROM raw_r_tuples;
LOG:  POLICY_2Q
STATEMENT:  SELECT * FROM raw_r_tuples;
LOG:  first, head->next->bufid = 15
STATEMENT:  SELECT * FROM raw_r_tuples;
LOG:  First IF TAILLLLLLLLLLLLLLLLLLLLLLLL
STATEMENT:  SELECT * FROM raw_r_tuples;
LOG:  NNOOOOOOT   NULLLLLLLLLLLLLLLLL
STATEMENT:  SELECT * FROM raw_r_tuples;
LOG:  first, head->next->bufid = 15
STATEMENT:  SELECT * FROM raw_r_tuples;
LOG:  size of list: 15
STATEMENT:  SELECT * FROM raw_r_tuples;
LOG:  size of A1: -37
STATEMENT:  SELECT * FROM raw_r_tuples;
LOG:  A1 replace
STATEMENT:  SELECT * FROM raw_r_tuples;
LOG:  GRADING: EVICT  8
STATEMENT:  SELECT * FROM raw_r_tuples;
LOG:  POLICY_2Q
STATEMENT:  SELECT * FROM raw_r_tuples;
LOG:  first, head->next->bufid = 11
STATEMENT:  SELECT * FROM raw_r_tuples;
LOG:  First IF TAILLLLLLLLLLLLLLLLLLLLLLLL
STATEMENT:  SELECT * FROM raw_r_tuples;
LOG:  NNOOOOOOT   NULLLLLLLLLLLLLLLLL
STATEMENT:  SELECT * FROM raw_r_tuples;
LOG:  first, head->next->bufid = 11
STATEMENT:  SELECT * FROM raw_r_tuples;
LOG:  size of list: 15
STATEMENT:  SELECT * FROM raw_r_tuples;
LOG:  size of A1: -37
STATEMENT:  SELECT * FROM raw_r_tuples;
LOG:  A1 replace
STATEMENT:  SELECT * FROM raw_r_tuples;
LOG:  GRADING: EVICT  5
STATEMENT:  SELECT * FROM raw_r_tuples;
LOG:  POLICY_2Q
STATEMENT:  SELECT * FROM raw_r_tuples;
LOG:  first, head->next->bufid = 27
STATEMENT:  SELECT * FROM raw_r_tuples;
LOG:  First IF TAILLLLLLLLLLLLLLLLLLLLLLLL
STATEMENT:  SELECT * FROM raw_r_tuples;
LOG:  NNOOOOOOT   NULLLLLLLLLLLLLLLLL
STATEMENT:  SELECT * FROM raw_r_tuples;
LOG:  first, head->next->bufid = 27
STATEMENT:  SELECT * FROM raw_r_tuples;
LOG:  size of list: 15
STATEMENT:  SELECT * FROM raw_r_tuples;
LOG:  size of A1: -37
STATEMENT:  SELECT * FROM raw_r_tuples;
LOG:  A1 replace
STATEMENT:  SELECT * FROM raw_r_tuples;
LOG:  GRADING: EVICT 29
STATEMENT:  SELECT * FROM raw_r_tuples;
LOG:  POLICY_2Q
STATEMENT:  SELECT * FROM raw_r_tuples;
LOG:  first, head->next->bufid = 8
STATEMENT:  SELECT * FROM raw_r_tuples;
LOG:  First IF TAILLLLLLLLLLLLLLLLLLLLLLLL
STATEMENT:  SELECT * FROM raw_r_tuples;
LOG:  NNOOOOOOT   NULLLLLLLLLLLLLLLLL
STATEMENT:  SELECT * FROM raw_r_tuples;
LOG:  first, head->next->bufid = 8
STATEMENT:  SELECT * FROM raw_r_tuples;
LOG:  size of list: 15
STATEMENT:  SELECT * FROM raw_r_tuples;
LOG:  size of A1: -37
STATEMENT:  SELECT * FROM raw_r_tuples;
LOG:  A1 replace
STATEMENT:  SELECT * FROM raw_r_tuples;
LOG:  GRADING: EVICT 18
STATEMENT:  SELECT * FROM raw_r_tuples;
LOG:  POLICY_2Q
STATEMENT:  SELECT * FROM raw_r_tuples;
LOG:  first, head->next->bufid = 5
STATEMENT:  SELECT * FROM raw_r_tuples;
LOG:  First IF TAILLLLLLLLLLLLLLLLLLLLLLLL
STATEMENT:  SELECT * FROM raw_r_tuples;
LOG:  NNOOOOOOT   NULLLLLLLLLLLLLLLLL
STATEMENT:  SELECT * FROM raw_r_tuples;
LOG:  first, head->next->bufid = 5
STATEMENT:  SELECT * FROM raw_r_tuples;
LOG:  size of list: 15
STATEMENT:  SELECT * FROM raw_r_tuples;
LOG:  size of A1: -37
STATEMENT:  SELECT * FROM raw_r_tuples;
LOG:  A1 replace
STATEMENT:  SELECT * FROM raw_r_tuples;
LOG:  GRADING: EVICT 23
STATEMENT:  SELECT * FROM raw_r_tuples;
LOG:  POLICY_2Q
STATEMENT:  SELECT * FROM raw_r_tuples;
LOG:  first, head->next->bufid = 29
STATEMENT:  SELECT * FROM raw_r_tuples;
LOG:  First IF TAILLLLLLLLLLLLLLLLLLLLLLLL
STATEMENT:  SELECT * FROM raw_r_tuples;
LOG:  NNOOOOOOT   NULLLLLLLLLLLLLLLLL
STATEMENT:  SELECT * FROM raw_r_tuples;
LOG:  first, head->next->bufid = 29
STATEMENT:  SELECT * FROM raw_r_tuples;
LOG:  size of list: 15
STATEMENT:  SELECT * FROM raw_r_tuples;
LOG:  size of A1: -37
STATEMENT:  SELECT * FROM raw_r_tuples;
LOG:  A1 replace
STATEMENT:  SELECT * FROM raw_r_tuples;
LOG:  GRADING: EVICT  6
STATEMENT:  SELECT * FROM raw_r_tuples;
LOG:  POLICY_2Q
STATEMENT:  SELECT * FROM raw_r_tuples;
LOG:  first, head->next->bufid = 18
STATEMENT:  SELECT * FROM raw_r_tuples;
LOG:  First IF TAILLLLLLLLLLLLLLLLLLLLLLLL
STATEMENT:  SELECT * FROM raw_r_tuples;
LOG:  NNOOOOOOT   NULLLLLLLLLLLLLLLLL
STATEMENT:  SELECT * FROM raw_r_tuples;
LOG:  first, head->next->bufid = 18
STATEMENT:  SELECT * FROM raw_r_tuples;
LOG:  size of list: 15
STATEMENT:  SELECT * FROM raw_r_tuples;
LOG:  size of A1: -37
STATEMENT:  SELECT * FROM raw_r_tuples;
LOG:  A1 replace
STATEMENT:  SELECT * FROM raw_r_tuples;
LOG:  GRADING: EVICT 10
STATEMENT:  SELECT * FROM raw_r_tuples;
LOG:  POLICY_2Q
STATEMENT:  SELECT * FROM raw_r_tuples;
LOG:  first, head->next->bufid = 23
STATEMENT:  SELECT * FROM raw_r_tuples;
LOG:  First IF TAILLLLLLLLLLLLLLLLLLLLLLLL
STATEMENT:  SELECT * FROM raw_r_tuples;
LOG:  NNOOOOOOT   NULLLLLLLLLLLLLLLLL
STATEMENT:  SELECT * FROM raw_r_tuples;
LOG:  first, head->next->bufid = 23
STATEMENT:  SELECT * FROM raw_r_tuples;
LOG:  size of list: 15
STATEMENT:  SELECT * FROM raw_r_tuples;
LOG:  size of A1: -37
STATEMENT:  SELECT * FROM raw_r_tuples;
LOG:  A1 replace
STATEMENT:  SELECT * FROM raw_r_tuples;
LOG:  GRADING: EVICT 21
STATEMENT:  SELECT * FROM raw_r_tuples;
LOG:  POLICY_2Q
STATEMENT:  SELECT * FROM raw_r_tuples;
LOG:  first, head->next->bufid = 6
STATEMENT:  SELECT * FROM raw_r_tuples;
LOG:  First IF TAILLLLLLLLLLLLLLLLLLLLLLLL
STATEMENT:  SELECT * FROM raw_r_tuples;
LOG:  NNOOOOOOT   NULLLLLLLLLLLLLLLLL
STATEMENT:  SELECT * FROM raw_r_tuples;
LOG:  first, head->next->bufid = 6
STATEMENT:  SELECT * FROM raw_r_tuples;
LOG:  size of list: 15
STATEMENT:  SELECT * FROM raw_r_tuples;
LOG:  size of A1: -37
STATEMENT:  SELECT * FROM raw_r_tuples;
LOG:  A1 replace
STATEMENT:  SELECT * FROM raw_r_tuples;
LOG:  GRADING: EVICT 14
STATEMENT:  SELECT * FROM raw_r_tuples;
LOG:  POLICY_2Q
STATEMENT:  SELECT * FROM raw_r_tuples;
LOG:  first, head->next->bufid = 10
STATEMENT:  SELECT * FROM raw_r_tuples;
LOG:  First IF TAILLLLLLLLLLLLLLLLLLLLLLLL
STATEMENT:  SELECT * FROM raw_r_tuples;
LOG:  NNOOOOOOT   NULLLLLLLLLLLLLLLLL
STATEMENT:  SELECT * FROM raw_r_tuples;
LOG:  first, head->next->bufid = 10
STATEMENT:  SELECT * FROM raw_r_tuples;
LOG:  size of list: 15
STATEMENT:  SELECT * FROM raw_r_tuples;
LOG:  size of A1: -37
STATEMENT:  SELECT * FROM raw_r_tuples;
LOG:  A1 replace
STATEMENT:  SELECT * FROM raw_r_tuples;
LOG:  GRADING: EVICT  3
STATEMENT:  SELECT * FROM raw_r_tuples;
LOG:  POLICY_2Q
STATEMENT:  SELECT * FROM raw_r_tuples;
LOG:  first, head->next->bufid = 21
STATEMENT:  SELECT * FROM raw_r_tuples;
LOG:  First IF TAILLLLLLLLLLLLLLLLLLLLLLLL
STATEMENT:  SELECT * FROM raw_r_tuples;
LOG:  NNOOOOOOT   NULLLLLLLLLLLLLLLLL
STATEMENT:  SELECT * FROM raw_r_tuples;
LOG:  first, head->next->bufid = 21
STATEMENT:  SELECT * FROM raw_r_tuples;
LOG:  size of list: 15
STATEMENT:  SELECT * FROM raw_r_tuples;
LOG:  size of A1: -37
STATEMENT:  SELECT * FROM raw_r_tuples;
LOG:  A1 replace
STATEMENT:  SELECT * FROM raw_r_tuples;
LOG:  GRADING: EVICT 28
STATEMENT:  SELECT * FROM raw_r_tuples;
LOG:  POLICY_2Q
STATEMENT:  SELECT * FROM raw_r_tuples;
LOG:  first, head->next->bufid = 14
STATEMENT:  SELECT * FROM raw_r_tuples;
LOG:  First IF TAILLLLLLLLLLLLLLLLLLLLLLLL
STATEMENT:  SELECT * FROM raw_r_tuples;
LOG:  NNOOOOOOT   NULLLLLLLLLLLLLLLLL
STATEMENT:  SELECT * FROM raw_r_tuples;
LOG:  first, head->next->bufid = 14
STATEMENT:  SELECT * FROM raw_r_tuples;
LOG:  size of list: 15
STATEMENT:  SELECT * FROM raw_r_tuples;
LOG:  size of A1: -37
STATEMENT:  SELECT * FROM raw_r_tuples;
LOG:  A1 replace
STATEMENT:  SELECT * FROM raw_r_tuples;
LOG:  GRADING: EVICT  2
STATEMENT:  SELECT * FROM raw_r_tuples;
LOG:  POLICY_2Q
STATEMENT:  SELECT * FROM raw_r_tuples;
LOG:  first, head->next->bufid = 3
STATEMENT:  SELECT * FROM raw_r_tuples;
LOG:  First IF TAILLLLLLLLLLLLLLLLLLLLLLLL
STATEMENT:  SELECT * FROM raw_r_tuples;
LOG:  NNOOOOOOT   NULLLLLLLLLLLLLLLLL
STATEMENT:  SELECT * FROM raw_r_tuples;
LOG:  first, head->next->bufid = 3
STATEMENT:  SELECT * FROM raw_r_tuples;
LOG:  size of list: 15
STATEMENT:  SELECT * FROM raw_r_tuples;
LOG:  size of A1: -37
STATEMENT:  SELECT * FROM raw_r_tuples;
LOG:  A1 replace
STATEMENT:  SELECT * FROM raw_r_tuples;
LOG:  GRADING: EVICT  1
STATEMENT:  SELECT * FROM raw_r_tuples;
LOG:  EXECUTOR STATISTICS
DETAIL:  ! system usage stats:
	!	0.120036 elapsed 0.012000 user 0.020001 system sec
	!	[0.028001 user 0.100006 sys total]
	!	0/32 [0/320] filesystem blocks in/out
	!	0/0 [0/764] page faults/reclaims, 0 [0] swaps
	!	0 [0] signals rcvd, 0/0 [0/0] messages rcvd/sent
	!	0/269 [3/579] voluntary/involuntary context switches
	! buffer usage stats:
	!	Shared blocks:         27 read,          0 written, buffer hit rate = 0.00%
	!	Local  blocks:          0 read,          0 written, buffer hit rate = 0.00%
	!	Direct blocks:          0 read,          0 written
STATEMENT:  SELECT * FROM raw_r_tuples;
LOG:  received smart shutdown request
LOG:  shutting down
LOG:  database system is shut down
