FATAL:  lock file "postmaster.pid" already exists
HINT:  Is another postmaster (PID 17955) running in data directory "/home/ubuntu/pgsql/data"?
LOG:  using buffer replacement policy: 2q
LOG:  database system was shut down at 2012-10-24 16:12:52 PDT
LOG:  database system is ready to accept connections
LOG:  POLICY_2Q
STATEMENT:  SELECT * FROM raw_r_tuples;
LOG:  First IF TAILLLLLLLLLLLLLLLLLLLLLLLL
STATEMENT:  SELECT * FROM raw_r_tuples;
LOG:  NNOOOOOOT   NULLLLLLLLLLLLLLLLL
STATEMENT:  SELECT * FROM raw_r_tuples;
LOG:  AM replace
STATEMENT:  SELECT * FROM raw_r_tuples;
LOG:  GRADING: EVICT 19
STATEMENT:  SELECT * FROM raw_r_tuples;
LOG:  POLICY_2Q
STATEMENT:  SELECT * FROM raw_r_tuples;
LOG:  First IF TAILLLLLLLLLLLLLLLLLLLLLLLL
STATEMENT:  SELECT * FROM raw_r_tuples;
LOG:  NNOOOOOOT   NULLLLLLLLLLLLLLLLL
STATEMENT:  SELECT * FROM raw_r_tuples;
LOG:  AM replace
STATEMENT:  SELECT * FROM raw_r_tuples;
LOG:  GRADING: EVICT 25
STATEMENT:  SELECT * FROM raw_r_tuples;
LOG:  POLICY_2Q
STATEMENT:  SELECT * FROM raw_r_tuples;
LOG:  First IF TAILLLLLLLLLLLLLLLLLLLLLLLL
STATEMENT:  SELECT * FROM raw_r_tuples;
LOG:  NNOOOOOOT   NULLLLLLLLLLLLLLLLL
STATEMENT:  SELECT * FROM raw_r_tuples;
LOG:  AM replace
STATEMENT:  SELECT * FROM raw_r_tuples;
LOG:  GRADING: EVICT 26
STATEMENT:  SELECT * FROM raw_r_tuples;
LOG:  POLICY_2Q
STATEMENT:  SELECT * FROM raw_r_tuples;
LOG:  First IF TAILLLLLLLLLLLLLLLLLLLLLLLL
STATEMENT:  SELECT * FROM raw_r_tuples;
LOG:  NNOOOOOOT   NULLLLLLLLLLLLLLLLL
STATEMENT:  SELECT * FROM raw_r_tuples;
LOG:  AM replace
STATEMENT:  SELECT * FROM raw_r_tuples;
LOG:  GRADING: EVICT 28
STATEMENT:  SELECT * FROM raw_r_tuples;
LOG:  POLICY_2Q
STATEMENT:  SELECT * FROM raw_r_tuples;
LOG:  First IF TAILLLLLLLLLLLLLLLLLLLLLLLL
STATEMENT:  SELECT * FROM raw_r_tuples;
LOG:  NNOOOOOOT   NULLLLLLLLLLLLLLLLL
STATEMENT:  SELECT * FROM raw_r_tuples;
LOG:  AM replace
STATEMENT:  SELECT * FROM raw_r_tuples;
LOG:  GRADING: EVICT  4
STATEMENT:  SELECT * FROM raw_r_tuples;
LOG:  POLICY_2Q
STATEMENT:  SELECT * FROM raw_r_tuples;
LOG:  First IF TAILLLLLLLLLLLLLLLLLLLLLLLL
STATEMENT:  SELECT * FROM raw_r_tuples;
LOG:  NNOOOOOOT   NULLLLLLLLLLLLLLLLL
STATEMENT:  SELECT * FROM raw_r_tuples;
LOG:  AM replace
STATEMENT:  SELECT * FROM raw_r_tuples;
LOG:  GRADING: EVICT  5
STATEMENT:  SELECT * FROM raw_r_tuples;
LOG:  POLICY_2Q
STATEMENT:  SELECT * FROM raw_r_tuples;
LOG:  First IF TAILLLLLLLLLLLLLLLLLLLLLLLL
STATEMENT:  SELECT * FROM raw_r_tuples;
LOG:  NNOOOOOOT   NULLLLLLLLLLLLLLLLL
STATEMENT:  SELECT * FROM raw_r_tuples;
LOG:  AM replace
STATEMENT:  SELECT * FROM raw_r_tuples;
LOG:  GRADING: EVICT 15
STATEMENT:  SELECT * FROM raw_r_tuples;
LOG:  POLICY_2Q
STATEMENT:  SELECT * FROM raw_r_tuples;
LOG:  First IF TAILLLLLLLLLLLLLLLLLLLLLLLL
STATEMENT:  SELECT * FROM raw_r_tuples;
LOG:  NNOOOOOOT   NULLLLLLLLLLLLLLLLL
STATEMENT:  SELECT * FROM raw_r_tuples;
LOG:  AM replace
STATEMENT:  SELECT * FROM raw_r_tuples;
LOG:  GRADING: EVICT 16
STATEMENT:  SELECT * FROM raw_r_tuples;
LOG:  POLICY_2Q
STATEMENT:  SELECT * FROM raw_r_tuples;
LOG:  First IF TAILLLLLLLLLLLLLLLLLLLLLLLL
STATEMENT:  SELECT * FROM raw_r_tuples;
LOG:  NNOOOOOOT   NULLLLLLLLLLLLLLLLL
STATEMENT:  SELECT * FROM raw_r_tuples;
LOG:  AM replace
STATEMENT:  SELECT * FROM raw_r_tuples;
LOG:  GRADING: EVICT  6
STATEMENT:  SELECT * FROM raw_r_tuples;
LOG:  POLICY_2Q
STATEMENT:  SELECT * FROM raw_r_tuples;
LOG:  First IF TAILLLLLLLLLLLLLLLLLLLLLLLL
STATEMENT:  SELECT * FROM raw_r_tuples;
LOG:  NNOOOOOOT   NULLLLLLLLLLLLLLLLL
STATEMENT:  SELECT * FROM raw_r_tuples;
LOG:  AM replace
STATEMENT:  SELECT * FROM raw_r_tuples;
LOG:  GRADING: EVICT 12
STATEMENT:  SELECT * FROM raw_r_tuples;
LOG:  POLICY_2Q
STATEMENT:  SELECT * FROM raw_r_tuples;
LOG:  First IF TAILLLLLLLLLLLLLLLLLLLLLLLL
STATEMENT:  SELECT * FROM raw_r_tuples;
LOG:  NNOOOOOOT   NULLLLLLLLLLLLLLLLL
STATEMENT:  SELECT * FROM raw_r_tuples;
LOG:  AM replace
STATEMENT:  SELECT * FROM raw_r_tuples;
LOG:  GRADING: EVICT 48
STATEMENT:  SELECT * FROM raw_r_tuples;
LOG:  POLICY_2Q
STATEMENT:  SELECT * FROM raw_r_tuples;
LOG:  First IF TAILLLLLLLLLLLLLLLLLLLLLLLL
STATEMENT:  SELECT * FROM raw_r_tuples;
LOG:  NNOOOOOOT   NULLLLLLLLLLLLLLLLL
STATEMENT:  SELECT * FROM raw_r_tuples;
LOG:  AM replace
STATEMENT:  SELECT * FROM raw_r_tuples;
LOG:  GRADING: EVICT 49
STATEMENT:  SELECT * FROM raw_r_tuples;
LOG:  POLICY_2Q
STATEMENT:  SELECT * FROM raw_r_tuples;
LOG:  First IF TAILLLLLLLLLLLLLLLLLLLLLLLL
STATEMENT:  SELECT * FROM raw_r_tuples;
LOG:  NNOOOOOOT   NULLLLLLLLLLLLLLLLL
STATEMENT:  SELECT * FROM raw_r_tuples;
LOG:  AM replace
STATEMENT:  SELECT * FROM raw_r_tuples;
LOG:  GRADING: EVICT  8
STATEMENT:  SELECT * FROM raw_r_tuples;
LOG:  POLICY_2Q
STATEMENT:  SELECT * FROM raw_r_tuples;
LOG:  First IF TAILLLLLLLLLLLLLLLLLLLLLLLL
STATEMENT:  SELECT * FROM raw_r_tuples;
LOG:  NNOOOOOOT   NULLLLLLLLLLLLLLLLL
STATEMENT:  SELECT * FROM raw_r_tuples;
LOG:  AM replace
STATEMENT:  SELECT * FROM raw_r_tuples;
LOG:  GRADING: EVICT 11
STATEMENT:  SELECT * FROM raw_r_tuples;
LOG:  POLICY_2Q
STATEMENT:  SELECT * FROM raw_r_tuples;
LOG:  First IF TAILLLLLLLLLLLLLLLLLLLLLLLL
STATEMENT:  SELECT * FROM raw_r_tuples;
LOG:  NNOOOOOOT   NULLLLLLLLLLLLLLLLL
STATEMENT:  SELECT * FROM raw_r_tuples;
LOG:  AM replace
STATEMENT:  SELECT * FROM raw_r_tuples;
LOG:  GRADING: EVICT  7
STATEMENT:  SELECT * FROM raw_r_tuples;
LOG:  POLICY_2Q
STATEMENT:  SELECT * FROM raw_r_tuples;
LOG:  First IF TAILLLLLLLLLLLLLLLLLLLLLLLL
STATEMENT:  SELECT * FROM raw_r_tuples;
LOG:  NNOOOOOOT   NULLLLLLLLLLLLLLLLL
STATEMENT:  SELECT * FROM raw_r_tuples;
LOG:  AM replace
STATEMENT:  SELECT * FROM raw_r_tuples;
LOG:  GRADING: EVICT 23
STATEMENT:  SELECT * FROM raw_r_tuples;
LOG:  POLICY_2Q
STATEMENT:  SELECT * FROM raw_r_tuples;
LOG:  First IF TAILLLLLLLLLLLLLLLLLLLLLLLL
STATEMENT:  SELECT * FROM raw_r_tuples;
LOG:  NNOOOOOOT   NULLLLLLLLLLLLLLLLL
STATEMENT:  SELECT * FROM raw_r_tuples;
LOG:  AM replace
STATEMENT:  SELECT * FROM raw_r_tuples;
LOG:  GRADING: EVICT 32
STATEMENT:  SELECT * FROM raw_r_tuples;
LOG:  POLICY_2Q
STATEMENT:  SELECT * FROM raw_r_tuples;
LOG:  First IF TAILLLLLLLLLLLLLLLLLLLLLLLL
STATEMENT:  SELECT * FROM raw_r_tuples;
LOG:  NNOOOOOOT   NULLLLLLLLLLLLLLLLL
STATEMENT:  SELECT * FROM raw_r_tuples;
LOG:  AM replace
STATEMENT:  SELECT * FROM raw_r_tuples;
LOG:  GRADING: EVICT 34
STATEMENT:  SELECT * FROM raw_r_tuples;
LOG:  POLICY_2Q
STATEMENT:  SELECT * FROM raw_r_tuples;
LOG:  First IF TAILLLLLLLLLLLLLLLLLLLLLLLL
STATEMENT:  SELECT * FROM raw_r_tuples;
LOG:  NNOOOOOOT   NULLLLLLLLLLLLLLLLL
STATEMENT:  SELECT * FROM raw_r_tuples;
LOG:  AM replace
STATEMENT:  SELECT * FROM raw_r_tuples;
LOG:  GRADING: EVICT 35
STATEMENT:  SELECT * FROM raw_r_tuples;
LOG:  POLICY_2Q
STATEMENT:  SELECT * FROM raw_r_tuples;
LOG:  First IF TAILLLLLLLLLLLLLLLLLLLLLLLL
STATEMENT:  SELECT * FROM raw_r_tuples;
LOG:  NNOOOOOOT   NULLLLLLLLLLLLLLLLL
STATEMENT:  SELECT * FROM raw_r_tuples;
LOG:  AM replace
STATEMENT:  SELECT * FROM raw_r_tuples;
LOG:  GRADING: EVICT 24
STATEMENT:  SELECT * FROM raw_r_tuples;
LOG:  POLICY_2Q
STATEMENT:  SELECT * FROM raw_r_tuples;
LOG:  First IF TAILLLLLLLLLLLLLLLLLLLLLLLL
STATEMENT:  SELECT * FROM raw_r_tuples;
LOG:  NNOOOOOOT   NULLLLLLLLLLLLLLLLL
STATEMENT:  SELECT * FROM raw_r_tuples;
LOG:  AM replace
STATEMENT:  SELECT * FROM raw_r_tuples;
LOG:  GRADING: EVICT 37
STATEMENT:  SELECT * FROM raw_r_tuples;
LOG:  POLICY_2Q
STATEMENT:  SELECT * FROM raw_r_tuples;
LOG:  First IF TAILLLLLLLLLLLLLLLLLLLLLLLL
STATEMENT:  SELECT * FROM raw_r_tuples;
LOG:  NNOOOOOOT   NULLLLLLLLLLLLLLLLL
STATEMENT:  SELECT * FROM raw_r_tuples;
LOG:  AM replace
STATEMENT:  SELECT * FROM raw_r_tuples;
LOG:  GRADING: EVICT 27
STATEMENT:  SELECT * FROM raw_r_tuples;
LOG:  POLICY_2Q
STATEMENT:  SELECT * FROM raw_r_tuples;
LOG:  First IF TAILLLLLLLLLLLLLLLLLLLLLLLL
STATEMENT:  SELECT * FROM raw_r_tuples;
LOG:  NNOOOOOOT   NULLLLLLLLLLLLLLLLL
STATEMENT:  SELECT * FROM raw_r_tuples;
LOG:  AM replace
STATEMENT:  SELECT * FROM raw_r_tuples;
LOG:  GRADING: EVICT  3
STATEMENT:  SELECT * FROM raw_r_tuples;
LOG:  POLICY_2Q
STATEMENT:  SELECT * FROM raw_r_tuples;
LOG:  First IF TAILLLLLLLLLLLLLLLLLLLLLLLL
STATEMENT:  SELECT * FROM raw_r_tuples;
LOG:  NNOOOOOOT   NULLLLLLLLLLLLLLLLL
STATEMENT:  SELECT * FROM raw_r_tuples;
LOG:  AM replace
STATEMENT:  SELECT * FROM raw_r_tuples;
LOG:  GRADING: EVICT 17
STATEMENT:  SELECT * FROM raw_r_tuples;
LOG:  POLICY_2Q
STATEMENT:  SELECT * FROM raw_r_tuples;
LOG:  First IF TAILLLLLLLLLLLLLLLLLLLLLLLL
STATEMENT:  SELECT * FROM raw_r_tuples;
LOG:  NNOOOOOOT   NULLLLLLLLLLLLLLLLL
STATEMENT:  SELECT * FROM raw_r_tuples;
LOG:  AM replace
STATEMENT:  SELECT * FROM raw_r_tuples;
LOG:  GRADING: EVICT 21
STATEMENT:  SELECT * FROM raw_r_tuples;
LOG:  POLICY_2Q
STATEMENT:  SELECT * FROM raw_r_tuples;
LOG:  First IF TAILLLLLLLLLLLLLLLLLLLLLLLL
STATEMENT:  SELECT * FROM raw_r_tuples;
LOG:  NNOOOOOOT   NULLLLLLLLLLLLLLLLL
STATEMENT:  SELECT * FROM raw_r_tuples;
LOG:  AM replace
STATEMENT:  SELECT * FROM raw_r_tuples;
LOG:  GRADING: EVICT 10
STATEMENT:  SELECT * FROM raw_r_tuples;
LOG:  POLICY_2Q
STATEMENT:  SELECT * FROM raw_r_tuples;
LOG:  First IF TAILLLLLLLLLLLLLLLLLLLLLLLL
STATEMENT:  SELECT * FROM raw_r_tuples;
LOG:  NNOOOOOOT   NULLLLLLLLLLLLLLLLL
STATEMENT:  SELECT * FROM raw_r_tuples;
LOG:  AM replace
STATEMENT:  SELECT * FROM raw_r_tuples;
LOG:  GRADING: EVICT  2
STATEMENT:  SELECT * FROM raw_r_tuples;
LOG:  POLICY_2Q
STATEMENT:  SELECT * FROM raw_r_tuples;
LOG:  First IF TAILLLLLLLLLLLLLLLLLLLLLLLL
STATEMENT:  SELECT * FROM raw_r_tuples;
LOG:  NNOOOOOOT   NULLLLLLLLLLLLLLLLL
STATEMENT:  SELECT * FROM raw_r_tuples;
LOG:  AM replace
STATEMENT:  SELECT * FROM raw_r_tuples;
LOG:  GRADING: EVICT  9
STATEMENT:  SELECT * FROM raw_r_tuples;
LOG:  POLICY_2Q
STATEMENT:  SELECT * FROM raw_r_tuples;
LOG:  First IF TAILLLLLLLLLLLLLLLLLLLLLLLL
STATEMENT:  SELECT * FROM raw_r_tuples;
LOG:  NNOOOOOOT   NULLLLLLLLLLLLLLLLL
STATEMENT:  SELECT * FROM raw_r_tuples;
LOG:  AM replace
STATEMENT:  SELECT * FROM raw_r_tuples;
LOG:  GRADING: EVICT 13
STATEMENT:  SELECT * FROM raw_r_tuples;
LOG:  POLICY_2Q
STATEMENT:  SELECT * FROM raw_r_tuples;
LOG:  First IF TAILLLLLLLLLLLLLLLLLLLLLLLL
STATEMENT:  SELECT * FROM raw_r_tuples;
LOG:  NNOOOOOOT   NULLLLLLLLLLLLLLLLL
STATEMENT:  SELECT * FROM raw_r_tuples;
LOG:  AM replace
STATEMENT:  SELECT * FROM raw_r_tuples;
LOG:  GRADING: EVICT 50
STATEMENT:  SELECT * FROM raw_r_tuples;
LOG:  EXECUTOR STATISTICS
DETAIL:  ! system usage stats:
	!	0.102692 elapsed 0.012001 user 0.024001 system sec
	!	[0.032002 user 0.040002 sys total]
	!	0/16 [0/200] filesystem blocks in/out
	!	0/70 [0/892] page faults/reclaims, 0 [0] swaps
	!	0 [0] signals rcvd, 0/0 [0/0] messages rcvd/sent
	!	0/205 [1/217] voluntary/involuntary context switches
	! buffer usage stats:
	!	Shared blocks:         53 read,          0 written, buffer hit rate = 0.00%
	!	Local  blocks:          0 read,          0 written, buffer hit rate = 0.00%
	!	Direct blocks:          0 read,          0 written
STATEMENT:  SELECT * FROM raw_r_tuples;
LOG:  EXECUTOR STATISTICS
DETAIL:  ! system usage stats:
	!	0.059542 elapsed 0.012000 user 0.012001 system sec
	!	[0.044002 user 0.052003 sys total]
	!	0/0 [0/200] filesystem blocks in/out
	!	0/0 [0/896] page faults/reclaims, 0 [0] swaps
	!	0 [0] signals rcvd, 0/0 [0/0] messages rcvd/sent
	!	0/53 [2/274] voluntary/involuntary context switches
	! buffer usage stats:
	!	Shared blocks:          0 read,          0 written, buffer hit rate = 100.00%
	!	Local  blocks:          0 read,          0 written, buffer hit rate = 0.00%
	!	Direct blocks:          0 read,          0 written
STATEMENT:  SELECT * FROM raw_r_tuples;
LOG:  EXECUTOR STATISTICS
DETAIL:  ! system usage stats:
	!	0.060981 elapsed 0.012001 user 0.012001 system sec
	!	[0.056003 user 0.068004 sys total]
	!	0/0 [0/200] filesystem blocks in/out
	!	0/0 [0/896] page faults/reclaims, 0 [0] swaps
	!	0 [0] signals rcvd, 0/0 [0/0] messages rcvd/sent
	!	0/50 [3/328] voluntary/involuntary context switches
	! buffer usage stats:
	!	Shared blocks:          0 read,          0 written, buffer hit rate = 100.00%
	!	Local  blocks:          0 read,          0 written, buffer hit rate = 0.00%
	!	Direct blocks:          0 read,          0 written
STATEMENT:  SELECT * FROM raw_r_tuples;
LOG:  received smart shutdown request
LOG:  shutting down
LOG:  database system is shut down
FATAL:  lock file "postmaster.pid" already exists
HINT:  Is another postmaster (PID 20468) running in data directory "/home/ubuntu/pgsql/data"?
LOG:  using buffer replacement policy: 2q
LOG:  database system was shut down at 2012-10-24 16:59:44 PDT
LOG:  database system is ready to accept connections
LOG:  POLICY_2Q
STATEMENT:  SELECT * FROM raw_r_tuples;
LOG:  first, head->next->bufid = 93
STATEMENT:  SELECT * FROM raw_r_tuples;
LOG:  First IF TAILLLLLLLLLLLLLLLLLLLLLLLL
STATEMENT:  SELECT * FROM raw_r_tuples;
LOG:  NNOOOOOOT   NULLLLLLLLLLLLLLLLL
STATEMENT:  SELECT * FROM raw_r_tuples;
LOG:  AM replace
STATEMENT:  SELECT * FROM raw_r_tuples;
LOG:  GRADING: EVICT 19
STATEMENT:  SELECT * FROM raw_r_tuples;
LOG:  POLICY_2Q
STATEMENT:  SELECT * FROM raw_r_tuples;
LOG:  first, head->next->bufid = 94
STATEMENT:  SELECT * FROM raw_r_tuples;
LOG:  First IF TAILLLLLLLLLLLLLLLLLLLLLLLL
STATEMENT:  SELECT * FROM raw_r_tuples;
LOG:  NNOOOOOOT   NULLLLLLLLLLLLLLLLL
STATEMENT:  SELECT * FROM raw_r_tuples;
LOG:  AM replace
STATEMENT:  SELECT * FROM raw_r_tuples;
LOG:  GRADING: EVICT 25
STATEMENT:  SELECT * FROM raw_r_tuples;
LOG:  EXECUTOR STATISTICS
DETAIL:  ! system usage stats:
	!	0.044263 elapsed 0.008001 user 0.016001 system sec
	!	[0.020001 user 0.040002 sys total]
	!	0/8 [0/192] filesystem blocks in/out
	!	0/72 [0/888] page faults/reclaims, 0 [0] swaps
	!	0 [0] signals rcvd, 0/0 [0/0] messages rcvd/sent
	!	0/39 [1/47] voluntary/involuntary context switches
	! buffer usage stats:
	!	Shared blocks:         27 read,          0 written, buffer hit rate = 0.00%
	!	Local  blocks:          0 read,          0 written, buffer hit rate = 0.00%
	!	Direct blocks:          0 read,          0 written
STATEMENT:  SELECT * FROM raw_r_tuples;
LOG:  EXECUTOR STATISTICS
DETAIL:  ! system usage stats:
	!	0.021204 elapsed 0.004000 user 0.012001 system sec
	!	[0.024001 user 0.052003 sys total]
	!	0/0 [0/192] filesystem blocks in/out
	!	0/0 [0/894] page faults/reclaims, 0 [0] swaps
	!	0 [0] signals rcvd, 0/0 [0/0] messages rcvd/sent
	!	0/26 [2/77] voluntary/involuntary context switches
	! buffer usage stats:
	!	Shared blocks:          0 read,          0 written, buffer hit rate = 100.00%
	!	Local  blocks:          0 read,          0 written, buffer hit rate = 0.00%
	!	Direct blocks:          0 read,          0 written
STATEMENT:  SELECT * FROM raw_r_tuples;
LOG:  EXECUTOR STATISTICS
DETAIL:  ! system usage stats:
	!	0.020460 elapsed 0.004000 user 0.008000 system sec
	!	[0.028001 user 0.060003 sys total]
	!	0/0 [0/192] filesystem blocks in/out
	!	0/0 [0/894] page faults/reclaims, 0 [0] swaps
	!	0 [0] signals rcvd, 0/0 [0/0] messages rcvd/sent
	!	0/25 [3/105] voluntary/involuntary context switches
	! buffer usage stats:
	!	Shared blocks:          0 read,          0 written, buffer hit rate = 100.00%
	!	Local  blocks:          0 read,          0 written, buffer hit rate = 0.00%
	!	Direct blocks:          0 read,          0 written
STATEMENT:  SELECT * FROM raw_r_tuples;
LOG:  POLICY_2Q
STATEMENT:  SELECT * FROM raw_r_tuples r, raw_s_tuples s WHERE r.pkey = s.pkey;
LOG:  first, head->next->bufid = 67
STATEMENT:  SELECT * FROM raw_r_tuples r, raw_s_tuples s WHERE r.pkey = s.pkey;
LOG:  First IF TAILLLLLLLLLLLLLLLLLLLLLLLL
STATEMENT:  SELECT * FROM raw_r_tuples r, raw_s_tuples s WHERE r.pkey = s.pkey;
LOG:  NNOOOOOOT   NULLLLLLLLLLLLLLLLL
STATEMENT:  SELECT * FROM raw_r_tuples r, raw_s_tuples s WHERE r.pkey = s.pkey;
LOG:  AM replace
STATEMENT:  SELECT * FROM raw_r_tuples r, raw_s_tuples s WHERE r.pkey = s.pkey;
LOG:  GRADING: EVICT 26
STATEMENT:  SELECT * FROM raw_r_tuples r, raw_s_tuples s WHERE r.pkey = s.pkey;
LOG:  POLICY_2Q
STATEMENT:  SELECT * FROM raw_r_tuples r, raw_s_tuples s WHERE r.pkey = s.pkey;
LOG:  first, head->next->bufid = 69
STATEMENT:  SELECT * FROM raw_r_tuples r, raw_s_tuples s WHERE r.pkey = s.pkey;
LOG:  First IF TAILLLLLLLLLLLLLLLLLLLLLLLL
STATEMENT:  SELECT * FROM raw_r_tuples r, raw_s_tuples s WHERE r.pkey = s.pkey;
LOG:  NNOOOOOOT   NULLLLLLLLLLLLLLLLL
STATEMENT:  SELECT * FROM raw_r_tuples r, raw_s_tuples s WHERE r.pkey = s.pkey;
LOG:  AM replace
STATEMENT:  SELECT * FROM raw_r_tuples r, raw_s_tuples s WHERE r.pkey = s.pkey;
LOG:  GRADING: EVICT 28
STATEMENT:  SELECT * FROM raw_r_tuples r, raw_s_tuples s WHERE r.pkey = s.pkey;
LOG:  POLICY_2Q
STATEMENT:  SELECT * FROM raw_r_tuples r, raw_s_tuples s WHERE r.pkey = s.pkey;
LOG:  first, head->next->bufid = 26
STATEMENT:  SELECT * FROM raw_r_tuples r, raw_s_tuples s WHERE r.pkey = s.pkey;
LOG:  First IF TAILLLLLLLLLLLLLLLLLLLLLLLL
STATEMENT:  SELECT * FROM raw_r_tuples r, raw_s_tuples s WHERE r.pkey = s.pkey;
LOG:  NNOOOOOOT   NULLLLLLLLLLLLLLLLL
STATEMENT:  SELECT * FROM raw_r_tuples r, raw_s_tuples s WHERE r.pkey = s.pkey;
LOG:  AM replace
STATEMENT:  SELECT * FROM raw_r_tuples r, raw_s_tuples s WHERE r.pkey = s.pkey;
LOG:  GRADING: EVICT  4
STATEMENT:  SELECT * FROM raw_r_tuples r, raw_s_tuples s WHERE r.pkey = s.pkey;
LOG:  POLICY_2Q
STATEMENT:  SELECT * FROM raw_r_tuples r, raw_s_tuples s WHERE r.pkey = s.pkey;
LOG:  first, head->next->bufid = 26
STATEMENT:  SELECT * FROM raw_r_tuples r, raw_s_tuples s WHERE r.pkey = s.pkey;
LOG:  First IF TAILLLLLLLLLLLLLLLLLLLLLLLL
STATEMENT:  SELECT * FROM raw_r_tuples r, raw_s_tuples s WHERE r.pkey = s.pkey;
LOG:  NNOOOOOOT   NULLLLLLLLLLLLLLLLL
STATEMENT:  SELECT * FROM raw_r_tuples r, raw_s_tuples s WHERE r.pkey = s.pkey;
LOG:  AM replace
STATEMENT:  SELECT * FROM raw_r_tuples r, raw_s_tuples s WHERE r.pkey = s.pkey;
LOG:  GRADING: EVICT  5
STATEMENT:  SELECT * FROM raw_r_tuples r, raw_s_tuples s WHERE r.pkey = s.pkey;
LOG:  POLICY_2Q
STATEMENT:  SELECT * FROM raw_r_tuples r, raw_s_tuples s WHERE r.pkey = s.pkey;
LOG:  first, head->next->bufid = 4
STATEMENT:  SELECT * FROM raw_r_tuples r, raw_s_tuples s WHERE r.pkey = s.pkey;
LOG:  First IF TAILLLLLLLLLLLLLLLLLLLLLLLL
STATEMENT:  SELECT * FROM raw_r_tuples r, raw_s_tuples s WHERE r.pkey = s.pkey;
LOG:  NNOOOOOOT   NULLLLLLLLLLLLLLLLL
STATEMENT:  SELECT * FROM raw_r_tuples r, raw_s_tuples s WHERE r.pkey = s.pkey;
LOG:  AM replace
STATEMENT:  SELECT * FROM raw_r_tuples r, raw_s_tuples s WHERE r.pkey = s.pkey;
LOG:  GRADING: EVICT 15
STATEMENT:  SELECT * FROM raw_r_tuples r, raw_s_tuples s WHERE r.pkey = s.pkey;
LOG:  POLICY_2Q
STATEMENT:  SELECT * FROM raw_r_tuples r, raw_s_tuples s WHERE r.pkey = s.pkey;
LOG:  first, head->next->bufid = 5
STATEMENT:  SELECT * FROM raw_r_tuples r, raw_s_tuples s WHERE r.pkey = s.pkey;
LOG:  First IF TAILLLLLLLLLLLLLLLLLLLLLLLL
STATEMENT:  SELECT * FROM raw_r_tuples r, raw_s_tuples s WHERE r.pkey = s.pkey;
LOG:  NNOOOOOOT   NULLLLLLLLLLLLLLLLL
STATEMENT:  SELECT * FROM raw_r_tuples r, raw_s_tuples s WHERE r.pkey = s.pkey;
LOG:  AM replace
STATEMENT:  SELECT * FROM raw_r_tuples r, raw_s_tuples s WHERE r.pkey = s.pkey;
LOG:  GRADING: EVICT 16
STATEMENT:  SELECT * FROM raw_r_tuples r, raw_s_tuples s WHERE r.pkey = s.pkey;
LOG:  POLICY_2Q
STATEMENT:  SELECT * FROM raw_r_tuples r, raw_s_tuples s WHERE r.pkey = s.pkey;
LOG:  first, head->next->bufid = 15
STATEMENT:  SELECT * FROM raw_r_tuples r, raw_s_tuples s WHERE r.pkey = s.pkey;
LOG:  First IF TAILLLLLLLLLLLLLLLLLLLLLLLL
STATEMENT:  SELECT * FROM raw_r_tuples r, raw_s_tuples s WHERE r.pkey = s.pkey;
LOG:  NNOOOOOOT   NULLLLLLLLLLLLLLLLL
STATEMENT:  SELECT * FROM raw_r_tuples r, raw_s_tuples s WHERE r.pkey = s.pkey;
LOG:  AM replace
STATEMENT:  SELECT * FROM raw_r_tuples r, raw_s_tuples s WHERE r.pkey = s.pkey;
LOG:  GRADING: EVICT  6
STATEMENT:  SELECT * FROM raw_r_tuples r, raw_s_tuples s WHERE r.pkey = s.pkey;
LOG:  POLICY_2Q
STATEMENT:  SELECT * FROM raw_r_tuples r, raw_s_tuples s WHERE r.pkey = s.pkey;
LOG:  first, head->next->bufid = 16
STATEMENT:  SELECT * FROM raw_r_tuples r, raw_s_tuples s WHERE r.pkey = s.pkey;
LOG:  First IF TAILLLLLLLLLLLLLLLLLLLLLLLL
STATEMENT:  SELECT * FROM raw_r_tuples r, raw_s_tuples s WHERE r.pkey = s.pkey;
LOG:  NNOOOOOOT   NULLLLLLLLLLLLLLLLL
STATEMENT:  SELECT * FROM raw_r_tuples r, raw_s_tuples s WHERE r.pkey = s.pkey;
LOG:  AM replace
STATEMENT:  SELECT * FROM raw_r_tuples r, raw_s_tuples s WHERE r.pkey = s.pkey;
LOG:  GRADING: EVICT 12
STATEMENT:  SELECT * FROM raw_r_tuples r, raw_s_tuples s WHERE r.pkey = s.pkey;
LOG:  POLICY_2Q
STATEMENT:  SELECT * FROM raw_r_tuples r, raw_s_tuples s WHERE r.pkey = s.pkey;
LOG:  first, head->next->bufid = 6
STATEMENT:  SELECT * FROM raw_r_tuples r, raw_s_tuples s WHERE r.pkey = s.pkey;
LOG:  First IF TAILLLLLLLLLLLLLLLLLLLLLLLL
STATEMENT:  SELECT * FROM raw_r_tuples r, raw_s_tuples s WHERE r.pkey = s.pkey;
LOG:  NNOOOOOOT   NULLLLLLLLLLLLLLLLL
STATEMENT:  SELECT * FROM raw_r_tuples r, raw_s_tuples s WHERE r.pkey = s.pkey;
LOG:  AM replace
STATEMENT:  SELECT * FROM raw_r_tuples r, raw_s_tuples s WHERE r.pkey = s.pkey;
LOG:  GRADING: EVICT 48
STATEMENT:  SELECT * FROM raw_r_tuples r, raw_s_tuples s WHERE r.pkey = s.pkey;
LOG:  POLICY_2Q
STATEMENT:  SELECT * FROM raw_r_tuples r, raw_s_tuples s WHERE r.pkey = s.pkey;
LOG:  first, head->next->bufid = 12
STATEMENT:  SELECT * FROM raw_r_tuples r, raw_s_tuples s WHERE r.pkey = s.pkey;
LOG:  First IF TAILLLLLLLLLLLLLLLLLLLLLLLL
STATEMENT:  SELECT * FROM raw_r_tuples r, raw_s_tuples s WHERE r.pkey = s.pkey;
LOG:  NNOOOOOOT   NULLLLLLLLLLLLLLLLL
STATEMENT:  SELECT * FROM raw_r_tuples r, raw_s_tuples s WHERE r.pkey = s.pkey;
LOG:  AM replace
STATEMENT:  SELECT * FROM raw_r_tuples r, raw_s_tuples s WHERE r.pkey = s.pkey;
LOG:  GRADING: EVICT 49
STATEMENT:  SELECT * FROM raw_r_tuples r, raw_s_tuples s WHERE r.pkey = s.pkey;
LOG:  POLICY_2Q
STATEMENT:  SELECT * FROM raw_r_tuples r, raw_s_tuples s WHERE r.pkey = s.pkey;
LOG:  first, head->next->bufid = 12
STATEMENT:  SELECT * FROM raw_r_tuples r, raw_s_tuples s WHERE r.pkey = s.pkey;
LOG:  First IF TAILLLLLLLLLLLLLLLLLLLLLLLL
STATEMENT:  SELECT * FROM raw_r_tuples r, raw_s_tuples s WHERE r.pkey = s.pkey;
LOG:  NNOOOOOOT   NULLLLLLLLLLLLLLLLL
STATEMENT:  SELECT * FROM raw_r_tuples r, raw_s_tuples s WHERE r.pkey = s.pkey;
LOG:  AM replace
STATEMENT:  SELECT * FROM raw_r_tuples r, raw_s_tuples s WHERE r.pkey = s.pkey;
LOG:  GRADING: EVICT  8
STATEMENT:  SELECT * FROM raw_r_tuples r, raw_s_tuples s WHERE r.pkey = s.pkey;
LOG:  POLICY_2Q
STATEMENT:  SELECT * FROM raw_r_tuples r, raw_s_tuples s WHERE r.pkey = s.pkey;
LOG:  first, head->next->bufid = 8
STATEMENT:  SELECT * FROM raw_r_tuples r, raw_s_tuples s WHERE r.pkey = s.pkey;
LOG:  First IF TAILLLLLLLLLLLLLLLLLLLLLLLL
STATEMENT:  SELECT * FROM raw_r_tuples r, raw_s_tuples s WHERE r.pkey = s.pkey;
LOG:  NNOOOOOOT   NULLLLLLLLLLLLLLLLL
STATEMENT:  SELECT * FROM raw_r_tuples r, raw_s_tuples s WHERE r.pkey = s.pkey;
LOG:  AM replace
STATEMENT:  SELECT * FROM raw_r_tuples r, raw_s_tuples s WHERE r.pkey = s.pkey;
LOG:  GRADING: EVICT 11
STATEMENT:  SELECT * FROM raw_r_tuples r, raw_s_tuples s WHERE r.pkey = s.pkey;
LOG:  POLICY_2Q
STATEMENT:  SELECT * FROM raw_r_tuples r, raw_s_tuples s WHERE r.pkey = s.pkey;
LOG:  first, head->next->bufid = 49
STATEMENT:  SELECT * FROM raw_r_tuples r, raw_s_tuples s WHERE r.pkey = s.pkey;
LOG:  First IF TAILLLLLLLLLLLLLLLLLLLLLLLL
STATEMENT:  SELECT * FROM raw_r_tuples r, raw_s_tuples s WHERE r.pkey = s.pkey;
LOG:  NNOOOOOOT   NULLLLLLLLLLLLLLLLL
STATEMENT:  SELECT * FROM raw_r_tuples r, raw_s_tuples s WHERE r.pkey = s.pkey;
LOG:  AM replace
STATEMENT:  SELECT * FROM raw_r_tuples r, raw_s_tuples s WHERE r.pkey = s.pkey;
LOG:  GRADING: EVICT  7
STATEMENT:  SELECT * FROM raw_r_tuples r, raw_s_tuples s WHERE r.pkey = s.pkey;
LOG:  POLICY_2Q
STATEMENT:  SELECT * FROM raw_r_tuples r, raw_s_tuples s WHERE r.pkey = s.pkey;
LOG:  first, head->next->bufid = 49
STATEMENT:  SELECT * FROM raw_r_tuples r, raw_s_tuples s WHERE r.pkey = s.pkey;
LOG:  First IF TAILLLLLLLLLLLLLLLLLLLLLLLL
STATEMENT:  SELECT * FROM raw_r_tuples r, raw_s_tuples s WHERE r.pkey = s.pkey;
LOG:  NNOOOOOOT   NULLLLLLLLLLLLLLLLL
STATEMENT:  SELECT * FROM raw_r_tuples r, raw_s_tuples s WHERE r.pkey = s.pkey;
LOG:  AM replace
STATEMENT:  SELECT * FROM raw_r_tuples r, raw_s_tuples s WHERE r.pkey = s.pkey;
LOG:  GRADING: EVICT 23
STATEMENT:  SELECT * FROM raw_r_tuples r, raw_s_tuples s WHERE r.pkey = s.pkey;
LOG:  POLICY_2Q
STATEMENT:  SELECT * FROM raw_r_tuples r, raw_s_tuples s WHERE r.pkey = s.pkey;
LOG:  first, head->next->bufid = 7
STATEMENT:  SELECT * FROM raw_r_tuples r, raw_s_tuples s WHERE r.pkey = s.pkey;
LOG:  First IF TAILLLLLLLLLLLLLLLLLLLLLLLL
STATEMENT:  SELECT * FROM raw_r_tuples r, raw_s_tuples s WHERE r.pkey = s.pkey;
LOG:  NNOOOOOOT   NULLLLLLLLLLLLLLLLL
STATEMENT:  SELECT * FROM raw_r_tuples r, raw_s_tuples s WHERE r.pkey = s.pkey;
LOG:  AM replace
STATEMENT:  SELECT * FROM raw_r_tuples r, raw_s_tuples s WHERE r.pkey = s.pkey;
LOG:  GRADING: EVICT 32
STATEMENT:  SELECT * FROM raw_r_tuples r, raw_s_tuples s WHERE r.pkey = s.pkey;
LOG:  POLICY_2Q
STATEMENT:  SELECT * FROM raw_r_tuples r, raw_s_tuples s WHERE r.pkey = s.pkey;
LOG:  first, head->next->bufid = 7
STATEMENT:  SELECT * FROM raw_r_tuples r, raw_s_tuples s WHERE r.pkey = s.pkey;
LOG:  First IF TAILLLLLLLLLLLLLLLLLLLLLLLL
STATEMENT:  SELECT * FROM raw_r_tuples r, raw_s_tuples s WHERE r.pkey = s.pkey;
LOG:  NNOOOOOOT   NULLLLLLLLLLLLLLLLL
STATEMENT:  SELECT * FROM raw_r_tuples r, raw_s_tuples s WHERE r.pkey = s.pkey;
LOG:  AM replace
STATEMENT:  SELECT * FROM raw_r_tuples r, raw_s_tuples s WHERE r.pkey = s.pkey;
LOG:  GRADING: EVICT 37
STATEMENT:  SELECT * FROM raw_r_tuples r, raw_s_tuples s WHERE r.pkey = s.pkey;
LOG:  POLICY_2Q
STATEMENT:  SELECT * FROM raw_r_tuples r, raw_s_tuples s WHERE r.pkey = s.pkey;
LOG:  first, head->next->bufid = 23
STATEMENT:  SELECT * FROM raw_r_tuples r, raw_s_tuples s WHERE r.pkey = s.pkey;
LOG:  First IF TAILLLLLLLLLLLLLLLLLLLLLLLL
STATEMENT:  SELECT * FROM raw_r_tuples r, raw_s_tuples s WHERE r.pkey = s.pkey;
LOG:  NNOOOOOOT   NULLLLLLLLLLLLLLLLL
STATEMENT:  SELECT * FROM raw_r_tuples r, raw_s_tuples s WHERE r.pkey = s.pkey;
LOG:  AM replace
STATEMENT:  SELECT * FROM raw_r_tuples r, raw_s_tuples s WHERE r.pkey = s.pkey;
LOG:  GRADING: EVICT 27
STATEMENT:  SELECT * FROM raw_r_tuples r, raw_s_tuples s WHERE r.pkey = s.pkey;
LOG:  POLICY_2Q
STATEMENT:  SELECT * FROM raw_r_tuples r, raw_s_tuples s WHERE r.pkey = s.pkey;
LOG:  first, head->next->bufid = 32
STATEMENT:  SELECT * FROM raw_r_tuples r, raw_s_tuples s WHERE r.pkey = s.pkey;
LOG:  First IF TAILLLLLLLLLLLLLLLLLLLLLLLL
STATEMENT:  SELECT * FROM raw_r_tuples r, raw_s_tuples s WHERE r.pkey = s.pkey;
LOG:  NNOOOOOOT   NULLLLLLLLLLLLLLLLL
STATEMENT:  SELECT * FROM raw_r_tuples r, raw_s_tuples s WHERE r.pkey = s.pkey;
LOG:  AM replace
STATEMENT:  SELECT * FROM raw_r_tuples r, raw_s_tuples s WHERE r.pkey = s.pkey;
LOG:  GRADING: EVICT  3
STATEMENT:  SELECT * FROM raw_r_tuples r, raw_s_tuples s WHERE r.pkey = s.pkey;
LOG:  POLICY_2Q
STATEMENT:  SELECT * FROM raw_r_tuples r, raw_s_tuples s WHERE r.pkey = s.pkey;
LOG:  first, head->next->bufid = 37
STATEMENT:  SELECT * FROM raw_r_tuples r, raw_s_tuples s WHERE r.pkey = s.pkey;
LOG:  First IF TAILLLLLLLLLLLLLLLLLLLLLLLL
STATEMENT:  SELECT * FROM raw_r_tuples r, raw_s_tuples s WHERE r.pkey = s.pkey;
LOG:  NNOOOOOOT   NULLLLLLLLLLLLLLLLL
STATEMENT:  SELECT * FROM raw_r_tuples r, raw_s_tuples s WHERE r.pkey = s.pkey;
LOG:  AM replace
STATEMENT:  SELECT * FROM raw_r_tuples r, raw_s_tuples s WHERE r.pkey = s.pkey;
LOG:  GRADING: EVICT 17
STATEMENT:  SELECT * FROM raw_r_tuples r, raw_s_tuples s WHERE r.pkey = s.pkey;
LOG:  POLICY_2Q
STATEMENT:  SELECT * FROM raw_r_tuples r, raw_s_tuples s WHERE r.pkey = s.pkey;
LOG:  first, head->next->bufid = 27
STATEMENT:  SELECT * FROM raw_r_tuples r, raw_s_tuples s WHERE r.pkey = s.pkey;
LOG:  First IF TAILLLLLLLLLLLLLLLLLLLLLLLL
STATEMENT:  SELECT * FROM raw_r_tuples r, raw_s_tuples s WHERE r.pkey = s.pkey;
LOG:  NNOOOOOOT   NULLLLLLLLLLLLLLLLL
STATEMENT:  SELECT * FROM raw_r_tuples r, raw_s_tuples s WHERE r.pkey = s.pkey;
LOG:  AM replace
STATEMENT:  SELECT * FROM raw_r_tuples r, raw_s_tuples s WHERE r.pkey = s.pkey;
LOG:  GRADING: EVICT 21
STATEMENT:  SELECT * FROM raw_r_tuples r, raw_s_tuples s WHERE r.pkey = s.pkey;
LOG:  POLICY_2Q
STATEMENT:  SELECT * FROM raw_r_tuples r, raw_s_tuples s WHERE r.pkey = s.pkey;
LOG:  first, head->next->bufid = 3
STATEMENT:  SELECT * FROM raw_r_tuples r, raw_s_tuples s WHERE r.pkey = s.pkey;
LOG:  First IF TAILLLLLLLLLLLLLLLLLLLLLLLL
STATEMENT:  SELECT * FROM raw_r_tuples r, raw_s_tuples s WHERE r.pkey = s.pkey;
LOG:  NNOOOOOOT   NULLLLLLLLLLLLLLLLL
STATEMENT:  SELECT * FROM raw_r_tuples r, raw_s_tuples s WHERE r.pkey = s.pkey;
LOG:  AM replace
STATEMENT:  SELECT * FROM raw_r_tuples r, raw_s_tuples s WHERE r.pkey = s.pkey;
LOG:  GRADING: EVICT 10
STATEMENT:  SELECT * FROM raw_r_tuples r, raw_s_tuples s WHERE r.pkey = s.pkey;
LOG:  POLICY_2Q
STATEMENT:  SELECT * FROM raw_r_tuples r, raw_s_tuples s WHERE r.pkey = s.pkey;
LOG:  first, head->next->bufid = 17
STATEMENT:  SELECT * FROM raw_r_tuples r, raw_s_tuples s WHERE r.pkey = s.pkey;
LOG:  First IF TAILLLLLLLLLLLLLLLLLLLLLLLL
STATEMENT:  SELECT * FROM raw_r_tuples r, raw_s_tuples s WHERE r.pkey = s.pkey;
LOG:  NNOOOOOOT   NULLLLLLLLLLLLLLLLL
STATEMENT:  SELECT * FROM raw_r_tuples r, raw_s_tuples s WHERE r.pkey = s.pkey;
LOG:  AM replace
STATEMENT:  SELECT * FROM raw_r_tuples r, raw_s_tuples s WHERE r.pkey = s.pkey;
LOG:  GRADING: EVICT  2
STATEMENT:  SELECT * FROM raw_r_tuples r, raw_s_tuples s WHERE r.pkey = s.pkey;
LOG:  POLICY_2Q
STATEMENT:  SELECT * FROM raw_r_tuples r, raw_s_tuples s WHERE r.pkey = s.pkey;
LOG:  first, head->next->bufid = 21
STATEMENT:  SELECT * FROM raw_r_tuples r, raw_s_tuples s WHERE r.pkey = s.pkey;
LOG:  First IF TAILLLLLLLLLLLLLLLLLLLLLLLL
STATEMENT:  SELECT * FROM raw_r_tuples r, raw_s_tuples s WHERE r.pkey = s.pkey;
LOG:  NNOOOOOOT   NULLLLLLLLLLLLLLLLL
STATEMENT:  SELECT * FROM raw_r_tuples r, raw_s_tuples s WHERE r.pkey = s.pkey;
LOG:  AM replace
STATEMENT:  SELECT * FROM raw_r_tuples r, raw_s_tuples s WHERE r.pkey = s.pkey;
LOG:  GRADING: EVICT  9
STATEMENT:  SELECT * FROM raw_r_tuples r, raw_s_tuples s WHERE r.pkey = s.pkey;
LOG:  POLICY_2Q
STATEMENT:  SELECT * FROM raw_r_tuples r, raw_s_tuples s WHERE r.pkey = s.pkey;
LOG:  first, head->next->bufid = 10
STATEMENT:  SELECT * FROM raw_r_tuples r, raw_s_tuples s WHERE r.pkey = s.pkey;
LOG:  First IF TAILLLLLLLLLLLLLLLLLLLLLLLL
STATEMENT:  SELECT * FROM raw_r_tuples r, raw_s_tuples s WHERE r.pkey = s.pkey;
LOG:  NNOOOOOOT   NULLLLLLLLLLLLLLLLL
STATEMENT:  SELECT * FROM raw_r_tuples r, raw_s_tuples s WHERE r.pkey = s.pkey;
LOG:  AM replace
STATEMENT:  SELECT * FROM raw_r_tuples r, raw_s_tuples s WHERE r.pkey = s.pkey;
LOG:  GRADING: EVICT 13
STATEMENT:  SELECT * FROM raw_r_tuples r, raw_s_tuples s WHERE r.pkey = s.pkey;
LOG:  POLICY_2Q
STATEMENT:  SELECT * FROM raw_r_tuples r, raw_s_tuples s WHERE r.pkey = s.pkey;
LOG:  first, head->next->bufid = 2
STATEMENT:  SELECT * FROM raw_r_tuples r, raw_s_tuples s WHERE r.pkey = s.pkey;
LOG:  First IF TAILLLLLLLLLLLLLLLLLLLLLLLL
STATEMENT:  SELECT * FROM raw_r_tuples r, raw_s_tuples s WHERE r.pkey = s.pkey;
LOG:  NNOOOOOOT   NULLLLLLLLLLLLLLLLL
STATEMENT:  SELECT * FROM raw_r_tuples r, raw_s_tuples s WHERE r.pkey = s.pkey;
LOG:  AM replace
STATEMENT:  SELECT * FROM raw_r_tuples r, raw_s_tuples s WHERE r.pkey = s.pkey;
LOG:  GRADING: EVICT 50
STATEMENT:  SELECT * FROM raw_r_tuples r, raw_s_tuples s WHERE r.pkey = s.pkey;
LOG:  POLICY_2Q
STATEMENT:  SELECT * FROM raw_r_tuples r, raw_s_tuples s WHERE r.pkey = s.pkey;
LOG:  first, head->next->bufid = 9
STATEMENT:  SELECT * FROM raw_r_tuples r, raw_s_tuples s WHERE r.pkey = s.pkey;
LOG:  First IF TAILLLLLLLLLLLLLLLLLLLLLLLL
STATEMENT:  SELECT * FROM raw_r_tuples r, raw_s_tuples s WHERE r.pkey = s.pkey;
LOG:  NNOOOOOOT   NULLLLLLLLLLLLLLLLL
STATEMENT:  SELECT * FROM raw_r_tuples r, raw_s_tuples s WHERE r.pkey = s.pkey;
LOG:  AM replace
STATEMENT:  SELECT * FROM raw_r_tuples r, raw_s_tuples s WHERE r.pkey = s.pkey;
LOG:  GRADING: EVICT 43
STATEMENT:  SELECT * FROM raw_r_tuples r, raw_s_tuples s WHERE r.pkey = s.pkey;
LOG:  POLICY_2Q
STATEMENT:  SELECT * FROM raw_r_tuples r, raw_s_tuples s WHERE r.pkey = s.pkey;
LOG:  first, head->next->bufid = 13
STATEMENT:  SELECT * FROM raw_r_tuples r, raw_s_tuples s WHERE r.pkey = s.pkey;
LOG:  First IF TAILLLLLLLLLLLLLLLLLLLLLLLL
STATEMENT:  SELECT * FROM raw_r_tuples r, raw_s_tuples s WHERE r.pkey = s.pkey;
LOG:  NNOOOOOOT   NULLLLLLLLLLLLLLLLL
STATEMENT:  SELECT * FROM raw_r_tuples r, raw_s_tuples s WHERE r.pkey = s.pkey;
LOG:  AM replace
STATEMENT:  SELECT * FROM raw_r_tuples r, raw_s_tuples s WHERE r.pkey = s.pkey;
LOG:  GRADING: EVICT 20
STATEMENT:  SELECT * FROM raw_r_tuples r, raw_s_tuples s WHERE r.pkey = s.pkey;
LOG:  POLICY_2Q
STATEMENT:  SELECT * FROM raw_r_tuples r, raw_s_tuples s WHERE r.pkey = s.pkey;
LOG:  first, head->next->bufid = 50
STATEMENT:  SELECT * FROM raw_r_tuples r, raw_s_tuples s WHERE r.pkey = s.pkey;
LOG:  First IF TAILLLLLLLLLLLLLLLLLLLLLLLL
STATEMENT:  SELECT * FROM raw_r_tuples r, raw_s_tuples s WHERE r.pkey = s.pkey;
LOG:  NNOOOOOOT   NULLLLLLLLLLLLLLLLL
STATEMENT:  SELECT * FROM raw_r_tuples r, raw_s_tuples s WHERE r.pkey = s.pkey;
LOG:  AM replace
STATEMENT:  SELECT * FROM raw_r_tuples r, raw_s_tuples s WHERE r.pkey = s.pkey;
LOG:  GRADING: EVICT 14
STATEMENT:  SELECT * FROM raw_r_tuples r, raw_s_tuples s WHERE r.pkey = s.pkey;
LOG:  POLICY_2Q
STATEMENT:  SELECT * FROM raw_r_tuples r, raw_s_tuples s WHERE r.pkey = s.pkey;
LOG:  first, head->next->bufid = 43
STATEMENT:  SELECT * FROM raw_r_tuples r, raw_s_tuples s WHERE r.pkey = s.pkey;
LOG:  First IF TAILLLLLLLLLLLLLLLLLLLLLLLL
STATEMENT:  SELECT * FROM raw_r_tuples r, raw_s_tuples s WHERE r.pkey = s.pkey;
LOG:  NNOOOOOOT   NULLLLLLLLLLLLLLLLL
STATEMENT:  SELECT * FROM raw_r_tuples r, raw_s_tuples s WHERE r.pkey = s.pkey;
LOG:  AM replace
STATEMENT:  SELECT * FROM raw_r_tuples r, raw_s_tuples s WHERE r.pkey = s.pkey;
LOG:  GRADING: EVICT 18
STATEMENT:  SELECT * FROM raw_r_tuples r, raw_s_tuples s WHERE r.pkey = s.pkey;
LOG:  POLICY_2Q
STATEMENT:  SELECT * FROM raw_r_tuples r, raw_s_tuples s WHERE r.pkey = s.pkey;
LOG:  first, head->next->bufid = 20
STATEMENT:  SELECT * FROM raw_r_tuples r, raw_s_tuples s WHERE r.pkey = s.pkey;
LOG:  First IF TAILLLLLLLLLLLLLLLLLLLLLLLL
STATEMENT:  SELECT * FROM raw_r_tuples r, raw_s_tuples s WHERE r.pkey = s.pkey;
LOG:  NNOOOOOOT   NULLLLLLLLLLLLLLLLL
STATEMENT:  SELECT * FROM raw_r_tuples r, raw_s_tuples s WHERE r.pkey = s.pkey;
LOG:  AM replace
STATEMENT:  SELECT * FROM raw_r_tuples r, raw_s_tuples s WHERE r.pkey = s.pkey;
LOG:  GRADING: EVICT 29
STATEMENT:  SELECT * FROM raw_r_tuples r, raw_s_tuples s WHERE r.pkey = s.pkey;
LOG:  POLICY_2Q
STATEMENT:  SELECT * FROM raw_r_tuples r, raw_s_tuples s WHERE r.pkey = s.pkey;
LOG:  first, head->next->bufid = 14
STATEMENT:  SELECT * FROM raw_r_tuples r, raw_s_tuples s WHERE r.pkey = s.pkey;
LOG:  First IF TAILLLLLLLLLLLLLLLLLLLLLLLL
STATEMENT:  SELECT * FROM raw_r_tuples r, raw_s_tuples s WHERE r.pkey = s.pkey;
LOG:  NNOOOOOOT   NULLLLLLLLLLLLLLLLL
STATEMENT:  SELECT * FROM raw_r_tuples r, raw_s_tuples s WHERE r.pkey = s.pkey;
LOG:  first, head->next->bufid = 14
STATEMENT:  SELECT * FROM raw_r_tuples r, raw_s_tuples s WHERE r.pkey = s.pkey;
LOG:  size of list: 47
STATEMENT:  SELECT * FROM raw_r_tuples r, raw_s_tuples s WHERE r.pkey = s.pkey;
LOG:  size of A1: 15
STATEMENT:  SELECT * FROM raw_r_tuples r, raw_s_tuples s WHERE r.pkey = s.pkey;
LOG:  A1 replace
STATEMENT:  SELECT * FROM raw_r_tuples r, raw_s_tuples s WHERE r.pkey = s.pkey;
LOG:  GRADING: EVICT 22
STATEMENT:  SELECT * FROM raw_r_tuples r, raw_s_tuples s WHERE r.pkey = s.pkey;
LOG:  POLICY_2Q
STATEMENT:  SELECT * FROM raw_r_tuples r, raw_s_tuples s WHERE r.pkey = s.pkey;
LOG:  first, head->next->bufid = 18
STATEMENT:  SELECT * FROM raw_r_tuples r, raw_s_tuples s WHERE r.pkey = s.pkey;
LOG:  First IF TAILLLLLLLLLLLLLLLLLLLLLLLL
STATEMENT:  SELECT * FROM raw_r_tuples r, raw_s_tuples s WHERE r.pkey = s.pkey;
LOG:  NNOOOOOOT   NULLLLLLLLLLLLLLLLL
STATEMENT:  SELECT * FROM raw_r_tuples r, raw_s_tuples s WHERE r.pkey = s.pkey;
LOG:  first, head->next->bufid = 18
STATEMENT:  SELECT * FROM raw_r_tuples r, raw_s_tuples s WHERE r.pkey = s.pkey;
LOG:  size of list: 47
STATEMENT:  SELECT * FROM raw_r_tuples r, raw_s_tuples s WHERE r.pkey = s.pkey;
LOG:  size of A1: 15
STATEMENT:  SELECT * FROM raw_r_tuples r, raw_s_tuples s WHERE r.pkey = s.pkey;
LOG:  A1 replace
STATEMENT:  SELECT * FROM raw_r_tuples r, raw_s_tuples s WHERE r.pkey = s.pkey;
LOG:  GRADING: EVICT 31
STATEMENT:  SELECT * FROM raw_r_tuples r, raw_s_tuples s WHERE r.pkey = s.pkey;
LOG:  POLICY_2Q
STATEMENT:  SELECT * FROM raw_r_tuples r, raw_s_tuples s WHERE r.pkey = s.pkey;
LOG:  first, head->next->bufid = 29
STATEMENT:  SELECT * FROM raw_r_tuples r, raw_s_tuples s WHERE r.pkey = s.pkey;
LOG:  First IF TAILLLLLLLLLLLLLLLLLLLLLLLL
STATEMENT:  SELECT * FROM raw_r_tuples r, raw_s_tuples s WHERE r.pkey = s.pkey;
LOG:  NNOOOOOOT   NULLLLLLLLLLLLLLLLL
STATEMENT:  SELECT * FROM raw_r_tuples r, raw_s_tuples s WHERE r.pkey = s.pkey;
LOG:  first, head->next->bufid = 29
STATEMENT:  SELECT * FROM raw_r_tuples r, raw_s_tuples s WHERE r.pkey = s.pkey;
LOG:  size of list: 47
STATEMENT:  SELECT * FROM raw_r_tuples r, raw_s_tuples s WHERE r.pkey = s.pkey;
LOG:  size of A1: 15
STATEMENT:  SELECT * FROM raw_r_tuples r, raw_s_tuples s WHERE r.pkey = s.pkey;
LOG:  A1 replace
STATEMENT:  SELECT * FROM raw_r_tuples r, raw_s_tuples s WHERE r.pkey = s.pkey;
LOG:  GRADING: EVICT 33
STATEMENT:  SELECT * FROM raw_r_tuples r, raw_s_tuples s WHERE r.pkey = s.pkey;
LOG:  POLICY_2Q
STATEMENT:  SELECT * FROM raw_r_tuples r, raw_s_tuples s WHERE r.pkey = s.pkey;
LOG:  first, head->next->bufid = 22
STATEMENT:  SELECT * FROM raw_r_tuples r, raw_s_tuples s WHERE r.pkey = s.pkey;
LOG:  First IF TAILLLLLLLLLLLLLLLLLLLLLLLL
STATEMENT:  SELECT * FROM raw_r_tuples r, raw_s_tuples s WHERE r.pkey = s.pkey;
LOG:  NNOOOOOOT   NULLLLLLLLLLLLLLLLL
STATEMENT:  SELECT * FROM raw_r_tuples r, raw_s_tuples s WHERE r.pkey = s.pkey;
LOG:  first, head->next->bufid = 22
STATEMENT:  SELECT * FROM raw_r_tuples r, raw_s_tuples s WHERE r.pkey = s.pkey;
LOG:  size of list: 47
STATEMENT:  SELECT * FROM raw_r_tuples r, raw_s_tuples s WHERE r.pkey = s.pkey;
LOG:  size of A1: 15
STATEMENT:  SELECT * FROM raw_r_tuples r, raw_s_tuples s WHERE r.pkey = s.pkey;
LOG:  A1 replace
STATEMENT:  SELECT * FROM raw_r_tuples r, raw_s_tuples s WHERE r.pkey = s.pkey;
LOG:  GRADING: EVICT 36
STATEMENT:  SELECT * FROM raw_r_tuples r, raw_s_tuples s WHERE r.pkey = s.pkey;
LOG:  POLICY_2Q
STATEMENT:  SELECT * FROM raw_r_tuples r, raw_s_tuples s WHERE r.pkey = s.pkey;
LOG:  first, head->next->bufid = 31
STATEMENT:  SELECT * FROM raw_r_tuples r, raw_s_tuples s WHERE r.pkey = s.pkey;
LOG:  First IF TAILLLLLLLLLLLLLLLLLLLLLLLL
STATEMENT:  SELECT * FROM raw_r_tuples r, raw_s_tuples s WHERE r.pkey = s.pkey;
LOG:  NNOOOOOOT   NULLLLLLLLLLLLLLLLL
STATEMENT:  SELECT * FROM raw_r_tuples r, raw_s_tuples s WHERE r.pkey = s.pkey;
LOG:  first, head->next->bufid = 31
STATEMENT:  SELECT * FROM raw_r_tuples r, raw_s_tuples s WHERE r.pkey = s.pkey;
LOG:  size of list: 47
STATEMENT:  SELECT * FROM raw_r_tuples r, raw_s_tuples s WHERE r.pkey = s.pkey;
LOG:  size of A1: 15
STATEMENT:  SELECT * FROM raw_r_tuples r, raw_s_tuples s WHERE r.pkey = s.pkey;
LOG:  A1 replace
STATEMENT:  SELECT * FROM raw_r_tuples r, raw_s_tuples s WHERE r.pkey = s.pkey;
LOG:  GRADING: EVICT 38
STATEMENT:  SELECT * FROM raw_r_tuples r, raw_s_tuples s WHERE r.pkey = s.pkey;
LOG:  POLICY_2Q
STATEMENT:  SELECT * FROM raw_r_tuples r, raw_s_tuples s WHERE r.pkey = s.pkey;
LOG:  first, head->next->bufid = 33
STATEMENT:  SELECT * FROM raw_r_tuples r, raw_s_tuples s WHERE r.pkey = s.pkey;
LOG:  First IF TAILLLLLLLLLLLLLLLLLLLLLLLL
STATEMENT:  SELECT * FROM raw_r_tuples r, raw_s_tuples s WHERE r.pkey = s.pkey;
LOG:  NNOOOOOOT   NULLLLLLLLLLLLLLLLL
STATEMENT:  SELECT * FROM raw_r_tuples r, raw_s_tuples s WHERE r.pkey = s.pkey;
LOG:  first, head->next->bufid = 33
STATEMENT:  SELECT * FROM raw_r_tuples r, raw_s_tuples s WHERE r.pkey = s.pkey;
LOG:  size of list: 47
STATEMENT:  SELECT * FROM raw_r_tuples r, raw_s_tuples s WHERE r.pkey = s.pkey;
LOG:  size of A1: 15
STATEMENT:  SELECT * FROM raw_r_tuples r, raw_s_tuples s WHERE r.pkey = s.pkey;
LOG:  A1 replace
STATEMENT:  SELECT * FROM raw_r_tuples r, raw_s_tuples s WHERE r.pkey = s.pkey;
LOG:  GRADING: EVICT 40
STATEMENT:  SELECT * FROM raw_r_tuples r, raw_s_tuples s WHERE r.pkey = s.pkey;
LOG:  POLICY_2Q
STATEMENT:  SELECT * FROM raw_r_tuples r, raw_s_tuples s WHERE r.pkey = s.pkey;
LOG:  first, head->next->bufid = 36
STATEMENT:  SELECT * FROM raw_r_tuples r, raw_s_tuples s WHERE r.pkey = s.pkey;
LOG:  First IF TAILLLLLLLLLLLLLLLLLLLLLLLL
STATEMENT:  SELECT * FROM raw_r_tuples r, raw_s_tuples s WHERE r.pkey = s.pkey;
LOG:  NNOOOOOOT   NULLLLLLLLLLLLLLLLL
STATEMENT:  SELECT * FROM raw_r_tuples r, raw_s_tuples s WHERE r.pkey = s.pkey;
LOG:  first, head->next->bufid = 36
STATEMENT:  SELECT * FROM raw_r_tuples r, raw_s_tuples s WHERE r.pkey = s.pkey;
LOG:  size of list: 47
STATEMENT:  SELECT * FROM raw_r_tuples r, raw_s_tuples s WHERE r.pkey = s.pkey;
LOG:  size of A1: 15
STATEMENT:  SELECT * FROM raw_r_tuples r, raw_s_tuples s WHERE r.pkey = s.pkey;
LOG:  A1 replace
STATEMENT:  SELECT * FROM raw_r_tuples r, raw_s_tuples s WHERE r.pkey = s.pkey;
LOG:  GRADING: EVICT 44
STATEMENT:  SELECT * FROM raw_r_tuples r, raw_s_tuples s WHERE r.pkey = s.pkey;
LOG:  POLICY_2Q
STATEMENT:  SELECT * FROM raw_r_tuples r, raw_s_tuples s WHERE r.pkey = s.pkey;
LOG:  first, head->next->bufid = 38
STATEMENT:  SELECT * FROM raw_r_tuples r, raw_s_tuples s WHERE r.pkey = s.pkey;
LOG:  First IF TAILLLLLLLLLLLLLLLLLLLLLLLL
STATEMENT:  SELECT * FROM raw_r_tuples r, raw_s_tuples s WHERE r.pkey = s.pkey;
LOG:  NNOOOOOOT   NULLLLLLLLLLLLLLLLL
STATEMENT:  SELECT * FROM raw_r_tuples r, raw_s_tuples s WHERE r.pkey = s.pkey;
LOG:  first, head->next->bufid = 38
STATEMENT:  SELECT * FROM raw_r_tuples r, raw_s_tuples s WHERE r.pkey = s.pkey;
LOG:  size of list: 47
STATEMENT:  SELECT * FROM raw_r_tuples r, raw_s_tuples s WHERE r.pkey = s.pkey;
LOG:  size of A1: 15
STATEMENT:  SELECT * FROM raw_r_tuples r, raw_s_tuples s WHERE r.pkey = s.pkey;
LOG:  A1 replace
STATEMENT:  SELECT * FROM raw_r_tuples r, raw_s_tuples s WHERE r.pkey = s.pkey;
LOG:  GRADING: EVICT 47
STATEMENT:  SELECT * FROM raw_r_tuples r, raw_s_tuples s WHERE r.pkey = s.pkey;
LOG:  POLICY_2Q
STATEMENT:  SELECT * FROM raw_r_tuples r, raw_s_tuples s WHERE r.pkey = s.pkey;
LOG:  first, head->next->bufid = 40
STATEMENT:  SELECT * FROM raw_r_tuples r, raw_s_tuples s WHERE r.pkey = s.pkey;
LOG:  First IF TAILLLLLLLLLLLLLLLLLLLLLLLL
STATEMENT:  SELECT * FROM raw_r_tuples r, raw_s_tuples s WHERE r.pkey = s.pkey;
LOG:  NNOOOOOOT   NULLLLLLLLLLLLLLLLL
STATEMENT:  SELECT * FROM raw_r_tuples r, raw_s_tuples s WHERE r.pkey = s.pkey;
LOG:  first, head->next->bufid = 40
STATEMENT:  SELECT * FROM raw_r_tuples r, raw_s_tuples s WHERE r.pkey = s.pkey;
LOG:  size of list: 47
STATEMENT:  SELECT * FROM raw_r_tuples r, raw_s_tuples s WHERE r.pkey = s.pkey;
LOG:  size of A1: 15
STATEMENT:  SELECT * FROM raw_r_tuples r, raw_s_tuples s WHERE r.pkey = s.pkey;
LOG:  A1 replace
STATEMENT:  SELECT * FROM raw_r_tuples r, raw_s_tuples s WHERE r.pkey = s.pkey;
LOG:  GRADING: EVICT 51
STATEMENT:  SELECT * FROM raw_r_tuples r, raw_s_tuples s WHERE r.pkey = s.pkey;
LOG:  POLICY_2Q
STATEMENT:  SELECT * FROM raw_r_tuples r, raw_s_tuples s WHERE r.pkey = s.pkey;
LOG:  first, head->next->bufid = 44
STATEMENT:  SELECT * FROM raw_r_tuples r, raw_s_tuples s WHERE r.pkey = s.pkey;
LOG:  First IF TAILLLLLLLLLLLLLLLLLLLLLLLL
STATEMENT:  SELECT * FROM raw_r_tuples r, raw_s_tuples s WHERE r.pkey = s.pkey;
LOG:  NNOOOOOOT   NULLLLLLLLLLLLLLLLL
STATEMENT:  SELECT * FROM raw_r_tuples r, raw_s_tuples s WHERE r.pkey = s.pkey;
LOG:  first, head->next->bufid = 44
STATEMENT:  SELECT * FROM raw_r_tuples r, raw_s_tuples s WHERE r.pkey = s.pkey;
LOG:  size of list: 47
STATEMENT:  SELECT * FROM raw_r_tuples r, raw_s_tuples s WHERE r.pkey = s.pkey;
LOG:  size of A1: 15
STATEMENT:  SELECT * FROM raw_r_tuples r, raw_s_tuples s WHERE r.pkey = s.pkey;
LOG:  A1 replace
STATEMENT:  SELECT * FROM raw_r_tuples r, raw_s_tuples s WHERE r.pkey = s.pkey;
LOG:  GRADING: EVICT 52
STATEMENT:  SELECT * FROM raw_r_tuples r, raw_s_tuples s WHERE r.pkey = s.pkey;
LOG:  POLICY_2Q
STATEMENT:  SELECT * FROM raw_r_tuples r, raw_s_tuples s WHERE r.pkey = s.pkey;
LOG:  first, head->next->bufid = 47
STATEMENT:  SELECT * FROM raw_r_tuples r, raw_s_tuples s WHERE r.pkey = s.pkey;
LOG:  First IF TAILLLLLLLLLLLLLLLLLLLLLLLL
STATEMENT:  SELECT * FROM raw_r_tuples r, raw_s_tuples s WHERE r.pkey = s.pkey;
LOG:  NNOOOOOOT   NULLLLLLLLLLLLLLLLL
STATEMENT:  SELECT * FROM raw_r_tuples r, raw_s_tuples s WHERE r.pkey = s.pkey;
LOG:  first, head->next->bufid = 47
STATEMENT:  SELECT * FROM raw_r_tuples r, raw_s_tuples s WHERE r.pkey = s.pkey;
LOG:  size of list: 47
STATEMENT:  SELECT * FROM raw_r_tuples r, raw_s_tuples s WHERE r.pkey = s.pkey;
LOG:  size of A1: 15
STATEMENT:  SELECT * FROM raw_r_tuples r, raw_s_tuples s WHERE r.pkey = s.pkey;
LOG:  A1 replace
STATEMENT:  SELECT * FROM raw_r_tuples r, raw_s_tuples s WHERE r.pkey = s.pkey;
LOG:  GRADING: EVICT 53
STATEMENT:  SELECT * FROM raw_r_tuples r, raw_s_tuples s WHERE r.pkey = s.pkey;
LOG:  EXECUTOR STATISTICS
DETAIL:  ! system usage stats:
	!	1.212860 elapsed 1.060067 user 0.020001 system sec
	!	[1.088068 user 0.092005 sys total]
	!	0/48 [0/272] filesystem blocks in/out
	!	0/4 [0/955] page faults/reclaims, 0 [0] swaps
	!	0 [0] signals rcvd, 0/0 [0/0] messages rcvd/sent
	!	0/345 [4/537] voluntary/involuntary context switches
	! buffer usage stats:
	!	Shared blocks:         27 read,          0 written, buffer hit rate = 99.96%
	!	Local  blocks:          0 read,          0 written, buffer hit rate = 0.00%
	!	Direct blocks:          0 read,          0 written
STATEMENT:  SELECT * FROM raw_r_tuples r, raw_s_tuples s WHERE r.pkey = s.pkey;
LOG:  EXECUTOR STATISTICS
DETAIL:  ! system usage stats:
	!	1.176658 elapsed 1.072067 user 0.016001 system sec
	!	[2.160135 user 0.108006 sys total]
	!	0/0 [0/280] filesystem blocks in/out
	!	0/0 [0/955] page faults/reclaims, 0 [0] swaps
	!	0 [0] signals rcvd, 0/0 [0/0] messages rcvd/sent
	!	0/167 [5/708] voluntary/involuntary context switches
	! buffer usage stats:
	!	Shared blocks:          0 read,          0 written, buffer hit rate = 100.00%
	!	Local  blocks:          0 read,          0 written, buffer hit rate = 0.00%
	!	Direct blocks:          0 read,          0 written
STATEMENT:  SELECT * FROM raw_r_tuples r, raw_s_tuples s WHERE r.pkey = s.pkey;
LOG:  EXECUTOR STATISTICS
DETAIL:  ! system usage stats:
	!	1.176359 elapsed 1.068066 user 0.020002 system sec
	!	[3.228201 user 0.128008 sys total]
	!	0/0 [0/288] filesystem blocks in/out
	!	0/0 [0/955] page faults/reclaims, 0 [0] swaps
	!	0 [0] signals rcvd, 0/0 [0/0] messages rcvd/sent
	!	0/250 [6/961] voluntary/involuntary context switches
	! buffer usage stats:
	!	Shared blocks:          0 read,          0 written, buffer hit rate = 100.00%
	!	Local  blocks:          0 read,          0 written, buffer hit rate = 0.00%
	!	Direct blocks:          0 read,          0 written
STATEMENT:  SELECT * FROM raw_r_tuples r, raw_s_tuples s WHERE r.pkey = s.pkey;
LOG:  received smart shutdown request
LOG:  shutting down
LOG:  database system is shut down
LOG:  using buffer replacement policy: 2q
LOG:  database system was shut down at 2012-10-24 17:07:43 PDT
LOG:  database system is ready to accept connections
LOG:  GRADING: EVICT 19
STATEMENT:  SELECT * FROM raw_r_tuples;
LOG:  GRADING: EVICT 25
STATEMENT:  SELECT * FROM raw_r_tuples;
LOG:  EXECUTOR STATISTICS
DETAIL:  ! system usage stats:
	!	0.033872 elapsed 0.012001 user 0.008000 system sec
	!	[0.032002 user 0.028001 sys total]
	!	0/8 [0/192] filesystem blocks in/out
	!	0/74 [0/893] page faults/reclaims, 0 [0] swaps
	!	0 [0] signals rcvd, 0/0 [0/0] messages rcvd/sent
	!	0/28 [1/38] voluntary/involuntary context switches
	! buffer usage stats:
	!	Shared blocks:         27 read,          0 written, buffer hit rate = 0.00%
	!	Local  blocks:          0 read,          0 written, buffer hit rate = 0.00%
	!	Direct blocks:          0 read,          0 written
STATEMENT:  SELECT * FROM raw_r_tuples;
LOG:  EXECUTOR STATISTICS
DETAIL:  ! system usage stats:
	!	0.021265 elapsed 0.012000 user 0.004001 system sec
	!	[0.044002 user 0.032002 sys total]
	!	0/0 [0/192] filesystem blocks in/out
	!	0/0 [0/899] page faults/reclaims, 0 [0] swaps
	!	0 [0] signals rcvd, 0/0 [0/0] messages rcvd/sent
	!	0/28 [2/70] voluntary/involuntary context switches
	! buffer usage stats:
	!	Shared blocks:          0 read,          0 written, buffer hit rate = 100.00%
	!	Local  blocks:          0 read,          0 written, buffer hit rate = 0.00%
	!	Direct blocks:          0 read,          0 written
STATEMENT:  SELECT * FROM raw_r_tuples;
LOG:  EXECUTOR STATISTICS
DETAIL:  ! system usage stats:
	!	0.021150 elapsed 0.008001 user 0.004000 system sec
	!	[0.052003 user 0.036002 sys total]
	!	0/0 [0/200] filesystem blocks in/out
	!	0/0 [0/899] page faults/reclaims, 0 [0] swaps
	!	0 [0] signals rcvd, 0/0 [0/0] messages rcvd/sent
	!	0/27 [3/100] voluntary/involuntary context switches
	! buffer usage stats:
	!	Shared blocks:          0 read,          0 written, buffer hit rate = 100.00%
	!	Local  blocks:          0 read,          0 written, buffer hit rate = 0.00%
	!	Direct blocks:          0 read,          0 written
STATEMENT:  SELECT * FROM raw_r_tuples;
LOG:  GRADING: EVICT 26
STATEMENT:  SELECT * FROM raw_r_tuples r, raw_s_tuples s WHERE r.pkey = s.pkey;
LOG:  GRADING: EVICT 28
STATEMENT:  SELECT * FROM raw_r_tuples r, raw_s_tuples s WHERE r.pkey = s.pkey;
LOG:  GRADING: EVICT  4
STATEMENT:  SELECT * FROM raw_r_tuples r, raw_s_tuples s WHERE r.pkey = s.pkey;
LOG:  GRADING: EVICT  5
STATEMENT:  SELECT * FROM raw_r_tuples r, raw_s_tuples s WHERE r.pkey = s.pkey;
LOG:  GRADING: EVICT 15
STATEMENT:  SELECT * FROM raw_r_tuples r, raw_s_tuples s WHERE r.pkey = s.pkey;
LOG:  GRADING: EVICT 16
STATEMENT:  SELECT * FROM raw_r_tuples r, raw_s_tuples s WHERE r.pkey = s.pkey;
LOG:  GRADING: EVICT  6
STATEMENT:  SELECT * FROM raw_r_tuples r, raw_s_tuples s WHERE r.pkey = s.pkey;
LOG:  GRADING: EVICT 12
STATEMENT:  SELECT * FROM raw_r_tuples r, raw_s_tuples s WHERE r.pkey = s.pkey;
LOG:  GRADING: EVICT 48
STATEMENT:  SELECT * FROM raw_r_tuples r, raw_s_tuples s WHERE r.pkey = s.pkey;
LOG:  GRADING: EVICT 49
STATEMENT:  SELECT * FROM raw_r_tuples r, raw_s_tuples s WHERE r.pkey = s.pkey;
LOG:  GRADING: EVICT  8
STATEMENT:  SELECT * FROM raw_r_tuples r, raw_s_tuples s WHERE r.pkey = s.pkey;
LOG:  GRADING: EVICT 11
STATEMENT:  SELECT * FROM raw_r_tuples r, raw_s_tuples s WHERE r.pkey = s.pkey;
LOG:  GRADING: EVICT  7
STATEMENT:  SELECT * FROM raw_r_tuples r, raw_s_tuples s WHERE r.pkey = s.pkey;
LOG:  GRADING: EVICT 23
STATEMENT:  SELECT * FROM raw_r_tuples r, raw_s_tuples s WHERE r.pkey = s.pkey;
LOG:  GRADING: EVICT 32
STATEMENT:  SELECT * FROM raw_r_tuples r, raw_s_tuples s WHERE r.pkey = s.pkey;
LOG:  GRADING: EVICT 37
STATEMENT:  SELECT * FROM raw_r_tuples r, raw_s_tuples s WHERE r.pkey = s.pkey;
LOG:  GRADING: EVICT 27
STATEMENT:  SELECT * FROM raw_r_tuples r, raw_s_tuples s WHERE r.pkey = s.pkey;
LOG:  GRADING: EVICT  3
STATEMENT:  SELECT * FROM raw_r_tuples r, raw_s_tuples s WHERE r.pkey = s.pkey;
LOG:  GRADING: EVICT 17
STATEMENT:  SELECT * FROM raw_r_tuples r, raw_s_tuples s WHERE r.pkey = s.pkey;
LOG:  GRADING: EVICT 21
STATEMENT:  SELECT * FROM raw_r_tuples r, raw_s_tuples s WHERE r.pkey = s.pkey;
LOG:  GRADING: EVICT 10
STATEMENT:  SELECT * FROM raw_r_tuples r, raw_s_tuples s WHERE r.pkey = s.pkey;
LOG:  GRADING: EVICT  2
STATEMENT:  SELECT * FROM raw_r_tuples r, raw_s_tuples s WHERE r.pkey = s.pkey;
LOG:  GRADING: EVICT  9
STATEMENT:  SELECT * FROM raw_r_tuples r, raw_s_tuples s WHERE r.pkey = s.pkey;
LOG:  GRADING: EVICT 13
STATEMENT:  SELECT * FROM raw_r_tuples r, raw_s_tuples s WHERE r.pkey = s.pkey;
LOG:  GRADING: EVICT 50
STATEMENT:  SELECT * FROM raw_r_tuples r, raw_s_tuples s WHERE r.pkey = s.pkey;
LOG:  GRADING: EVICT 43
STATEMENT:  SELECT * FROM raw_r_tuples r, raw_s_tuples s WHERE r.pkey = s.pkey;
LOG:  GRADING: EVICT 20
STATEMENT:  SELECT * FROM raw_r_tuples r, raw_s_tuples s WHERE r.pkey = s.pkey;
LOG:  GRADING: EVICT 14
STATEMENT:  SELECT * FROM raw_r_tuples r, raw_s_tuples s WHERE r.pkey = s.pkey;
LOG:  GRADING: EVICT 18
STATEMENT:  SELECT * FROM raw_r_tuples r, raw_s_tuples s WHERE r.pkey = s.pkey;
LOG:  GRADING: EVICT 29
STATEMENT:  SELECT * FROM raw_r_tuples r, raw_s_tuples s WHERE r.pkey = s.pkey;
LOG:  GRADING: EVICT 22
STATEMENT:  SELECT * FROM raw_r_tuples r, raw_s_tuples s WHERE r.pkey = s.pkey;
LOG:  GRADING: EVICT 31
STATEMENT:  SELECT * FROM raw_r_tuples r, raw_s_tuples s WHERE r.pkey = s.pkey;
LOG:  GRADING: EVICT 33
STATEMENT:  SELECT * FROM raw_r_tuples r, raw_s_tuples s WHERE r.pkey = s.pkey;
LOG:  GRADING: EVICT 36
STATEMENT:  SELECT * FROM raw_r_tuples r, raw_s_tuples s WHERE r.pkey = s.pkey;
LOG:  GRADING: EVICT 38
STATEMENT:  SELECT * FROM raw_r_tuples r, raw_s_tuples s WHERE r.pkey = s.pkey;
LOG:  GRADING: EVICT 40
STATEMENT:  SELECT * FROM raw_r_tuples r, raw_s_tuples s WHERE r.pkey = s.pkey;
LOG:  GRADING: EVICT 44
STATEMENT:  SELECT * FROM raw_r_tuples r, raw_s_tuples s WHERE r.pkey = s.pkey;
LOG:  GRADING: EVICT 47
STATEMENT:  SELECT * FROM raw_r_tuples r, raw_s_tuples s WHERE r.pkey = s.pkey;
LOG:  GRADING: EVICT 51
STATEMENT:  SELECT * FROM raw_r_tuples r, raw_s_tuples s WHERE r.pkey = s.pkey;
LOG:  GRADING: EVICT 52
STATEMENT:  SELECT * FROM raw_r_tuples r, raw_s_tuples s WHERE r.pkey = s.pkey;
LOG:  GRADING: EVICT 53
STATEMENT:  SELECT * FROM raw_r_tuples r, raw_s_tuples s WHERE r.pkey = s.pkey;
LOG:  EXECUTOR STATISTICS
DETAIL:  ! system usage stats:
	!	1.221667 elapsed 1.072067 user 0.024002 system sec
	!	[1.128070 user 0.064004 sys total]
	!	0/8 [0/208] filesystem blocks in/out
	!	0/4 [0/961] page faults/reclaims, 0 [0] swaps
	!	0 [0] signals rcvd, 0/0 [0/0] messages rcvd/sent
	!	0/273 [4/392] voluntary/involuntary context switches
	! buffer usage stats:
	!	Shared blocks:         27 read,          0 written, buffer hit rate = 99.96%
	!	Local  blocks:          0 read,          0 written, buffer hit rate = 0.00%
	!	Direct blocks:          0 read,          0 written
STATEMENT:  SELECT * FROM raw_r_tuples r, raw_s_tuples s WHERE r.pkey = s.pkey;
LOG:  EXECUTOR STATISTICS
DETAIL:  ! system usage stats:
	!	1.155292 elapsed 1.052066 user 0.016001 system sec
	!	[2.180136 user 0.084005 sys total]
	!	0/0 [0/208] filesystem blocks in/out
	!	0/0 [0/961] page faults/reclaims, 0 [0] swaps
	!	0 [0] signals rcvd, 0/0 [0/0] messages rcvd/sent
	!	0/247 [5/644] voluntary/involuntary context switches
	! buffer usage stats:
	!	Shared blocks:          0 read,          0 written, buffer hit rate = 100.00%
	!	Local  blocks:          0 read,          0 written, buffer hit rate = 0.00%
	!	Direct blocks:          0 read,          0 written
STATEMENT:  SELECT * FROM raw_r_tuples r, raw_s_tuples s WHERE r.pkey = s.pkey;
LOG:  EXECUTOR STATISTICS
DETAIL:  ! system usage stats:
	!	1.162291 elapsed 1.052066 user 0.012001 system sec
	!	[3.236202 user 0.096006 sys total]
	!	0/0 [0/208] filesystem blocks in/out
	!	0/0 [0/961] page faults/reclaims, 0 [0] swaps
	!	0 [0] signals rcvd, 0/0 [0/0] messages rcvd/sent
	!	0/248 [6/896] voluntary/involuntary context switches
	! buffer usage stats:
	!	Shared blocks:          0 read,          0 written, buffer hit rate = 100.00%
	!	Local  blocks:          0 read,          0 written, buffer hit rate = 0.00%
	!	Direct blocks:          0 read,          0 written
STATEMENT:  SELECT * FROM raw_r_tuples r, raw_s_tuples s WHERE r.pkey = s.pkey;
LOG:  received smart shutdown request
LOG:  shutting down
LOG:  database system is shut down
LOG:  using buffer replacement policy: 2q
LOG:  database system was shut down at 2012-10-24 17:46:17 PDT
LOG:  database system is ready to accept connections
LOG:  GRADING: EVICT 19
STATEMENT:  SELECT * FROM raw_r_tuples;
LOG:  GRADING: EVICT 25
STATEMENT:  SELECT * FROM raw_r_tuples;
LOG:  EXECUTOR STATISTICS
DETAIL:  ! system usage stats:
	!	0.055862 elapsed 0.008000 user 0.012001 system sec
	!	[0.008000 user 0.052003 sys total]
	!	0/8 [0/192] filesystem blocks in/out
	!	0/74 [0/893] page faults/reclaims, 0 [0] swaps
	!	0 [0] signals rcvd, 0/0 [0/0] messages rcvd/sent
	!	0/29 [1/39] voluntary/involuntary context switches
	! buffer usage stats:
	!	Shared blocks:         27 read,          0 written, buffer hit rate = 0.00%
	!	Local  blocks:          0 read,          0 written, buffer hit rate = 0.00%
	!	Direct blocks:          0 read,          0 written
STATEMENT:  SELECT * FROM raw_r_tuples;
LOG:  EXECUTOR STATISTICS
DETAIL:  ! system usage stats:
	!	0.020447 elapsed 0.004000 user 0.004000 system sec
	!	[0.012000 user 0.060003 sys total]
	!	0/0 [0/192] filesystem blocks in/out
	!	0/0 [0/899] page faults/reclaims, 0 [0] swaps
	!	0 [0] signals rcvd, 0/0 [0/0] messages rcvd/sent
	!	0/25 [2/69] voluntary/involuntary context switches
	! buffer usage stats:
	!	Shared blocks:          0 read,          0 written, buffer hit rate = 100.00%
	!	Local  blocks:          0 read,          0 written, buffer hit rate = 0.00%
	!	Direct blocks:          0 read,          0 written
STATEMENT:  SELECT * FROM raw_r_tuples;
LOG:  EXECUTOR STATISTICS
DETAIL:  ! system usage stats:
	!	0.020568 elapsed 0.012001 user 0.000000 system sec
	!	[0.024001 user 0.064004 sys total]
	!	0/0 [0/200] filesystem blocks in/out
	!	0/0 [0/899] page faults/reclaims, 0 [0] swaps
	!	0 [0] signals rcvd, 0/0 [0/0] messages rcvd/sent
	!	0/28 [3/100] voluntary/involuntary context switches
	! buffer usage stats:
	!	Shared blocks:          0 read,          0 written, buffer hit rate = 100.00%
	!	Local  blocks:          0 read,          0 written, buffer hit rate = 0.00%
	!	Direct blocks:          0 read,          0 written
STATEMENT:  SELECT * FROM raw_r_tuples;
LOG:  GRADING: EVICT 26
STATEMENT:  SELECT * FROM raw_r_tuples r, raw_s_tuples s WHERE r.pkey = s.pkey;
LOG:  GRADING: EVICT 28
STATEMENT:  SELECT * FROM raw_r_tuples r, raw_s_tuples s WHERE r.pkey = s.pkey;
LOG:  GRADING: EVICT  4
STATEMENT:  SELECT * FROM raw_r_tuples r, raw_s_tuples s WHERE r.pkey = s.pkey;
LOG:  GRADING: EVICT  5
STATEMENT:  SELECT * FROM raw_r_tuples r, raw_s_tuples s WHERE r.pkey = s.pkey;
LOG:  GRADING: EVICT 15
STATEMENT:  SELECT * FROM raw_r_tuples r, raw_s_tuples s WHERE r.pkey = s.pkey;
LOG:  GRADING: EVICT 16
STATEMENT:  SELECT * FROM raw_r_tuples r, raw_s_tuples s WHERE r.pkey = s.pkey;
LOG:  GRADING: EVICT  6
STATEMENT:  SELECT * FROM raw_r_tuples r, raw_s_tuples s WHERE r.pkey = s.pkey;
LOG:  GRADING: EVICT 12
STATEMENT:  SELECT * FROM raw_r_tuples r, raw_s_tuples s WHERE r.pkey = s.pkey;
LOG:  GRADING: EVICT 48
STATEMENT:  SELECT * FROM raw_r_tuples r, raw_s_tuples s WHERE r.pkey = s.pkey;
LOG:  GRADING: EVICT 49
STATEMENT:  SELECT * FROM raw_r_tuples r, raw_s_tuples s WHERE r.pkey = s.pkey;
LOG:  GRADING: EVICT  8
STATEMENT:  SELECT * FROM raw_r_tuples r, raw_s_tuples s WHERE r.pkey = s.pkey;
LOG:  GRADING: EVICT 11
STATEMENT:  SELECT * FROM raw_r_tuples r, raw_s_tuples s WHERE r.pkey = s.pkey;
LOG:  GRADING: EVICT  7
STATEMENT:  SELECT * FROM raw_r_tuples r, raw_s_tuples s WHERE r.pkey = s.pkey;
LOG:  GRADING: EVICT 23
STATEMENT:  SELECT * FROM raw_r_tuples r, raw_s_tuples s WHERE r.pkey = s.pkey;
LOG:  GRADING: EVICT 32
STATEMENT:  SELECT * FROM raw_r_tuples r, raw_s_tuples s WHERE r.pkey = s.pkey;
LOG:  GRADING: EVICT 37
STATEMENT:  SELECT * FROM raw_r_tuples r, raw_s_tuples s WHERE r.pkey = s.pkey;
LOG:  GRADING: EVICT 27
STATEMENT:  SELECT * FROM raw_r_tuples r, raw_s_tuples s WHERE r.pkey = s.pkey;
LOG:  GRADING: EVICT  3
STATEMENT:  SELECT * FROM raw_r_tuples r, raw_s_tuples s WHERE r.pkey = s.pkey;
LOG:  GRADING: EVICT 17
STATEMENT:  SELECT * FROM raw_r_tuples r, raw_s_tuples s WHERE r.pkey = s.pkey;
LOG:  GRADING: EVICT 21
STATEMENT:  SELECT * FROM raw_r_tuples r, raw_s_tuples s WHERE r.pkey = s.pkey;
LOG:  GRADING: EVICT 10
STATEMENT:  SELECT * FROM raw_r_tuples r, raw_s_tuples s WHERE r.pkey = s.pkey;
LOG:  GRADING: EVICT  2
STATEMENT:  SELECT * FROM raw_r_tuples r, raw_s_tuples s WHERE r.pkey = s.pkey;
LOG:  GRADING: EVICT  9
STATEMENT:  SELECT * FROM raw_r_tuples r, raw_s_tuples s WHERE r.pkey = s.pkey;
LOG:  GRADING: EVICT 13
STATEMENT:  SELECT * FROM raw_r_tuples r, raw_s_tuples s WHERE r.pkey = s.pkey;
LOG:  GRADING: EVICT 50
STATEMENT:  SELECT * FROM raw_r_tuples r, raw_s_tuples s WHERE r.pkey = s.pkey;
LOG:  GRADING: EVICT 43
STATEMENT:  SELECT * FROM raw_r_tuples r, raw_s_tuples s WHERE r.pkey = s.pkey;
LOG:  GRADING: EVICT 20
STATEMENT:  SELECT * FROM raw_r_tuples r, raw_s_tuples s WHERE r.pkey = s.pkey;
LOG:  GRADING: EVICT 14
STATEMENT:  SELECT * FROM raw_r_tuples r, raw_s_tuples s WHERE r.pkey = s.pkey;
LOG:  GRADING: EVICT 18
STATEMENT:  SELECT * FROM raw_r_tuples r, raw_s_tuples s WHERE r.pkey = s.pkey;
LOG:  GRADING: EVICT 29
STATEMENT:  SELECT * FROM raw_r_tuples r, raw_s_tuples s WHERE r.pkey = s.pkey;
LOG:  GRADING: EVICT 22
STATEMENT:  SELECT * FROM raw_r_tuples r, raw_s_tuples s WHERE r.pkey = s.pkey;
LOG:  GRADING: EVICT 31
STATEMENT:  SELECT * FROM raw_r_tuples r, raw_s_tuples s WHERE r.pkey = s.pkey;
LOG:  GRADING: EVICT 33
STATEMENT:  SELECT * FROM raw_r_tuples r, raw_s_tuples s WHERE r.pkey = s.pkey;
LOG:  GRADING: EVICT 36
STATEMENT:  SELECT * FROM raw_r_tuples r, raw_s_tuples s WHERE r.pkey = s.pkey;
LOG:  GRADING: EVICT 38
STATEMENT:  SELECT * FROM raw_r_tuples r, raw_s_tuples s WHERE r.pkey = s.pkey;
LOG:  GRADING: EVICT 40
STATEMENT:  SELECT * FROM raw_r_tuples r, raw_s_tuples s WHERE r.pkey = s.pkey;
LOG:  GRADING: EVICT 44
STATEMENT:  SELECT * FROM raw_r_tuples r, raw_s_tuples s WHERE r.pkey = s.pkey;
LOG:  GRADING: EVICT 47
STATEMENT:  SELECT * FROM raw_r_tuples r, raw_s_tuples s WHERE r.pkey = s.pkey;
LOG:  GRADING: EVICT 51
STATEMENT:  SELECT * FROM raw_r_tuples r, raw_s_tuples s WHERE r.pkey = s.pkey;
LOG:  GRADING: EVICT 52
STATEMENT:  SELECT * FROM raw_r_tuples r, raw_s_tuples s WHERE r.pkey = s.pkey;
LOG:  GRADING: EVICT 53
STATEMENT:  SELECT * FROM raw_r_tuples r, raw_s_tuples s WHERE r.pkey = s.pkey;
LOG:  EXECUTOR STATISTICS
DETAIL:  ! system usage stats:
	!	1.185763 elapsed 1.048066 user 0.028002 system sec
	!	[1.076067 user 0.096006 sys total]
	!	0/8 [0/208] filesystem blocks in/out
	!	0/4 [0/961] page faults/reclaims, 0 [0] swaps
	!	0 [0] signals rcvd, 0/0 [0/0] messages rcvd/sent
	!	0/270 [4/389] voluntary/involuntary context switches
	! buffer usage stats:
	!	Shared blocks:         27 read,          0 written, buffer hit rate = 99.96%
	!	Local  blocks:          0 read,          0 written, buffer hit rate = 0.00%
	!	Direct blocks:          0 read,          0 written
STATEMENT:  SELECT * FROM raw_r_tuples r, raw_s_tuples s WHERE r.pkey = s.pkey;
LOG:  EXECUTOR STATISTICS
DETAIL:  ! system usage stats:
	!	1.175453 elapsed 1.068067 user 0.012001 system sec
	!	[2.144134 user 0.112007 sys total]
	!	0/0 [0/208] filesystem blocks in/out
	!	0/0 [0/961] page faults/reclaims, 0 [0] swaps
	!	0 [0] signals rcvd, 0/0 [0/0] messages rcvd/sent
	!	0/244 [5/638] voluntary/involuntary context switches
	! buffer usage stats:
	!	Shared blocks:          0 read,          0 written, buffer hit rate = 100.00%
	!	Local  blocks:          0 read,          0 written, buffer hit rate = 0.00%
	!	Direct blocks:          0 read,          0 written
STATEMENT:  SELECT * FROM raw_r_tuples r, raw_s_tuples s WHERE r.pkey = s.pkey;
LOG:  received smart shutdown request
LOG:  shutting down
LOG:  database system is shut down
