LOG:  using buffer replacement policy: clock
LOG:  database system was shut down at 2012-10-24 16:43:36 PDT
LOG:  database system is ready to accept connections
LOG:  GRADING: EVICT  0
LOG:  GRADING: EVICT  1
LOG:  GRADING: EVICT  4
LOG:  GRADING: EVICT  5
LOG:  GRADING: EVICT  6
LOG:  GRADING: EVICT  7
LOG:  GRADING: EVICT  8
LOG:  GRADING: EVICT  9
LOG:  GRADING: EVICT 10
LOG:  GRADING: EVICT 11
LOG:  GRADING: EVICT 12
LOG:  GRADING: EVICT 13
LOG:  GRADING: EVICT 14
LOG:  GRADING: EVICT 15
LOG:  GRADING: EVICT 16
LOG:  GRADING: EVICT 17
LOG:  GRADING: EVICT 22
LOG:  GRADING: EVICT 29
LOG:  GRADING: EVICT 30
LOG:  GRADING: EVICT 31
LOG:  GRADING: EVICT 25
LOG:  GRADING: EVICT 26
LOG:  GRADING: EVICT 28
LOG:  GRADING: EVICT  0
LOG:  GRADING: EVICT  1
LOG:  GRADING: EVICT  4
LOG:  GRADING: EVICT  5
LOG:  GRADING: EVICT  6
LOG:  GRADING: EVICT  7
LOG:  GRADING: EVICT  8
LOG:  GRADING: EVICT  9
LOG:  GRADING: EVICT 10
LOG:  GRADING: EVICT 11
LOG:  GRADING: EVICT 12
LOG:  GRADING: EVICT 17
LOG:  GRADING: EVICT 22
LOG:  GRADING: EVICT 24
LOG:  GRADING: EVICT 27
LOG:  GRADING: EVICT 29
LOG:  GRADING: EVICT 13
LOG:  GRADING: EVICT 15
LOG:  GRADING: EVICT 23
LOG:  GRADING: EVICT 25
LOG:  GRADING: EVICT 26
LOG:  GRADING: EVICT 28
LOG:  GRADING: EVICT  1
LOG:  GRADING: EVICT  7
LOG:  GRADING: EVICT 10
LOG:  GRADING: EVICT 14
LOG:  GRADING: EVICT 19
LOG:  GRADING: EVICT 15
LOG:  GRADING: EVICT 16
LOG:  GRADING: EVICT 22
LOG:  GRADING: EVICT 24
LOG:  GRADING: EVICT 27
LOG:  GRADING: EVICT 29
LOG:  GRADING: EVICT  7
LOG:  GRADING: EVICT 11
LOG:  GRADING: EVICT 12
LOG:  GRADING: EVICT 13
LOG:  GRADING: EVICT 17 at character 15
STATEMENT:  SELECT * FROM raw_r_tuples;
LOG:  GRADING: EVICT 19 at character 15
STATEMENT:  SELECT * FROM raw_r_tuples;
LOG:  GRADING: EVICT 30 at character 15
STATEMENT:  SELECT * FROM raw_r_tuples;
LOG:  GRADING: EVICT 14 at character 15
STATEMENT:  SELECT * FROM raw_r_tuples;
LOG:  GRADING: EVICT 15 at character 15
STATEMENT:  SELECT * FROM raw_r_tuples;
LOG:  GRADING: EVICT 22 at character 15
STATEMENT:  SELECT * FROM raw_r_tuples;
LOG:  GRADING: EVICT 23 at character 15
STATEMENT:  SELECT * FROM raw_r_tuples;
LOG:  GRADING: EVICT 24 at character 15
STATEMENT:  SELECT * FROM raw_r_tuples;
LOG:  GRADING: EVICT 29
STATEMENT:  SELECT * FROM raw_r_tuples;
LOG:  GRADING: EVICT  2
STATEMENT:  SELECT * FROM raw_r_tuples;
LOG:  GRADING: EVICT  7
STATEMENT:  SELECT * FROM raw_r_tuples;
LOG:  GRADING: EVICT 10
STATEMENT:  SELECT * FROM raw_r_tuples;
LOG:  GRADING: EVICT 11
STATEMENT:  SELECT * FROM raw_r_tuples;
LOG:  GRADING: EVICT 12
STATEMENT:  SELECT * FROM raw_r_tuples;
LOG:  GRADING: EVICT 13
STATEMENT:  SELECT * FROM raw_r_tuples;
LOG:  GRADING: EVICT 17
STATEMENT:  SELECT * FROM raw_r_tuples;
LOG:  GRADING: EVICT 27
STATEMENT:  SELECT * FROM raw_r_tuples;
LOG:  GRADING: EVICT 30
STATEMENT:  SELECT * FROM raw_r_tuples;
LOG:  GRADING: EVICT 14
STATEMENT:  SELECT * FROM raw_r_tuples;
LOG:  GRADING: EVICT 19
STATEMENT:  SELECT * FROM raw_r_tuples;
LOG:  GRADING: EVICT 21
STATEMENT:  SELECT * FROM raw_r_tuples;
LOG:  GRADING: EVICT 23
STATEMENT:  SELECT * FROM raw_r_tuples;
LOG:  GRADING: EVICT 24
STATEMENT:  SELECT * FROM raw_r_tuples;
LOG:  GRADING: EVICT 26
STATEMENT:  SELECT * FROM raw_r_tuples;
LOG:  GRADING: EVICT 29
STATEMENT:  SELECT * FROM raw_r_tuples;
LOG:  GRADING: EVICT 31
STATEMENT:  SELECT * FROM raw_r_tuples;
LOG:  GRADING: EVICT  3
STATEMENT:  SELECT * FROM raw_r_tuples;
LOG:  GRADING: EVICT 11
STATEMENT:  SELECT * FROM raw_r_tuples;
LOG:  GRADING: EVICT 13
STATEMENT:  SELECT * FROM raw_r_tuples;
LOG:  GRADING: EVICT 15
STATEMENT:  SELECT * FROM raw_r_tuples;
LOG:  GRADING: EVICT 16
STATEMENT:  SELECT * FROM raw_r_tuples;
LOG:  GRADING: EVICT 18
STATEMENT:  SELECT * FROM raw_r_tuples;
LOG:  GRADING: EVICT 20
STATEMENT:  SELECT * FROM raw_r_tuples;
LOG:  GRADING: EVICT 22
STATEMENT:  SELECT * FROM raw_r_tuples;
LOG:  GRADING: EVICT 25
STATEMENT:  SELECT * FROM raw_r_tuples;
LOG:  GRADING: EVICT 27
STATEMENT:  SELECT * FROM raw_r_tuples;
LOG:  GRADING: EVICT 28
STATEMENT:  SELECT * FROM raw_r_tuples;
LOG:  GRADING: EVICT 30
STATEMENT:  SELECT * FROM raw_r_tuples;
LOG:  GRADING: EVICT  1
STATEMENT:  SELECT * FROM raw_r_tuples;
LOG:  GRADING: EVICT  5
STATEMENT:  SELECT * FROM raw_r_tuples;
LOG:  GRADING: EVICT  6
STATEMENT:  SELECT * FROM raw_r_tuples;
LOG:  GRADING: EVICT  7
STATEMENT:  SELECT * FROM raw_r_tuples;
LOG:  GRADING: EVICT  8
STATEMENT:  SELECT * FROM raw_r_tuples;
LOG:  GRADING: EVICT 14
STATEMENT:  SELECT * FROM raw_r_tuples;
LOG:  GRADING: EVICT 17
STATEMENT:  SELECT * FROM raw_r_tuples;
LOG:  GRADING: EVICT 19
STATEMENT:  SELECT * FROM raw_r_tuples;
LOG:  GRADING: EVICT 21
STATEMENT:  SELECT * FROM raw_r_tuples;
LOG:  GRADING: EVICT 23
STATEMENT:  SELECT * FROM raw_r_tuples;
LOG:  GRADING: EVICT 24
STATEMENT:  SELECT * FROM raw_r_tuples;
LOG:  GRADING: EVICT 26
STATEMENT:  SELECT * FROM raw_r_tuples;
LOG:  GRADING: EVICT 29
STATEMENT:  SELECT * FROM raw_r_tuples;
LOG:  GRADING: EVICT 31
STATEMENT:  SELECT * FROM raw_r_tuples;
LOG:  GRADING: EVICT  3
STATEMENT:  SELECT * FROM raw_r_tuples;
LOG:  GRADING: EVICT  4
STATEMENT:  SELECT * FROM raw_r_tuples;
LOG:  GRADING: EVICT 11
STATEMENT:  SELECT * FROM raw_r_tuples;
LOG:  GRADING: EVICT 12
STATEMENT:  SELECT * FROM raw_r_tuples;
LOG:  GRADING: EVICT 13
STATEMENT:  SELECT * FROM raw_r_tuples;
LOG:  GRADING: EVICT 15
STATEMENT:  SELECT * FROM raw_r_tuples;
LOG:  GRADING: EVICT 16
STATEMENT:  SELECT * FROM raw_r_tuples;
LOG:  GRADING: EVICT 18
STATEMENT:  SELECT * FROM raw_r_tuples;
LOG:  GRADING: EVICT 20
STATEMENT:  SELECT * FROM raw_r_tuples;
LOG:  GRADING: EVICT 22
STATEMENT:  SELECT * FROM raw_r_tuples;
LOG:  GRADING: EVICT 25
STATEMENT:  SELECT * FROM raw_r_tuples;
LOG:  GRADING: EVICT 27
STATEMENT:  SELECT * FROM raw_r_tuples;
LOG:  GRADING: EVICT 28
STATEMENT:  SELECT * FROM raw_r_tuples;
LOG:  GRADING: EVICT 30
STATEMENT:  SELECT * FROM raw_r_tuples;
LOG:  GRADING: EVICT  0
STATEMENT:  SELECT * FROM raw_r_tuples;
LOG:  GRADING: EVICT  1
STATEMENT:  SELECT * FROM raw_r_tuples;
LOG:  GRADING: EVICT  5
STATEMENT:  SELECT * FROM raw_r_tuples;
LOG:  EXECUTOR STATISTICS
DETAIL:  ! system usage stats:
	!	0.065876 elapsed 0.016001 user 0.012000 system sec
	!	[0.024001 user 0.044002 sys total]
	!	0/8 [0/192] filesystem blocks in/out
	!	0/18 [0/763] page faults/reclaims, 0 [0] swaps
	!	0 [0] signals rcvd, 0/0 [0/0] messages rcvd/sent
	!	0/53 [1/66] voluntary/involuntary context switches
	! buffer usage stats:
	!	Shared blocks:         53 read,          0 written, buffer hit rate = 0.00%
	!	Local  blocks:          0 read,          0 written, buffer hit rate = 0.00%
	!	Direct blocks:          0 read,          0 written
STATEMENT:  SELECT * FROM raw_r_tuples;
LOG:  GRADING: EVICT  6
STATEMENT:  SELECT * FROM raw_r_tuples;
LOG:  GRADING: EVICT  7
STATEMENT:  SELECT * FROM raw_r_tuples;
LOG:  GRADING: EVICT  8
STATEMENT:  SELECT * FROM raw_r_tuples;
LOG:  GRADING: EVICT  9
STATEMENT:  SELECT * FROM raw_r_tuples;
LOG:  GRADING: EVICT 14
STATEMENT:  SELECT * FROM raw_r_tuples;
LOG:  GRADING: EVICT 17
STATEMENT:  SELECT * FROM raw_r_tuples;
LOG:  GRADING: EVICT 19
STATEMENT:  SELECT * FROM raw_r_tuples;
LOG:  GRADING: EVICT 21
STATEMENT:  SELECT * FROM raw_r_tuples;
LOG:  GRADING: EVICT 23
STATEMENT:  SELECT * FROM raw_r_tuples;
LOG:  GRADING: EVICT 24
STATEMENT:  SELECT * FROM raw_r_tuples;
LOG:  GRADING: EVICT 26
STATEMENT:  SELECT * FROM raw_r_tuples;
LOG:  GRADING: EVICT 29
STATEMENT:  SELECT * FROM raw_r_tuples;
LOG:  GRADING: EVICT 31
STATEMENT:  SELECT * FROM raw_r_tuples;
LOG:  GRADING: EVICT  2
STATEMENT:  SELECT * FROM raw_r_tuples;
LOG:  GRADING: EVICT  3
STATEMENT:  SELECT * FROM raw_r_tuples;
LOG:  GRADING: EVICT  4
STATEMENT:  SELECT * FROM raw_r_tuples;
LOG:  GRADING: EVICT 10
STATEMENT:  SELECT * FROM raw_r_tuples;
LOG:  GRADING: EVICT 11
STATEMENT:  SELECT * FROM raw_r_tuples;
LOG:  GRADING: EVICT 12
STATEMENT:  SELECT * FROM raw_r_tuples;
LOG:  GRADING: EVICT 13
STATEMENT:  SELECT * FROM raw_r_tuples;
LOG:  GRADING: EVICT 15
STATEMENT:  SELECT * FROM raw_r_tuples;
LOG:  GRADING: EVICT 16
STATEMENT:  SELECT * FROM raw_r_tuples;
LOG:  GRADING: EVICT 18
STATEMENT:  SELECT * FROM raw_r_tuples;
LOG:  GRADING: EVICT 20
STATEMENT:  SELECT * FROM raw_r_tuples;
LOG:  GRADING: EVICT 22
STATEMENT:  SELECT * FROM raw_r_tuples;
LOG:  GRADING: EVICT 25
STATEMENT:  SELECT * FROM raw_r_tuples;
LOG:  GRADING: EVICT 27
STATEMENT:  SELECT * FROM raw_r_tuples;
LOG:  GRADING: EVICT 28
STATEMENT:  SELECT * FROM raw_r_tuples;
LOG:  GRADING: EVICT 30
STATEMENT:  SELECT * FROM raw_r_tuples;
LOG:  GRADING: EVICT  0
STATEMENT:  SELECT * FROM raw_r_tuples;
LOG:  GRADING: EVICT  1
STATEMENT:  SELECT * FROM raw_r_tuples;
LOG:  GRADING: EVICT  5
STATEMENT:  SELECT * FROM raw_r_tuples;
LOG:  GRADING: EVICT  6
STATEMENT:  SELECT * FROM raw_r_tuples;
LOG:  GRADING: EVICT  7
STATEMENT:  SELECT * FROM raw_r_tuples;
LOG:  GRADING: EVICT  8
STATEMENT:  SELECT * FROM raw_r_tuples;
LOG:  GRADING: EVICT  9
STATEMENT:  SELECT * FROM raw_r_tuples;
LOG:  GRADING: EVICT 14
STATEMENT:  SELECT * FROM raw_r_tuples;
LOG:  GRADING: EVICT 17
STATEMENT:  SELECT * FROM raw_r_tuples;
LOG:  GRADING: EVICT 19
STATEMENT:  SELECT * FROM raw_r_tuples;
LOG:  GRADING: EVICT 21
STATEMENT:  SELECT * FROM raw_r_tuples;
LOG:  GRADING: EVICT 23
STATEMENT:  SELECT * FROM raw_r_tuples;
LOG:  GRADING: EVICT 24
STATEMENT:  SELECT * FROM raw_r_tuples;
LOG:  GRADING: EVICT 26
STATEMENT:  SELECT * FROM raw_r_tuples;
LOG:  GRADING: EVICT 29
STATEMENT:  SELECT * FROM raw_r_tuples;
LOG:  GRADING: EVICT 31
STATEMENT:  SELECT * FROM raw_r_tuples;
LOG:  GRADING: EVICT  2
STATEMENT:  SELECT * FROM raw_r_tuples;
LOG:  GRADING: EVICT  3
STATEMENT:  SELECT * FROM raw_r_tuples;
LOG:  GRADING: EVICT  4
STATEMENT:  SELECT * FROM raw_r_tuples;
LOG:  GRADING: EVICT 10
STATEMENT:  SELECT * FROM raw_r_tuples;
LOG:  GRADING: EVICT 11
STATEMENT:  SELECT * FROM raw_r_tuples;
LOG:  GRADING: EVICT 12
STATEMENT:  SELECT * FROM raw_r_tuples;
LOG:  GRADING: EVICT 13
STATEMENT:  SELECT * FROM raw_r_tuples;
LOG:  GRADING: EVICT 15
STATEMENT:  SELECT * FROM raw_r_tuples;
LOG:  EXECUTOR STATISTICS
DETAIL:  ! system usage stats:
	!	0.094867 elapsed 0.008001 user 0.024001 system sec
	!	[0.032002 user 0.072004 sys total]
	!	0/8 [0/200] filesystem blocks in/out
	!	0/0 [0/766] page faults/reclaims, 0 [0] swaps
	!	0 [0] signals rcvd, 0/0 [0/0] messages rcvd/sent
	!	0/103 [2/173] voluntary/involuntary context switches
	! buffer usage stats:
	!	Shared blocks:         53 read,          0 written, buffer hit rate = 0.00%
	!	Local  blocks:          0 read,          0 written, buffer hit rate = 0.00%
	!	Direct blocks:          0 read,          0 written
STATEMENT:  SELECT * FROM raw_r_tuples;
LOG:  GRADING: EVICT 16
STATEMENT:  SELECT * FROM raw_r_tuples;
LOG:  GRADING: EVICT 18
STATEMENT:  SELECT * FROM raw_r_tuples;
LOG:  GRADING: EVICT 20
STATEMENT:  SELECT * FROM raw_r_tuples;
LOG:  GRADING: EVICT 22
STATEMENT:  SELECT * FROM raw_r_tuples;
LOG:  GRADING: EVICT 25
STATEMENT:  SELECT * FROM raw_r_tuples;
LOG:  GRADING: EVICT 27
STATEMENT:  SELECT * FROM raw_r_tuples;
LOG:  GRADING: EVICT 28
STATEMENT:  SELECT * FROM raw_r_tuples;
LOG:  GRADING: EVICT 30
STATEMENT:  SELECT * FROM raw_r_tuples;
LOG:  GRADING: EVICT  0
STATEMENT:  SELECT * FROM raw_r_tuples;
LOG:  GRADING: EVICT  1
STATEMENT:  SELECT * FROM raw_r_tuples;
LOG:  GRADING: EVICT  5
STATEMENT:  SELECT * FROM raw_r_tuples;
LOG:  GRADING: EVICT  6
STATEMENT:  SELECT * FROM raw_r_tuples;
LOG:  GRADING: EVICT  7
STATEMENT:  SELECT * FROM raw_r_tuples;
LOG:  GRADING: EVICT  8
STATEMENT:  SELECT * FROM raw_r_tuples;
LOG:  GRADING: EVICT  9
STATEMENT:  SELECT * FROM raw_r_tuples;
LOG:  GRADING: EVICT 14
STATEMENT:  SELECT * FROM raw_r_tuples;
LOG:  GRADING: EVICT 17
STATEMENT:  SELECT * FROM raw_r_tuples;
LOG:  GRADING: EVICT 19
STATEMENT:  SELECT * FROM raw_r_tuples;
LOG:  GRADING: EVICT 21
STATEMENT:  SELECT * FROM raw_r_tuples;
LOG:  GRADING: EVICT 23
STATEMENT:  SELECT * FROM raw_r_tuples;
LOG:  GRADING: EVICT 24
STATEMENT:  SELECT * FROM raw_r_tuples;
LOG:  GRADING: EVICT 26
STATEMENT:  SELECT * FROM raw_r_tuples;
LOG:  GRADING: EVICT 29
STATEMENT:  SELECT * FROM raw_r_tuples;
LOG:  GRADING: EVICT 31
STATEMENT:  SELECT * FROM raw_r_tuples;
LOG:  GRADING: EVICT  2
STATEMENT:  SELECT * FROM raw_r_tuples;
LOG:  GRADING: EVICT  3
STATEMENT:  SELECT * FROM raw_r_tuples;
LOG:  GRADING: EVICT  4
STATEMENT:  SELECT * FROM raw_r_tuples;
LOG:  GRADING: EVICT 10
STATEMENT:  SELECT * FROM raw_r_tuples;
LOG:  GRADING: EVICT 11
STATEMENT:  SELECT * FROM raw_r_tuples;
LOG:  GRADING: EVICT 12
STATEMENT:  SELECT * FROM raw_r_tuples;
LOG:  GRADING: EVICT 13
STATEMENT:  SELECT * FROM raw_r_tuples;
LOG:  GRADING: EVICT 15
STATEMENT:  SELECT * FROM raw_r_tuples;
LOG:  GRADING: EVICT 16
STATEMENT:  SELECT * FROM raw_r_tuples;
LOG:  GRADING: EVICT 18
STATEMENT:  SELECT * FROM raw_r_tuples;
LOG:  GRADING: EVICT 20
STATEMENT:  SELECT * FROM raw_r_tuples;
LOG:  GRADING: EVICT 22
STATEMENT:  SELECT * FROM raw_r_tuples;
LOG:  GRADING: EVICT 25
STATEMENT:  SELECT * FROM raw_r_tuples;
LOG:  GRADING: EVICT 27
STATEMENT:  SELECT * FROM raw_r_tuples;
LOG:  GRADING: EVICT 28
STATEMENT:  SELECT * FROM raw_r_tuples;
LOG:  GRADING: EVICT 30
STATEMENT:  SELECT * FROM raw_r_tuples;
LOG:  GRADING: EVICT  0
STATEMENT:  SELECT * FROM raw_r_tuples;
LOG:  GRADING: EVICT  1
STATEMENT:  SELECT * FROM raw_r_tuples;
LOG:  GRADING: EVICT  5
STATEMENT:  SELECT * FROM raw_r_tuples;
LOG:  GRADING: EVICT  6
STATEMENT:  SELECT * FROM raw_r_tuples;
LOG:  GRADING: EVICT  7
STATEMENT:  SELECT * FROM raw_r_tuples;
LOG:  GRADING: EVICT  8
STATEMENT:  SELECT * FROM raw_r_tuples;
LOG:  GRADING: EVICT  9
STATEMENT:  SELECT * FROM raw_r_tuples;
LOG:  GRADING: EVICT 14
STATEMENT:  SELECT * FROM raw_r_tuples;
LOG:  GRADING: EVICT 17
STATEMENT:  SELECT * FROM raw_r_tuples;
LOG:  GRADING: EVICT 19
STATEMENT:  SELECT * FROM raw_r_tuples;
LOG:  GRADING: EVICT 21
STATEMENT:  SELECT * FROM raw_r_tuples;
LOG:  GRADING: EVICT 23
STATEMENT:  SELECT * FROM raw_r_tuples;
LOG:  GRADING: EVICT 24
STATEMENT:  SELECT * FROM raw_r_tuples;
LOG:  EXECUTOR STATISTICS
DETAIL:  ! system usage stats:
	!	0.095250 elapsed 0.012000 user 0.020001 system sec
	!	[0.044002 user 0.092005 sys total]
	!	0/8 [0/208] filesystem blocks in/out
	!	0/0 [0/766] page faults/reclaims, 0 [0] swaps
	!	0 [0] signals rcvd, 0/0 [0/0] messages rcvd/sent
	!	0/106 [3/282] voluntary/involuntary context switches
	! buffer usage stats:
	!	Shared blocks:         53 read,          0 written, buffer hit rate = 0.00%
	!	Local  blocks:          0 read,          0 written, buffer hit rate = 0.00%
	!	Direct blocks:          0 read,          0 written
STATEMENT:  SELECT * FROM raw_r_tuples;
LOG:  GRADING: EVICT 26
LOG:  GRADING: EVICT 29
LOG:  GRADING: EVICT 31
LOG:  GRADING: EVICT  2
LOG:  GRADING: EVICT  3
LOG:  GRADING: EVICT  4
LOG:  GRADING: EVICT 10
LOG:  GRADING: EVICT 11
LOG:  GRADING: EVICT 12
LOG:  GRADING: EVICT 13
LOG:  GRADING: EVICT 15
LOG:  received smart shutdown request
LOG:  shutting down
LOG:  database system is shut down
LOG:  using buffer replacement policy: clock
LOG:  database system was shut down at 2012-10-24 16:52:23 PDT
LOG:  database system is ready to accept connections
LOG:  GRADING: EVICT  0
LOG:  GRADING: EVICT  1
LOG:  GRADING: EVICT  4
LOG:  GRADING: EVICT  5
LOG:  GRADING: EVICT  6
LOG:  GRADING: EVICT  7
LOG:  GRADING: EVICT  8
LOG:  GRADING: EVICT  9
LOG:  GRADING: EVICT 10
LOG:  GRADING: EVICT 11
LOG:  GRADING: EVICT 12
LOG:  GRADING: EVICT 13
LOG:  GRADING: EVICT 14
LOG:  GRADING: EVICT 15
LOG:  GRADING: EVICT 16
LOG:  GRADING: EVICT 17
LOG:  GRADING: EVICT 22
LOG:  GRADING: EVICT 29
LOG:  GRADING: EVICT 30
LOG:  GRADING: EVICT 31
LOG:  GRADING: EVICT 25
LOG:  GRADING: EVICT 26
LOG:  GRADING: EVICT 28
LOG:  GRADING: EVICT  0
LOG:  GRADING: EVICT  1
LOG:  GRADING: EVICT  4
LOG:  GRADING: EVICT  5
LOG:  GRADING: EVICT  6
LOG:  GRADING: EVICT  7
LOG:  GRADING: EVICT  8
LOG:  GRADING: EVICT  9
LOG:  GRADING: EVICT 10
LOG:  GRADING: EVICT 11
LOG:  GRADING: EVICT 12
LOG:  GRADING: EVICT 17
LOG:  GRADING: EVICT 22
LOG:  GRADING: EVICT 24
LOG:  GRADING: EVICT 27
LOG:  GRADING: EVICT 29
LOG:  GRADING: EVICT 13
LOG:  GRADING: EVICT 15
LOG:  GRADING: EVICT 23
LOG:  GRADING: EVICT 25
LOG:  GRADING: EVICT 26
LOG:  GRADING: EVICT 28
LOG:  GRADING: EVICT  1
LOG:  GRADING: EVICT  7
LOG:  GRADING: EVICT 10
LOG:  GRADING: EVICT 14
LOG:  GRADING: EVICT 19
LOG:  GRADING: EVICT 15
LOG:  GRADING: EVICT 16
LOG:  GRADING: EVICT 22
LOG:  GRADING: EVICT 24
LOG:  GRADING: EVICT 27
LOG:  GRADING: EVICT 29
LOG:  GRADING: EVICT  7
LOG:  GRADING: EVICT 11
LOG:  GRADING: EVICT 12
LOG:  GRADING: EVICT 13
LOG:  GRADING: EVICT 17 at character 15
STATEMENT:  SELECT * FROM raw_r_tuples;
LOG:  GRADING: EVICT 19 at character 15
STATEMENT:  SELECT * FROM raw_r_tuples;
LOG:  GRADING: EVICT 30 at character 15
STATEMENT:  SELECT * FROM raw_r_tuples;
LOG:  GRADING: EVICT 14 at character 15
STATEMENT:  SELECT * FROM raw_r_tuples;
LOG:  GRADING: EVICT 15 at character 15
STATEMENT:  SELECT * FROM raw_r_tuples;
LOG:  GRADING: EVICT 22 at character 15
STATEMENT:  SELECT * FROM raw_r_tuples;
LOG:  GRADING: EVICT 23 at character 15
STATEMENT:  SELECT * FROM raw_r_tuples;
LOG:  GRADING: EVICT 24 at character 15
STATEMENT:  SELECT * FROM raw_r_tuples;
LOG:  GRADING: EVICT 29
STATEMENT:  SELECT * FROM raw_r_tuples;
LOG:  GRADING: EVICT  2
STATEMENT:  SELECT * FROM raw_r_tuples;
LOG:  GRADING: EVICT  7
STATEMENT:  SELECT * FROM raw_r_tuples;
LOG:  GRADING: EVICT 10
STATEMENT:  SELECT * FROM raw_r_tuples;
LOG:  GRADING: EVICT 11
STATEMENT:  SELECT * FROM raw_r_tuples;
LOG:  GRADING: EVICT 12
STATEMENT:  SELECT * FROM raw_r_tuples;
LOG:  GRADING: EVICT 13
STATEMENT:  SELECT * FROM raw_r_tuples;
LOG:  GRADING: EVICT 17
STATEMENT:  SELECT * FROM raw_r_tuples;
LOG:  GRADING: EVICT 27
STATEMENT:  SELECT * FROM raw_r_tuples;
LOG:  GRADING: EVICT 30
STATEMENT:  SELECT * FROM raw_r_tuples;
LOG:  GRADING: EVICT 14
STATEMENT:  SELECT * FROM raw_r_tuples;
LOG:  GRADING: EVICT 19
STATEMENT:  SELECT * FROM raw_r_tuples;
LOG:  GRADING: EVICT 21
STATEMENT:  SELECT * FROM raw_r_tuples;
LOG:  GRADING: EVICT 23
STATEMENT:  SELECT * FROM raw_r_tuples;
LOG:  GRADING: EVICT 24
STATEMENT:  SELECT * FROM raw_r_tuples;
LOG:  GRADING: EVICT 26
STATEMENT:  SELECT * FROM raw_r_tuples;
LOG:  GRADING: EVICT 29
STATEMENT:  SELECT * FROM raw_r_tuples;
LOG:  GRADING: EVICT 31
STATEMENT:  SELECT * FROM raw_r_tuples;
LOG:  GRADING: EVICT  3
STATEMENT:  SELECT * FROM raw_r_tuples;
LOG:  GRADING: EVICT  7
STATEMENT:  SELECT * FROM raw_r_tuples;
LOG:  GRADING: EVICT 11
STATEMENT:  SELECT * FROM raw_r_tuples;
LOG:  GRADING: EVICT 13
STATEMENT:  SELECT * FROM raw_r_tuples;
LOG:  GRADING: EVICT 15
STATEMENT:  SELECT * FROM raw_r_tuples;
LOG:  GRADING: EVICT 16
STATEMENT:  SELECT * FROM raw_r_tuples;
LOG:  GRADING: EVICT 17
STATEMENT:  SELECT * FROM raw_r_tuples;
LOG:  GRADING: EVICT 18
STATEMENT:  SELECT * FROM raw_r_tuples;
LOG:  GRADING: EVICT 20
STATEMENT:  SELECT * FROM raw_r_tuples;
LOG:  GRADING: EVICT 22
STATEMENT:  SELECT * FROM raw_r_tuples;
LOG:  GRADING: EVICT 25
STATEMENT:  SELECT * FROM raw_r_tuples;
LOG:  GRADING: EVICT 27
STATEMENT:  SELECT * FROM raw_r_tuples;
LOG:  GRADING: EVICT 28
STATEMENT:  SELECT * FROM raw_r_tuples;
LOG:  GRADING: EVICT 30
STATEMENT:  SELECT * FROM raw_r_tuples;
LOG:  GRADING: EVICT  1
STATEMENT:  SELECT * FROM raw_r_tuples;
LOG:  EXECUTOR STATISTICS
DETAIL:  ! system usage stats:
	!	0.032362 elapsed 0.008001 user 0.008001 system sec
	!	[0.020001 user 0.036002 sys total]
	!	0/0 [0/192] filesystem blocks in/out
	!	0/18 [0/760] page faults/reclaims, 0 [0] swaps
	!	0 [0] signals rcvd, 0/0 [0/0] messages rcvd/sent
	!	0/26 [1/36] voluntary/involuntary context switches
	! buffer usage stats:
	!	Shared blocks:         27 read,          0 written, buffer hit rate = 0.00%
	!	Local  blocks:          0 read,          0 written, buffer hit rate = 0.00%
	!	Direct blocks:          0 read,          0 written
STATEMENT:  SELECT * FROM raw_r_tuples;
LOG:  GRADING: EVICT  5
STATEMENT:  SELECT * FROM raw_r_tuples;
LOG:  GRADING: EVICT  6
STATEMENT:  SELECT * FROM raw_r_tuples;
LOG:  GRADING: EVICT  8
STATEMENT:  SELECT * FROM raw_r_tuples;
LOG:  GRADING: EVICT 12
STATEMENT:  SELECT * FROM raw_r_tuples;
LOG:  EXECUTOR STATISTICS
DETAIL:  ! system usage stats:
	!	0.025674 elapsed 0.008000 user 0.008000 system sec
	!	[0.028001 user 0.044002 sys total]
	!	0/0 [0/192] filesystem blocks in/out
	!	0/0 [0/763] page faults/reclaims, 0 [0] swaps
	!	0 [0] signals rcvd, 0/0 [0/0] messages rcvd/sent
	!	0/29 [2/68] voluntary/involuntary context switches
	! buffer usage stats:
	!	Shared blocks:          4 read,          0 written, buffer hit rate = 85.19%
	!	Local  blocks:          0 read,          0 written, buffer hit rate = 0.00%
	!	Direct blocks:          0 read,          0 written
STATEMENT:  SELECT * FROM raw_r_tuples;
LOG:  EXECUTOR STATISTICS
DETAIL:  ! system usage stats:
	!	0.022102 elapsed 0.012001 user 0.000000 system sec
	!	[0.040002 user 0.044002 sys total]
	!	0/0 [0/200] filesystem blocks in/out
	!	0/0 [0/763] page faults/reclaims, 0 [0] swaps
	!	0 [0] signals rcvd, 0/0 [0/0] messages rcvd/sent
	!	0/24 [3/95] voluntary/involuntary context switches
	! buffer usage stats:
	!	Shared blocks:          0 read,          0 written, buffer hit rate = 100.00%
	!	Local  blocks:          0 read,          0 written, buffer hit rate = 0.00%
	!	Direct blocks:          0 read,          0 written
STATEMENT:  SELECT * FROM raw_r_tuples;
LOG:  received smart shutdown request
LOG:  shutting down
LOG:  database system is shut down
LOG:  using buffer replacement policy: clock
LOG:  database system was shut down at 2012-10-24 17:56:10 PDT
LOG:  database system is ready to accept connections
LOG:  GRADING: EVICT  0
LOG:  GRADING: EVICT  1
LOG:  GRADING: EVICT  4
LOG:  GRADING: EVICT  5
LOG:  GRADING: EVICT  6
LOG:  GRADING: EVICT  7
LOG:  GRADING: EVICT  8
LOG:  GRADING: EVICT  9
LOG:  GRADING: EVICT 10
LOG:  GRADING: EVICT 11
LOG:  GRADING: EVICT 12
LOG:  GRADING: EVICT 13
LOG:  GRADING: EVICT 14
LOG:  GRADING: EVICT 15
LOG:  GRADING: EVICT 16
LOG:  GRADING: EVICT 17
LOG:  GRADING: EVICT 22
LOG:  GRADING: EVICT 29
LOG:  GRADING: EVICT 30
LOG:  GRADING: EVICT 31
LOG:  GRADING: EVICT 25
LOG:  GRADING: EVICT 26
LOG:  GRADING: EVICT 28
LOG:  GRADING: EVICT  0
LOG:  GRADING: EVICT  1
LOG:  GRADING: EVICT  4
LOG:  GRADING: EVICT  5
LOG:  GRADING: EVICT  6
LOG:  GRADING: EVICT  7
LOG:  GRADING: EVICT  8
LOG:  GRADING: EVICT  9
LOG:  GRADING: EVICT 10
LOG:  GRADING: EVICT 11
LOG:  GRADING: EVICT 12
LOG:  GRADING: EVICT 17
LOG:  GRADING: EVICT 22
LOG:  GRADING: EVICT 24
LOG:  GRADING: EVICT 27
LOG:  GRADING: EVICT 29
LOG:  GRADING: EVICT 13
LOG:  GRADING: EVICT 15
LOG:  GRADING: EVICT 23
LOG:  GRADING: EVICT 25
LOG:  GRADING: EVICT 26
LOG:  GRADING: EVICT 28
LOG:  GRADING: EVICT  1
LOG:  GRADING: EVICT  7
LOG:  GRADING: EVICT 10
LOG:  GRADING: EVICT 14
LOG:  GRADING: EVICT 19
LOG:  GRADING: EVICT 15
LOG:  GRADING: EVICT 16
LOG:  GRADING: EVICT 22
LOG:  GRADING: EVICT 24
LOG:  GRADING: EVICT 27
LOG:  GRADING: EVICT 29
LOG:  GRADING: EVICT  7
LOG:  GRADING: EVICT 11
LOG:  GRADING: EVICT 12
LOG:  GRADING: EVICT 13
LOG:  GRADING: EVICT 17 at character 15
STATEMENT:  SELECT * FROM raw_r_tuples;
LOG:  GRADING: EVICT 19 at character 15
STATEMENT:  SELECT * FROM raw_r_tuples;
LOG:  GRADING: EVICT 30 at character 15
STATEMENT:  SELECT * FROM raw_r_tuples;
LOG:  GRADING: EVICT 14 at character 15
STATEMENT:  SELECT * FROM raw_r_tuples;
LOG:  GRADING: EVICT 15 at character 15
STATEMENT:  SELECT * FROM raw_r_tuples;
LOG:  GRADING: EVICT 22 at character 15
STATEMENT:  SELECT * FROM raw_r_tuples;
LOG:  GRADING: EVICT 23 at character 15
STATEMENT:  SELECT * FROM raw_r_tuples;
LOG:  GRADING: EVICT 24 at character 15
STATEMENT:  SELECT * FROM raw_r_tuples;
LOG:  GRADING: EVICT 29
STATEMENT:  SELECT * FROM raw_r_tuples;
LOG:  GRADING: EVICT  2
STATEMENT:  SELECT * FROM raw_r_tuples;
LOG:  GRADING: EVICT  7
STATEMENT:  SELECT * FROM raw_r_tuples;
LOG:  GRADING: EVICT 10
STATEMENT:  SELECT * FROM raw_r_tuples;
LOG:  GRADING: EVICT 11
STATEMENT:  SELECT * FROM raw_r_tuples;
LOG:  GRADING: EVICT 12
STATEMENT:  SELECT * FROM raw_r_tuples;
LOG:  GRADING: EVICT 13
STATEMENT:  SELECT * FROM raw_r_tuples;
LOG:  GRADING: EVICT 17
STATEMENT:  SELECT * FROM raw_r_tuples;
LOG:  GRADING: EVICT 27
STATEMENT:  SELECT * FROM raw_r_tuples;
LOG:  GRADING: EVICT 30
STATEMENT:  SELECT * FROM raw_r_tuples;
LOG:  GRADING: EVICT 14
STATEMENT:  SELECT * FROM raw_r_tuples;
LOG:  GRADING: EVICT 19
STATEMENT:  SELECT * FROM raw_r_tuples;
LOG:  GRADING: EVICT 21
STATEMENT:  SELECT * FROM raw_r_tuples;
LOG:  GRADING: EVICT 23
STATEMENT:  SELECT * FROM raw_r_tuples;
LOG:  GRADING: EVICT 24
STATEMENT:  SELECT * FROM raw_r_tuples;
LOG:  GRADING: EVICT 26
STATEMENT:  SELECT * FROM raw_r_tuples;
LOG:  GRADING: EVICT 29
STATEMENT:  SELECT * FROM raw_r_tuples;
LOG:  GRADING: EVICT 31
STATEMENT:  SELECT * FROM raw_r_tuples;
LOG:  GRADING: EVICT  3
STATEMENT:  SELECT * FROM raw_r_tuples;
LOG:  GRADING: EVICT  7
STATEMENT:  SELECT * FROM raw_r_tuples;
LOG:  GRADING: EVICT 11
STATEMENT:  SELECT * FROM raw_r_tuples;
LOG:  GRADING: EVICT 13
STATEMENT:  SELECT * FROM raw_r_tuples;
LOG:  GRADING: EVICT 15
STATEMENT:  SELECT * FROM raw_r_tuples;
LOG:  GRADING: EVICT 16
STATEMENT:  SELECT * FROM raw_r_tuples;
LOG:  GRADING: EVICT 17
STATEMENT:  SELECT * FROM raw_r_tuples;
LOG:  GRADING: EVICT 18
STATEMENT:  SELECT * FROM raw_r_tuples;
LOG:  GRADING: EVICT 20
STATEMENT:  SELECT * FROM raw_r_tuples;
LOG:  GRADING: EVICT 22
STATEMENT:  SELECT * FROM raw_r_tuples;
LOG:  GRADING: EVICT 25
STATEMENT:  SELECT * FROM raw_r_tuples;
LOG:  GRADING: EVICT 27
STATEMENT:  SELECT * FROM raw_r_tuples;
LOG:  GRADING: EVICT 28
STATEMENT:  SELECT * FROM raw_r_tuples;
LOG:  GRADING: EVICT 30
STATEMENT:  SELECT * FROM raw_r_tuples;
LOG:  GRADING: EVICT  1
STATEMENT:  SELECT * FROM raw_r_tuples;
LOG:  EXECUTOR STATISTICS
DETAIL:  ! system usage stats:
	!	0.040396 elapsed 0.008001 user 0.008001 system sec
	!	[0.020001 user 0.032002 sys total]
	!	0/8 [0/200] filesystem blocks in/out
	!	0/20 [0/766] page faults/reclaims, 0 [0] swaps
	!	0 [0] signals rcvd, 0/0 [0/0] messages rcvd/sent
	!	0/52 [1/75] voluntary/involuntary context switches
	! buffer usage stats:
	!	Shared blocks:         27 read,          0 written, buffer hit rate = 0.00%
	!	Local  blocks:          0 read,          0 written, buffer hit rate = 0.00%
	!	Direct blocks:          0 read,          0 written
STATEMENT:  SELECT * FROM raw_r_tuples;
LOG:  GRADING: EVICT  5
STATEMENT:  SELECT * FROM raw_r_tuples;
LOG:  GRADING: EVICT  6
STATEMENT:  SELECT * FROM raw_r_tuples;
LOG:  GRADING: EVICT  8
STATEMENT:  SELECT * FROM raw_r_tuples;
LOG:  GRADING: EVICT 12
STATEMENT:  SELECT * FROM raw_r_tuples;
LOG:  EXECUTOR STATISTICS
DETAIL:  ! system usage stats:
	!	0.022831 elapsed 0.008000 user 0.004000 system sec
	!	[0.028001 user 0.040002 sys total]
	!	0/0 [0/200] filesystem blocks in/out
	!	0/0 [0/769] page faults/reclaims, 0 [0] swaps
	!	0 [0] signals rcvd, 0/0 [0/0] messages rcvd/sent
	!	0/31 [2/110] voluntary/involuntary context switches
	! buffer usage stats:
	!	Shared blocks:          4 read,          0 written, buffer hit rate = 85.19%
	!	Local  blocks:          0 read,          0 written, buffer hit rate = 0.00%
	!	Direct blocks:          0 read,          0 written
STATEMENT:  SELECT * FROM raw_r_tuples;
LOG:  EXECUTOR STATISTICS
DETAIL:  ! system usage stats:
	!	0.020856 elapsed 0.008001 user 0.008001 system sec
	!	[0.036002 user 0.048003 sys total]
	!	0/0 [0/200] filesystem blocks in/out
	!	0/0 [0/769] page faults/reclaims, 0 [0] swaps
	!	0 [0] signals rcvd, 0/0 [0/0] messages rcvd/sent
	!	0/27 [3/140] voluntary/involuntary context switches
	! buffer usage stats:
	!	Shared blocks:          0 read,          0 written, buffer hit rate = 100.00%
	!	Local  blocks:          0 read,          0 written, buffer hit rate = 0.00%
	!	Direct blocks:          0 read,          0 written
STATEMENT:  SELECT * FROM raw_r_tuples;
LOG:  GRADING: EVICT  4 at character 31
STATEMENT:  SELECT * FROM raw_r_tuples r, raw_s_tuples s WHERE r.pkey = s.pkey;
LOG:  GRADING: EVICT 10 at character 31
STATEMENT:  SELECT * FROM raw_r_tuples r, raw_s_tuples s WHERE r.pkey = s.pkey;
LOG:  GRADING: EVICT 13 at character 31
STATEMENT:  SELECT * FROM raw_r_tuples r, raw_s_tuples s WHERE r.pkey = s.pkey;
LOG:  GRADING: EVICT 14 at character 31
STATEMENT:  SELECT * FROM raw_r_tuples r, raw_s_tuples s WHERE r.pkey = s.pkey;
LOG:  GRADING: EVICT 15 at character 31
STATEMENT:  SELECT * FROM raw_r_tuples r, raw_s_tuples s WHERE r.pkey = s.pkey;
LOG:  GRADING: EVICT 16
STATEMENT:  SELECT * FROM raw_r_tuples r, raw_s_tuples s WHERE r.pkey = s.pkey;
LOG:  GRADING: EVICT 17
STATEMENT:  SELECT * FROM raw_r_tuples r, raw_s_tuples s WHERE r.pkey = s.pkey;
LOG:  GRADING: EVICT 18
STATEMENT:  SELECT * FROM raw_r_tuples r, raw_s_tuples s WHERE r.pkey = s.pkey;
LOG:  GRADING: EVICT 19
STATEMENT:  SELECT * FROM raw_r_tuples r, raw_s_tuples s WHERE r.pkey = s.pkey;
LOG:  GRADING: EVICT 20
STATEMENT:  SELECT * FROM raw_r_tuples r, raw_s_tuples s WHERE r.pkey = s.pkey;
LOG:  GRADING: EVICT 21
STATEMENT:  SELECT * FROM raw_r_tuples r, raw_s_tuples s WHERE r.pkey = s.pkey;
LOG:  GRADING: EVICT 22
STATEMENT:  SELECT * FROM raw_r_tuples r, raw_s_tuples s WHERE r.pkey = s.pkey;
LOG:  GRADING: EVICT 23
STATEMENT:  SELECT * FROM raw_r_tuples r, raw_s_tuples s WHERE r.pkey = s.pkey;
LOG:  GRADING: EVICT 24
STATEMENT:  SELECT * FROM raw_r_tuples r, raw_s_tuples s WHERE r.pkey = s.pkey;
LOG:  GRADING: EVICT 25
STATEMENT:  SELECT * FROM raw_r_tuples r, raw_s_tuples s WHERE r.pkey = s.pkey;
LOG:  GRADING: EVICT 26
STATEMENT:  SELECT * FROM raw_r_tuples r, raw_s_tuples s WHERE r.pkey = s.pkey;
LOG:  GRADING: EVICT 27
STATEMENT:  SELECT * FROM raw_r_tuples r, raw_s_tuples s WHERE r.pkey = s.pkey;
LOG:  GRADING: EVICT 28
STATEMENT:  SELECT * FROM raw_r_tuples r, raw_s_tuples s WHERE r.pkey = s.pkey;
LOG:  GRADING: EVICT 29
STATEMENT:  SELECT * FROM raw_r_tuples r, raw_s_tuples s WHERE r.pkey = s.pkey;
LOG:  GRADING: EVICT 30
STATEMENT:  SELECT * FROM raw_r_tuples r, raw_s_tuples s WHERE r.pkey = s.pkey;
LOG:  GRADING: EVICT 31
STATEMENT:  SELECT * FROM raw_r_tuples r, raw_s_tuples s WHERE r.pkey = s.pkey;
LOG:  GRADING: EVICT  1
STATEMENT:  SELECT * FROM raw_r_tuples r, raw_s_tuples s WHERE r.pkey = s.pkey;
LOG:  GRADING: EVICT  3
STATEMENT:  SELECT * FROM raw_r_tuples r, raw_s_tuples s WHERE r.pkey = s.pkey;
LOG:  GRADING: EVICT  6
STATEMENT:  SELECT * FROM raw_r_tuples r, raw_s_tuples s WHERE r.pkey = s.pkey;
LOG:  GRADING: EVICT  7
STATEMENT:  SELECT * FROM raw_r_tuples r, raw_s_tuples s WHERE r.pkey = s.pkey;
LOG:  GRADING: EVICT  8
STATEMENT:  SELECT * FROM raw_r_tuples r, raw_s_tuples s WHERE r.pkey = s.pkey;
LOG:  GRADING: EVICT 11
STATEMENT:  SELECT * FROM raw_r_tuples r, raw_s_tuples s WHERE r.pkey = s.pkey;
LOG:  GRADING: EVICT 12
STATEMENT:  SELECT * FROM raw_r_tuples r, raw_s_tuples s WHERE r.pkey = s.pkey;
LOG:  GRADING: EVICT 16
STATEMENT:  SELECT * FROM raw_r_tuples r, raw_s_tuples s WHERE r.pkey = s.pkey;
LOG:  GRADING: EVICT 17
STATEMENT:  SELECT * FROM raw_r_tuples r, raw_s_tuples s WHERE r.pkey = s.pkey;
LOG:  GRADING: EVICT 18
STATEMENT:  SELECT * FROM raw_r_tuples r, raw_s_tuples s WHERE r.pkey = s.pkey;
LOG:  GRADING: EVICT 20
STATEMENT:  SELECT * FROM raw_r_tuples r, raw_s_tuples s WHERE r.pkey = s.pkey;
LOG:  GRADING: EVICT 21
STATEMENT:  SELECT * FROM raw_r_tuples r, raw_s_tuples s WHERE r.pkey = s.pkey;
LOG:  GRADING: EVICT 22
STATEMENT:  SELECT * FROM raw_r_tuples r, raw_s_tuples s WHERE r.pkey = s.pkey;
LOG:  GRADING: EVICT 23
STATEMENT:  SELECT * FROM raw_r_tuples r, raw_s_tuples s WHERE r.pkey = s.pkey;
LOG:  GRADING: EVICT 24
STATEMENT:  SELECT * FROM raw_r_tuples r, raw_s_tuples s WHERE r.pkey = s.pkey;
LOG:  GRADING: EVICT 25
STATEMENT:  SELECT * FROM raw_r_tuples r, raw_s_tuples s WHERE r.pkey = s.pkey;
LOG:  GRADING: EVICT 26
STATEMENT:  SELECT * FROM raw_r_tuples r, raw_s_tuples s WHERE r.pkey = s.pkey;
LOG:  GRADING: EVICT 27
STATEMENT:  SELECT * FROM raw_r_tuples r, raw_s_tuples s WHERE r.pkey = s.pkey;
LOG:  GRADING: EVICT 28
STATEMENT:  SELECT * FROM raw_r_tuples r, raw_s_tuples s WHERE r.pkey = s.pkey;
LOG:  GRADING: EVICT 30
STATEMENT:  SELECT * FROM raw_r_tuples r, raw_s_tuples s WHERE r.pkey = s.pkey;
LOG:  GRADING: EVICT 31
STATEMENT:  SELECT * FROM raw_r_tuples r, raw_s_tuples s WHERE r.pkey = s.pkey;
LOG:  GRADING: EVICT  0
STATEMENT:  SELECT * FROM raw_r_tuples r, raw_s_tuples s WHERE r.pkey = s.pkey;
LOG:  GRADING: EVICT  1
STATEMENT:  SELECT * FROM raw_r_tuples r, raw_s_tuples s WHERE r.pkey = s.pkey;
LOG:  GRADING: EVICT  3
STATEMENT:  SELECT * FROM raw_r_tuples r, raw_s_tuples s WHERE r.pkey = s.pkey;
LOG:  GRADING: EVICT  4
STATEMENT:  SELECT * FROM raw_r_tuples r, raw_s_tuples s WHERE r.pkey = s.pkey;
LOG:  GRADING: EVICT  6
STATEMENT:  SELECT * FROM raw_r_tuples r, raw_s_tuples s WHERE r.pkey = s.pkey;
LOG:  GRADING: EVICT  7
STATEMENT:  SELECT * FROM raw_r_tuples r, raw_s_tuples s WHERE r.pkey = s.pkey;
LOG:  GRADING: EVICT  8
STATEMENT:  SELECT * FROM raw_r_tuples r, raw_s_tuples s WHERE r.pkey = s.pkey;
LOG:  GRADING: EVICT 10
STATEMENT:  SELECT * FROM raw_r_tuples r, raw_s_tuples s WHERE r.pkey = s.pkey;
LOG:  GRADING: EVICT 11
STATEMENT:  SELECT * FROM raw_r_tuples r, raw_s_tuples s WHERE r.pkey = s.pkey;
LOG:  GRADING: EVICT 19
STATEMENT:  SELECT * FROM raw_r_tuples r, raw_s_tuples s WHERE r.pkey = s.pkey;
LOG:  GRADING: EVICT 29
STATEMENT:  SELECT * FROM raw_r_tuples r, raw_s_tuples s WHERE r.pkey = s.pkey;
LOG:  GRADING: EVICT  9
STATEMENT:  SELECT * FROM raw_r_tuples r, raw_s_tuples s WHERE r.pkey = s.pkey;
LOG:  GRADING: EVICT 13
STATEMENT:  SELECT * FROM raw_r_tuples r, raw_s_tuples s WHERE r.pkey = s.pkey;
LOG:  GRADING: EVICT 14
STATEMENT:  SELECT * FROM raw_r_tuples r, raw_s_tuples s WHERE r.pkey = s.pkey;
LOG:  GRADING: EVICT 15
STATEMENT:  SELECT * FROM raw_r_tuples r, raw_s_tuples s WHERE r.pkey = s.pkey;
LOG:  GRADING: EVICT 16
STATEMENT:  SELECT * FROM raw_r_tuples r, raw_s_tuples s WHERE r.pkey = s.pkey;
LOG:  GRADING: EVICT 17
STATEMENT:  SELECT * FROM raw_r_tuples r, raw_s_tuples s WHERE r.pkey = s.pkey;
LOG:  GRADING: EVICT 18
STATEMENT:  SELECT * FROM raw_r_tuples r, raw_s_tuples s WHERE r.pkey = s.pkey;
LOG:  GRADING: EVICT 20
STATEMENT:  SELECT * FROM raw_r_tuples r, raw_s_tuples s WHERE r.pkey = s.pkey;
LOG:  GRADING: EVICT 21
STATEMENT:  SELECT * FROM raw_r_tuples r, raw_s_tuples s WHERE r.pkey = s.pkey;
LOG:  GRADING: EVICT 22
STATEMENT:  SELECT * FROM raw_r_tuples r, raw_s_tuples s WHERE r.pkey = s.pkey;
LOG:  GRADING: EVICT 23
STATEMENT:  SELECT * FROM raw_r_tuples r, raw_s_tuples s WHERE r.pkey = s.pkey;
LOG:  GRADING: EVICT 24
STATEMENT:  SELECT * FROM raw_r_tuples r, raw_s_tuples s WHERE r.pkey = s.pkey;
LOG:  GRADING: EVICT 25
STATEMENT:  SELECT * FROM raw_r_tuples r, raw_s_tuples s WHERE r.pkey = s.pkey;
LOG:  GRADING: EVICT 26
STATEMENT:  SELECT * FROM raw_r_tuples r, raw_s_tuples s WHERE r.pkey = s.pkey;
LOG:  GRADING: EVICT 27
STATEMENT:  SELECT * FROM raw_r_tuples r, raw_s_tuples s WHERE r.pkey = s.pkey;
LOG:  GRADING: EVICT 28
STATEMENT:  SELECT * FROM raw_r_tuples r, raw_s_tuples s WHERE r.pkey = s.pkey;
LOG:  GRADING: EVICT 30
STATEMENT:  SELECT * FROM raw_r_tuples r, raw_s_tuples s WHERE r.pkey = s.pkey;
LOG:  GRADING: EVICT 31
STATEMENT:  SELECT * FROM raw_r_tuples r, raw_s_tuples s WHERE r.pkey = s.pkey;
LOG:  GRADING: EVICT  0
STATEMENT:  SELECT * FROM raw_r_tuples r, raw_s_tuples s WHERE r.pkey = s.pkey;
LOG:  GRADING: EVICT  1
STATEMENT:  SELECT * FROM raw_r_tuples r, raw_s_tuples s WHERE r.pkey = s.pkey;
LOG:  GRADING: EVICT  2
STATEMENT:  SELECT * FROM raw_r_tuples r, raw_s_tuples s WHERE r.pkey = s.pkey;
LOG:  GRADING: EVICT  5
STATEMENT:  SELECT * FROM raw_r_tuples r, raw_s_tuples s WHERE r.pkey = s.pkey;
LOG:  GRADING: EVICT 13
STATEMENT:  SELECT * FROM raw_r_tuples r, raw_s_tuples s WHERE r.pkey = s.pkey;
LOG:  GRADING: EVICT 14
STATEMENT:  SELECT * FROM raw_r_tuples r, raw_s_tuples s WHERE r.pkey = s.pkey;
LOG:  GRADING: EVICT 15
STATEMENT:  SELECT * FROM raw_r_tuples r, raw_s_tuples s WHERE r.pkey = s.pkey;
LOG:  GRADING: EVICT 16
STATEMENT:  SELECT * FROM raw_r_tuples r, raw_s_tuples s WHERE r.pkey = s.pkey;
LOG:  GRADING: EVICT  5
STATEMENT:  SELECT * FROM raw_r_tuples r, raw_s_tuples s WHERE r.pkey = s.pkey;
LOG:  GRADING: EVICT 13
STATEMENT:  SELECT * FROM raw_r_tuples r, raw_s_tuples s WHERE r.pkey = s.pkey;
LOG:  GRADING: EVICT 14
STATEMENT:  SELECT * FROM raw_r_tuples r, raw_s_tuples s WHERE r.pkey = s.pkey;
LOG:  GRADING: EVICT 15
STATEMENT:  SELECT * FROM raw_r_tuples r, raw_s_tuples s WHERE r.pkey = s.pkey;
LOG:  GRADING: EVICT 16
STATEMENT:  SELECT * FROM raw_r_tuples r, raw_s_tuples s WHERE r.pkey = s.pkey;
LOG:  GRADING: EVICT  5
STATEMENT:  SELECT * FROM raw_r_tuples r, raw_s_tuples s WHERE r.pkey = s.pkey;
LOG:  GRADING: EVICT  6
STATEMENT:  SELECT * FROM raw_r_tuples r, raw_s_tuples s WHERE r.pkey = s.pkey;
LOG:  GRADING: EVICT  7
STATEMENT:  SELECT * FROM raw_r_tuples r, raw_s_tuples s WHERE r.pkey = s.pkey;
LOG:  GRADING: EVICT  8
STATEMENT:  SELECT * FROM raw_r_tuples r, raw_s_tuples s WHERE r.pkey = s.pkey;
LOG:  GRADING: EVICT 13
STATEMENT:  SELECT * FROM raw_r_tuples r, raw_s_tuples s WHERE r.pkey = s.pkey;
LOG:  GRADING: EVICT 14
STATEMENT:  SELECT * FROM raw_r_tuples r, raw_s_tuples s WHERE r.pkey = s.pkey;
LOG:  GRADING: EVICT 15
STATEMENT:  SELECT * FROM raw_r_tuples r, raw_s_tuples s WHERE r.pkey = s.pkey;
LOG:  GRADING: EVICT 16
STATEMENT:  SELECT * FROM raw_r_tuples r, raw_s_tuples s WHERE r.pkey = s.pkey;
LOG:  GRADING: EVICT 17
STATEMENT:  SELECT * FROM raw_r_tuples r, raw_s_tuples s WHERE r.pkey = s.pkey;
LOG:  GRADING: EVICT 18
STATEMENT:  SELECT * FROM raw_r_tuples r, raw_s_tuples s WHERE r.pkey = s.pkey;
LOG:  GRADING: EVICT 20
STATEMENT:  SELECT * FROM raw_r_tuples r, raw_s_tuples s WHERE r.pkey = s.pkey;
LOG:  GRADING: EVICT 21
STATEMENT:  SELECT * FROM raw_r_tuples r, raw_s_tuples s WHERE r.pkey = s.pkey;
LOG:  GRADING: EVICT 22
STATEMENT:  SELECT * FROM raw_r_tuples r, raw_s_tuples s WHERE r.pkey = s.pkey;
LOG:  GRADING: EVICT 23
STATEMENT:  SELECT * FROM raw_r_tuples r, raw_s_tuples s WHERE r.pkey = s.pkey;
LOG:  GRADING: EVICT 24
STATEMENT:  SELECT * FROM raw_r_tuples r, raw_s_tuples s WHERE r.pkey = s.pkey;
LOG:  GRADING: EVICT 25
STATEMENT:  SELECT * FROM raw_r_tuples r, raw_s_tuples s WHERE r.pkey = s.pkey;
LOG:  GRADING: EVICT 26
STATEMENT:  SELECT * FROM raw_r_tuples r, raw_s_tuples s WHERE r.pkey = s.pkey;
LOG:  GRADING: EVICT 27
STATEMENT:  SELECT * FROM raw_r_tuples r, raw_s_tuples s WHERE r.pkey = s.pkey;
LOG:  GRADING: EVICT 28
STATEMENT:  SELECT * FROM raw_r_tuples r, raw_s_tuples s WHERE r.pkey = s.pkey;
LOG:  GRADING: EVICT 30
STATEMENT:  SELECT * FROM raw_r_tuples r, raw_s_tuples s WHERE r.pkey = s.pkey;
LOG:  GRADING: EVICT 31
STATEMENT:  SELECT * FROM raw_r_tuples r, raw_s_tuples s WHERE r.pkey = s.pkey;
LOG:  GRADING: EVICT  0
STATEMENT:  SELECT * FROM raw_r_tuples r, raw_s_tuples s WHERE r.pkey = s.pkey;
LOG:  GRADING: EVICT  1
STATEMENT:  SELECT * FROM raw_r_tuples r, raw_s_tuples s WHERE r.pkey = s.pkey;
LOG:  GRADING: EVICT  2
STATEMENT:  SELECT * FROM raw_r_tuples r, raw_s_tuples s WHERE r.pkey = s.pkey;
LOG:  GRADING: EVICT  3
STATEMENT:  SELECT * FROM raw_r_tuples r, raw_s_tuples s WHERE r.pkey = s.pkey;
LOG:  GRADING: EVICT  4
STATEMENT:  SELECT * FROM raw_r_tuples r, raw_s_tuples s WHERE r.pkey = s.pkey;
LOG:  GRADING: EVICT  5
STATEMENT:  SELECT * FROM raw_r_tuples r, raw_s_tuples s WHERE r.pkey = s.pkey;
LOG:  GRADING: EVICT  6
STATEMENT:  SELECT * FROM raw_r_tuples r, raw_s_tuples s WHERE r.pkey = s.pkey;
LOG:  GRADING: EVICT 14
STATEMENT:  SELECT * FROM raw_r_tuples r, raw_s_tuples s WHERE r.pkey = s.pkey;
LOG:  GRADING: EVICT 15
STATEMENT:  SELECT * FROM raw_r_tuples r, raw_s_tuples s WHERE r.pkey = s.pkey;
LOG:  GRADING: EVICT 16
STATEMENT:  SELECT * FROM raw_r_tuples r, raw_s_tuples s WHERE r.pkey = s.pkey;
LOG:  GRADING: EVICT 17
STATEMENT:  SELECT * FROM raw_r_tuples r, raw_s_tuples s WHERE r.pkey = s.pkey;
LOG:  GRADING: EVICT  6
STATEMENT:  SELECT * FROM raw_r_tuples r, raw_s_tuples s WHERE r.pkey = s.pkey;
LOG:  EXECUTOR STATISTICS
DETAIL:  ! system usage stats:
	!	1.648633 elapsed 1.084068 user 0.032002 system sec
	!	[1.124070 user 0.084005 sys total]
	!	0/16 [0/224] filesystem blocks in/out
	!	0/4 [0/830] page faults/reclaims, 0 [0] swaps
	!	0 [0] signals rcvd, 0/0 [0/0] messages rcvd/sent
	!	0/426 [4/592] voluntary/involuntary context switches
	! buffer usage stats:
	!	Shared blocks:         95 read,          0 written, buffer hit rate = 99.85%
	!	Local  blocks:          0 read,          0 written, buffer hit rate = 0.00%
	!	Direct blocks:          0 read,          0 written
STATEMENT:  SELECT * FROM raw_r_tuples r, raw_s_tuples s WHERE r.pkey = s.pkey;
LOG:  GRADING: EVICT 14
STATEMENT:  SELECT * FROM raw_r_tuples r, raw_s_tuples s WHERE r.pkey = s.pkey;
LOG:  GRADING: EVICT 15
STATEMENT:  SELECT * FROM raw_r_tuples r, raw_s_tuples s WHERE r.pkey = s.pkey;
LOG:  GRADING: EVICT 16
STATEMENT:  SELECT * FROM raw_r_tuples r, raw_s_tuples s WHERE r.pkey = s.pkey;
LOG:  GRADING: EVICT 17
STATEMENT:  SELECT * FROM raw_r_tuples r, raw_s_tuples s WHERE r.pkey = s.pkey;
LOG:  GRADING: EVICT  6
STATEMENT:  SELECT * FROM raw_r_tuples r, raw_s_tuples s WHERE r.pkey = s.pkey;
LOG:  GRADING: EVICT  7
STATEMENT:  SELECT * FROM raw_r_tuples r, raw_s_tuples s WHERE r.pkey = s.pkey;
LOG:  GRADING: EVICT  8
STATEMENT:  SELECT * FROM raw_r_tuples r, raw_s_tuples s WHERE r.pkey = s.pkey;
LOG:  GRADING: EVICT 13
STATEMENT:  SELECT * FROM raw_r_tuples r, raw_s_tuples s WHERE r.pkey = s.pkey;
LOG:  GRADING: EVICT 14
STATEMENT:  SELECT * FROM raw_r_tuples r, raw_s_tuples s WHERE r.pkey = s.pkey;
LOG:  GRADING: EVICT 15
STATEMENT:  SELECT * FROM raw_r_tuples r, raw_s_tuples s WHERE r.pkey = s.pkey;
LOG:  GRADING: EVICT 16
STATEMENT:  SELECT * FROM raw_r_tuples r, raw_s_tuples s WHERE r.pkey = s.pkey;
LOG:  GRADING: EVICT 17
STATEMENT:  SELECT * FROM raw_r_tuples r, raw_s_tuples s WHERE r.pkey = s.pkey;
LOG:  GRADING: EVICT 18
STATEMENT:  SELECT * FROM raw_r_tuples r, raw_s_tuples s WHERE r.pkey = s.pkey;
LOG:  GRADING: EVICT 20
STATEMENT:  SELECT * FROM raw_r_tuples r, raw_s_tuples s WHERE r.pkey = s.pkey;
LOG:  GRADING: EVICT 21
STATEMENT:  SELECT * FROM raw_r_tuples r, raw_s_tuples s WHERE r.pkey = s.pkey;
LOG:  GRADING: EVICT 22
STATEMENT:  SELECT * FROM raw_r_tuples r, raw_s_tuples s WHERE r.pkey = s.pkey;
LOG:  GRADING: EVICT 23
STATEMENT:  SELECT * FROM raw_r_tuples r, raw_s_tuples s WHERE r.pkey = s.pkey;
LOG:  GRADING: EVICT 24
STATEMENT:  SELECT * FROM raw_r_tuples r, raw_s_tuples s WHERE r.pkey = s.pkey;
LOG:  GRADING: EVICT 25
STATEMENT:  SELECT * FROM raw_r_tuples r, raw_s_tuples s WHERE r.pkey = s.pkey;
LOG:  GRADING: EVICT 26
STATEMENT:  SELECT * FROM raw_r_tuples r, raw_s_tuples s WHERE r.pkey = s.pkey;
LOG:  GRADING: EVICT 27
STATEMENT:  SELECT * FROM raw_r_tuples r, raw_s_tuples s WHERE r.pkey = s.pkey;
LOG:  GRADING: EVICT 28
STATEMENT:  SELECT * FROM raw_r_tuples r, raw_s_tuples s WHERE r.pkey = s.pkey;
LOG:  GRADING: EVICT 30
STATEMENT:  SELECT * FROM raw_r_tuples r, raw_s_tuples s WHERE r.pkey = s.pkey;
LOG:  GRADING: EVICT 31
STATEMENT:  SELECT * FROM raw_r_tuples r, raw_s_tuples s WHERE r.pkey = s.pkey;
LOG:  GRADING: EVICT  0
STATEMENT:  SELECT * FROM raw_r_tuples r, raw_s_tuples s WHERE r.pkey = s.pkey;
LOG:  GRADING: EVICT  1
STATEMENT:  SELECT * FROM raw_r_tuples r, raw_s_tuples s WHERE r.pkey = s.pkey;
LOG:  GRADING: EVICT  2
STATEMENT:  SELECT * FROM raw_r_tuples r, raw_s_tuples s WHERE r.pkey = s.pkey;
LOG:  GRADING: EVICT  3
STATEMENT:  SELECT * FROM raw_r_tuples r, raw_s_tuples s WHERE r.pkey = s.pkey;
LOG:  GRADING: EVICT  4
STATEMENT:  SELECT * FROM raw_r_tuples r, raw_s_tuples s WHERE r.pkey = s.pkey;
LOG:  GRADING: EVICT  5
STATEMENT:  SELECT * FROM raw_r_tuples r, raw_s_tuples s WHERE r.pkey = s.pkey;
LOG:  GRADING: EVICT  6
STATEMENT:  SELECT * FROM raw_r_tuples r, raw_s_tuples s WHERE r.pkey = s.pkey;
LOG:  GRADING: EVICT  7
STATEMENT:  SELECT * FROM raw_r_tuples r, raw_s_tuples s WHERE r.pkey = s.pkey;
LOG:  GRADING: EVICT 15
STATEMENT:  SELECT * FROM raw_r_tuples r, raw_s_tuples s WHERE r.pkey = s.pkey;
LOG:  GRADING: EVICT 16
STATEMENT:  SELECT * FROM raw_r_tuples r, raw_s_tuples s WHERE r.pkey = s.pkey;
LOG:  GRADING: EVICT 17
STATEMENT:  SELECT * FROM raw_r_tuples r, raw_s_tuples s WHERE r.pkey = s.pkey;
LOG:  GRADING: EVICT 18
STATEMENT:  SELECT * FROM raw_r_tuples r, raw_s_tuples s WHERE r.pkey = s.pkey;
LOG:  GRADING: EVICT  7
STATEMENT:  SELECT * FROM raw_r_tuples r, raw_s_tuples s WHERE r.pkey = s.pkey;
LOG:  GRADING: EVICT 15
STATEMENT:  SELECT * FROM raw_r_tuples r, raw_s_tuples s WHERE r.pkey = s.pkey;
LOG:  GRADING: EVICT 16
STATEMENT:  SELECT * FROM raw_r_tuples r, raw_s_tuples s WHERE r.pkey = s.pkey;
LOG:  GRADING: EVICT 17
STATEMENT:  SELECT * FROM raw_r_tuples r, raw_s_tuples s WHERE r.pkey = s.pkey;
LOG:  GRADING: EVICT 18
STATEMENT:  SELECT * FROM raw_r_tuples r, raw_s_tuples s WHERE r.pkey = s.pkey;
LOG:  GRADING: EVICT  7
STATEMENT:  SELECT * FROM raw_r_tuples r, raw_s_tuples s WHERE r.pkey = s.pkey;
LOG:  GRADING: EVICT  8
STATEMENT:  SELECT * FROM raw_r_tuples r, raw_s_tuples s WHERE r.pkey = s.pkey;
LOG:  GRADING: EVICT 13
STATEMENT:  SELECT * FROM raw_r_tuples r, raw_s_tuples s WHERE r.pkey = s.pkey;
LOG:  GRADING: EVICT 14
STATEMENT:  SELECT * FROM raw_r_tuples r, raw_s_tuples s WHERE r.pkey = s.pkey;
LOG:  GRADING: EVICT 15
STATEMENT:  SELECT * FROM raw_r_tuples r, raw_s_tuples s WHERE r.pkey = s.pkey;
LOG:  GRADING: EVICT 16
STATEMENT:  SELECT * FROM raw_r_tuples r, raw_s_tuples s WHERE r.pkey = s.pkey;
LOG:  GRADING: EVICT 17
STATEMENT:  SELECT * FROM raw_r_tuples r, raw_s_tuples s WHERE r.pkey = s.pkey;
LOG:  GRADING: EVICT 18
STATEMENT:  SELECT * FROM raw_r_tuples r, raw_s_tuples s WHERE r.pkey = s.pkey;
LOG:  GRADING: EVICT 19
STATEMENT:  SELECT * FROM raw_r_tuples r, raw_s_tuples s WHERE r.pkey = s.pkey;
LOG:  GRADING: EVICT 20
STATEMENT:  SELECT * FROM raw_r_tuples r, raw_s_tuples s WHERE r.pkey = s.pkey;
LOG:  GRADING: EVICT 21
STATEMENT:  SELECT * FROM raw_r_tuples r, raw_s_tuples s WHERE r.pkey = s.pkey;
LOG:  GRADING: EVICT 22
STATEMENT:  SELECT * FROM raw_r_tuples r, raw_s_tuples s WHERE r.pkey = s.pkey;
LOG:  GRADING: EVICT 23
STATEMENT:  SELECT * FROM raw_r_tuples r, raw_s_tuples s WHERE r.pkey = s.pkey;
LOG:  GRADING: EVICT 24
STATEMENT:  SELECT * FROM raw_r_tuples r, raw_s_tuples s WHERE r.pkey = s.pkey;
LOG:  GRADING: EVICT 25
STATEMENT:  SELECT * FROM raw_r_tuples r, raw_s_tuples s WHERE r.pkey = s.pkey;
LOG:  GRADING: EVICT 26
STATEMENT:  SELECT * FROM raw_r_tuples r, raw_s_tuples s WHERE r.pkey = s.pkey;
LOG:  GRADING: EVICT 27
STATEMENT:  SELECT * FROM raw_r_tuples r, raw_s_tuples s WHERE r.pkey = s.pkey;
LOG:  GRADING: EVICT 28
STATEMENT:  SELECT * FROM raw_r_tuples r, raw_s_tuples s WHERE r.pkey = s.pkey;
LOG:  GRADING: EVICT 30
STATEMENT:  SELECT * FROM raw_r_tuples r, raw_s_tuples s WHERE r.pkey = s.pkey;
LOG:  GRADING: EVICT 31
STATEMENT:  SELECT * FROM raw_r_tuples r, raw_s_tuples s WHERE r.pkey = s.pkey;
LOG:  GRADING: EVICT  0
STATEMENT:  SELECT * FROM raw_r_tuples r, raw_s_tuples s WHERE r.pkey = s.pkey;
LOG:  GRADING: EVICT  1
STATEMENT:  SELECT * FROM raw_r_tuples r, raw_s_tuples s WHERE r.pkey = s.pkey;
LOG:  GRADING: EVICT  2
STATEMENT:  SELECT * FROM raw_r_tuples r, raw_s_tuples s WHERE r.pkey = s.pkey;
LOG:  GRADING: EVICT  3
STATEMENT:  SELECT * FROM raw_r_tuples r, raw_s_tuples s WHERE r.pkey = s.pkey;
LOG:  GRADING: EVICT  4
STATEMENT:  SELECT * FROM raw_r_tuples r, raw_s_tuples s WHERE r.pkey = s.pkey;
LOG:  GRADING: EVICT  5
STATEMENT:  SELECT * FROM raw_r_tuples r, raw_s_tuples s WHERE r.pkey = s.pkey;
LOG:  GRADING: EVICT  6
STATEMENT:  SELECT * FROM raw_r_tuples r, raw_s_tuples s WHERE r.pkey = s.pkey;
LOG:  GRADING: EVICT  7
STATEMENT:  SELECT * FROM raw_r_tuples r, raw_s_tuples s WHERE r.pkey = s.pkey;
LOG:  GRADING: EVICT  8
STATEMENT:  SELECT * FROM raw_r_tuples r, raw_s_tuples s WHERE r.pkey = s.pkey;
LOG:  EXECUTOR STATISTICS
DETAIL:  ! system usage stats:
	!	1.644477 elapsed 1.088068 user 0.032002 system sec
	!	[2.212138 user 0.116007 sys total]
	!	0/8 [0/240] filesystem blocks in/out
	!	0/0 [0/830] page faults/reclaims, 0 [0] swaps
	!	0 [0] signals rcvd, 0/0 [0/0] messages rcvd/sent
	!	0/397 [5/993] voluntary/involuntary context switches
	! buffer usage stats:
	!	Shared blocks:         70 read,          0 written, buffer hit rate = 99.89%
	!	Local  blocks:          0 read,          0 written, buffer hit rate = 0.00%
	!	Direct blocks:          0 read,          0 written
STATEMENT:  SELECT * FROM raw_r_tuples r, raw_s_tuples s WHERE r.pkey = s.pkey;
LOG:  GRADING: EVICT 16
STATEMENT:  SELECT * FROM raw_r_tuples r, raw_s_tuples s WHERE r.pkey = s.pkey;
LOG:  GRADING: EVICT 17
STATEMENT:  SELECT * FROM raw_r_tuples r, raw_s_tuples s WHERE r.pkey = s.pkey;
LOG:  GRADING: EVICT 18
STATEMENT:  SELECT * FROM raw_r_tuples r, raw_s_tuples s WHERE r.pkey = s.pkey;
LOG:  GRADING: EVICT 19
STATEMENT:  SELECT * FROM raw_r_tuples r, raw_s_tuples s WHERE r.pkey = s.pkey;
LOG:  GRADING: EVICT  8
STATEMENT:  SELECT * FROM raw_r_tuples r, raw_s_tuples s WHERE r.pkey = s.pkey;
LOG:  GRADING: EVICT 16
STATEMENT:  SELECT * FROM raw_r_tuples r, raw_s_tuples s WHERE r.pkey = s.pkey;
LOG:  GRADING: EVICT 17
STATEMENT:  SELECT * FROM raw_r_tuples r, raw_s_tuples s WHERE r.pkey = s.pkey;
LOG:  GRADING: EVICT 18
STATEMENT:  SELECT * FROM raw_r_tuples r, raw_s_tuples s WHERE r.pkey = s.pkey;
LOG:  GRADING: EVICT 19
STATEMENT:  SELECT * FROM raw_r_tuples r, raw_s_tuples s WHERE r.pkey = s.pkey;
LOG:  GRADING: EVICT  8
STATEMENT:  SELECT * FROM raw_r_tuples r, raw_s_tuples s WHERE r.pkey = s.pkey;
LOG:  GRADING: EVICT  9
STATEMENT:  SELECT * FROM raw_r_tuples r, raw_s_tuples s WHERE r.pkey = s.pkey;
LOG:  GRADING: EVICT 12
STATEMENT:  SELECT * FROM raw_r_tuples r, raw_s_tuples s WHERE r.pkey = s.pkey;
LOG:  GRADING: EVICT 13
STATEMENT:  SELECT * FROM raw_r_tuples r, raw_s_tuples s WHERE r.pkey = s.pkey;
LOG:  GRADING: EVICT 14
STATEMENT:  SELECT * FROM raw_r_tuples r, raw_s_tuples s WHERE r.pkey = s.pkey;
LOG:  GRADING: EVICT 15
STATEMENT:  SELECT * FROM raw_r_tuples r, raw_s_tuples s WHERE r.pkey = s.pkey;
LOG:  GRADING: EVICT 16
STATEMENT:  SELECT * FROM raw_r_tuples r, raw_s_tuples s WHERE r.pkey = s.pkey;
LOG:  GRADING: EVICT 17
STATEMENT:  SELECT * FROM raw_r_tuples r, raw_s_tuples s WHERE r.pkey = s.pkey;
LOG:  GRADING: EVICT 18
STATEMENT:  SELECT * FROM raw_r_tuples r, raw_s_tuples s WHERE r.pkey = s.pkey;
LOG:  GRADING: EVICT 19
STATEMENT:  SELECT * FROM raw_r_tuples r, raw_s_tuples s WHERE r.pkey = s.pkey;
LOG:  GRADING: EVICT 20
STATEMENT:  SELECT * FROM raw_r_tuples r, raw_s_tuples s WHERE r.pkey = s.pkey;
LOG:  GRADING: EVICT 21
STATEMENT:  SELECT * FROM raw_r_tuples r, raw_s_tuples s WHERE r.pkey = s.pkey;
LOG:  GRADING: EVICT 22
STATEMENT:  SELECT * FROM raw_r_tuples r, raw_s_tuples s WHERE r.pkey = s.pkey;
LOG:  GRADING: EVICT 23
STATEMENT:  SELECT * FROM raw_r_tuples r, raw_s_tuples s WHERE r.pkey = s.pkey;
LOG:  GRADING: EVICT 24
STATEMENT:  SELECT * FROM raw_r_tuples r, raw_s_tuples s WHERE r.pkey = s.pkey;
LOG:  GRADING: EVICT 25
STATEMENT:  SELECT * FROM raw_r_tuples r, raw_s_tuples s WHERE r.pkey = s.pkey;
LOG:  GRADING: EVICT 26
STATEMENT:  SELECT * FROM raw_r_tuples r, raw_s_tuples s WHERE r.pkey = s.pkey;
LOG:  GRADING: EVICT 27
STATEMENT:  SELECT * FROM raw_r_tuples r, raw_s_tuples s WHERE r.pkey = s.pkey;
LOG:  GRADING: EVICT 28
STATEMENT:  SELECT * FROM raw_r_tuples r, raw_s_tuples s WHERE r.pkey = s.pkey;
LOG:  GRADING: EVICT 30
STATEMENT:  SELECT * FROM raw_r_tuples r, raw_s_tuples s WHERE r.pkey = s.pkey;
LOG:  GRADING: EVICT 31
STATEMENT:  SELECT * FROM raw_r_tuples r, raw_s_tuples s WHERE r.pkey = s.pkey;
LOG:  GRADING: EVICT  0
STATEMENT:  SELECT * FROM raw_r_tuples r, raw_s_tuples s WHERE r.pkey = s.pkey;
LOG:  GRADING: EVICT  1
STATEMENT:  SELECT * FROM raw_r_tuples r, raw_s_tuples s WHERE r.pkey = s.pkey;
LOG:  GRADING: EVICT  2
STATEMENT:  SELECT * FROM raw_r_tuples r, raw_s_tuples s WHERE r.pkey = s.pkey;
LOG:  GRADING: EVICT  3
STATEMENT:  SELECT * FROM raw_r_tuples r, raw_s_tuples s WHERE r.pkey = s.pkey;
LOG:  GRADING: EVICT  4
STATEMENT:  SELECT * FROM raw_r_tuples r, raw_s_tuples s WHERE r.pkey = s.pkey;
LOG:  GRADING: EVICT  5
STATEMENT:  SELECT * FROM raw_r_tuples r, raw_s_tuples s WHERE r.pkey = s.pkey;
LOG:  GRADING: EVICT  6
STATEMENT:  SELECT * FROM raw_r_tuples r, raw_s_tuples s WHERE r.pkey = s.pkey;
LOG:  GRADING: EVICT  7
STATEMENT:  SELECT * FROM raw_r_tuples r, raw_s_tuples s WHERE r.pkey = s.pkey;
LOG:  GRADING: EVICT  8
STATEMENT:  SELECT * FROM raw_r_tuples r, raw_s_tuples s WHERE r.pkey = s.pkey;
LOG:  GRADING: EVICT  9
STATEMENT:  SELECT * FROM raw_r_tuples r, raw_s_tuples s WHERE r.pkey = s.pkey;
LOG:  GRADING: EVICT 17
STATEMENT:  SELECT * FROM raw_r_tuples r, raw_s_tuples s WHERE r.pkey = s.pkey;
LOG:  GRADING: EVICT 18
STATEMENT:  SELECT * FROM raw_r_tuples r, raw_s_tuples s WHERE r.pkey = s.pkey;
LOG:  GRADING: EVICT 19
STATEMENT:  SELECT * FROM raw_r_tuples r, raw_s_tuples s WHERE r.pkey = s.pkey;
LOG:  GRADING: EVICT 20
STATEMENT:  SELECT * FROM raw_r_tuples r, raw_s_tuples s WHERE r.pkey = s.pkey;
LOG:  GRADING: EVICT  9
STATEMENT:  SELECT * FROM raw_r_tuples r, raw_s_tuples s WHERE r.pkey = s.pkey;
LOG:  GRADING: EVICT 17
STATEMENT:  SELECT * FROM raw_r_tuples r, raw_s_tuples s WHERE r.pkey = s.pkey;
LOG:  GRADING: EVICT 18
STATEMENT:  SELECT * FROM raw_r_tuples r, raw_s_tuples s WHERE r.pkey = s.pkey;
LOG:  GRADING: EVICT 19
STATEMENT:  SELECT * FROM raw_r_tuples r, raw_s_tuples s WHERE r.pkey = s.pkey;
LOG:  GRADING: EVICT 20
STATEMENT:  SELECT * FROM raw_r_tuples r, raw_s_tuples s WHERE r.pkey = s.pkey;
LOG:  GRADING: EVICT  9
STATEMENT:  SELECT * FROM raw_r_tuples r, raw_s_tuples s WHERE r.pkey = s.pkey;
LOG:  GRADING: EVICT 10
STATEMENT:  SELECT * FROM raw_r_tuples r, raw_s_tuples s WHERE r.pkey = s.pkey;
LOG:  GRADING: EVICT 11
STATEMENT:  SELECT * FROM raw_r_tuples r, raw_s_tuples s WHERE r.pkey = s.pkey;
LOG:  GRADING: EVICT 12
STATEMENT:  SELECT * FROM raw_r_tuples r, raw_s_tuples s WHERE r.pkey = s.pkey;
LOG:  GRADING: EVICT 13
STATEMENT:  SELECT * FROM raw_r_tuples r, raw_s_tuples s WHERE r.pkey = s.pkey;
LOG:  GRADING: EVICT 14
STATEMENT:  SELECT * FROM raw_r_tuples r, raw_s_tuples s WHERE r.pkey = s.pkey;
LOG:  GRADING: EVICT 15
STATEMENT:  SELECT * FROM raw_r_tuples r, raw_s_tuples s WHERE r.pkey = s.pkey;
LOG:  GRADING: EVICT 16
STATEMENT:  SELECT * FROM raw_r_tuples r, raw_s_tuples s WHERE r.pkey = s.pkey;
LOG:  GRADING: EVICT 17
STATEMENT:  SELECT * FROM raw_r_tuples r, raw_s_tuples s WHERE r.pkey = s.pkey;
LOG:  EXECUTOR STATISTICS
DETAIL:  ! system usage stats:
	!	1.659201 elapsed 1.064066 user 0.048003 system sec
	!	[3.276204 user 0.164010 sys total]
	!	0/24 [0/264] filesystem blocks in/out
	!	0/0 [0/830] page faults/reclaims, 0 [0] swaps
	!	0 [0] signals rcvd, 0/0 [0/0] messages rcvd/sent
	!	0/407 [6/1403] voluntary/involuntary context switches
	! buffer usage stats:
	!	Shared blocks:         58 read,          0 written, buffer hit rate = 99.91%
	!	Local  blocks:          0 read,          0 written, buffer hit rate = 0.00%
	!	Direct blocks:          0 read,          0 written
STATEMENT:  SELECT * FROM raw_r_tuples r, raw_s_tuples s WHERE r.pkey = s.pkey;
LOG:  received smart shutdown request
LOG:  shutting down
LOG:  database system is shut down
LOG:  using buffer replacement policy: clock
LOG:  database system was shut down at 2012-10-24 17:59:06 PDT
LOG:  database system is ready to accept connections
LOG:  GRADING: EVICT  0
LOG:  GRADING: EVICT  1
LOG:  GRADING: EVICT  4
LOG:  GRADING: EVICT  5
LOG:  GRADING: EVICT  6
LOG:  GRADING: EVICT  7
LOG:  GRADING: EVICT  8
LOG:  GRADING: EVICT  9
LOG:  GRADING: EVICT 10
LOG:  GRADING: EVICT 11
LOG:  GRADING: EVICT 12
LOG:  GRADING: EVICT 13
LOG:  GRADING: EVICT 14
LOG:  GRADING: EVICT 15
LOG:  GRADING: EVICT 16
LOG:  GRADING: EVICT 17
LOG:  GRADING: EVICT 22
LOG:  GRADING: EVICT 29
LOG:  GRADING: EVICT 30
LOG:  GRADING: EVICT 31
LOG:  GRADING: EVICT 25
LOG:  GRADING: EVICT 26
LOG:  GRADING: EVICT 28
LOG:  GRADING: EVICT  0
LOG:  GRADING: EVICT  1
LOG:  GRADING: EVICT  4
LOG:  GRADING: EVICT  5
LOG:  GRADING: EVICT  6
LOG:  GRADING: EVICT  7
LOG:  GRADING: EVICT  8
LOG:  GRADING: EVICT  9
LOG:  GRADING: EVICT 10
LOG:  GRADING: EVICT 11
LOG:  GRADING: EVICT 12
LOG:  GRADING: EVICT 17
LOG:  GRADING: EVICT 22
LOG:  GRADING: EVICT 24
LOG:  GRADING: EVICT 27
LOG:  GRADING: EVICT 29
LOG:  GRADING: EVICT 13
LOG:  GRADING: EVICT 15
LOG:  GRADING: EVICT 23
LOG:  GRADING: EVICT 25
LOG:  GRADING: EVICT 26
LOG:  GRADING: EVICT 28
LOG:  GRADING: EVICT  1
LOG:  GRADING: EVICT  7
LOG:  GRADING: EVICT 10
LOG:  GRADING: EVICT 14
LOG:  GRADING: EVICT 19
LOG:  GRADING: EVICT 15
LOG:  GRADING: EVICT 16
LOG:  GRADING: EVICT 22
LOG:  GRADING: EVICT 24
LOG:  GRADING: EVICT 27
LOG:  GRADING: EVICT 29
LOG:  GRADING: EVICT  7
LOG:  GRADING: EVICT 11
LOG:  GRADING: EVICT 12
LOG:  GRADING: EVICT 13
LOG:  GRADING: EVICT 17 at character 15
STATEMENT:  SELECT * FROM raw_r_tuples;
LOG:  GRADING: EVICT 19 at character 15
STATEMENT:  SELECT * FROM raw_r_tuples;
LOG:  GRADING: EVICT 30 at character 15
STATEMENT:  SELECT * FROM raw_r_tuples;
LOG:  GRADING: EVICT 14 at character 15
STATEMENT:  SELECT * FROM raw_r_tuples;
LOG:  GRADING: EVICT 15 at character 15
STATEMENT:  SELECT * FROM raw_r_tuples;
LOG:  GRADING: EVICT 22 at character 15
STATEMENT:  SELECT * FROM raw_r_tuples;
LOG:  GRADING: EVICT 23 at character 15
STATEMENT:  SELECT * FROM raw_r_tuples;
LOG:  GRADING: EVICT 24 at character 15
STATEMENT:  SELECT * FROM raw_r_tuples;
LOG:  GRADING: EVICT 29
STATEMENT:  SELECT * FROM raw_r_tuples;
LOG:  GRADING: EVICT  2
STATEMENT:  SELECT * FROM raw_r_tuples;
LOG:  GRADING: EVICT  7
STATEMENT:  SELECT * FROM raw_r_tuples;
LOG:  GRADING: EVICT 10
STATEMENT:  SELECT * FROM raw_r_tuples;
LOG:  GRADING: EVICT 11
STATEMENT:  SELECT * FROM raw_r_tuples;
LOG:  GRADING: EVICT 12
STATEMENT:  SELECT * FROM raw_r_tuples;
LOG:  GRADING: EVICT 13
STATEMENT:  SELECT * FROM raw_r_tuples;
LOG:  GRADING: EVICT 17
STATEMENT:  SELECT * FROM raw_r_tuples;
LOG:  GRADING: EVICT 27
STATEMENT:  SELECT * FROM raw_r_tuples;
LOG:  GRADING: EVICT 30
STATEMENT:  SELECT * FROM raw_r_tuples;
LOG:  GRADING: EVICT 14
STATEMENT:  SELECT * FROM raw_r_tuples;
LOG:  GRADING: EVICT 19
STATEMENT:  SELECT * FROM raw_r_tuples;
LOG:  GRADING: EVICT 21
STATEMENT:  SELECT * FROM raw_r_tuples;
LOG:  GRADING: EVICT 23
STATEMENT:  SELECT * FROM raw_r_tuples;
LOG:  GRADING: EVICT 24
STATEMENT:  SELECT * FROM raw_r_tuples;
LOG:  GRADING: EVICT 26
STATEMENT:  SELECT * FROM raw_r_tuples;
LOG:  GRADING: EVICT 29
STATEMENT:  SELECT * FROM raw_r_tuples;
LOG:  GRADING: EVICT 31
STATEMENT:  SELECT * FROM raw_r_tuples;
LOG:  GRADING: EVICT  3
STATEMENT:  SELECT * FROM raw_r_tuples;
LOG:  GRADING: EVICT  7
STATEMENT:  SELECT * FROM raw_r_tuples;
LOG:  GRADING: EVICT 11
STATEMENT:  SELECT * FROM raw_r_tuples;
LOG:  GRADING: EVICT 13
STATEMENT:  SELECT * FROM raw_r_tuples;
LOG:  GRADING: EVICT 15
STATEMENT:  SELECT * FROM raw_r_tuples;
LOG:  GRADING: EVICT 16
STATEMENT:  SELECT * FROM raw_r_tuples;
LOG:  GRADING: EVICT 17
STATEMENT:  SELECT * FROM raw_r_tuples;
LOG:  GRADING: EVICT 18
STATEMENT:  SELECT * FROM raw_r_tuples;
LOG:  GRADING: EVICT 20
STATEMENT:  SELECT * FROM raw_r_tuples;
LOG:  GRADING: EVICT 22
STATEMENT:  SELECT * FROM raw_r_tuples;
LOG:  GRADING: EVICT 25
STATEMENT:  SELECT * FROM raw_r_tuples;
LOG:  GRADING: EVICT 27
STATEMENT:  SELECT * FROM raw_r_tuples;
LOG:  GRADING: EVICT 28
STATEMENT:  SELECT * FROM raw_r_tuples;
LOG:  GRADING: EVICT 30
STATEMENT:  SELECT * FROM raw_r_tuples;
LOG:  GRADING: EVICT  1
STATEMENT:  SELECT * FROM raw_r_tuples;
LOG:  EXECUTOR STATISTICS
DETAIL:  ! system usage stats:
	!	0.042291 elapsed 0.012001 user 0.000000 system sec
	!	[0.020001 user 0.040002 sys total]
	!	0/0 [0/192] filesystem blocks in/out
	!	0/20 [0/766] page faults/reclaims, 0 [0] swaps
	!	0 [0] signals rcvd, 0/0 [0/0] messages rcvd/sent
	!	0/51 [1/136] voluntary/involuntary context switches
	! buffer usage stats:
	!	Shared blocks:         27 read,          0 written, buffer hit rate = 0.00%
	!	Local  blocks:          0 read,          0 written, buffer hit rate = 0.00%
	!	Direct blocks:          0 read,          0 written
STATEMENT:  SELECT * FROM raw_r_tuples;
LOG:  GRADING: EVICT  5
STATEMENT:  SELECT * FROM raw_r_tuples;
LOG:  GRADING: EVICT  6
STATEMENT:  SELECT * FROM raw_r_tuples;
LOG:  GRADING: EVICT  8
STATEMENT:  SELECT * FROM raw_r_tuples;
LOG:  GRADING: EVICT 12
STATEMENT:  SELECT * FROM raw_r_tuples;
LOG:  EXECUTOR STATISTICS
DETAIL:  ! system usage stats:
	!	0.027053 elapsed 0.004000 user 0.008001 system sec
	!	[0.024001 user 0.052003 sys total]
	!	0/0 [0/192] filesystem blocks in/out
	!	0/0 [0/769] page faults/reclaims, 0 [0] swaps
	!	0 [0] signals rcvd, 0/0 [0/0] messages rcvd/sent
	!	1/32 [3/173] voluntary/involuntary context switches
	! buffer usage stats:
	!	Shared blocks:          4 read,          0 written, buffer hit rate = 85.19%
	!	Local  blocks:          0 read,          0 written, buffer hit rate = 0.00%
	!	Direct blocks:          0 read,          0 written
STATEMENT:  SELECT * FROM raw_r_tuples;
LOG:  EXECUTOR STATISTICS
DETAIL:  ! system usage stats:
	!	0.031753 elapsed 0.008001 user 0.004000 system sec
	!	[0.032002 user 0.060003 sys total]
	!	0/0 [0/200] filesystem blocks in/out
	!	0/0 [0/769] page faults/reclaims, 0 [0] swaps
	!	0 [0] signals rcvd, 0/0 [0/0] messages rcvd/sent
	!	0/27 [4/203] voluntary/involuntary context switches
	! buffer usage stats:
	!	Shared blocks:          0 read,          0 written, buffer hit rate = 100.00%
	!	Local  blocks:          0 read,          0 written, buffer hit rate = 0.00%
	!	Direct blocks:          0 read,          0 written
STATEMENT:  SELECT * FROM raw_r_tuples;
LOG:  GRADING: EVICT  4 at character 31
STATEMENT:  SELECT * FROM raw_r_tuples r, raw_s_tuples s WHERE r.pkey = s.pkey;
LOG:  GRADING: EVICT 10 at character 31
STATEMENT:  SELECT * FROM raw_r_tuples r, raw_s_tuples s WHERE r.pkey = s.pkey;
LOG:  GRADING: EVICT 13 at character 31
STATEMENT:  SELECT * FROM raw_r_tuples r, raw_s_tuples s WHERE r.pkey = s.pkey;
LOG:  GRADING: EVICT 14 at character 31
STATEMENT:  SELECT * FROM raw_r_tuples r, raw_s_tuples s WHERE r.pkey = s.pkey;
LOG:  GRADING: EVICT 15 at character 31
STATEMENT:  SELECT * FROM raw_r_tuples r, raw_s_tuples s WHERE r.pkey = s.pkey;
LOG:  GRADING: EVICT 16
STATEMENT:  SELECT * FROM raw_r_tuples r, raw_s_tuples s WHERE r.pkey = s.pkey;
LOG:  GRADING: EVICT 17
STATEMENT:  SELECT * FROM raw_r_tuples r, raw_s_tuples s WHERE r.pkey = s.pkey;
LOG:  GRADING: EVICT 18
STATEMENT:  SELECT * FROM raw_r_tuples r, raw_s_tuples s WHERE r.pkey = s.pkey;
LOG:  GRADING: EVICT 19
STATEMENT:  SELECT * FROM raw_r_tuples r, raw_s_tuples s WHERE r.pkey = s.pkey;
LOG:  GRADING: EVICT 20
STATEMENT:  SELECT * FROM raw_r_tuples r, raw_s_tuples s WHERE r.pkey = s.pkey;
LOG:  GRADING: EVICT 21
STATEMENT:  SELECT * FROM raw_r_tuples r, raw_s_tuples s WHERE r.pkey = s.pkey;
LOG:  GRADING: EVICT 22
STATEMENT:  SELECT * FROM raw_r_tuples r, raw_s_tuples s WHERE r.pkey = s.pkey;
LOG:  GRADING: EVICT 23
STATEMENT:  SELECT * FROM raw_r_tuples r, raw_s_tuples s WHERE r.pkey = s.pkey;
LOG:  GRADING: EVICT 24
STATEMENT:  SELECT * FROM raw_r_tuples r, raw_s_tuples s WHERE r.pkey = s.pkey;
LOG:  GRADING: EVICT 25
STATEMENT:  SELECT * FROM raw_r_tuples r, raw_s_tuples s WHERE r.pkey = s.pkey;
LOG:  GRADING: EVICT 26
STATEMENT:  SELECT * FROM raw_r_tuples r, raw_s_tuples s WHERE r.pkey = s.pkey;
LOG:  GRADING: EVICT 27
STATEMENT:  SELECT * FROM raw_r_tuples r, raw_s_tuples s WHERE r.pkey = s.pkey;
LOG:  GRADING: EVICT 28
STATEMENT:  SELECT * FROM raw_r_tuples r, raw_s_tuples s WHERE r.pkey = s.pkey;
LOG:  GRADING: EVICT 29
STATEMENT:  SELECT * FROM raw_r_tuples r, raw_s_tuples s WHERE r.pkey = s.pkey;
LOG:  GRADING: EVICT 30
STATEMENT:  SELECT * FROM raw_r_tuples r, raw_s_tuples s WHERE r.pkey = s.pkey;
LOG:  GRADING: EVICT 31
STATEMENT:  SELECT * FROM raw_r_tuples r, raw_s_tuples s WHERE r.pkey = s.pkey;
LOG:  GRADING: EVICT  1
STATEMENT:  SELECT * FROM raw_r_tuples r, raw_s_tuples s WHERE r.pkey = s.pkey;
LOG:  GRADING: EVICT  3
STATEMENT:  SELECT * FROM raw_r_tuples r, raw_s_tuples s WHERE r.pkey = s.pkey;
LOG:  GRADING: EVICT  6
STATEMENT:  SELECT * FROM raw_r_tuples r, raw_s_tuples s WHERE r.pkey = s.pkey;
LOG:  GRADING: EVICT  7
STATEMENT:  SELECT * FROM raw_r_tuples r, raw_s_tuples s WHERE r.pkey = s.pkey;
LOG:  GRADING: EVICT  8
STATEMENT:  SELECT * FROM raw_r_tuples r, raw_s_tuples s WHERE r.pkey = s.pkey;
LOG:  GRADING: EVICT 11
STATEMENT:  SELECT * FROM raw_r_tuples r, raw_s_tuples s WHERE r.pkey = s.pkey;
LOG:  GRADING: EVICT 12
STATEMENT:  SELECT * FROM raw_r_tuples r, raw_s_tuples s WHERE r.pkey = s.pkey;
LOG:  GRADING: EVICT 16
STATEMENT:  SELECT * FROM raw_r_tuples r, raw_s_tuples s WHERE r.pkey = s.pkey;
LOG:  GRADING: EVICT 17
STATEMENT:  SELECT * FROM raw_r_tuples r, raw_s_tuples s WHERE r.pkey = s.pkey;
LOG:  GRADING: EVICT 18
STATEMENT:  SELECT * FROM raw_r_tuples r, raw_s_tuples s WHERE r.pkey = s.pkey;
LOG:  GRADING: EVICT 20
STATEMENT:  SELECT * FROM raw_r_tuples r, raw_s_tuples s WHERE r.pkey = s.pkey;
LOG:  GRADING: EVICT 21
STATEMENT:  SELECT * FROM raw_r_tuples r, raw_s_tuples s WHERE r.pkey = s.pkey;
LOG:  GRADING: EVICT 22
STATEMENT:  SELECT * FROM raw_r_tuples r, raw_s_tuples s WHERE r.pkey = s.pkey;
LOG:  GRADING: EVICT 23
STATEMENT:  SELECT * FROM raw_r_tuples r, raw_s_tuples s WHERE r.pkey = s.pkey;
LOG:  GRADING: EVICT 24
STATEMENT:  SELECT * FROM raw_r_tuples r, raw_s_tuples s WHERE r.pkey = s.pkey;
LOG:  GRADING: EVICT 25
STATEMENT:  SELECT * FROM raw_r_tuples r, raw_s_tuples s WHERE r.pkey = s.pkey;
LOG:  GRADING: EVICT 26
STATEMENT:  SELECT * FROM raw_r_tuples r, raw_s_tuples s WHERE r.pkey = s.pkey;
LOG:  GRADING: EVICT 27
STATEMENT:  SELECT * FROM raw_r_tuples r, raw_s_tuples s WHERE r.pkey = s.pkey;
LOG:  GRADING: EVICT 28
STATEMENT:  SELECT * FROM raw_r_tuples r, raw_s_tuples s WHERE r.pkey = s.pkey;
LOG:  GRADING: EVICT 30
STATEMENT:  SELECT * FROM raw_r_tuples r, raw_s_tuples s WHERE r.pkey = s.pkey;
LOG:  GRADING: EVICT 31
STATEMENT:  SELECT * FROM raw_r_tuples r, raw_s_tuples s WHERE r.pkey = s.pkey;
LOG:  GRADING: EVICT  0
STATEMENT:  SELECT * FROM raw_r_tuples r, raw_s_tuples s WHERE r.pkey = s.pkey;
LOG:  GRADING: EVICT  1
STATEMENT:  SELECT * FROM raw_r_tuples r, raw_s_tuples s WHERE r.pkey = s.pkey;
LOG:  GRADING: EVICT  3
STATEMENT:  SELECT * FROM raw_r_tuples r, raw_s_tuples s WHERE r.pkey = s.pkey;
LOG:  GRADING: EVICT  4
STATEMENT:  SELECT * FROM raw_r_tuples r, raw_s_tuples s WHERE r.pkey = s.pkey;
LOG:  GRADING: EVICT  6
STATEMENT:  SELECT * FROM raw_r_tuples r, raw_s_tuples s WHERE r.pkey = s.pkey;
LOG:  GRADING: EVICT  7
STATEMENT:  SELECT * FROM raw_r_tuples r, raw_s_tuples s WHERE r.pkey = s.pkey;
LOG:  GRADING: EVICT  8
STATEMENT:  SELECT * FROM raw_r_tuples r, raw_s_tuples s WHERE r.pkey = s.pkey;
LOG:  GRADING: EVICT 10
STATEMENT:  SELECT * FROM raw_r_tuples r, raw_s_tuples s WHERE r.pkey = s.pkey;
LOG:  GRADING: EVICT 11
STATEMENT:  SELECT * FROM raw_r_tuples r, raw_s_tuples s WHERE r.pkey = s.pkey;
LOG:  GRADING: EVICT 19
STATEMENT:  SELECT * FROM raw_r_tuples r, raw_s_tuples s WHERE r.pkey = s.pkey;
LOG:  GRADING: EVICT 29
STATEMENT:  SELECT * FROM raw_r_tuples r, raw_s_tuples s WHERE r.pkey = s.pkey;
LOG:  GRADING: EVICT  9
STATEMENT:  SELECT * FROM raw_r_tuples r, raw_s_tuples s WHERE r.pkey = s.pkey;
LOG:  GRADING: EVICT 13
STATEMENT:  SELECT * FROM raw_r_tuples r, raw_s_tuples s WHERE r.pkey = s.pkey;
LOG:  GRADING: EVICT 14
STATEMENT:  SELECT * FROM raw_r_tuples r, raw_s_tuples s WHERE r.pkey = s.pkey;
LOG:  GRADING: EVICT 15
STATEMENT:  SELECT * FROM raw_r_tuples r, raw_s_tuples s WHERE r.pkey = s.pkey;
LOG:  GRADING: EVICT 16
STATEMENT:  SELECT * FROM raw_r_tuples r, raw_s_tuples s WHERE r.pkey = s.pkey;
LOG:  GRADING: EVICT 17
STATEMENT:  SELECT * FROM raw_r_tuples r, raw_s_tuples s WHERE r.pkey = s.pkey;
LOG:  GRADING: EVICT 18
STATEMENT:  SELECT * FROM raw_r_tuples r, raw_s_tuples s WHERE r.pkey = s.pkey;
LOG:  GRADING: EVICT 20
STATEMENT:  SELECT * FROM raw_r_tuples r, raw_s_tuples s WHERE r.pkey = s.pkey;
LOG:  GRADING: EVICT 21
STATEMENT:  SELECT * FROM raw_r_tuples r, raw_s_tuples s WHERE r.pkey = s.pkey;
LOG:  GRADING: EVICT 22
STATEMENT:  SELECT * FROM raw_r_tuples r, raw_s_tuples s WHERE r.pkey = s.pkey;
LOG:  GRADING: EVICT 23
STATEMENT:  SELECT * FROM raw_r_tuples r, raw_s_tuples s WHERE r.pkey = s.pkey;
LOG:  GRADING: EVICT 24
STATEMENT:  SELECT * FROM raw_r_tuples r, raw_s_tuples s WHERE r.pkey = s.pkey;
LOG:  GRADING: EVICT 25
STATEMENT:  SELECT * FROM raw_r_tuples r, raw_s_tuples s WHERE r.pkey = s.pkey;
LOG:  GRADING: EVICT 26
STATEMENT:  SELECT * FROM raw_r_tuples r, raw_s_tuples s WHERE r.pkey = s.pkey;
LOG:  GRADING: EVICT 27
STATEMENT:  SELECT * FROM raw_r_tuples r, raw_s_tuples s WHERE r.pkey = s.pkey;
LOG:  GRADING: EVICT 28
STATEMENT:  SELECT * FROM raw_r_tuples r, raw_s_tuples s WHERE r.pkey = s.pkey;
LOG:  GRADING: EVICT 30
STATEMENT:  SELECT * FROM raw_r_tuples r, raw_s_tuples s WHERE r.pkey = s.pkey;
LOG:  GRADING: EVICT 31
STATEMENT:  SELECT * FROM raw_r_tuples r, raw_s_tuples s WHERE r.pkey = s.pkey;
LOG:  GRADING: EVICT  0
STATEMENT:  SELECT * FROM raw_r_tuples r, raw_s_tuples s WHERE r.pkey = s.pkey;
LOG:  GRADING: EVICT  1
STATEMENT:  SELECT * FROM raw_r_tuples r, raw_s_tuples s WHERE r.pkey = s.pkey;
LOG:  GRADING: EVICT  2
STATEMENT:  SELECT * FROM raw_r_tuples r, raw_s_tuples s WHERE r.pkey = s.pkey;
LOG:  GRADING: EVICT  5
STATEMENT:  SELECT * FROM raw_r_tuples r, raw_s_tuples s WHERE r.pkey = s.pkey;
LOG:  GRADING: EVICT 13
STATEMENT:  SELECT * FROM raw_r_tuples r, raw_s_tuples s WHERE r.pkey = s.pkey;
LOG:  GRADING: EVICT 14
STATEMENT:  SELECT * FROM raw_r_tuples r, raw_s_tuples s WHERE r.pkey = s.pkey;
LOG:  GRADING: EVICT 15
STATEMENT:  SELECT * FROM raw_r_tuples r, raw_s_tuples s WHERE r.pkey = s.pkey;
LOG:  GRADING: EVICT 16
STATEMENT:  SELECT * FROM raw_r_tuples r, raw_s_tuples s WHERE r.pkey = s.pkey;
LOG:  GRADING: EVICT  5
STATEMENT:  SELECT * FROM raw_r_tuples r, raw_s_tuples s WHERE r.pkey = s.pkey;
LOG:  GRADING: EVICT 13
STATEMENT:  SELECT * FROM raw_r_tuples r, raw_s_tuples s WHERE r.pkey = s.pkey;
LOG:  GRADING: EVICT 14
STATEMENT:  SELECT * FROM raw_r_tuples r, raw_s_tuples s WHERE r.pkey = s.pkey;
LOG:  GRADING: EVICT 15
STATEMENT:  SELECT * FROM raw_r_tuples r, raw_s_tuples s WHERE r.pkey = s.pkey;
LOG:  GRADING: EVICT 16
STATEMENT:  SELECT * FROM raw_r_tuples r, raw_s_tuples s WHERE r.pkey = s.pkey;
LOG:  GRADING: EVICT  5
STATEMENT:  SELECT * FROM raw_r_tuples r, raw_s_tuples s WHERE r.pkey = s.pkey;
LOG:  GRADING: EVICT  6
STATEMENT:  SELECT * FROM raw_r_tuples r, raw_s_tuples s WHERE r.pkey = s.pkey;
LOG:  GRADING: EVICT  7
STATEMENT:  SELECT * FROM raw_r_tuples r, raw_s_tuples s WHERE r.pkey = s.pkey;
LOG:  GRADING: EVICT  8
STATEMENT:  SELECT * FROM raw_r_tuples r, raw_s_tuples s WHERE r.pkey = s.pkey;
LOG:  GRADING: EVICT 13
STATEMENT:  SELECT * FROM raw_r_tuples r, raw_s_tuples s WHERE r.pkey = s.pkey;
LOG:  GRADING: EVICT 14
STATEMENT:  SELECT * FROM raw_r_tuples r, raw_s_tuples s WHERE r.pkey = s.pkey;
LOG:  GRADING: EVICT 15
STATEMENT:  SELECT * FROM raw_r_tuples r, raw_s_tuples s WHERE r.pkey = s.pkey;
LOG:  GRADING: EVICT 16
STATEMENT:  SELECT * FROM raw_r_tuples r, raw_s_tuples s WHERE r.pkey = s.pkey;
LOG:  GRADING: EVICT 17
STATEMENT:  SELECT * FROM raw_r_tuples r, raw_s_tuples s WHERE r.pkey = s.pkey;
LOG:  GRADING: EVICT 18
STATEMENT:  SELECT * FROM raw_r_tuples r, raw_s_tuples s WHERE r.pkey = s.pkey;
LOG:  GRADING: EVICT 20
STATEMENT:  SELECT * FROM raw_r_tuples r, raw_s_tuples s WHERE r.pkey = s.pkey;
LOG:  GRADING: EVICT 21
STATEMENT:  SELECT * FROM raw_r_tuples r, raw_s_tuples s WHERE r.pkey = s.pkey;
LOG:  GRADING: EVICT 22
STATEMENT:  SELECT * FROM raw_r_tuples r, raw_s_tuples s WHERE r.pkey = s.pkey;
LOG:  GRADING: EVICT 23
STATEMENT:  SELECT * FROM raw_r_tuples r, raw_s_tuples s WHERE r.pkey = s.pkey;
LOG:  GRADING: EVICT 24
STATEMENT:  SELECT * FROM raw_r_tuples r, raw_s_tuples s WHERE r.pkey = s.pkey;
LOG:  GRADING: EVICT 25
STATEMENT:  SELECT * FROM raw_r_tuples r, raw_s_tuples s WHERE r.pkey = s.pkey;
LOG:  GRADING: EVICT 26
STATEMENT:  SELECT * FROM raw_r_tuples r, raw_s_tuples s WHERE r.pkey = s.pkey;
LOG:  GRADING: EVICT 27
STATEMENT:  SELECT * FROM raw_r_tuples r, raw_s_tuples s WHERE r.pkey = s.pkey;
LOG:  GRADING: EVICT 28
STATEMENT:  SELECT * FROM raw_r_tuples r, raw_s_tuples s WHERE r.pkey = s.pkey;
LOG:  GRADING: EVICT 30
STATEMENT:  SELECT * FROM raw_r_tuples r, raw_s_tuples s WHERE r.pkey = s.pkey;
LOG:  GRADING: EVICT 31
STATEMENT:  SELECT * FROM raw_r_tuples r, raw_s_tuples s WHERE r.pkey = s.pkey;
LOG:  GRADING: EVICT  0
STATEMENT:  SELECT * FROM raw_r_tuples r, raw_s_tuples s WHERE r.pkey = s.pkey;
LOG:  GRADING: EVICT  1
STATEMENT:  SELECT * FROM raw_r_tuples r, raw_s_tuples s WHERE r.pkey = s.pkey;
LOG:  GRADING: EVICT  2
STATEMENT:  SELECT * FROM raw_r_tuples r, raw_s_tuples s WHERE r.pkey = s.pkey;
LOG:  GRADING: EVICT  3
STATEMENT:  SELECT * FROM raw_r_tuples r, raw_s_tuples s WHERE r.pkey = s.pkey;
LOG:  GRADING: EVICT  4
STATEMENT:  SELECT * FROM raw_r_tuples r, raw_s_tuples s WHERE r.pkey = s.pkey;
LOG:  GRADING: EVICT  5
STATEMENT:  SELECT * FROM raw_r_tuples r, raw_s_tuples s WHERE r.pkey = s.pkey;
LOG:  GRADING: EVICT  6
STATEMENT:  SELECT * FROM raw_r_tuples r, raw_s_tuples s WHERE r.pkey = s.pkey;
LOG:  GRADING: EVICT 14
STATEMENT:  SELECT * FROM raw_r_tuples r, raw_s_tuples s WHERE r.pkey = s.pkey;
LOG:  GRADING: EVICT 15
STATEMENT:  SELECT * FROM raw_r_tuples r, raw_s_tuples s WHERE r.pkey = s.pkey;
LOG:  GRADING: EVICT 16
STATEMENT:  SELECT * FROM raw_r_tuples r, raw_s_tuples s WHERE r.pkey = s.pkey;
LOG:  GRADING: EVICT 17
STATEMENT:  SELECT * FROM raw_r_tuples r, raw_s_tuples s WHERE r.pkey = s.pkey;
LOG:  GRADING: EVICT  6
STATEMENT:  SELECT * FROM raw_r_tuples r, raw_s_tuples s WHERE r.pkey = s.pkey;
LOG:  EXECUTOR STATISTICS
DETAIL:  ! system usage stats:
	!	1.659593 elapsed 1.076067 user 0.032002 system sec
	!	[1.112069 user 0.096006 sys total]
	!	0/24 [0/224] filesystem blocks in/out
	!	0/4 [0/830] page faults/reclaims, 0 [0] swaps
	!	0 [0] signals rcvd, 0/0 [0/0] messages rcvd/sent
	!	0/422 [5/651] voluntary/involuntary context switches
	! buffer usage stats:
	!	Shared blocks:         95 read,          0 written, buffer hit rate = 99.85%
	!	Local  blocks:          0 read,          0 written, buffer hit rate = 0.00%
	!	Direct blocks:          0 read,          0 written
STATEMENT:  SELECT * FROM raw_r_tuples r, raw_s_tuples s WHERE r.pkey = s.pkey;
LOG:  GRADING: EVICT 14
STATEMENT:  SELECT * FROM raw_r_tuples r, raw_s_tuples s WHERE r.pkey = s.pkey;
LOG:  GRADING: EVICT 15
STATEMENT:  SELECT * FROM raw_r_tuples r, raw_s_tuples s WHERE r.pkey = s.pkey;
LOG:  GRADING: EVICT 16
STATEMENT:  SELECT * FROM raw_r_tuples r, raw_s_tuples s WHERE r.pkey = s.pkey;
LOG:  GRADING: EVICT 17
STATEMENT:  SELECT * FROM raw_r_tuples r, raw_s_tuples s WHERE r.pkey = s.pkey;
LOG:  GRADING: EVICT  6
STATEMENT:  SELECT * FROM raw_r_tuples r, raw_s_tuples s WHERE r.pkey = s.pkey;
LOG:  GRADING: EVICT  7
STATEMENT:  SELECT * FROM raw_r_tuples r, raw_s_tuples s WHERE r.pkey = s.pkey;
LOG:  GRADING: EVICT  8
STATEMENT:  SELECT * FROM raw_r_tuples r, raw_s_tuples s WHERE r.pkey = s.pkey;
LOG:  GRADING: EVICT 13
STATEMENT:  SELECT * FROM raw_r_tuples r, raw_s_tuples s WHERE r.pkey = s.pkey;
LOG:  GRADING: EVICT 14
STATEMENT:  SELECT * FROM raw_r_tuples r, raw_s_tuples s WHERE r.pkey = s.pkey;
LOG:  GRADING: EVICT 15
STATEMENT:  SELECT * FROM raw_r_tuples r, raw_s_tuples s WHERE r.pkey = s.pkey;
LOG:  GRADING: EVICT 16
STATEMENT:  SELECT * FROM raw_r_tuples r, raw_s_tuples s WHERE r.pkey = s.pkey;
LOG:  GRADING: EVICT 17
STATEMENT:  SELECT * FROM raw_r_tuples r, raw_s_tuples s WHERE r.pkey = s.pkey;
LOG:  GRADING: EVICT 18
STATEMENT:  SELECT * FROM raw_r_tuples r, raw_s_tuples s WHERE r.pkey = s.pkey;
LOG:  GRADING: EVICT 20
STATEMENT:  SELECT * FROM raw_r_tuples r, raw_s_tuples s WHERE r.pkey = s.pkey;
LOG:  GRADING: EVICT 21
STATEMENT:  SELECT * FROM raw_r_tuples r, raw_s_tuples s WHERE r.pkey = s.pkey;
LOG:  GRADING: EVICT 22
STATEMENT:  SELECT * FROM raw_r_tuples r, raw_s_tuples s WHERE r.pkey = s.pkey;
LOG:  GRADING: EVICT 23
STATEMENT:  SELECT * FROM raw_r_tuples r, raw_s_tuples s WHERE r.pkey = s.pkey;
LOG:  GRADING: EVICT 24
STATEMENT:  SELECT * FROM raw_r_tuples r, raw_s_tuples s WHERE r.pkey = s.pkey;
LOG:  GRADING: EVICT 25
STATEMENT:  SELECT * FROM raw_r_tuples r, raw_s_tuples s WHERE r.pkey = s.pkey;
LOG:  GRADING: EVICT 26
STATEMENT:  SELECT * FROM raw_r_tuples r, raw_s_tuples s WHERE r.pkey = s.pkey;
LOG:  GRADING: EVICT 27
STATEMENT:  SELECT * FROM raw_r_tuples r, raw_s_tuples s WHERE r.pkey = s.pkey;
LOG:  GRADING: EVICT 28
STATEMENT:  SELECT * FROM raw_r_tuples r, raw_s_tuples s WHERE r.pkey = s.pkey;
LOG:  GRADING: EVICT 30
STATEMENT:  SELECT * FROM raw_r_tuples r, raw_s_tuples s WHERE r.pkey = s.pkey;
LOG:  GRADING: EVICT 31
STATEMENT:  SELECT * FROM raw_r_tuples r, raw_s_tuples s WHERE r.pkey = s.pkey;
LOG:  GRADING: EVICT  0
STATEMENT:  SELECT * FROM raw_r_tuples r, raw_s_tuples s WHERE r.pkey = s.pkey;
LOG:  GRADING: EVICT  1
STATEMENT:  SELECT * FROM raw_r_tuples r, raw_s_tuples s WHERE r.pkey = s.pkey;
LOG:  GRADING: EVICT  2
STATEMENT:  SELECT * FROM raw_r_tuples r, raw_s_tuples s WHERE r.pkey = s.pkey;
LOG:  GRADING: EVICT  3
STATEMENT:  SELECT * FROM raw_r_tuples r, raw_s_tuples s WHERE r.pkey = s.pkey;
LOG:  GRADING: EVICT  4
STATEMENT:  SELECT * FROM raw_r_tuples r, raw_s_tuples s WHERE r.pkey = s.pkey;
LOG:  GRADING: EVICT  5
STATEMENT:  SELECT * FROM raw_r_tuples r, raw_s_tuples s WHERE r.pkey = s.pkey;
LOG:  GRADING: EVICT  6
STATEMENT:  SELECT * FROM raw_r_tuples r, raw_s_tuples s WHERE r.pkey = s.pkey;
LOG:  GRADING: EVICT  7
STATEMENT:  SELECT * FROM raw_r_tuples r, raw_s_tuples s WHERE r.pkey = s.pkey;
LOG:  GRADING: EVICT 15
STATEMENT:  SELECT * FROM raw_r_tuples r, raw_s_tuples s WHERE r.pkey = s.pkey;
LOG:  GRADING: EVICT 16
STATEMENT:  SELECT * FROM raw_r_tuples r, raw_s_tuples s WHERE r.pkey = s.pkey;
LOG:  GRADING: EVICT 17
STATEMENT:  SELECT * FROM raw_r_tuples r, raw_s_tuples s WHERE r.pkey = s.pkey;
LOG:  GRADING: EVICT 18
STATEMENT:  SELECT * FROM raw_r_tuples r, raw_s_tuples s WHERE r.pkey = s.pkey;
LOG:  GRADING: EVICT  7
STATEMENT:  SELECT * FROM raw_r_tuples r, raw_s_tuples s WHERE r.pkey = s.pkey;
LOG:  GRADING: EVICT 15
STATEMENT:  SELECT * FROM raw_r_tuples r, raw_s_tuples s WHERE r.pkey = s.pkey;
LOG:  GRADING: EVICT 16
STATEMENT:  SELECT * FROM raw_r_tuples r, raw_s_tuples s WHERE r.pkey = s.pkey;
LOG:  GRADING: EVICT 17
STATEMENT:  SELECT * FROM raw_r_tuples r, raw_s_tuples s WHERE r.pkey = s.pkey;
LOG:  GRADING: EVICT 18
STATEMENT:  SELECT * FROM raw_r_tuples r, raw_s_tuples s WHERE r.pkey = s.pkey;
LOG:  GRADING: EVICT  7
STATEMENT:  SELECT * FROM raw_r_tuples r, raw_s_tuples s WHERE r.pkey = s.pkey;
LOG:  GRADING: EVICT  8
STATEMENT:  SELECT * FROM raw_r_tuples r, raw_s_tuples s WHERE r.pkey = s.pkey;
LOG:  GRADING: EVICT 13
STATEMENT:  SELECT * FROM raw_r_tuples r, raw_s_tuples s WHERE r.pkey = s.pkey;
LOG:  GRADING: EVICT 14
STATEMENT:  SELECT * FROM raw_r_tuples r, raw_s_tuples s WHERE r.pkey = s.pkey;
LOG:  GRADING: EVICT 15
STATEMENT:  SELECT * FROM raw_r_tuples r, raw_s_tuples s WHERE r.pkey = s.pkey;
LOG:  GRADING: EVICT 16
STATEMENT:  SELECT * FROM raw_r_tuples r, raw_s_tuples s WHERE r.pkey = s.pkey;
LOG:  GRADING: EVICT 17
STATEMENT:  SELECT * FROM raw_r_tuples r, raw_s_tuples s WHERE r.pkey = s.pkey;
LOG:  GRADING: EVICT 18
STATEMENT:  SELECT * FROM raw_r_tuples r, raw_s_tuples s WHERE r.pkey = s.pkey;
LOG:  GRADING: EVICT 19
STATEMENT:  SELECT * FROM raw_r_tuples r, raw_s_tuples s WHERE r.pkey = s.pkey;
LOG:  GRADING: EVICT 20
STATEMENT:  SELECT * FROM raw_r_tuples r, raw_s_tuples s WHERE r.pkey = s.pkey;
LOG:  GRADING: EVICT 21
STATEMENT:  SELECT * FROM raw_r_tuples r, raw_s_tuples s WHERE r.pkey = s.pkey;
LOG:  GRADING: EVICT 22
STATEMENT:  SELECT * FROM raw_r_tuples r, raw_s_tuples s WHERE r.pkey = s.pkey;
LOG:  GRADING: EVICT 23
STATEMENT:  SELECT * FROM raw_r_tuples r, raw_s_tuples s WHERE r.pkey = s.pkey;
LOG:  GRADING: EVICT 24
STATEMENT:  SELECT * FROM raw_r_tuples r, raw_s_tuples s WHERE r.pkey = s.pkey;
LOG:  GRADING: EVICT 25
STATEMENT:  SELECT * FROM raw_r_tuples r, raw_s_tuples s WHERE r.pkey = s.pkey;
LOG:  GRADING: EVICT 26
STATEMENT:  SELECT * FROM raw_r_tuples r, raw_s_tuples s WHERE r.pkey = s.pkey;
LOG:  GRADING: EVICT 27
STATEMENT:  SELECT * FROM raw_r_tuples r, raw_s_tuples s WHERE r.pkey = s.pkey;
LOG:  GRADING: EVICT 28
STATEMENT:  SELECT * FROM raw_r_tuples r, raw_s_tuples s WHERE r.pkey = s.pkey;
LOG:  GRADING: EVICT 30
STATEMENT:  SELECT * FROM raw_r_tuples r, raw_s_tuples s WHERE r.pkey = s.pkey;
LOG:  GRADING: EVICT 31
STATEMENT:  SELECT * FROM raw_r_tuples r, raw_s_tuples s WHERE r.pkey = s.pkey;
LOG:  GRADING: EVICT  0
STATEMENT:  SELECT * FROM raw_r_tuples r, raw_s_tuples s WHERE r.pkey = s.pkey;
LOG:  GRADING: EVICT  1
STATEMENT:  SELECT * FROM raw_r_tuples r, raw_s_tuples s WHERE r.pkey = s.pkey;
LOG:  GRADING: EVICT  2
STATEMENT:  SELECT * FROM raw_r_tuples r, raw_s_tuples s WHERE r.pkey = s.pkey;
LOG:  GRADING: EVICT  3
STATEMENT:  SELECT * FROM raw_r_tuples r, raw_s_tuples s WHERE r.pkey = s.pkey;
LOG:  GRADING: EVICT  4
STATEMENT:  SELECT * FROM raw_r_tuples r, raw_s_tuples s WHERE r.pkey = s.pkey;
LOG:  GRADING: EVICT  5
STATEMENT:  SELECT * FROM raw_r_tuples r, raw_s_tuples s WHERE r.pkey = s.pkey;
LOG:  GRADING: EVICT  6
STATEMENT:  SELECT * FROM raw_r_tuples r, raw_s_tuples s WHERE r.pkey = s.pkey;
LOG:  GRADING: EVICT  7
STATEMENT:  SELECT * FROM raw_r_tuples r, raw_s_tuples s WHERE r.pkey = s.pkey;
LOG:  GRADING: EVICT  8
STATEMENT:  SELECT * FROM raw_r_tuples r, raw_s_tuples s WHERE r.pkey = s.pkey;
LOG:  EXECUTOR STATISTICS
DETAIL:  ! system usage stats:
	!	1.827151 elapsed 1.100069 user 0.040002 system sec
	!	[2.212138 user 0.136008 sys total]
	!	0/24 [0/248] filesystem blocks in/out
	!	0/0 [0/830] page faults/reclaims, 0 [0] swaps
	!	0 [0] signals rcvd, 0/0 [0/0] messages rcvd/sent
	!	0/470 [6/1125] voluntary/involuntary context switches
	! buffer usage stats:
	!	Shared blocks:         70 read,          0 written, buffer hit rate = 99.89%
	!	Local  blocks:          0 read,          0 written, buffer hit rate = 0.00%
	!	Direct blocks:          0 read,          0 written
STATEMENT:  SELECT * FROM raw_r_tuples r, raw_s_tuples s WHERE r.pkey = s.pkey;
LOG:  GRADING: EVICT 16
STATEMENT:  SELECT * FROM raw_r_tuples r, raw_s_tuples s WHERE r.pkey = s.pkey;
LOG:  GRADING: EVICT 17
STATEMENT:  SELECT * FROM raw_r_tuples r, raw_s_tuples s WHERE r.pkey = s.pkey;
LOG:  GRADING: EVICT 18
STATEMENT:  SELECT * FROM raw_r_tuples r, raw_s_tuples s WHERE r.pkey = s.pkey;
LOG:  GRADING: EVICT 19
STATEMENT:  SELECT * FROM raw_r_tuples r, raw_s_tuples s WHERE r.pkey = s.pkey;
LOG:  GRADING: EVICT  8
STATEMENT:  SELECT * FROM raw_r_tuples r, raw_s_tuples s WHERE r.pkey = s.pkey;
LOG:  GRADING: EVICT 16
STATEMENT:  SELECT * FROM raw_r_tuples r, raw_s_tuples s WHERE r.pkey = s.pkey;
LOG:  GRADING: EVICT 17
STATEMENT:  SELECT * FROM raw_r_tuples r, raw_s_tuples s WHERE r.pkey = s.pkey;
LOG:  GRADING: EVICT 18
STATEMENT:  SELECT * FROM raw_r_tuples r, raw_s_tuples s WHERE r.pkey = s.pkey;
LOG:  GRADING: EVICT 19
STATEMENT:  SELECT * FROM raw_r_tuples r, raw_s_tuples s WHERE r.pkey = s.pkey;
LOG:  GRADING: EVICT  8
STATEMENT:  SELECT * FROM raw_r_tuples r, raw_s_tuples s WHERE r.pkey = s.pkey;
LOG:  GRADING: EVICT  9
STATEMENT:  SELECT * FROM raw_r_tuples r, raw_s_tuples s WHERE r.pkey = s.pkey;
LOG:  GRADING: EVICT 12
STATEMENT:  SELECT * FROM raw_r_tuples r, raw_s_tuples s WHERE r.pkey = s.pkey;
LOG:  GRADING: EVICT 13
STATEMENT:  SELECT * FROM raw_r_tuples r, raw_s_tuples s WHERE r.pkey = s.pkey;
LOG:  GRADING: EVICT 14
STATEMENT:  SELECT * FROM raw_r_tuples r, raw_s_tuples s WHERE r.pkey = s.pkey;
LOG:  GRADING: EVICT 15
STATEMENT:  SELECT * FROM raw_r_tuples r, raw_s_tuples s WHERE r.pkey = s.pkey;
LOG:  GRADING: EVICT 16
STATEMENT:  SELECT * FROM raw_r_tuples r, raw_s_tuples s WHERE r.pkey = s.pkey;
LOG:  GRADING: EVICT 17
STATEMENT:  SELECT * FROM raw_r_tuples r, raw_s_tuples s WHERE r.pkey = s.pkey;
LOG:  GRADING: EVICT 18
STATEMENT:  SELECT * FROM raw_r_tuples r, raw_s_tuples s WHERE r.pkey = s.pkey;
LOG:  GRADING: EVICT 19
STATEMENT:  SELECT * FROM raw_r_tuples r, raw_s_tuples s WHERE r.pkey = s.pkey;
LOG:  GRADING: EVICT 20
STATEMENT:  SELECT * FROM raw_r_tuples r, raw_s_tuples s WHERE r.pkey = s.pkey;
LOG:  GRADING: EVICT 21
STATEMENT:  SELECT * FROM raw_r_tuples r, raw_s_tuples s WHERE r.pkey = s.pkey;
LOG:  GRADING: EVICT 22
STATEMENT:  SELECT * FROM raw_r_tuples r, raw_s_tuples s WHERE r.pkey = s.pkey;
LOG:  GRADING: EVICT 23
STATEMENT:  SELECT * FROM raw_r_tuples r, raw_s_tuples s WHERE r.pkey = s.pkey;
LOG:  GRADING: EVICT 24
STATEMENT:  SELECT * FROM raw_r_tuples r, raw_s_tuples s WHERE r.pkey = s.pkey;
LOG:  GRADING: EVICT 25
STATEMENT:  SELECT * FROM raw_r_tuples r, raw_s_tuples s WHERE r.pkey = s.pkey;
LOG:  GRADING: EVICT 26
STATEMENT:  SELECT * FROM raw_r_tuples r, raw_s_tuples s WHERE r.pkey = s.pkey;
LOG:  GRADING: EVICT 27
STATEMENT:  SELECT * FROM raw_r_tuples r, raw_s_tuples s WHERE r.pkey = s.pkey;
LOG:  GRADING: EVICT 28
STATEMENT:  SELECT * FROM raw_r_tuples r, raw_s_tuples s WHERE r.pkey = s.pkey;
LOG:  GRADING: EVICT 30
STATEMENT:  SELECT * FROM raw_r_tuples r, raw_s_tuples s WHERE r.pkey = s.pkey;
LOG:  GRADING: EVICT 31
STATEMENT:  SELECT * FROM raw_r_tuples r, raw_s_tuples s WHERE r.pkey = s.pkey;
LOG:  GRADING: EVICT  0
STATEMENT:  SELECT * FROM raw_r_tuples r, raw_s_tuples s WHERE r.pkey = s.pkey;
LOG:  GRADING: EVICT  1
STATEMENT:  SELECT * FROM raw_r_tuples r, raw_s_tuples s WHERE r.pkey = s.pkey;
LOG:  GRADING: EVICT  2
STATEMENT:  SELECT * FROM raw_r_tuples r, raw_s_tuples s WHERE r.pkey = s.pkey;
LOG:  GRADING: EVICT  3
STATEMENT:  SELECT * FROM raw_r_tuples r, raw_s_tuples s WHERE r.pkey = s.pkey;
LOG:  GRADING: EVICT  4
STATEMENT:  SELECT * FROM raw_r_tuples r, raw_s_tuples s WHERE r.pkey = s.pkey;
LOG:  GRADING: EVICT  5
STATEMENT:  SELECT * FROM raw_r_tuples r, raw_s_tuples s WHERE r.pkey = s.pkey;
LOG:  GRADING: EVICT  6
STATEMENT:  SELECT * FROM raw_r_tuples r, raw_s_tuples s WHERE r.pkey = s.pkey;
LOG:  GRADING: EVICT  7
STATEMENT:  SELECT * FROM raw_r_tuples r, raw_s_tuples s WHERE r.pkey = s.pkey;
LOG:  GRADING: EVICT  8
STATEMENT:  SELECT * FROM raw_r_tuples r, raw_s_tuples s WHERE r.pkey = s.pkey;
LOG:  GRADING: EVICT  9
STATEMENT:  SELECT * FROM raw_r_tuples r, raw_s_tuples s WHERE r.pkey = s.pkey;
LOG:  GRADING: EVICT 17
STATEMENT:  SELECT * FROM raw_r_tuples r, raw_s_tuples s WHERE r.pkey = s.pkey;
LOG:  GRADING: EVICT 18
STATEMENT:  SELECT * FROM raw_r_tuples r, raw_s_tuples s WHERE r.pkey = s.pkey;
LOG:  GRADING: EVICT 19
STATEMENT:  SELECT * FROM raw_r_tuples r, raw_s_tuples s WHERE r.pkey = s.pkey;
LOG:  GRADING: EVICT 20
STATEMENT:  SELECT * FROM raw_r_tuples r, raw_s_tuples s WHERE r.pkey = s.pkey;
LOG:  GRADING: EVICT  9
STATEMENT:  SELECT * FROM raw_r_tuples r, raw_s_tuples s WHERE r.pkey = s.pkey;
LOG:  GRADING: EVICT 17
STATEMENT:  SELECT * FROM raw_r_tuples r, raw_s_tuples s WHERE r.pkey = s.pkey;
LOG:  GRADING: EVICT 18
STATEMENT:  SELECT * FROM raw_r_tuples r, raw_s_tuples s WHERE r.pkey = s.pkey;
LOG:  GRADING: EVICT 19
STATEMENT:  SELECT * FROM raw_r_tuples r, raw_s_tuples s WHERE r.pkey = s.pkey;
LOG:  GRADING: EVICT 20
STATEMENT:  SELECT * FROM raw_r_tuples r, raw_s_tuples s WHERE r.pkey = s.pkey;
LOG:  GRADING: EVICT  9
STATEMENT:  SELECT * FROM raw_r_tuples r, raw_s_tuples s WHERE r.pkey = s.pkey;
LOG:  GRADING: EVICT 10
STATEMENT:  SELECT * FROM raw_r_tuples r, raw_s_tuples s WHERE r.pkey = s.pkey;
LOG:  GRADING: EVICT 11
STATEMENT:  SELECT * FROM raw_r_tuples r, raw_s_tuples s WHERE r.pkey = s.pkey;
LOG:  GRADING: EVICT 12
STATEMENT:  SELECT * FROM raw_r_tuples r, raw_s_tuples s WHERE r.pkey = s.pkey;
LOG:  GRADING: EVICT 13
STATEMENT:  SELECT * FROM raw_r_tuples r, raw_s_tuples s WHERE r.pkey = s.pkey;
LOG:  GRADING: EVICT 14
STATEMENT:  SELECT * FROM raw_r_tuples r, raw_s_tuples s WHERE r.pkey = s.pkey;
LOG:  GRADING: EVICT 15
STATEMENT:  SELECT * FROM raw_r_tuples r, raw_s_tuples s WHERE r.pkey = s.pkey;
LOG:  GRADING: EVICT 16
STATEMENT:  SELECT * FROM raw_r_tuples r, raw_s_tuples s WHERE r.pkey = s.pkey;
LOG:  GRADING: EVICT 17
STATEMENT:  SELECT * FROM raw_r_tuples r, raw_s_tuples s WHERE r.pkey = s.pkey;
LOG:  EXECUTOR STATISTICS
DETAIL:  ! system usage stats:
	!	1.837258 elapsed 1.092068 user 0.040003 system sec
	!	[3.304206 user 0.176011 sys total]
	!	0/8 [0/256] filesystem blocks in/out
	!	0/0 [0/830] page faults/reclaims, 0 [0] swaps
	!	0 [0] signals rcvd, 0/0 [0/0] messages rcvd/sent
	!	0/394 [7/1522] voluntary/involuntary context switches
	! buffer usage stats:
	!	Shared blocks:         58 read,          0 written, buffer hit rate = 99.91%
	!	Local  blocks:          0 read,          0 written, buffer hit rate = 0.00%
	!	Direct blocks:          0 read,          0 written
STATEMENT:  SELECT * FROM raw_r_tuples r, raw_s_tuples s WHERE r.pkey = s.pkey;
LOG:  unexpected EOF on client connection
