LOG:  using buffer replacement policy: clock
LOG:  database system was shut down at 2012-10-23 04:23:14 PDT
LOG:  database system is ready to accept connections
LOG:  GRADING: EVICT  4 at character 15
STATEMENT:  SELECT * FROM raw_r_tuples;
LOG:  GRADING: EVICT  5
STATEMENT:  SELECT * FROM raw_r_tuples;
LOG:  GRADING: EVICT 15
STATEMENT:  SELECT * FROM raw_r_tuples;
LOG:  GRADING: EVICT 22
STATEMENT:  SELECT * FROM raw_r_tuples;
LOG:  GRADING: EVICT 31
STATEMENT:  SELECT * FROM raw_r_tuples;
LOG:  GRADING: EVICT 33
STATEMENT:  SELECT * FROM raw_r_tuples;
LOG:  GRADING: EVICT 36
STATEMENT:  SELECT * FROM raw_r_tuples;
LOG:  GRADING: EVICT 38
STATEMENT:  SELECT * FROM raw_r_tuples;
LOG:  GRADING: EVICT 40
STATEMENT:  SELECT * FROM raw_r_tuples;
LOG:  GRADING: EVICT 44
STATEMENT:  SELECT * FROM raw_r_tuples;
LOG:  GRADING: EVICT 47
STATEMENT:  SELECT * FROM raw_r_tuples;
LOG:  GRADING: EVICT 51
STATEMENT:  SELECT * FROM raw_r_tuples;
LOG:  GRADING: EVICT 52
STATEMENT:  SELECT * FROM raw_r_tuples;
LOG:  GRADING: EVICT 53
STATEMENT:  SELECT * FROM raw_r_tuples;
LOG:  GRADING: EVICT 54
STATEMENT:  SELECT * FROM raw_r_tuples;
LOG:  GRADING: EVICT 55
STATEMENT:  SELECT * FROM raw_r_tuples;
LOG:  GRADING: EVICT 56
STATEMENT:  SELECT * FROM raw_r_tuples;
LOG:  GRADING: EVICT 57
STATEMENT:  SELECT * FROM raw_r_tuples;
LOG:  GRADING: EVICT 59
STATEMENT:  SELECT * FROM raw_r_tuples;
LOG:  GRADING: EVICT 60
STATEMENT:  SELECT * FROM raw_r_tuples;
LOG:  GRADING: EVICT  0
STATEMENT:  SELECT * FROM raw_r_tuples;
LOG:  GRADING: EVICT  6
STATEMENT:  SELECT * FROM raw_r_tuples;
LOG:  GRADING: EVICT  8
STATEMENT:  SELECT * FROM raw_r_tuples;
LOG:  GRADING: EVICT 25
STATEMENT:  SELECT * FROM raw_r_tuples;
LOG:  GRADING: EVICT 26
STATEMENT:  SELECT * FROM raw_r_tuples;
LOG:  GRADING: EVICT 28
STATEMENT:  SELECT * FROM raw_r_tuples;
LOG:  GRADING: EVICT 58
STATEMENT:  SELECT * FROM raw_r_tuples;
LOG:  GRADING: EVICT 61
STATEMENT:  SELECT * FROM raw_r_tuples;
LOG:  GRADING: EVICT 62
STATEMENT:  SELECT * FROM raw_r_tuples;
LOG:  GRADING: EVICT 63
STATEMENT:  SELECT * FROM raw_r_tuples;
LOG:  GRADING: EVICT  1
STATEMENT:  SELECT * FROM raw_r_tuples;
LOG:  GRADING: EVICT  4
STATEMENT:  SELECT * FROM raw_r_tuples;
LOG:  GRADING: EVICT  5
STATEMENT:  SELECT * FROM raw_r_tuples;
LOG:  GRADING: EVICT  7
STATEMENT:  SELECT * FROM raw_r_tuples;
LOG:  GRADING: EVICT 32
STATEMENT:  SELECT * FROM raw_r_tuples;
LOG:  GRADING: EVICT 33
STATEMENT:  SELECT * FROM raw_r_tuples;
LOG:  GRADING: EVICT 34
STATEMENT:  SELECT * FROM raw_r_tuples;
LOG:  GRADING: EVICT 35
STATEMENT:  SELECT * FROM raw_r_tuples;
LOG:  GRADING: EVICT 37
STATEMENT:  SELECT * FROM raw_r_tuples;
LOG:  GRADING: EVICT 38
STATEMENT:  SELECT * FROM raw_r_tuples;
LOG:  GRADING: EVICT 44
STATEMENT:  SELECT * FROM raw_r_tuples;
LOG:  GRADING: EVICT 47
STATEMENT:  SELECT * FROM raw_r_tuples;
LOG:  GRADING: EVICT 48
STATEMENT:  SELECT * FROM raw_r_tuples;
LOG:  GRADING: EVICT 49
STATEMENT:  SELECT * FROM raw_r_tuples;
LOG:  GRADING: EVICT 51
STATEMENT:  SELECT * FROM raw_r_tuples;
LOG:  GRADING: EVICT 52
STATEMENT:  SELECT * FROM raw_r_tuples;
LOG:  GRADING: EVICT 53
STATEMENT:  SELECT * FROM raw_r_tuples;
LOG:  GRADING: EVICT 54
STATEMENT:  SELECT * FROM raw_r_tuples;
LOG:  GRADING: EVICT 55
STATEMENT:  SELECT * FROM raw_r_tuples;
LOG:  GRADING: EVICT 56
STATEMENT:  SELECT * FROM raw_r_tuples;
LOG:  GRADING: EVICT 57
STATEMENT:  SELECT * FROM raw_r_tuples;
LOG:  GRADING: EVICT 59
STATEMENT:  SELECT * FROM raw_r_tuples;
LOG:  GRADING: EVICT 60
STATEMENT:  SELECT * FROM raw_r_tuples;
LOG:  GRADING: EVICT  0
STATEMENT:  SELECT * FROM raw_r_tuples;
LOG:  GRADING: EVICT  6
STATEMENT:  SELECT * FROM raw_r_tuples;
LOG:  GRADING: EVICT  8
STATEMENT:  SELECT * FROM raw_r_tuples;
LOG:  GRADING: EVICT 10
STATEMENT:  SELECT * FROM raw_r_tuples;
LOG:  GRADING: EVICT 12
STATEMENT:  SELECT * FROM raw_r_tuples;
LOG:  GRADING: EVICT 22
STATEMENT:  SELECT * FROM raw_r_tuples;
LOG:  GRADING: EVICT 25
STATEMENT:  SELECT * FROM raw_r_tuples;
LOG:  GRADING: EVICT 26
STATEMENT:  SELECT * FROM raw_r_tuples;
LOG:  GRADING: EVICT 28
STATEMENT:  SELECT * FROM raw_r_tuples;
LOG:  EXECUTOR STATISTICS
DETAIL:  ! system usage stats:
	!	0.058994 elapsed 0.024001 user 0.004000 system sec
	!	[0.040002 user 0.028001 sys total]
	!	0/8 [0/192] filesystem blocks in/out
	!	0/22 [0/841] page faults/reclaims, 0 [0] swaps
	!	0 [0] signals rcvd, 0/0 [0/0] messages rcvd/sent
	!	0/57 [1/71] voluntary/involuntary context switches
	! buffer usage stats:
	!	Shared blocks:         53 read,          0 written, buffer hit rate = 0.00%
	!	Local  blocks:          0 read,          0 written, buffer hit rate = 0.00%
	!	Direct blocks:          0 read,          0 written
STATEMENT:  SELECT * FROM raw_r_tuples;
LOG:  GRADING: EVICT 40
STATEMENT:  SELECT * FROM raw_r_tuples;
LOG:  GRADING: EVICT 58
STATEMENT:  SELECT * FROM raw_r_tuples;
LOG:  GRADING: EVICT 61
STATEMENT:  SELECT * FROM raw_r_tuples;
LOG:  GRADING: EVICT 62
STATEMENT:  SELECT * FROM raw_r_tuples;
LOG:  GRADING: EVICT 63
STATEMENT:  SELECT * FROM raw_r_tuples;
LOG:  GRADING: EVICT  1
STATEMENT:  SELECT * FROM raw_r_tuples;
LOG:  GRADING: EVICT  2
STATEMENT:  SELECT * FROM raw_r_tuples;
LOG:  GRADING: EVICT  3
STATEMENT:  SELECT * FROM raw_r_tuples;
LOG:  GRADING: EVICT  4
STATEMENT:  SELECT * FROM raw_r_tuples;
LOG:  GRADING: EVICT  5
STATEMENT:  SELECT * FROM raw_r_tuples;
LOG:  GRADING: EVICT  7
STATEMENT:  SELECT * FROM raw_r_tuples;
LOG:  GRADING: EVICT  9
STATEMENT:  SELECT * FROM raw_r_tuples;
LOG:  GRADING: EVICT 11
STATEMENT:  SELECT * FROM raw_r_tuples;
LOG:  GRADING: EVICT 13
STATEMENT:  SELECT * FROM raw_r_tuples;
LOG:  GRADING: EVICT 14
STATEMENT:  SELECT * FROM raw_r_tuples;
LOG:  GRADING: EVICT 16
STATEMENT:  SELECT * FROM raw_r_tuples;
LOG:  GRADING: EVICT 17
STATEMENT:  SELECT * FROM raw_r_tuples;
LOG:  GRADING: EVICT 18
STATEMENT:  SELECT * FROM raw_r_tuples;
LOG:  GRADING: EVICT 19
STATEMENT:  SELECT * FROM raw_r_tuples;
LOG:  GRADING: EVICT 20
STATEMENT:  SELECT * FROM raw_r_tuples;
LOG:  GRADING: EVICT 21
STATEMENT:  SELECT * FROM raw_r_tuples;
LOG:  GRADING: EVICT 23
STATEMENT:  SELECT * FROM raw_r_tuples;
LOG:  GRADING: EVICT 24
STATEMENT:  SELECT * FROM raw_r_tuples;
LOG:  GRADING: EVICT 27
STATEMENT:  SELECT * FROM raw_r_tuples;
LOG:  GRADING: EVICT 29
STATEMENT:  SELECT * FROM raw_r_tuples;
LOG:  EXECUTOR STATISTICS
DETAIL:  ! system usage stats:
	!	0.061361 elapsed 0.012001 user 0.016001 system sec
	!	[0.052003 user 0.044002 sys total]
	!	0/8 [0/200] filesystem blocks in/out
	!	0/0 [0/844] page faults/reclaims, 0 [0] swaps
	!	0 [0] signals rcvd, 0/0 [0/0] messages rcvd/sent
	!	0/80 [2/154] voluntary/involuntary context switches
	! buffer usage stats:
	!	Shared blocks:         25 read,          0 written, buffer hit rate = 52.83%
	!	Local  blocks:          0 read,          0 written, buffer hit rate = 0.00%
	!	Direct blocks:          0 read,          0 written
STATEMENT:  SELECT * FROM raw_r_tuples;
LOG:  EXECUTOR STATISTICS
DETAIL:  ! system usage stats:
	!	0.058382 elapsed 0.016001 user 0.008001 system sec
	!	[0.068004 user 0.052003 sys total]
	!	0/0 [0/200] filesystem blocks in/out
	!	0/0 [0/844] page faults/reclaims, 0 [0] swaps
	!	0 [0] signals rcvd, 0/0 [0/0] messages rcvd/sent
	!	0/51 [3/210] voluntary/involuntary context switches
	! buffer usage stats:
	!	Shared blocks:          0 read,          0 written, buffer hit rate = 100.00%
	!	Local  blocks:          0 read,          0 written, buffer hit rate = 0.00%
	!	Direct blocks:          0 read,          0 written
STATEMENT:  SELECT * FROM raw_r_tuples;
LOG:  received smart shutdown request
LOG:  shutting down
LOG:  database system is shut down
