LOG:  using buffer replacement policy: lru
LOG:  database system was shut down at 2012-10-24 16:08:59 PDT
LOG:  database system is ready to accept connections
LOG:  GRADING: EVICT  0
LOG:  GRADING: EVICT  1
LOG:  GRADING: EVICT 22
LOG:  GRADING: EVICT 19
LOG:  GRADING: EVICT 20
LOG:  GRADING: EVICT 25
LOG:  GRADING: EVICT 26
LOG:  GRADING: EVICT 28
LOG:  GRADING: EVICT 31
LOG:  GRADING: EVICT 23
LOG:  GRADING: EVICT  0
LOG:  GRADING: EVICT  1
LOG:  GRADING: EVICT 22
LOG:  GRADING: EVICT 19
LOG:  GRADING: EVICT 24
LOG:  GRADING: EVICT 20
LOG:  GRADING: EVICT 25
LOG:  GRADING: EVICT 27
LOG:  GRADING: EVICT 18
LOG:  GRADING: EVICT  4
LOG:  GRADING: EVICT  5
LOG:  GRADING: EVICT  6
LOG:  GRADING: EVICT  7
LOG:  GRADING: EVICT  8
LOG:  GRADING: EVICT 13
LOG:  GRADING: EVICT 14
LOG:  GRADING: EVICT 15
LOG:  GRADING: EVICT 29
LOG:  GRADING: EVICT 30
LOG:  GRADING: EVICT 26
LOG:  GRADING: EVICT  2
LOG:  GRADING: EVICT 23
LOG:  GRADING: EVICT  9
LOG:  GRADING: EVICT 19
LOG:  GRADING: EVICT 25
LOG:  GRADING: EVICT 16
LOG:  GRADING: EVICT 29
LOG:  GRADING: EVICT 12
LOG:  GRADING: EVICT 27
LOG:  GRADING: EVICT 18
LOG:  GRADING: EVICT  9
LOG:  GRADING: EVICT 11
LOG:  GRADING: EVICT 25
LOG:  GRADING: EVICT  6
LOG:  GRADING: EVICT  5
LOG:  GRADING: EVICT  7 at character 15
STATEMENT:  SELECT * FROM raw_r_tuples;
LOG:  GRADING: EVICT  8 at character 15
STATEMENT:  SELECT * FROM raw_r_tuples;
LOG:  GRADING: EVICT 13 at character 15
STATEMENT:  SELECT * FROM raw_r_tuples;
LOG:  GRADING: EVICT 14 at character 15
STATEMENT:  SELECT * FROM raw_r_tuples;
LOG:  GRADING: EVICT 15 at character 15
STATEMENT:  SELECT * FROM raw_r_tuples;
LOG:  GRADING: EVICT  3 at character 15
STATEMENT:  SELECT * FROM raw_r_tuples;
LOG:  GRADING: EVICT 17 at character 15
STATEMENT:  SELECT * FROM raw_r_tuples;
LOG:  GRADING: EVICT 21 at character 15
STATEMENT:  SELECT * FROM raw_r_tuples;
LOG:  GRADING: EVICT 10
STATEMENT:  SELECT * FROM raw_r_tuples;
LOG:  GRADING: EVICT 16
STATEMENT:  SELECT * FROM raw_r_tuples;
LOG:  GRADING: EVICT 19
STATEMENT:  SELECT * FROM raw_r_tuples;
LOG:  GRADING: EVICT 29
STATEMENT:  SELECT * FROM raw_r_tuples;
LOG:  GRADING: EVICT 30
STATEMENT:  SELECT * FROM raw_r_tuples;
LOG:  GRADING: EVICT 22
STATEMENT:  SELECT * FROM raw_r_tuples;
LOG:  GRADING: EVICT 31
STATEMENT:  SELECT * FROM raw_r_tuples;
LOG:  GRADING: EVICT 26
STATEMENT:  SELECT * FROM raw_r_tuples;
LOG:  GRADING: EVICT  4
STATEMENT:  SELECT * FROM raw_r_tuples;
LOG:  GRADING: EVICT  2
STATEMENT:  SELECT * FROM raw_r_tuples;
LOG:  GRADING: EVICT  1
STATEMENT:  SELECT * FROM raw_r_tuples;
LOG:  GRADING: EVICT 23
STATEMENT:  SELECT * FROM raw_r_tuples;
LOG:  GRADING: EVICT 24
STATEMENT:  SELECT * FROM raw_r_tuples;
LOG:  GRADING: EVICT 12
STATEMENT:  SELECT * FROM raw_r_tuples;
LOG:  GRADING: EVICT 27
STATEMENT:  SELECT * FROM raw_r_tuples;
LOG:  GRADING: EVICT  9
STATEMENT:  SELECT * FROM raw_r_tuples;
LOG:  GRADING: EVICT 18
STATEMENT:  SELECT * FROM raw_r_tuples;
LOG:  GRADING: EVICT 11
STATEMENT:  SELECT * FROM raw_r_tuples;
LOG:  GRADING: EVICT 25
STATEMENT:  SELECT * FROM raw_r_tuples;
LOG:  GRADING: EVICT  5
STATEMENT:  SELECT * FROM raw_r_tuples;
LOG:  GRADING: EVICT  6
STATEMENT:  SELECT * FROM raw_r_tuples;
LOG:  GRADING: EVICT  7
STATEMENT:  SELECT * FROM raw_r_tuples;
LOG:  GRADING: EVICT 13
STATEMENT:  SELECT * FROM raw_r_tuples;
LOG:  GRADING: EVICT  8
STATEMENT:  SELECT * FROM raw_r_tuples;
LOG:  GRADING: EVICT 14
STATEMENT:  SELECT * FROM raw_r_tuples;
LOG:  GRADING: EVICT 15
STATEMENT:  SELECT * FROM raw_r_tuples;
LOG:  GRADING: EVICT  3
STATEMENT:  SELECT * FROM raw_r_tuples;
LOG:  GRADING: EVICT  0
STATEMENT:  SELECT * FROM raw_r_tuples;
LOG:  GRADING: EVICT 21
STATEMENT:  SELECT * FROM raw_r_tuples;
LOG:  GRADING: EVICT 17
STATEMENT:  SELECT * FROM raw_r_tuples;
LOG:  GRADING: EVICT 20
STATEMENT:  SELECT * FROM raw_r_tuples;
LOG:  GRADING: EVICT 28
STATEMENT:  SELECT * FROM raw_r_tuples;
LOG:  GRADING: EVICT 10
STATEMENT:  SELECT * FROM raw_r_tuples;
LOG:  GRADING: EVICT 19
STATEMENT:  SELECT * FROM raw_r_tuples;
LOG:  GRADING: EVICT 29
STATEMENT:  SELECT * FROM raw_r_tuples;
LOG:  GRADING: EVICT 16
STATEMENT:  SELECT * FROM raw_r_tuples;
LOG:  GRADING: EVICT 30
STATEMENT:  SELECT * FROM raw_r_tuples;
LOG:  GRADING: EVICT 31
STATEMENT:  SELECT * FROM raw_r_tuples;
LOG:  GRADING: EVICT 26
STATEMENT:  SELECT * FROM raw_r_tuples;
LOG:  GRADING: EVICT 22
STATEMENT:  SELECT * FROM raw_r_tuples;
LOG:  GRADING: EVICT  4
STATEMENT:  SELECT * FROM raw_r_tuples;
LOG:  GRADING: EVICT  2
STATEMENT:  SELECT * FROM raw_r_tuples;
LOG:  GRADING: EVICT  1
STATEMENT:  SELECT * FROM raw_r_tuples;
LOG:  GRADING: EVICT 23
STATEMENT:  SELECT * FROM raw_r_tuples;
LOG:  GRADING: EVICT 24
STATEMENT:  SELECT * FROM raw_r_tuples;
LOG:  GRADING: EVICT 12
STATEMENT:  SELECT * FROM raw_r_tuples;
LOG:  GRADING: EVICT 27
STATEMENT:  SELECT * FROM raw_r_tuples;
LOG:  GRADING: EVICT  9
STATEMENT:  SELECT * FROM raw_r_tuples;
LOG:  GRADING: EVICT 18
STATEMENT:  SELECT * FROM raw_r_tuples;
LOG:  GRADING: EVICT 11
STATEMENT:  SELECT * FROM raw_r_tuples;
LOG:  GRADING: EVICT 25
STATEMENT:  SELECT * FROM raw_r_tuples;
LOG:  GRADING: EVICT  5
STATEMENT:  SELECT * FROM raw_r_tuples;
LOG:  GRADING: EVICT  6
STATEMENT:  SELECT * FROM raw_r_tuples;
LOG:  GRADING: EVICT  7
STATEMENT:  SELECT * FROM raw_r_tuples;
LOG:  GRADING: EVICT 13
STATEMENT:  SELECT * FROM raw_r_tuples;
LOG:  GRADING: EVICT  8
STATEMENT:  SELECT * FROM raw_r_tuples;
LOG:  GRADING: EVICT 14
STATEMENT:  SELECT * FROM raw_r_tuples;
LOG:  GRADING: EVICT 15
STATEMENT:  SELECT * FROM raw_r_tuples;
LOG:  GRADING: EVICT  3
STATEMENT:  SELECT * FROM raw_r_tuples;
LOG:  GRADING: EVICT  0
STATEMENT:  SELECT * FROM raw_r_tuples;
LOG:  GRADING: EVICT 21
STATEMENT:  SELECT * FROM raw_r_tuples;
LOG:  EXECUTOR STATISTICS
DETAIL:  ! system usage stats:
	!	0.094145 elapsed 0.004000 user 0.024001 system sec
	!	[0.020001 user 0.044002 sys total]
	!	0/8 [0/192] filesystem blocks in/out
	!	0/18 [0/763] page faults/reclaims, 0 [0] swaps
	!	0 [0] signals rcvd, 0/0 [0/0] messages rcvd/sent
	!	0/111 [1/137] voluntary/involuntary context switches
	! buffer usage stats:
	!	Shared blocks:         53 read,          0 written, buffer hit rate = 0.00%
	!	Local  blocks:          0 read,          0 written, buffer hit rate = 0.00%
	!	Direct blocks:          0 read,          0 written
STATEMENT:  SELECT * FROM raw_r_tuples;
LOG:  GRADING: EVICT 17
STATEMENT:  SELECT * FROM raw_r_tuples;
LOG:  GRADING: EVICT 20
STATEMENT:  SELECT * FROM raw_r_tuples;
LOG:  GRADING: EVICT 28
STATEMENT:  SELECT * FROM raw_r_tuples;
LOG:  GRADING: EVICT 10
STATEMENT:  SELECT * FROM raw_r_tuples;
LOG:  GRADING: EVICT 19
STATEMENT:  SELECT * FROM raw_r_tuples;
LOG:  GRADING: EVICT 29
STATEMENT:  SELECT * FROM raw_r_tuples;
LOG:  GRADING: EVICT 16
STATEMENT:  SELECT * FROM raw_r_tuples;
LOG:  GRADING: EVICT 30
STATEMENT:  SELECT * FROM raw_r_tuples;
LOG:  GRADING: EVICT 31
STATEMENT:  SELECT * FROM raw_r_tuples;
LOG:  GRADING: EVICT 26
STATEMENT:  SELECT * FROM raw_r_tuples;
LOG:  GRADING: EVICT 22
STATEMENT:  SELECT * FROM raw_r_tuples;
LOG:  GRADING: EVICT  4
STATEMENT:  SELECT * FROM raw_r_tuples;
LOG:  GRADING: EVICT  2
STATEMENT:  SELECT * FROM raw_r_tuples;
LOG:  GRADING: EVICT  1
STATEMENT:  SELECT * FROM raw_r_tuples;
LOG:  GRADING: EVICT 23
STATEMENT:  SELECT * FROM raw_r_tuples;
LOG:  GRADING: EVICT 24
STATEMENT:  SELECT * FROM raw_r_tuples;
LOG:  GRADING: EVICT 12
STATEMENT:  SELECT * FROM raw_r_tuples;
LOG:  GRADING: EVICT 27
STATEMENT:  SELECT * FROM raw_r_tuples;
LOG:  GRADING: EVICT  9
STATEMENT:  SELECT * FROM raw_r_tuples;
LOG:  GRADING: EVICT 18
STATEMENT:  SELECT * FROM raw_r_tuples;
LOG:  GRADING: EVICT 11
STATEMENT:  SELECT * FROM raw_r_tuples;
LOG:  GRADING: EVICT 25
STATEMENT:  SELECT * FROM raw_r_tuples;
LOG:  GRADING: EVICT  5
STATEMENT:  SELECT * FROM raw_r_tuples;
LOG:  GRADING: EVICT  6
STATEMENT:  SELECT * FROM raw_r_tuples;
LOG:  GRADING: EVICT  7
STATEMENT:  SELECT * FROM raw_r_tuples;
LOG:  GRADING: EVICT 13
STATEMENT:  SELECT * FROM raw_r_tuples;
LOG:  GRADING: EVICT  8
STATEMENT:  SELECT * FROM raw_r_tuples;
LOG:  GRADING: EVICT 14
STATEMENT:  SELECT * FROM raw_r_tuples;
LOG:  GRADING: EVICT 15
STATEMENT:  SELECT * FROM raw_r_tuples;
LOG:  GRADING: EVICT  3
STATEMENT:  SELECT * FROM raw_r_tuples;
LOG:  GRADING: EVICT  0
STATEMENT:  SELECT * FROM raw_r_tuples;
LOG:  GRADING: EVICT 21
STATEMENT:  SELECT * FROM raw_r_tuples;
LOG:  GRADING: EVICT 17
STATEMENT:  SELECT * FROM raw_r_tuples;
LOG:  GRADING: EVICT 20
STATEMENT:  SELECT * FROM raw_r_tuples;
LOG:  GRADING: EVICT 28
STATEMENT:  SELECT * FROM raw_r_tuples;
LOG:  GRADING: EVICT 10
STATEMENT:  SELECT * FROM raw_r_tuples;
LOG:  GRADING: EVICT 19
STATEMENT:  SELECT * FROM raw_r_tuples;
LOG:  GRADING: EVICT 29
STATEMENT:  SELECT * FROM raw_r_tuples;
LOG:  GRADING: EVICT 16
STATEMENT:  SELECT * FROM raw_r_tuples;
LOG:  GRADING: EVICT 30
STATEMENT:  SELECT * FROM raw_r_tuples;
LOG:  GRADING: EVICT 31
STATEMENT:  SELECT * FROM raw_r_tuples;
LOG:  GRADING: EVICT 26
STATEMENT:  SELECT * FROM raw_r_tuples;
LOG:  GRADING: EVICT 22
STATEMENT:  SELECT * FROM raw_r_tuples;
LOG:  GRADING: EVICT  4
STATEMENT:  SELECT * FROM raw_r_tuples;
LOG:  GRADING: EVICT  2
STATEMENT:  SELECT * FROM raw_r_tuples;
LOG:  GRADING: EVICT  1
STATEMENT:  SELECT * FROM raw_r_tuples;
LOG:  GRADING: EVICT 23
STATEMENT:  SELECT * FROM raw_r_tuples;
LOG:  GRADING: EVICT 24
STATEMENT:  SELECT * FROM raw_r_tuples;
LOG:  GRADING: EVICT 12
STATEMENT:  SELECT * FROM raw_r_tuples;
LOG:  GRADING: EVICT 27
STATEMENT:  SELECT * FROM raw_r_tuples;
LOG:  GRADING: EVICT  9
STATEMENT:  SELECT * FROM raw_r_tuples;
LOG:  GRADING: EVICT 18
STATEMENT:  SELECT * FROM raw_r_tuples;
LOG:  GRADING: EVICT 11
STATEMENT:  SELECT * FROM raw_r_tuples;
LOG:  EXECUTOR STATISTICS
DETAIL:  ! system usage stats:
	!	0.083586 elapsed 0.020001 user 0.008000 system sec
	!	[0.040002 user 0.056003 sys total]
	!	0/8 [0/200] filesystem blocks in/out
	!	0/0 [0/766] page faults/reclaims, 0 [0] swaps
	!	0 [0] signals rcvd, 0/0 [0/0] messages rcvd/sent
	!	0/110 [2/252] voluntary/involuntary context switches
	! buffer usage stats:
	!	Shared blocks:         53 read,          0 written, buffer hit rate = 0.00%
	!	Local  blocks:          0 read,          0 written, buffer hit rate = 0.00%
	!	Direct blocks:          0 read,          0 written
STATEMENT:  SELECT * FROM raw_r_tuples;
LOG:  GRADING: EVICT 25
STATEMENT:  SELECT * FROM raw_r_tuples;
LOG:  GRADING: EVICT  5
STATEMENT:  SELECT * FROM raw_r_tuples;
LOG:  GRADING: EVICT  6
STATEMENT:  SELECT * FROM raw_r_tuples;
LOG:  GRADING: EVICT  7
STATEMENT:  SELECT * FROM raw_r_tuples;
LOG:  GRADING: EVICT 13
STATEMENT:  SELECT * FROM raw_r_tuples;
LOG:  GRADING: EVICT  8
STATEMENT:  SELECT * FROM raw_r_tuples;
LOG:  GRADING: EVICT 14
STATEMENT:  SELECT * FROM raw_r_tuples;
LOG:  GRADING: EVICT 15
STATEMENT:  SELECT * FROM raw_r_tuples;
LOG:  GRADING: EVICT  3
STATEMENT:  SELECT * FROM raw_r_tuples;
LOG:  GRADING: EVICT  0
STATEMENT:  SELECT * FROM raw_r_tuples;
LOG:  GRADING: EVICT 21
STATEMENT:  SELECT * FROM raw_r_tuples;
LOG:  GRADING: EVICT 17
STATEMENT:  SELECT * FROM raw_r_tuples;
LOG:  GRADING: EVICT 20
STATEMENT:  SELECT * FROM raw_r_tuples;
LOG:  GRADING: EVICT 28
STATEMENT:  SELECT * FROM raw_r_tuples;
LOG:  GRADING: EVICT 10
STATEMENT:  SELECT * FROM raw_r_tuples;
LOG:  GRADING: EVICT 19
STATEMENT:  SELECT * FROM raw_r_tuples;
LOG:  GRADING: EVICT 29
STATEMENT:  SELECT * FROM raw_r_tuples;
LOG:  GRADING: EVICT 16
STATEMENT:  SELECT * FROM raw_r_tuples;
LOG:  GRADING: EVICT 30
STATEMENT:  SELECT * FROM raw_r_tuples;
LOG:  GRADING: EVICT 31
STATEMENT:  SELECT * FROM raw_r_tuples;
LOG:  GRADING: EVICT 26
STATEMENT:  SELECT * FROM raw_r_tuples;
LOG:  GRADING: EVICT 22
STATEMENT:  SELECT * FROM raw_r_tuples;
LOG:  GRADING: EVICT  4
STATEMENT:  SELECT * FROM raw_r_tuples;
LOG:  GRADING: EVICT  2
STATEMENT:  SELECT * FROM raw_r_tuples;
LOG:  GRADING: EVICT  1
STATEMENT:  SELECT * FROM raw_r_tuples;
LOG:  GRADING: EVICT 23
STATEMENT:  SELECT * FROM raw_r_tuples;
LOG:  GRADING: EVICT 24
STATEMENT:  SELECT * FROM raw_r_tuples;
LOG:  GRADING: EVICT 12
STATEMENT:  SELECT * FROM raw_r_tuples;
LOG:  GRADING: EVICT 27
STATEMENT:  SELECT * FROM raw_r_tuples;
LOG:  GRADING: EVICT  9
STATEMENT:  SELECT * FROM raw_r_tuples;
LOG:  GRADING: EVICT 18
STATEMENT:  SELECT * FROM raw_r_tuples;
LOG:  GRADING: EVICT 11
STATEMENT:  SELECT * FROM raw_r_tuples;
LOG:  GRADING: EVICT 25
STATEMENT:  SELECT * FROM raw_r_tuples;
LOG:  GRADING: EVICT  5
STATEMENT:  SELECT * FROM raw_r_tuples;
LOG:  GRADING: EVICT  6
STATEMENT:  SELECT * FROM raw_r_tuples;
LOG:  GRADING: EVICT  7
STATEMENT:  SELECT * FROM raw_r_tuples;
LOG:  GRADING: EVICT 13
STATEMENT:  SELECT * FROM raw_r_tuples;
LOG:  GRADING: EVICT  8
STATEMENT:  SELECT * FROM raw_r_tuples;
LOG:  GRADING: EVICT 14
STATEMENT:  SELECT * FROM raw_r_tuples;
LOG:  GRADING: EVICT 15
STATEMENT:  SELECT * FROM raw_r_tuples;
LOG:  GRADING: EVICT  3
STATEMENT:  SELECT * FROM raw_r_tuples;
LOG:  GRADING: EVICT  0
STATEMENT:  SELECT * FROM raw_r_tuples;
LOG:  GRADING: EVICT 21
STATEMENT:  SELECT * FROM raw_r_tuples;
LOG:  GRADING: EVICT 17
STATEMENT:  SELECT * FROM raw_r_tuples;
LOG:  GRADING: EVICT 20
STATEMENT:  SELECT * FROM raw_r_tuples;
LOG:  GRADING: EVICT 28
STATEMENT:  SELECT * FROM raw_r_tuples;
LOG:  GRADING: EVICT 10
STATEMENT:  SELECT * FROM raw_r_tuples;
LOG:  GRADING: EVICT 19
STATEMENT:  SELECT * FROM raw_r_tuples;
LOG:  GRADING: EVICT 29
STATEMENT:  SELECT * FROM raw_r_tuples;
LOG:  GRADING: EVICT 16
STATEMENT:  SELECT * FROM raw_r_tuples;
LOG:  GRADING: EVICT 30
STATEMENT:  SELECT * FROM raw_r_tuples;
LOG:  GRADING: EVICT 31
STATEMENT:  SELECT * FROM raw_r_tuples;
LOG:  GRADING: EVICT 26
STATEMENT:  SELECT * FROM raw_r_tuples;
LOG:  EXECUTOR STATISTICS
DETAIL:  ! system usage stats:
	!	0.090969 elapsed 0.008001 user 0.024002 system sec
	!	[0.048003 user 0.080005 sys total]
	!	0/8 [0/208] filesystem blocks in/out
	!	0/0 [0/766] page faults/reclaims, 0 [0] swaps
	!	0 [0] signals rcvd, 0/0 [0/0] messages rcvd/sent
	!	0/109 [3/364] voluntary/involuntary context switches
	! buffer usage stats:
	!	Shared blocks:         53 read,          0 written, buffer hit rate = 0.00%
	!	Local  blocks:          0 read,          0 written, buffer hit rate = 0.00%
	!	Direct blocks:          0 read,          0 written
STATEMENT:  SELECT * FROM raw_r_tuples;
LOG:  received smart shutdown request
LOG:  shutting down
LOG:  database system is shut down
